DIALS 1.14.32-g3faa4529d
The following parameters have been modified:

input {
  experiments = bravais_setting_9.json
  reflections = reindexed_reflections.pickle
}

Configuring refiner

Summary statistics for 114450 observations matched to predictions:
--------------------------------------------------------------------------
|                   | Min     | Q1       | Med        | Q3      | Max    |
--------------------------------------------------------------------------
| Xc - Xo (mm)      | -0.5318 | -0.03386 | -0.002576  | 0.03219 | 0.6431 |
| Yc - Yo (mm)      | -1.399  | -0.03008 | -0.001176  | 0.02867 | 1.249  |
| Phic - Phio (deg) | -1.482  | -0.01492 | -0.0003728 | 0.01441 | 1.889  |
| X weights         | 135.2   | 371.8    | 393.6      | 402.7   | 405.6  |
| Y weights         | 153.1   | 362.1    | 389.3      | 401.4   | 405.6  |
| Phi weights       | 304     | 519.3    | 530.3      | 533.3   | 533.3  |
--------------------------------------------------------------------------

Detecting centroid outliers using the MCD algorithm
11956 reflections have been flagged as outliers

Summary statistics for 102494 observations matched to predictions:
---------------------------------------------------------------------------
|                   | Min      | Q1       | Med       | Q3      | Max     |
---------------------------------------------------------------------------
| Xc - Xo (mm)      | -0.1618  | -0.03238 | -0.002152 | 0.03074 | 0.1454  |
| Yc - Yo (mm)      | -0.1479  | -0.02773 | -0.001096 | 0.02633 | 0.1252  |
| Phic - Phio (deg) | -0.08036 | -0.01286 | 5.895e-05 | 0.01351 | 0.06926 |
| X weights         | 135.2    | 377.9    | 395.3     | 403     | 405.6   |
| Y weights         | 153.1    | 369.8    | 391.8     | 401.9   | 405.6   |
| Phi weights       | 318.9    | 519.2    | 529.8     | 533.3   | 533.3   |
---------------------------------------------------------------------------

Performing refinement of a single Experiment...

Refinement steps:
--------------------------------------------------
| Step | Nref   | RMSD_X   | RMSD_Y   | RMSD_Phi |
|      |        | (mm)     | (mm)     | (deg)    |
--------------------------------------------------
| 0    | 102494 | 0.045231 | 0.04018  | 0.020378 |
| 1    | 102494 | 0.045337 | 0.039923 | 0.020461 |
| 2    | 102494 | 0.045369 | 0.039886 | 0.020453 |
| 3    | 102494 | 0.045395 | 0.039863 | 0.020438 |
| 4    | 102494 | 0.045399 | 0.039866 | 0.020427 |
| 5    | 102494 | 0.045388 | 0.03988  | 0.020424 |
| 6    | 102494 | 0.045379 | 0.03989  | 0.020423 |
| 7    | 102494 | 0.045376 | 0.039893 | 0.020424 |
--------------------------------------------------
RMSD no longer decreasing

RMSDs by experiment:
-----------------------------------------------
| Exp | Nref   | RMSD_X  | RMSD_Y  | RMSD_Z   |
| id  |        | (px)    | (px)    | (images) |
-----------------------------------------------
| 0   | 102494 | 0.26381 | 0.23193 | 0.13616  |
-----------------------------------------------

Final refined crystal model:
Crystal:
    Unit cell: (57.7836(3), 57.7836(3), 150.0013(5), 90.0, 90.0, 90.0)
    Space group: P 4
    U matrix:  {{ 0.3455, -0.2590, -0.9020},
                { 0.8913,  0.3911,  0.2291},
                { 0.2934, -0.8831,  0.3660}}
    B matrix:  {{ 0.0173,  0.0000,  0.0000},
                { 0.0000,  0.0173,  0.0000},
                { 0.0000,  0.0000,  0.0067}}
    A = UB:    {{ 0.0060, -0.0045, -0.0060},
                { 0.0154,  0.0068,  0.0015},
                { 0.0051, -0.0153,  0.0024}}

Saving refined experiments to refined_experiments.json
Updating predictions for indexed reflections
Saving reflections with updated predictions to refined.pickle

Total time taken: 6.85s
