DIALS 1.14.32-g3faa4529d
The following parameters have been modified:

input {
  experiments = experiments.json
  reflections = indexed.pickle
}

Chiral space groups corresponding to each Bravais lattice:
aP: P1
mP: P2 P21
mC: C2
oP: P222 P2221 P21212 P212121
oC: C2221 C222
tP: P4 P41 P42 P43 P422 P4212 P4122 P41212 P4222 P42212 P4322 P43212
-----------------------------------------------------------------------------------------------------------------
Solution Metric fit  rmsd  min/max cc #spots lattice                                 unit_cell  volume      cb_op
-----------------------------------------------------------------------------------------------------------------
*      9     0.0309 0.062 0.800/0.857   8099      tP  57.78  57.78 150.00  90.00  90.00  90.00  500809      a,b,c
*      8     0.0309 0.062 0.800/0.969   8099      oC  81.72  81.73 150.01  90.00  90.00  90.00 1002011  a-b,a+b,c
*      7     0.0270 0.061 0.969/0.969   8099      mC  81.73  81.74 150.03  90.00  89.99  90.00 1002369  a-b,a+b,c
*      6     0.0309 0.062 0.805/0.805   8099      mC  81.74  81.72 150.02  90.00  89.99  90.00 1002073 a+b,-a+b,c
*      5     0.0152 0.061 0.800/0.906   8099      oP  57.79  57.76 149.99  90.00  90.00  90.00  500665      a,b,c
*      4     0.0142 0.060 0.821/0.821   8099      mP  57.77  57.79 150.00  90.00  90.01  90.00  500818   -b,-a,-c
*      3     0.0152 0.060 0.906/0.906   8099      mP  57.80  57.77 150.01  90.00  89.99  90.00  500893      a,b,c
*      2     0.0151 0.061 0.800/0.800   8099      mP  57.77 150.00  57.80  90.00  89.99  90.00  500851      b,c,a
*      1     0.0000 0.060         -/-   8099      aP  57.80  57.78 150.02  90.01  89.99  89.99  501051      a,b,c
-----------------------------------------------------------------------------------------------------------------
* = recommended solution

Saving summary as bravais_summary.json
Saving solution 9 as bravais_setting_9.json
Saving solution 8 as bravais_setting_8.json
Saving solution 7 as bravais_setting_7.json
Saving solution 6 as bravais_setting_6.json
Saving solution 5 as bravais_setting_5.json
Saving solution 4 as bravais_setting_4.json
Saving solution 3 as bravais_setting_3.json
Saving solution 2 as bravais_setting_2.json
Saving solution 1 as bravais_setting_1.json
usr+sys time: 1.00 seconds
wall clock time: 17.82 seconds
