The following parameters have been modified:

input {
  experiments = integrated_experiments.json
  reflections = integrated.pickle
}

Analysing strong spots
 Removing 24654 reflections with variance <= 0
 Selected 103043 strong reflections........................................0.03s
Analysing reflection centroids
 Removing 24654 reflections with variance <= 0
 Removing 13632 partial reflections
 Selected 326512 summation-integrated reflections..........................0.06s
 Analysing centroid differences with I/Sigma > 10
 Analysing centroid differences in x/y with I/Sigma > 10
 Analysing centroid differences in z with I/Sigma > 10
 Analysing centroid differences vs phi with I/Sigma > 10
Analysing reflection intensities
 Removing 24654 reflections with variance <= 0
 Removing 43669 reflections with intensity <= 0
 Selected 300244 integrated reflections....................................0.03s
 Analysing distribution of I/Sigma
 Analysing distribution of I/Sigma vs xy
 Analysing distribution of I/Sigma vs xy
 Analysing distribution of I/Sigma vs z
 Analysing distribution of partialities
Analysing reference profiles
 Selected 327442 integrated reflections....................................0.04s
 Analysing reference profile distribution vs x/y
 Analysing reference profile distribution vs z
 Analysing reflection correlations vs resolution
 Analysing reflection profile correlations
 Analysing reflection profile correlations vs x/y
 Analysing reflection profile correlations vs z
 Analysing reflection profile correlations vs I/Sigma
 Analysing reflection profile correlations
 Analysing reflection profile correlations vs x/y
 Analysing reflection profile correlations vs z
 Analysing reflection profile correlations vs I/Sigma
Analysing scan-varying crystal model
Analysing scaling model
Writing html report to: dials-report.html
