DIALS 1.14.28-gcb1926d84
The following parameters have been modified:

input {
  datablock = datablock.json
  reflections = strong.pickle
}

Found max_cell: 199.0 Angstrom
Setting d_min: 3.89
FFT gridding: (256,256,256)
Number of centroids used: 13294
Candidate solutions:
--------------------------------------------------------------------------------------------------------------------------------------------
unit_cell                         | volume | volume score | #indexed | % indexed | % indexed score | rmsd_xy | rmsd_xy score | overall score
--------------------------------------------------------------------------------------------------------------------------------------------
57.93 58.38 150.13 89.7 89.8 89.7 | 507733 | 0.04         | 13240    | 99        | 0.00            | 0.05    | 0.00          | 0.04
57.75 57.76 150.40 90.3 90.2 90.0 | 501702 | 0.02         | 13238    | 99        | 0.00            | 0.05    | 0.02          | 0.04
57.93 58.38 150.32 89.7 89.6 89.7 | 508368 | 0.04         | 13241    | 99        | 0.00            | 0.06    | 0.04          | 0.08
57.93 58.38 150.52 89.5 89.6 89.7 | 509000 | 0.04         | 13018    | 98        | 0.02            | 0.06    | 0.02          | 0.09
57.56 58.00 150.27 89.9 89.9 89.7 | 501705 | 0.02         | 13242    | 99        | 0.00            | 0.06    | 0.10          | 0.12
57.56 57.93 150.30 89.9 90.0 89.8 | 501159 | 0.02         | 13241    | 99        | 0.00            | 0.06    | 0.10          | 0.12
57.62 57.89 150.42 89.5 89.7 89.9 | 501729 | 0.02         | 12980    | 97        | 0.03            | 0.06    | 0.09          | 0.14
57.62 57.89 150.38 89.8 89.8 89.9 | 501604 | 0.02         | 13237    | 99        | 0.00            | 0.06    | 0.13          | 0.15
57.56 58.38 150.40 89.4 89.7 89.5 | 505373 | 0.03         | 12651    | 95        | 0.07            | 0.06    | 0.08          | 0.18
57.69 58.15 150.30 90.4 90.3 90.1 | 504214 | 0.03         | 13234    | 99        | 0.00            | 0.06    | 0.15          | 0.18
57.69 58.15 150.24 90.2 90.2 90.1 | 504009 | 0.03         | 13242    | 99        | 0.00            | 0.06    | 0.15          | 0.18
57.56 57.69 150.40 89.8 89.8 89.5 | 499468 | 0.01         | 13035    | 98        | 0.02            | 0.06    | 0.15          | 0.19
57.56 58.60 150.14 89.8 90.0 89.8 | 506441 | 0.03         | 12868    | 97        | 0.04            | 0.06    | 0.12          | 0.20
57.70 58.10 150.44 90.3 90.3 90.2 | 504370 | 0.03         | 13238    | 99        | 0.00            | 0.06    | 0.19          | 0.22
57.56 58.00 150.50 89.9 89.7 89.7 | 502473 | 0.02         | 11960    | 90        | 0.15            | 0.06    | 0.08          | 0.25
57.70 58.10 150.29 90.4 90.3 90.2 | 503870 | 0.03         | 13179    | 99        | 0.01            | 0.06    | 0.22          | 0.26
57.56 58.60 150.33 89.6 89.9 89.8 | 507078 | 0.04         | 12576    | 94        | 0.07            | 0.06    | 0.16          | 0.27
57.56 58.38 150.32 89.7 89.8 89.5 | 505142 | 0.03         | 13227    | 99        | 0.00            | 0.06    | 0.24          | 0.27
57.56 58.38 150.50 89.9 89.7 89.5 | 505750 | 0.03         | 11946    | 90        | 0.15            | 0.06    | 0.10          | 0.28
57.70 58.10 150.25 90.2 90.2 90.2 | 503740 | 0.03         | 13242    | 99        | 0.00            | 0.06    | 0.25          | 0.28
57.71 58.18 150.23 90.2 90.2 90.2 | 504434 | 0.03         | 13242    | 99        | 0.00            | 0.06    | 0.25          | 0.28
57.56 58.38 150.70 89.6 89.6 89.5 | 506394 | 0.03         | 12079    | 91        | 0.13            | 0.06    | 0.14          | 0.31
57.56 57.69 150.50 89.8 89.7 89.5 | 499805 | 0.01         | 11619    | 87        | 0.19            | 0.06    | 0.12          | 0.33
57.79 58.00 150.31 90.2 90.3 90.2 | 503734 | 0.03         | 13238    | 99        | 0.00            | 0.07    | 0.32          | 0.34
57.73 58.00 150.36 90.2 90.3 90.3 | 503442 | 0.03         | 13238    | 99        | 0.00            | 0.07    | 0.35          | 0.38
57.73 58.00 150.06 90.6 90.4 90.3 | 502384 | 0.02         | 12904    | 97        | 0.04            | 0.07    | 0.34          | 0.40
57.73 58.00 150.55 90.4 90.4 90.3 | 504066 | 0.03         | 13214    | 99        | 0.00            | 0.07    | 0.39          | 0.42
57.79 58.00 150.16 90.6 90.3 90.2 | 503189 | 0.02         | 12874    | 97        | 0.04            | 0.07    | 0.36          | 0.42
57.56 58.60 150.50 90.1 90.3 90.2 | 507665 | 0.04         | 11928    | 90        | 0.15            | 0.07    | 0.26          | 0.45
57.40 57.56 150.50 89.7 89.6 89.5 | 497236 | 0.01         | 11100    | 83        | 0.25            | 0.06    | 0.22          | 0.48
57.59 58.38 150.32 90.3 90.2 90.1 | 505408 | 0.03         | 13233    | 99        | 0.00            | 0.07    | 0.46          | 0.49
57.40 57.56 150.59 89.8 89.8 89.5 | 497532 | 0.01         | 11145    | 84        | 0.25            | 0.06    | 0.24          | 0.50
57.59 58.38 150.37 90.6 90.3 90.1 | 505535 | 0.03         | 12810    | 96        | 0.05            | 0.07    | 0.42          | 0.50
57.59 58.38 150.64 90.7 90.4 90.1 | 506418 | 0.03         | 12327    | 93        | 0.10            | 0.07    | 0.43          | 0.57
57.11 57.56 150.50 89.7 89.8 89.4 | 494770 | 0.00         | 10586    | 79        | 0.32            | 0.07    | 0.28          | 0.60
57.56 57.69 150.86 90.0 90.4 90.5 | 500970 | 0.02         | 9397     | 71        | 0.49            | 0.06    | 0.14          | 0.65
57.40 57.56 150.93 89.7 89.9 89.5 | 498650 | 0.01         | 8871     | 67        | 0.58            | 0.06    | 0.26          | 0.85
57.81 58.30 150.11 90.1 90.5 90.6 | 505916 | 0.03         | 12956    | 97        | 0.03            | 0.10    | 0.83          | 0.90
57.53 58.38 150.32 90.3 90.4 90.4 | 504877 | 0.03         | 13180    | 99        | 0.01            | 0.10    | 0.89          | 0.93
57.53 58.38 150.40 90.6 90.6 90.4 | 505101 | 0.03         | 12543    | 94        | 0.08            | 0.10    | 0.86          | 0.97
57.11 57.56 150.46 90.2 90.0 90.6 | 494650 | 0.00         | 9744     | 73        | 0.44            | 0.08    | 0.58          | 1.02
57.53 58.38 150.44 90.8 90.6 90.4 | 505217 | 0.03         | 11981    | 90        | 0.14            | 0.10    | 0.89          | 1.06
57.53 58.38 149.98 90.9 90.6 90.4 | 503674 | 0.03         | 11829    | 89        | 0.16            | 0.11    | 0.96          | 1.15
57.81 58.30 149.56 90.6 90.6 90.6 | 504024 | 0.03         | 10915    | 82        | 0.28            | 0.10    | 0.88          | 1.19
57.40 57.56 151.24 90.3 90.1 90.5 | 499661 | 0.01         | 7107     | 53        | 0.90            | 0.07    | 0.29          | 1.20
58.25 58.38 150.32 89.7 89.8 88.6 | 511013 | 0.05         | 13235    | 99        | 0.00            | 0.13    | 1.22          | 1.27
57.50 58.38 150.32 90.3 90.3 90.8 | 504591 | 0.03         | 12978    | 97        | 0.03            | 0.14    | 1.34          | 1.40
57.11 57.56 150.99 90.4 90.4 90.6 | 496351 | 0.00         | 5678     | 43        | 1.22            | 0.06    | 0.24          | 1.47
57.50 58.38 150.56 90.9 90.5 90.8 | 505303 | 0.03         | 11025    | 83        | 0.26            | 0.16    | 1.54          | 1.84
57.50 58.38 150.22 91.1 90.5 90.8 | 504128 | 0.03         | 10267    | 77        | 0.37            | 0.17    | 1.62          | 2.02
--------------------------------------------------------------------------------------------------------------------------------------------
Using d_min_step 0.7

################################################################################
Starting refinement (macro-cycle 1)
################################################################################

Detecting centroid outliers using the Tukey algorithm
827 reflections have been flagged as outliers

Refinement steps:
------------------------------------------------
| Step | Nref | RMSD_X   | RMSD_Y   | RMSD_Phi |
|      |      | (mm)     | (mm)     | (deg)    |
------------------------------------------------
| 0    | 8099 | 0.26569  | 0.18489  | 0.19136  |
| 1    | 8099 | 0.04388  | 0.04425  | 0.076175 |
| 2    | 8099 | 0.038437 | 0.042329 | 0.044616 |
| 3    | 8099 | 0.03647  | 0.041515 | 0.02864  |
| 4    | 8099 | 0.035207 | 0.039115 | 0.020584 |
| 5    | 8099 | 0.034024 | 0.036661 | 0.016295 |
| 6    | 8099 | 0.032573 | 0.034449 | 0.015498 |
| 7    | 8099 | 0.03165  | 0.03322  | 0.015436 |
| 8    | 8099 | 0.031497 | 0.033006 | 0.01543  |
| 9    | 8099 | 0.031494 | 0.032997 | 0.01543  |
| 10   | 8099 | 0.031494 | 0.032997 | 0.01543  |
------------------------------------------------
RMSD no longer decreasing

RMSDs by experiment:
--------------------------------------------
| Exp | Nref | RMSD_X | RMSD_Y  | RMSD_Z   |
| id  |      | (px)   | (px)    | (images) |
--------------------------------------------
| 0   | 8099 | 0.1831 | 0.19184 | 0.10287  |
--------------------------------------------

Refined crystal models:
model 1 (13150 reflections):
Crystal:
    Unit cell: (57.801(2), 57.777(2), 150.012(5), 90.0056(13), 89.9824(12), 89.9910(9))
    Space group: P 1
    U matrix:  {{ 0.3454, -0.2590, -0.9020},
                { 0.8914,  0.3910,  0.2291},
                { 0.2933, -0.8832,  0.3659}}
    B matrix:  {{ 0.0173,  0.0000,  0.0000},
                {-0.0000,  0.0173,  0.0000},
                {-0.0000,  0.0000,  0.0067}}
    A = UB:    {{ 0.0060, -0.0045, -0.0060},
                { 0.0154,  0.0068,  0.0015},
                { 0.0051, -0.0153,  0.0024}}

------------------------------------
| Imageset | #indexed | #unindexed |
------------------------------------
| 0        | 13150    | 116        |
------------------------------------
Increasing resolution to 3.23 Angstrom

################################################################################
Starting refinement (macro-cycle 2)
################################################################################

Detecting centroid outliers using the Tukey algorithm
802 reflections have been flagged as outliers

Refinement steps:
------------------------------------------------
| Step | Nref | RMSD_X   | RMSD_Y   | RMSD_Phi |
|      |      | (mm)     | (mm)     | (deg)    |
------------------------------------------------
| 0    | 8099 | 0.036445 | 0.031191 | 0.014114 |
| 1    | 8099 | 0.034966 | 0.030534 | 0.014157 |
| 2    | 8099 | 0.034932 | 0.030371 | 0.014026 |
| 3    | 8099 | 0.034902 | 0.03022  | 0.01393  |
| 4    | 8099 | 0.034869 | 0.030147 | 0.013905 |
| 5    | 8099 | 0.034812 | 0.030083 | 0.013908 |
| 6    | 8099 | 0.034749 | 0.029998 | 0.013906 |
| 7    | 8099 | 0.034723 | 0.029934 | 0.013891 |
| 8    | 8099 | 0.034725 | 0.029915 | 0.013883 |
| 9    | 8099 | 0.034728 | 0.029912 | 0.013882 |
| 10   | 8099 | 0.034728 | 0.029912 | 0.013882 |
------------------------------------------------
RMSD no longer decreasing

RMSDs by experiment:
--------------------------------------------
| Exp | Nref | RMSD_X  | RMSD_Y | RMSD_Z   |
| id  |      | (px)    | (px)   | (images) |
--------------------------------------------
| 0   | 8099 | 0.20191 | 0.1739 | 0.092545 |
--------------------------------------------

Refined crystal models:
model 1 (23299 reflections):
Crystal:
    Unit cell: (57.8054(18), 57.7765(19), 150.030(4), 90.0121(11), 89.9876(9), 89.9883(8))
    Space group: P 1
    U matrix:  {{ 0.3455, -0.2590, -0.9020},
                { 0.8914,  0.3909,  0.2292},
                { 0.2932, -0.8832,  0.3659}}
    B matrix:  {{ 0.0173,  0.0000,  0.0000},
                {-0.0000,  0.0173,  0.0000},
                {-0.0000,  0.0000,  0.0067}}
    A = UB:    {{ 0.0060, -0.0045, -0.0060},
                { 0.0154,  0.0068,  0.0015},
                { 0.0051, -0.0153,  0.0024}}

------------------------------------
| Imageset | #indexed | #unindexed |
------------------------------------
| 0        | 23299    | 214        |
------------------------------------
Increasing resolution to 2.57 Angstrom

################################################################################
Starting refinement (macro-cycle 3)
################################################################################

Detecting centroid outliers using the Tukey algorithm
1912 reflections have been flagged as outliers

Refinement steps:
------------------------------------------------
| Step | Nref | RMSD_X   | RMSD_Y   | RMSD_Phi |
|      |      | (mm)     | (mm)     | (deg)    |
------------------------------------------------
| 0    | 8099 | 0.040996 | 0.027428 | 0.014828 |
| 1    | 8099 | 0.038228 | 0.027198 | 0.015047 |
| 2    | 8099 | 0.038209 | 0.027189 | 0.015008 |
| 3    | 8099 | 0.038185 | 0.027173 | 0.014961 |
| 4    | 8099 | 0.038151 | 0.027153 | 0.014933 |
| 5    | 8099 | 0.038091 | 0.027121 | 0.014935 |
| 6    | 8099 | 0.037999 | 0.027103 | 0.014947 |
| 7    | 8099 | 0.037916 | 0.027129 | 0.01496  |
| 8    | 8099 | 0.037882 | 0.027158 | 0.014969 |
| 9    | 8099 | 0.037876 | 0.027164 | 0.014971 |
| 10   | 8099 | 0.037876 | 0.027165 | 0.014971 |
------------------------------------------------
RMSD no longer decreasing

RMSDs by experiment:
---------------------------------------------
| Exp | Nref | RMSD_X  | RMSD_Y  | RMSD_Z   |
| id  |      | (px)    | (px)    | (images) |
---------------------------------------------
| 0   | 8099 | 0.22021 | 0.15793 | 0.099807 |
---------------------------------------------

Refined crystal models:
model 1 (43380 reflections):
Crystal:
    Unit cell: (57.8177(15), 57.7820(16), 150.034(3), 90.0190(9), 89.9975(8), 89.9893(8))
    Space group: P 1
    U matrix:  {{ 0.3455, -0.2588, -0.9020},
                { 0.8914,  0.3909,  0.2293},
                { 0.2932, -0.8833,  0.3658}}
    B matrix:  {{ 0.0173,  0.0000,  0.0000},
                {-0.0000,  0.0173,  0.0000},
                {-0.0000,  0.0000,  0.0067}}
    A = UB:    {{ 0.0060, -0.0045, -0.0060},
                { 0.0154,  0.0068,  0.0015},
                { 0.0051, -0.0153,  0.0024}}

------------------------------------
| Imageset | #indexed | #unindexed |
------------------------------------
| 0        | 43380    | 281        |
------------------------------------
Increasing resolution to 1.91 Angstrom

################################################################################
Starting refinement (macro-cycle 4)
################################################################################

Detecting centroid outliers using the Tukey algorithm
6855 reflections have been flagged as outliers

Refinement steps:
------------------------------------------------
| Step | Nref | RMSD_X   | RMSD_Y   | RMSD_Phi |
|      |      | (mm)     | (mm)     | (deg)    |
------------------------------------------------
| 0    | 8099 | 0.043216 | 0.034237 | 0.018329 |
| 1    | 8099 | 0.042258 | 0.033964 | 0.018338 |
| 2    | 8099 | 0.042239 | 0.033905 | 0.018309 |
| 3    | 8099 | 0.042205 | 0.033739 | 0.018284 |
| 4    | 8099 | 0.042155 | 0.033395 | 0.018261 |
| 5    | 8099 | 0.042161 | 0.0329   | 0.018239 |
| 6    | 8099 | 0.042261 | 0.032451 | 0.018216 |
| 7    | 8099 | 0.042355 | 0.032207 | 0.018206 |
| 8    | 8099 | 0.042392 | 0.032141 | 0.018207 |
| 9    | 8099 | 0.042398 | 0.032132 | 0.018207 |
| 10   | 8099 | 0.042398 | 0.032132 | 0.018207 |
------------------------------------------------
RMSD no longer decreasing

RMSDs by experiment:
--------------------------------------------
| Exp | Nref | RMSD_X | RMSD_Y  | RMSD_Z   |
| id  |      | (px)   | (px)    | (images) |
--------------------------------------------
| 0   | 8099 | 0.2465 | 0.18681 | 0.12138  |
--------------------------------------------

Refined crystal models:
model 1 (89451 reflections):
Crystal:
    Unit cell: (57.8156(13), 57.7845(14), 150.039(3), 90.0162(7), 89.9918(6), 89.9879(8))
    Space group: P 1
    U matrix:  {{ 0.3455, -0.2589, -0.9020},
                { 0.8914,  0.3909,  0.2292},
                { 0.2933, -0.8833,  0.3658}}
    B matrix:  {{ 0.0173,  0.0000,  0.0000},
                {-0.0000,  0.0173,  0.0000},
                {-0.0000,  0.0000,  0.0067}}
    A = UB:    {{ 0.0060, -0.0045, -0.0060},
                { 0.0154,  0.0068,  0.0015},
                { 0.0051, -0.0153,  0.0024}}

------------------------------------
| Imageset | #indexed | #unindexed |
------------------------------------
| 0        | 89451    | 679        |
------------------------------------
Increasing resolution to 1.26 Angstrom

################################################################################
Starting refinement (macro-cycle 5)
################################################################################

Detecting centroid outliers using the Tukey algorithm
11863 reflections have been flagged as outliers

Refinement steps:
------------------------------------------------
| Step | Nref | RMSD_X   | RMSD_Y   | RMSD_Phi |
|      |      | (mm)     | (mm)     | (deg)    |
------------------------------------------------
| 0    | 8099 | 0.044458 | 0.037214 | 0.020507 |
| 1    | 8099 | 0.044279 | 0.036992 | 0.020474 |
| 2    | 8099 | 0.044252 | 0.036889 | 0.020454 |
| 3    | 8099 | 0.044198 | 0.036726 | 0.020443 |
| 4    | 8099 | 0.044112 | 0.03652  | 0.020444 |
| 5    | 8099 | 0.044035 | 0.036314 | 0.020447 |
| 6    | 8099 | 0.044004 | 0.03618  | 0.020456 |
| 7    | 8099 | 0.044002 | 0.036118 | 0.020468 |
| 8    | 8099 | 0.044004 | 0.036102 | 0.020474 |
| 9    | 8099 | 0.044005 | 0.036099 | 0.020475 |
------------------------------------------------
RMSD no longer decreasing

RMSDs by experiment:
---------------------------------------------
| Exp | Nref | RMSD_X  | RMSD_Y  | RMSD_Z   |
| id  |      | (px)    | (px)    | (images) |
---------------------------------------------
| 0   | 8099 | 0.25584 | 0.20988 | 0.1365   |
---------------------------------------------

Refined crystal models:
model 1 (114682 reflections):
Crystal:
    Unit cell: (57.8107(11), 57.7835(12), 150.034(2), 90.0113(7), 89.9900(6), 89.9899(7))
    Space group: P 1
    U matrix:  {{ 0.3455, -0.2589, -0.9020},
                { 0.8914,  0.3909,  0.2292},
                { 0.2933, -0.8833,  0.3658}}
    B matrix:  {{ 0.0173,  0.0000,  0.0000},
                {-0.0000,  0.0173,  0.0000},
                {-0.0000,  0.0000,  0.0067}}
    A = UB:    {{ 0.0060, -0.0045, -0.0060},
                { 0.0154,  0.0068,  0.0015},
                { 0.0051, -0.0153,  0.0024}}

------------------------------------
| Imageset | #indexed | #unindexed |
------------------------------------
| 0        | 114682   | 1366       |
------------------------------------
Saving refined experiments to experiments.json
Saving refined reflections to indexed.pickle
