DIALS 1.14.32-g3faa4529d
The following parameters have been modified:

input {
  experiments = integrated_experiments.json
  reflections = integrated.pickle
}

Read 388443 predicted reflections
Selected 327442 integrated reflections
Removing 1447 incomplete reflections
Removing 0 reflections with I/Sig(I) < -5.0
Removing 49 reflections with I/Sig(I) < -5.0
Saving 324771 integrated reflections to integrated.mtz

Title: from dials.export_mtz
Space group symbol from file: P4
Space group number from file: 75
Space group from matrices: P 4 (No. 75)
Point group symbol from file: 4
Number of batches: 540
Number of crystals: 1
Number of Miller indices: 324771
Resolution range: 150.001 1.16997
History:
  From DIALS 1.14.32-g3faa4529d, run on 2019-09-21 at 08:30:45 BST  (2019-09-21 at
Crystal 1:
  Name: XTAL
  Project: DIALS
  Id: 1
  Unit cell: (57.7836, 57.7836, 150.001, 90, 90, 90)
  Number of datasets: 1
  Dataset 1:
    Name: FROMDIALS
    Id: 1
    Wavelength: 0.97625
    Number of columns: 17
    label        #valid  %valid    min     max type
    H            324771 100.00%   0.00   46.00 H: index h,k,l
    K            324771 100.00%   0.00   47.00 H: index h,k,l
    L            324771 100.00%   0.00  114.00 H: index h,k,l
    M_ISYM       324771 100.00%   1.00    8.00 Y: M/ISYM, packed partial/reject flag and symmetry number
    BATCH        324771 100.00%   1.00  540.00 B: BATCH number
    IPR          324771 100.00%  -6.66 4197.84 J: intensity
    SIGIPR       324771 100.00%   0.01   32.84 Q: standard deviation
    I            324771 100.00% -16.67 4198.61 J: intensity
    SIGI         324771 100.00%   0.01   40.40 Q: standard deviation
    BG           324771 100.00%   1.47  203.70 R: real
    SIGBG        324771 100.00%   1.33   16.58 R: real
    FRACTIONCALC 324771 100.00%   0.99    1.00 R: real
    XDET         324771 100.00%   6.30 2456.62 R: real
    YDET         324771 100.00%   4.98 2521.90 R: real
    ROT          324771 100.00%  82.10  162.90 R: real
    LP           324771 100.00%   0.00    0.76 R: real
    QE           324771 100.00%   0.71    0.86 R: real

