DIALS 1.14.32-g3faa4529d
The following parameters have been modified:

refinement {
  parameterisation {
    scan_varying = True
  }
}
input {
  experiments = refined_experiments.json
  reflections = refined.pickle
}

Configuring refiner

Summary statistics for 114451 observations matched to predictions:
-------------------------------------------------------------------------
|                   | Min    | Q1       | Med        | Q3      | Max    |
-------------------------------------------------------------------------
| Xc - Xo (mm)      | -0.524 | -0.03445 | -0.003089  | 0.03186 | 0.6417 |
| Yc - Yo (mm)      | -1.4   | -0.029   | -0.0001979 | 0.02943 | 1.249  |
| Phic - Phio (deg) | -1.826 | -0.01499 | -0.0004071 | 0.01441 | 1.891  |
| X weights         | 135.2  | 371.8    | 393.6      | 402.7   | 405.6  |
| Y weights         | 153.1  | 362.1    | 389.3      | 401.4   | 405.6  |
| Phi weights       | 304    | 519.3    | 530.3      | 533.3   | 533.3  |
-------------------------------------------------------------------------

Detecting centroid outliers using the MCD algorithm
11956 reflections have been flagged as outliers

Summary statistics for 102495 observations matched to predictions:
---------------------------------------------------------------------------
|                   | Min      | Q1       | Med        | Q3      | Max    |
---------------------------------------------------------------------------
| Xc - Xo (mm)      | -0.1638  | -0.03289 | -0.002648  | 0.03044 | 0.1442 |
| Yc - Yo (mm)      | -0.1425  | -0.02648 | -2.603e-05 | 0.02718 | 0.1233 |
| Phic - Phio (deg) | -0.08094 | -0.01296 | 2.096e-05  | 0.01355 | 0.0688 |
| X weights         | 135.2    | 377.9    | 395.3      | 403     | 405.6  |
| Y weights         | 153.1    | 369.9    | 391.8      | 401.9   | 405.6  |
| Phi weights       | 318.9    | 519.2    | 529.8      | 533.3   | 533.3  |
---------------------------------------------------------------------------

Performing refinement of a single Experiment...

Refinement steps:
--------------------------------------------------
| Step | Nref   | RMSD_X   | RMSD_Y   | RMSD_Phi |
|      |        | (mm)     | (mm)     | (deg)    |
--------------------------------------------------
| 0    | 102495 | 0.045241 | 0.039941 | 0.020428 |
| 1    | 102495 | 0.044857 | 0.037617 | 0.020387 |
| 2    | 102495 | 0.044866 | 0.037563 | 0.020372 |
| 3    | 102495 | 0.044876 | 0.037523 | 0.020296 |
| 4    | 102495 | 0.044886 | 0.037499 | 0.020117 |
| 5    | 102495 | 0.044891 | 0.037491 | 0.019897 |
| 6    | 102495 | 0.044892 | 0.03749  | 0.019795 |
| 7    | 102495 | 0.044892 | 0.03749  | 0.019784 |
| 8    | 102495 | 0.044892 | 0.03749  | 0.019783 |
--------------------------------------------------
RMSD no longer decreasing

RMSDs by experiment:
----------------------------------------------
| Exp | Nref   | RMSD_X | RMSD_Y  | RMSD_Z   |
| id  |        | (px)   | (px)    | (images) |
----------------------------------------------
| 0   | 102495 | 0.261  | 0.21796 | 0.13189  |
----------------------------------------------

Final refined crystal model:
Crystal:
    Unit cell: (57.7836(3), 57.7836(3), 150.0013(5), 90.0, 90.0, 90.0)
    Space group: P 4
    U matrix:  {{ 0.3455, -0.2590, -0.9020},
                { 0.8913,  0.3911,  0.2291},
                { 0.2934, -0.8831,  0.3660}}
    B matrix:  {{ 0.0173,  0.0000,  0.0000},
                { 0.0000,  0.0173,  0.0000},
                { 0.0000,  0.0000,  0.0067}}
    A = UB:    {{ 0.0060, -0.0045, -0.0060},
                { 0.0154,  0.0068,  0.0015},
                { 0.0051, -0.0153,  0.0024}}
    A sampled at 541 scan points

Saving refined experiments to refined_experiments.json
Updating predictions for indexed reflections
Saving reflections with updated predictions to refined.pickle

Total time taken: 14.13s
