DIALS 2.dev.866-g69b2f94c2
The following parameters have been modified:

input {
  experiments = integrated.expt
  reflections = integrated.refl
}

Data appears to be unscaled, setting intensity = profile+sum
Data appears to be unscaled, setting mtz.hklout = 'integrated.mtz'
Read 371605 predicted reflections
Selected 309561 reflections integrated by profile and summation methods
Combined 478 partial reflections with other partial reflections
Removed 466 reflections below partiality threshold
Removed 0 intensity.sum.value reflections with I/Sig(I) < -5.0
Removed 44 intensity.prf.value reflections with I/Sig(I) < -5.0
Saving 308573 integrated reflections to integrated.mtz

Title: From dials.export
Space group symbol from file: C2
Space group number from file: 5
Space group from matrices: C 1 2 1 (No. 5)
Point group symbol from file: 2
Number of batches: 720
Number of crystals: 1
Number of Miller indices: 308573
Resolution range: 69.1905 1.21848
History:
  From DIALS 2.dev.866-g69b2f94c2, run on 2019-09-12 at 15:02:58 BST  (2019-09-12
Crystal 1:
  Name: XTAL
  Project: DIALS
  Id: 1
  Unit cell: (53.1698, 61.2427, 69.2884, 90, 93.0456, 90)
  Number of datasets: 1
  Dataset 1:
    Name: FROMDIALS
    Id: 1
    Wavelength: 1.23985
    Number of columns: 17
    label        #valid  %valid    min     max type
    H            308573 100.00% -34.00   34.00 H: index h,k,l
    K            308573 100.00%   0.00   43.00 H: index h,k,l
    L            308573 100.00%   0.00   49.00 H: index h,k,l
    M_ISYM       308573 100.00%   1.00    4.00 Y: M/ISYM, packed partial/reject flag and symmetry number
    BATCH        308573 100.00%   1.00  720.00 B: BATCH number
    IPR          308573 100.00% -12.49 9929.80 J: intensity
    SIGIPR       308573 100.00%   0.37   45.12 Q: standard deviation
    I            308573 100.00% -81.74 9913.37 J: intensity
    SIGI         308573 100.00%   0.64  381.06 Q: standard deviation
    BG           308573 100.00%   6.78 1464.78 R: real
    SIGBG        308573 100.00%   2.81   44.13 R: real
    FRACTIONCALC 308573 100.00%   0.99    1.00 R: real
    XDET         308573 100.00%  13.67 2450.47 R: real
    YDET         308573 100.00%  11.15 2515.05 R: real
    ROT          308573 100.00%   0.15  359.85 R: real
    LP           308573 100.00%   0.01    1.01 R: real
    QE           308573 100.00%   0.92    0.99 R: real

