DIALS 3.dev.1120-g9af1ec126
The following parameters have been modified:

input {
  experiments = bravais_setting_2.expt
  reflections = reindexed.refl
}

Configuring refiner
Setting outlier.nproc=32

Summary statistics for 106891 observations matched to predictions:
+-------------------+--------+----------+------------+---------+--------+
|                   |    Min |       Q1 |        Med |      Q3 |    Max |
|-------------------+--------+----------+------------+---------+--------|
| Xc - Xo (mm)      | -1.948 | -0.03532 | -7.621e-05 | 0.03409 | 0.3577 |
| Yc - Yo (mm)      | -1.174 | -0.03515 | -0.0003891 | 0.03422 |  1.681 |
| Phic - Phio (deg) | -1.047 | -0.08285 |  0.0008039 | 0.08427 |  1.356 |
| X weights         |    194 |    381.9 |      396.8 |   403.2 |  405.6 |
| Y weights         |  143.8 |    365.1 |      389.4 |   401.6 |  405.6 |
| Phi weights       |  39.29 |    47.95 |         48 |      48 |     48 |
+-------------------+--------+----------+------------+---------+--------+

Detecting centroid outliers using the MCD algorithm
11206 reflections have been flagged as outliers
95685 reflections remain in the manager

Summary statistics for 95685 observations matched to predictions:
+-------------------+---------+----------+------------+---------+--------+
|                   |     Min |       Q1 |        Med |      Q3 |    Max |
|-------------------+---------+----------+------------+---------+--------|
| Xc - Xo (mm)      | -0.1758 | -0.03396 |  -0.001032 | 0.03025 | 0.1723 |
| Yc - Yo (mm)      | -0.1843 | -0.03204 | -0.0007615 | 0.02982 | 0.2342 |
| Phic - Phio (deg) | -0.3632 | -0.07953 |  0.0008088 | 0.08143 | 0.3193 |
| X weights         |   210.9 |    385.4 |      398.2 |   403.6 |  405.6 |
| Y weights         |   143.8 |    370.6 |      392.1 |   402.2 |  405.6 |
| Phi weights       |   40.76 |    47.94 |         48 |      48 |     48 |
+-------------------+---------+----------+------------+---------+--------+

There are 14 parameters to refine against 95685 reflections in 3 dimensions
Performing refinement of a single Experiment...

Refinement steps:
+--------+--------+----------+----------+------------+
|   Step |   Nref |   RMSD_X |   RMSD_Y |   RMSD_Phi |
|        |        |     (mm) |     (mm) |      (deg) |
|--------+--------+----------+----------+------------|
|      0 |  95685 | 0.046338 | 0.048039 |    0.10463 |
|      1 |  95685 | 0.046276 | 0.047964 |    0.10467 |
|      2 |  95685 | 0.046257 | 0.047941 |    0.10473 |
|      3 |  95685 | 0.046261 | 0.047928 |    0.10475 |
|      4 |  95685 | 0.046264 | 0.047924 |    0.10475 |
+--------+--------+----------+----------+------------+
RMSD no longer decreasing

RMSDs by experiment:
+-------+--------+----------+----------+------------+
|   Exp |   Nref |   RMSD_X |   RMSD_Y |     RMSD_Z |
|    id |        |     (px) |     (px) |   (images) |
|-------+--------+----------+----------+------------|
|     0 |  95685 |  0.26898 |  0.27863 |     0.2095 |
+-------+--------+----------+----------+------------+
Updating predictions for indexed reflections

Scan-varying refinement
Configuring refiner

Summary statistics for 106889 observations matched to predictions:
+-------------------+--------+----------+-----------+---------+--------+
|                   |    Min |       Q1 |       Med |      Q3 |    Max |
|-------------------+--------+----------+-----------+---------+--------|
| Xc - Xo (mm)      |  -1.94 | -0.03433 | 0.0006226 | 0.03482 | 0.3635 |
| Yc - Yo (mm)      | -1.181 | -0.03496 | -9.45e-05 |  0.0345 |  1.727 |
| Phic - Phio (deg) | -1.061 |  -0.0839 | 4.101e-05 | 0.08362 |  1.378 |
| X weights         |    194 |    381.9 |     396.8 |   403.2 |  405.6 |
| Y weights         |  143.8 |    365.1 |     389.4 |   401.6 |  405.6 |
| Phi weights       |  39.29 |    47.95 |        48 |      48 |     48 |
+-------------------+--------+----------+-----------+---------+--------+

Detecting centroid outliers using the MCD algorithm
11457 reflections have been flagged as outliers
95432 reflections remain in the manager

Summary statistics for 95432 observations matched to predictions:
+-------------------+---------+----------+------------+---------+--------+
|                   |     Min |       Q1 |        Med |      Q3 |    Max |
|-------------------+---------+----------+------------+---------+--------|
| Xc - Xo (mm)      | -0.1597 | -0.03293 | -0.0003775 | 0.03065 | 0.1746 |
| Yc - Yo (mm)      | -0.1822 | -0.03149 | -0.0003543 | 0.03034 | 0.2338 |
| Phic - Phio (deg) | -0.3681 | -0.08069 |  -2.64e-05 | 0.08057 | 0.3162 |
| X weights         |   210.9 |    385.5 |      398.2 |   403.6 |  405.6 |
| Y weights         |   143.8 |    370.7 |      392.1 |   402.3 |  405.6 |
| Phi weights       |   40.76 |    47.94 |         48 |      48 |     48 |
+-------------------+---------+----------+------------+---------+--------+

There are 91 parameters to refine against 95432 reflections in 3 dimensions
Performing refinement of a single Experiment...

Refinement steps:
+--------+--------+----------+----------+------------+
|   Step |   Nref |   RMSD_X |   RMSD_Y |   RMSD_Phi |
|        |        |     (mm) |     (mm) |      (deg) |
|--------+--------+----------+----------+------------|
|      0 |  95432 | 0.04602  | 0.047836 |    0.10469 |
|      1 |  95432 | 0.043153 | 0.040659 |    0.10341 |
|      2 |  95432 | 0.041158 | 0.039693 |    0.1028  |
|      3 |  95432 | 0.040613 | 0.039488 |    0.10247 |
|      4 |  95432 | 0.040498 | 0.039479 |    0.10226 |
|      5 |  95432 | 0.040476 | 0.039475 |    0.10216 |
|      6 |  95432 | 0.040471 | 0.039473 |    0.10214 |
|      7 |  95432 | 0.040469 | 0.039474 |    0.10213 |
+--------+--------+----------+----------+------------+
RMSD no longer decreasing

RMSDs by experiment:
+-------+--------+----------+----------+------------+
|   Exp |   Nref |   RMSD_X |   RMSD_Y |     RMSD_Z |
|    id |        |     (px) |     (px) |   (images) |
|-------+--------+----------+----------+------------|
|     0 |  95432 |  0.23529 |   0.2295 |    0.20427 |
+-------+--------+----------+----------+------------+
Updating predictions for indexed reflections

Final refined crystal model:
Crystal:
    Unit cell: 53.1698(3), 61.2426(5), 69.2883(5), 90.0, 93.04558(17), 90.0
    Space group: C 1 2 1
    U matrix:  {{ 0.9560, -0.2863,  0.0639},
                { 0.0114,  0.2539,  0.9672},
                {-0.2931, -0.9239,  0.2460}}
    B matrix:  {{ 0.0188,  0.0000,  0.0000},
                { 0.0000,  0.0163,  0.0000},
                { 0.0010,  0.0000,  0.0145}}
    A = UB:    {{ 0.0180, -0.0047,  0.0009},
                { 0.0012,  0.0041,  0.0140},
                {-0.0053, -0.0151,  0.0036}}
    A sampled at 721 scan points
Saving refined experiments to refined.expt
Saving reflections with updated predictions to refined.refl
