DIALS 2.dev.866-g69b2f94c2
The following parameters have been modified:

refinement {
  parameterisation {
    scan_varying = True
  }
}
input {
  experiments = refined.expt
  reflections = refined.refl
}

Configuring refiner

Summary statistics for 106891 observations matched to predictions:
-------------------------------------------------------------------------
|                   | Min    | Q1       | Med        | Q3      | Max    |
-------------------------------------------------------------------------
| Xc - Xo (mm)      | -1.94  | -0.03432 | 0.0006268  | 0.03482 | 0.3635 |
| Yc - Yo (mm)      | -1.181 | -0.03495 | -9.193e-05 | 0.03451 | 1.727  |
| Phic - Phio (deg) | -1.061 | -0.0839  | 3.487e-05  | 0.08362 | 1.378  |
| X weights         | 194    | 381.9    | 396.8      | 403.2   | 405.6  |
| Y weights         | 143.8  | 365.1    | 389.4      | 401.6   | 405.6  |
| Phi weights       | 39.29  | 47.95    | 48         | 48      | 48     |
-------------------------------------------------------------------------

Detecting centroid outliers using the MCD algorithm
11480 reflections have been flagged as outliers

Summary statistics for 95411 observations matched to predictions:
--------------------------------------------------------------------------
|                   | Min     | Q1       | Med        | Q3      | Max    |
--------------------------------------------------------------------------
| Xc - Xo (mm)      | -0.1802 | -0.03294 | -0.0003792 | 0.03064 | 0.1746 |
| Yc - Yo (mm)      | -0.1822 | -0.0315  | -0.0003595 | 0.03031 | 0.2338 |
| Phic - Phio (deg) | -0.3681 | -0.08067 | -2.654e-05 | 0.08056 | 0.3162 |
| X weights         | 210.9   | 385.5    | 398.2      | 403.6   | 405.6  |
| Y weights         | 143.8   | 370.7    | 392.1      | 402.3   | 405.6  |
| Phi weights       | 40.76   | 47.94    | 48         | 48      | 48     |
--------------------------------------------------------------------------

There are 91 parameters to refine against 95411 reflections in 3 dimensions
Performing refinement of a single Experiment...

Refinement steps:
-------------------------------------------------
| Step | Nref  | RMSD_X   | RMSD_Y   | RMSD_Phi |
|      |       | (mm)     | (mm)     | (deg)    |
-------------------------------------------------
| 0    | 95411 | 0.046023 | 0.047822 | 0.10467  |
| 1    | 95411 | 0.043159 | 0.040652 | 0.10339  |
| 2    | 95411 | 0.041166 | 0.039688 | 0.10277  |
| 3    | 95411 | 0.040622 | 0.039483 | 0.10244  |
| 4    | 95411 | 0.040507 | 0.039474 | 0.10223  |
| 5    | 95411 | 0.040484 | 0.03947  | 0.10213  |
| 6    | 95411 | 0.040479 | 0.039469 | 0.10211  |
| 7    | 95411 | 0.040478 | 0.03947  | 0.10211  |
-------------------------------------------------
RMSD no longer decreasing

RMSDs by experiment:
----------------------------------------------
| Exp | Nref  | RMSD_X  | RMSD_Y  | RMSD_Z   |
| id  |       | (px)    | (px)    | (images) |
----------------------------------------------
| 0   | 95411 | 0.23534 | 0.22947 | 0.20422  |
----------------------------------------------
Updating predictions for indexed reflections

Final refined crystal model:
Crystal:
    Unit cell: (53.1698(3), 61.2427(5), 69.2884(5), 90.0, 93.04558(17), 90.0)
    Space group: C 1 2 1
    U matrix:  {{ 0.9560, -0.2863,  0.0639},
                { 0.0114,  0.2539,  0.9672},
                {-0.2931, -0.9239,  0.2460}}
    B matrix:  {{ 0.0188,  0.0000,  0.0000},
                { 0.0000,  0.0163,  0.0000},
                { 0.0010,  0.0000,  0.0145}}
    A = UB:    {{ 0.0180, -0.0047,  0.0009},
                { 0.0012,  0.0041,  0.0140},
                {-0.0053, -0.0151,  0.0036}}
    A sampled at 721 scan points
Saving refined experiments to refined.expt
Saving reflections with updated predictions to refined.refl

Total time taken: 44.24s
