DIALS 2.dev.866-g69b2f94c2
The following parameters have been modified:

input {
  experiments = indexed.expt
  reflections = indexed.refl
}


Summary statistics for 36000 observations matched to predictions:
--------------------------------------------------------------------
|                   | Min    | Q1      | Med      | Q3     | Max   |
--------------------------------------------------------------------
| Xc - Xo (mm)      | -12.44 | -1.818  | 0.1152   | 1.992  | 12.7  |
| Yc - Yo (mm)      | -5.33  | -0.6237 | 0.01233  | 0.6381 | 5.875 |
| Phic - Phio (deg) | -8.55  | -0.4959 | -0.01578 | 0.4933 | 13.05 |
| X weights         | 241.2  | 383.9   | 397.6    | 403.4  | 405.6 |
| Y weights         | 191.7  | 368.8   | 390.9    | 402    | 405.6 |
| Phi weights       | 40.76  | 47.95   | 48       | 48     | 48    |
--------------------------------------------------------------------

There are 13 parameters to refine against 36000 reflections in 3 dimensions

Refinement steps:
---------------------------------------------
| Step | Nref  | RMSD_X | RMSD_Y | RMSD_Phi |
|      |       | (mm)   | (mm)   | (deg)    |
---------------------------------------------
| 0    | 36000 | 2.7397 | 1.0658 | 1.0133   |
| 1    | 35983 | 2.0921 | 1.6008 | 1.4705   |
| 2    | 35980 | 1.9057 | 1.7666 | 1.6228   |
| 3    | 35975 | 1.8411 | 1.8159 | 1.6606   |
| 4    | 35975 | 1.8448 | 1.8127 | 1.6553   |
| 5    | 35975 | 1.8394 | 1.8174 | 1.6616   |
| 6    | 35975 | 1.8423 | 1.8149 | 1.6577   |
| 7    | 35975 | 1.8398 | 1.817  | 1.6608   |
| 8    | 35975 | 1.8414 | 1.8157 | 1.6587   |
| 9    | 35975 | 1.8401 | 1.8167 | 1.6602   |
| 10   | 35975 | 1.841  | 1.816  | 1.6591   |
| 11   | 35975 | 1.8403 | 1.8165 | 1.6599   |
| 12   | 35975 | 1.8408 | 1.8161 | 1.6593   |
| 13   | 35975 | 1.8405 | 1.8164 | 1.6598   |
| 14   | 35975 | 1.8407 | 1.8162 | 1.6594   |
| 15   | 35975 | 1.8405 | 1.8164 | 1.6597   |
| 16   | 35975 | 1.8407 | 1.8162 | 1.6594   |
| 17   | 35975 | 1.8405 | 1.8164 | 1.6596   |
| 18   | 35975 | 1.8407 | 1.8162 | 1.6594   |
| 19   | 35975 | 1.8405 | 1.8164 | 1.6596   |
| 20   | 35975 | 1.8408 | 1.8162 | 1.6593   |
| 21   | 35975 | 1.8405 | 1.8164 | 1.6597   |
| 22   | 35975 | 1.8408 | 1.8161 | 1.6593   |
| 23   | 35975 | 1.8405 | 1.8164 | 1.6596   |
| 24   | 35975 | 1.8407 | 1.8162 | 1.6594   |
| 25   | 35975 | 1.8406 | 1.8163 | 1.6596   |
| 26   | 35975 | 1.8407 | 1.8163 | 1.6594   |
---------------------------------------------
RMSD no longer decreasing

RMSDs by experiment:
--------------------------------------------
| Exp | Nref  | RMSD_X | RMSD_Y | RMSD_Z   |
| id  |       | (px)   | (px)   | (images) |
--------------------------------------------
| 0   | 35975 | 10.702 | 10.56  | 3.3188   |
--------------------------------------------

Summary statistics for 106761 observations matched to predictions:
--------------------------------------------------------------------
|                   | Min    | Q1      | Med      | Q3     | Max   |
--------------------------------------------------------------------
| Xc - Xo (mm)      | -11.06 | -1.355  | -0.05381 | 1.222  | 10.75 |
| Yc - Yo (mm)      | -15.5  | -1.028  | 0.009737 | 1.036  | 15.52 |
| Phic - Phio (deg) | -23.12 | -0.6298 | -0.03174 | 0.6198 | 22.19 |
| X weights         | 194    | 381.9   | 396.8    | 403.2  | 405.6 |
| Y weights         | 143.8  | 365.1   | 389.4    | 401.6  | 405.6 |
| Phi weights       | 39.29  | 47.95   | 48       | 48     | 48    |
--------------------------------------------------------------------

Detecting centroid outliers using the Tukey algorithm
16884 reflections have been flagged as outliers

Summary statistics for 89877 observations matched to predictions:
--------------------------------------------------------------------
|                   | Min    | Q1      | Med      | Q3     | Max   |
--------------------------------------------------------------------
| Xc - Xo (mm)      | -7.622 | -1.351  | -0.03836 | 1.262  | 7.527 |
| Yc - Yo (mm)      | -6.464 | -0.8853 | 0.009476 | 0.8963 | 6.271 |
| Phic - Phio (deg) | -4.196 | -0.5308 | -0.03557 | 0.4913 | 4.274 |
| X weights         | 210.9  | 383.8   | 397.4    | 403.3  | 405.6 |
| Y weights         | 173.8  | 366.6   | 390      | 401.7  | 405.6 |
| Phi weights       | 39.29  | 47.97   | 48       | 48     | 48    |
--------------------------------------------------------------------

There are 13 parameters to refine against 36000 reflections in 3 dimensions

Refinement steps:
---------------------------------------------
| Step | Nref  | RMSD_X | RMSD_Y | RMSD_Phi |
|      |       | (mm)   | (mm)   | (deg)    |
---------------------------------------------
| 0    | 36000 | 1.8559 | 1.6223 | 0.94578  |
| 1    | 36000 | 1.5189 | 1.8399 | 1.072    |
| 2    | 35999 | 1.3884 | 1.9278 | 1.1231   |
| 3    | 35999 | 1.3668 | 1.9424 | 1.1315   |
| 4    | 35999 | 1.3654 | 1.9434 | 1.132    |
| 5    | 35999 | 1.3653 | 1.9435 | 1.132    |
---------------------------------------------
RMSD no longer decreasing

RMSDs by experiment:
--------------------------------------------
| Exp | Nref  | RMSD_X | RMSD_Y | RMSD_Z   |
| id  |       | (px)   | (px)   | (images) |
--------------------------------------------
| 0   | 35999 | 7.9379 | 11.299 | 2.264    |
--------------------------------------------

Summary statistics for 36000 observations matched to predictions:
--------------------------------------------------------------------
|                   | Min    | Q1      | Med      | Q3     | Max   |
--------------------------------------------------------------------
| Xc - Xo (mm)      | -12.45 | -1.819  | 0.115    | 1.994  | 12.7  |
| Yc - Yo (mm)      | -5.329 | -0.6259 | 0.01187  | 0.6378 | 5.886 |
| Phic - Phio (deg) | -8.554 | -0.4908 | -0.01039 | 0.4959 | 12.99 |
| X weights         | 241.2  | 383.9   | 397.6    | 403.4  | 405.6 |
| Y weights         | 191.7  | 368.8   | 390.9    | 402    | 405.6 |
| Phi weights       | 40.76  | 47.95   | 48       | 48     | 48    |
--------------------------------------------------------------------

There are 14 parameters to refine against 36000 reflections in 3 dimensions

Refinement steps:
---------------------------------------------
| Step | Nref  | RMSD_X | RMSD_Y | RMSD_Phi |
|      |       | (mm)   | (mm)   | (deg)    |
---------------------------------------------
| 0    | 36000 | 2.7402 | 1.0646 | 1.0132   |
| 1    | 35983 | 2.1    | 1.5936 | 1.4633   |
| 2    | 35977 | 1.8786 | 1.7847 | 1.6355   |
| 3    | 35975 | 1.8446 | 1.8122 | 1.6563   |
| 4    | 35975 | 1.8455 | 1.8114 | 1.6548   |
| 5    | 35975 | 1.8399 | 1.8163 | 1.6612   |
| 6    | 35975 | 1.8426 | 1.814  | 1.6577   |
| 7    | 35975 | 1.84   | 1.8162 | 1.6609   |
| 8    | 35975 | 1.8413 | 1.8151 | 1.6591   |
| 9    | 35975 | 1.8402 | 1.816  | 1.6605   |
| 10   | 35975 | 1.8409 | 1.8155 | 1.6596   |
| 11   | 35975 | 1.8404 | 1.8159 | 1.6602   |
| 12   | 35975 | 1.8407 | 1.8156 | 1.6598   |
| 13   | 35975 | 1.8405 | 1.8158 | 1.6601   |
| 14   | 35975 | 1.8406 | 1.8157 | 1.6599   |
| 15   | 35975 | 1.8405 | 1.8158 | 1.6601   |
---------------------------------------------
RMSD no longer decreasing

RMSDs by experiment:
--------------------------------------------
| Exp | Nref  | RMSD_X | RMSD_Y | RMSD_Z   |
| id  |       | (px)   | (px)   | (images) |
--------------------------------------------
| 0   | 35975 | 10.701 | 10.557 | 3.3201   |
--------------------------------------------

Summary statistics for 106762 observations matched to predictions:
--------------------------------------------------------------------
|                   | Min    | Q1      | Med      | Q3     | Max   |
--------------------------------------------------------------------
| Xc - Xo (mm)      | -11    | -1.355  | -0.05414 | 1.222  | 10.78 |
| Yc - Yo (mm)      | -15.56 | -1.028  | 0.01083  | 1.036  | 15.45 |
| Phic - Phio (deg) | -23.25 | -0.6268 | -0.02283 | 0.6198 | 22.15 |
| X weights         | 194    | 381.9   | 396.8    | 403.2  | 405.6 |
| Y weights         | 143.8  | 365.1   | 389.4    | 401.6  | 405.6 |
| Phi weights       | 39.29  | 47.95   | 48       | 48     | 48    |
--------------------------------------------------------------------

Detecting centroid outliers using the Tukey algorithm
16965 reflections have been flagged as outliers

Summary statistics for 89797 observations matched to predictions:
--------------------------------------------------------------------
|                   | Min    | Q1      | Med      | Q3     | Max   |
--------------------------------------------------------------------
| Xc - Xo (mm)      | -7.596 | -1.352  | -0.04003 | 1.261  | 7.494 |
| Yc - Yo (mm)      | -6.399 | -0.8844 | 0.01079  | 0.8969 | 6.386 |
| Phic - Phio (deg) | -4.23  | -0.5243 | -0.02528 | 0.4969 | 4.246 |
| X weights         | 210.9  | 383.9   | 397.4    | 403.3  | 405.6 |
| Y weights         | 173.8  | 366.6   | 390      | 401.7  | 405.6 |
| Phi weights       | 39.29  | 47.97   | 48       | 48     | 48    |
--------------------------------------------------------------------

There are 14 parameters to refine against 36000 reflections in 3 dimensions

Refinement steps:
---------------------------------------------
| Step | Nref  | RMSD_X | RMSD_Y | RMSD_Phi |
|      |       | (mm)   | (mm)   | (deg)    |
---------------------------------------------
| 0    | 36000 | 1.856  | 1.6316 | 0.94446  |
| 1    | 36000 | 1.5252 | 1.8456 | 1.0681   |
| 2    | 35999 | 1.3972 | 1.9322 | 1.118    |
| 3    | 35999 | 1.3763 | 1.9465 | 1.1267   |
| 4    | 35999 | 1.3751 | 1.9473 | 1.127    |
| 5    | 35999 | 1.375  | 1.9474 | 1.1271   |
---------------------------------------------
RMSD no longer decreasing

RMSDs by experiment:
--------------------------------------------
| Exp | Nref  | RMSD_X | RMSD_Y | RMSD_Z   |
| id  |       | (px)   | (px)   | (images) |
--------------------------------------------
| 0   | 35999 | 7.9943 | 11.322 | 2.2541   |
--------------------------------------------

Summary statistics for 36000 observations matched to predictions:
--------------------------------------------------------------------
|                   | Min    | Q1      | Med      | Q3     | Max   |
--------------------------------------------------------------------
| Xc - Xo (mm)      | -13.91 | -2.177  | 0.146    | 2.388  | 14.41 |
| Yc - Yo (mm)      | -4.296 | -0.3846 | 0.007201 | 0.3964 | 4.716 |
| Phic - Phio (deg) | -4.886 | -0.463  | -0.0237  | 0.4142 | 5.173 |
| X weights         | 241.2  | 383.9   | 397.6    | 403.4  | 405.6 |
| Y weights         | 191.7  | 368.8   | 390.9    | 402    | 405.6 |
| Phi weights       | 40.76  | 47.95   | 48       | 48     | 48    |
--------------------------------------------------------------------

There are 14 parameters to refine against 36000 reflections in 3 dimensions

Refinement steps:
----------------------------------------------
| Step | Nref  | RMSD_X | RMSD_Y  | RMSD_Phi |
|      |       | (mm)   | (mm)    | (deg)    |
----------------------------------------------
| 0    | 36000 | 3.2511 | 0.66112 | 0.75502  |
| 1    | 35982 | 2.1949 | 1.5057  | 1.4002   |
| 2    | 35975 | 1.8858 | 1.7747  | 1.6255   |
| 3    | 35975 | 1.8428 | 1.814   | 1.6581   |
| 4    | 35975 | 1.8424 | 1.8145  | 1.6578   |
| 5    | 35975 | 1.839  | 1.8175  | 1.6615   |
| 6    | 35975 | 1.8407 | 1.816   | 1.6593   |
| 7    | 35975 | 1.8395 | 1.8171  | 1.6608   |
| 8    | 35975 | 1.8403 | 1.8164  | 1.6597   |
| 9    | 35975 | 1.8398 | 1.8169  | 1.6604   |
| 10   | 35975 | 1.8401 | 1.8166  | 1.66     |
| 11   | 35975 | 1.8399 | 1.8168  | 1.6603   |
| 12   | 35975 | 1.84   | 1.8166  | 1.6601   |
| 13   | 35975 | 1.8399 | 1.8167  | 1.6602   |
----------------------------------------------
RMSD no longer decreasing

RMSDs by experiment:
--------------------------------------------
| Exp | Nref  | RMSD_X | RMSD_Y | RMSD_Z   |
| id  |       | (px)   | (px)   | (images) |
--------------------------------------------
| 0   | 35975 | 10.697 | 10.562 | 3.3204   |
--------------------------------------------

Summary statistics for 106762 observations matched to predictions:
--------------------------------------------------------------------
|                   | Min    | Q1      | Med      | Q3     | Max   |
--------------------------------------------------------------------
| Xc - Xo (mm)      | -11.03 | -1.355  | -0.05128 | 1.221  | 10.77 |
| Yc - Yo (mm)      | -15.56 | -1.028  | 0.01002  | 1.036  | 15.42 |
| Phic - Phio (deg) | -23.33 | -0.6308 | -0.03193 | 0.6184 | 22.12 |
| X weights         | 194    | 381.9   | 396.8    | 403.2  | 405.6 |
| Y weights         | 143.8  | 365.1   | 389.4    | 401.6  | 405.6 |
| Phi weights       | 39.29  | 47.95   | 48       | 48     | 48    |
--------------------------------------------------------------------

Detecting centroid outliers using the Tukey algorithm
16926 reflections have been flagged as outliers

Summary statistics for 89836 observations matched to predictions:
--------------------------------------------------------------------
|                   | Min    | Q1      | Med      | Q3     | Max   |
--------------------------------------------------------------------
| Xc - Xo (mm)      | -7.61  | -1.351  | -0.03752 | 1.262  | 7.522 |
| Yc - Yo (mm)      | -6.429 | -0.8854 | 0.009718 | 0.8972 | 6.252 |
| Phic - Phio (deg) | -4.196 | -0.531  | -0.0362  | 0.4905 | 4.276 |
| X weights         | 210.9  | 383.9   | 397.4    | 403.3  | 405.6 |
| Y weights         | 173.8  | 366.6   | 390      | 401.7  | 405.6 |
| Phi weights       | 39.29  | 47.97   | 48       | 48     | 48    |
--------------------------------------------------------------------

There are 14 parameters to refine against 36000 reflections in 3 dimensions

Refinement steps:
---------------------------------------------
| Step | Nref  | RMSD_X | RMSD_Y | RMSD_Phi |
|      |       | (mm)   | (mm)   | (deg)    |
---------------------------------------------
| 0    | 36000 | 1.8497 | 1.6289 | 0.9517   |
| 1    | 36000 | 1.5243 | 1.8394 | 1.0753   |
| 2    | 36000 | 1.3992 | 1.9239 | 1.1269   |
| 3    | 36000 | 1.3803 | 1.9368 | 1.1349   |
| 4    | 36000 | 1.3786 | 1.9378 | 1.136    |
| 5    | 36000 | 1.3786 | 1.9379 | 1.136    |
---------------------------------------------
RMSD no longer decreasing

RMSDs by experiment:
--------------------------------------------
| Exp | Nref  | RMSD_X | RMSD_Y | RMSD_Z   |
| id  |       | (px)   | (px)   | (images) |
--------------------------------------------
| 0   | 36000 | 8.0149 | 11.267 | 2.2721   |
--------------------------------------------

Summary statistics for 36000 observations matched to predictions:
--------------------------------------------------------------------------
|                   | Min     | Q1       | Med        | Q3      | Max    |
--------------------------------------------------------------------------
| Xc - Xo (mm)      | -0.1942 | -0.03472 | -0.0003879 | 0.03251 | 0.1742 |
| Yc - Yo (mm)      | -0.1937 | -0.03243 | 0.0005238  | 0.03289 | 0.2211 |
| Phic - Phio (deg) | -0.3395 | -0.08596 | -0.003441  | 0.07904 | 0.3292 |
| X weights         | 241.2   | 383.9    | 397.6      | 403.4   | 405.6  |
| Y weights         | 191.7   | 368.8    | 390.9      | 402     | 405.6  |
| Phi weights       | 40.76   | 47.95    | 48         | 48      | 48     |
--------------------------------------------------------------------------

There are 14 parameters to refine against 36000 reflections in 3 dimensions

Refinement steps:
-------------------------------------------------
| Step | Nref  | RMSD_X   | RMSD_Y   | RMSD_Phi |
|      |       | (mm)     | (mm)     | (deg)    |
-------------------------------------------------
| 0    | 36000 | 0.049796 | 0.052201 | 0.10769  |
| 1    | 36000 | 0.049739 | 0.052197 | 0.10771  |
| 2    | 36000 | 0.049717 | 0.052201 | 0.10771  |
| 3    | 36000 | 0.049716 | 0.0522   | 0.10769  |
| 4    | 36000 | 0.049718 | 0.052199 | 0.10768  |
| 5    | 36000 | 0.049718 | 0.052199 | 0.10768  |
-------------------------------------------------
RMSD no longer decreasing

RMSDs by experiment:
----------------------------------------------
| Exp | Nref  | RMSD_X  | RMSD_Y  | RMSD_Z   |
| id  |       | (px)    | (px)    | (images) |
----------------------------------------------
| 0   | 36000 | 0.28906 | 0.30348 | 0.21536  |
----------------------------------------------

Summary statistics for 106891 observations matched to predictions:
-------------------------------------------------------------------------
|                   | Min    | Q1       | Med        | Q3      | Max    |
-------------------------------------------------------------------------
| Xc - Xo (mm)      | -1.949 | -0.03571 | -0.0004198 | 0.0337  | 0.3555 |
| Yc - Yo (mm)      | -1.177 | -0.03506 | -0.0003622 | 0.03435 | 1.66   |
| Phic - Phio (deg) | -1.047 | -0.0826  | 0.0009803  | 0.08445 | 1.351  |
| X weights         | 194    | 381.9    | 396.8      | 403.2   | 405.6  |
| Y weights         | 143.8  | 365.1    | 389.4      | 401.6   | 405.6  |
| Phi weights       | 39.29  | 47.95    | 48         | 48      | 48     |
-------------------------------------------------------------------------

Detecting centroid outliers using the Tukey algorithm
5371 reflections have been flagged as outliers

Summary statistics for 101520 observations matched to predictions:
--------------------------------------------------------------------------
|                   | Min     | Q1       | Med        | Q3      | Max    |
--------------------------------------------------------------------------
| Xc - Xo (mm)      | -0.1821 | -0.03486 | -0.0006432 | 0.0323  | 0.172  |
| Yc - Yo (mm)      | -0.1717 | -0.03317 | -0.0002326 | 0.03268 | 0.2087 |
| Phic - Phio (deg) | -0.3324 | -0.08131 | 0.0009742  | 0.08323 | 0.3463 |
| X weights         | 210.9   | 383.9    | 397.5      | 403.4   | 405.6  |
| Y weights         | 143.8   | 368.2    | 390.8      | 401.9   | 405.6  |
| Phi weights       | 39.29   | 47.95    | 48         | 48      | 48     |
--------------------------------------------------------------------------

There are 14 parameters to refine against 36000 reflections in 3 dimensions

Refinement steps:
-------------------------------------------------
| Step | Nref  | RMSD_X   | RMSD_Y   | RMSD_Phi |
|      |       | (mm)     | (mm)     | (deg)    |
-------------------------------------------------
| 0    | 36000 | 0.049649 | 0.052299 | 0.10762  |
| 1    | 36000 | 0.04967  | 0.052243 | 0.10763  |
| 2    | 36000 | 0.049685 | 0.052219 | 0.10764  |
| 3    | 36000 | 0.049695 | 0.052207 | 0.10765  |
| 4    | 36000 | 0.049698 | 0.052203 | 0.10765  |
-------------------------------------------------
RMSD no longer decreasing

RMSDs by experiment:
---------------------------------------------
| Exp | Nref  | RMSD_X  | RMSD_Y | RMSD_Z   |
| id  |       | (px)    | (px)   | (images) |
---------------------------------------------
| 0   | 36000 | 0.28894 | 0.3035 | 0.21531  |
---------------------------------------------

Summary statistics for 36000 observations matched to predictions:
--------------------------------------------------------------------------
|                   | Min     | Q1       | Med        | Q3      | Max    |
--------------------------------------------------------------------------
| Xc - Xo (mm)      | -0.1756 | -0.03495 | -0.0003981 | 0.03241 | 0.165  |
| Yc - Yo (mm)      | -0.1723 | -0.03097 | -0.0004198 | 0.03024 | 0.2005 |
| Phic - Phio (deg) | -0.3437 | -0.08167 | -0.0001967 | 0.08285 | 0.3228 |
| X weights         | 241.2   | 383.9    | 397.6      | 403.4   | 405.6  |
| Y weights         | 191.7   | 368.8    | 390.9      | 402     | 405.6  |
| Phi weights       | 40.76   | 47.95    | 48         | 48      | 48     |
--------------------------------------------------------------------------

There are 16 parameters to refine against 36000 reflections in 3 dimensions

Refinement steps:
-------------------------------------------------
| Step | Nref  | RMSD_X   | RMSD_Y   | RMSD_Phi |
|      |       | (mm)     | (mm)     | (deg)    |
-------------------------------------------------
| 0    | 36000 | 0.049494 | 0.048537 | 0.10686  |
| 1    | 36000 | 0.049494 | 0.048537 | 0.10686  |
-------------------------------------------------
RMSD no longer decreasing

RMSDs by experiment:
----------------------------------------------
| Exp | Nref  | RMSD_X  | RMSD_Y  | RMSD_Z   |
| id  |       | (px)    | (px)    | (images) |
----------------------------------------------
| 0   | 36000 | 0.28776 | 0.28219 | 0.21371  |
----------------------------------------------

Summary statistics for 106891 observations matched to predictions:
-------------------------------------------------------------------------
|                   | Min     | Q1       | Med        | Q3      | Max   |
-------------------------------------------------------------------------
| Xc - Xo (mm)      | -1.937  | -0.03587 | -0.000381  | 0.03382 | 0.361 |
| Yc - Yo (mm)      | -1.114  | -0.03297 | -0.0003601 | 0.03228 | 1.49  |
| Phic - Phio (deg) | -0.9687 | -0.08202 | 0.0006869  | 0.08452 | 1.296 |
| X weights         | 194     | 381.9    | 396.8      | 403.2   | 405.6 |
| Y weights         | 143.8   | 365.1    | 389.4      | 401.6   | 405.6 |
| Phi weights       | 39.29   | 47.95    | 48         | 48      | 48    |
-------------------------------------------------------------------------

Detecting centroid outliers using the Tukey algorithm
5628 reflections have been flagged as outliers

Summary statistics for 101263 observations matched to predictions:
--------------------------------------------------------------------------
|                   | Min     | Q1       | Med        | Q3      | Max    |
--------------------------------------------------------------------------
| Xc - Xo (mm)      | -0.1769 | -0.0349  | -0.0005336 | 0.03257 | 0.1659 |
| Yc - Yo (mm)      | -0.1723 | -0.03117 | -0.000382  | 0.03046 | 0.203  |
| Phic - Phio (deg) | -0.3534 | -0.08108 | 0.0004197  | 0.08287 | 0.3456 |
| X weights         | 210.9   | 383.9    | 397.5      | 403.4   | 405.6  |
| Y weights         | 143.8   | 368.5    | 390.9      | 401.9   | 405.6  |
| Phi weights       | 39.29   | 47.95    | 48         | 48      | 48     |
--------------------------------------------------------------------------

There are 16 parameters to refine against 36000 reflections in 3 dimensions

Refinement steps:
-------------------------------------------------
| Step | Nref  | RMSD_X   | RMSD_Y   | RMSD_Phi |
|      |       | (mm)     | (mm)     | (deg)    |
-------------------------------------------------
| 0    | 36000 | 0.049667 | 0.048914 | 0.10672  |
| 1    | 36000 | 0.049691 | 0.04886  | 0.10675  |
| 2    | 36000 | 0.049706 | 0.048831 | 0.10678  |
| 3    | 36000 | 0.049712 | 0.048819 | 0.10679  |
| 4    | 36000 | 0.049714 | 0.048816 | 0.10679  |
-------------------------------------------------
RMSD no longer decreasing

RMSDs by experiment:
----------------------------------------------
| Exp | Nref  | RMSD_X  | RMSD_Y  | RMSD_Z   |
| id  |       | (px)    | (px)    | (images) |
----------------------------------------------
| 0   | 36000 | 0.28903 | 0.28381 | 0.21358  |
----------------------------------------------
Chiral space groups corresponding to each Bravais lattice:
aP: P1
mP: P2 P21
mC: C2
oC: C2221 C222
----------------------------------------------------------------------------------------------------------------
Solution Metric fit  rmsd  min/max cc #spots lattice                                 unit_cell volume      cb_op
----------------------------------------------------------------------------------------------------------------
       5     3.0457 2.375 0.604/0.968  35999      oC  52.59  60.69  68.41  90.00  90.00  90.00 218334 a+b,-a+b,c
       4     3.0455 2.384 0.609/0.609  35999      mC  60.65  52.58  68.39  90.00  89.94  90.00 218080  a-b,a+b,c
       3     3.0457 2.378 0.604/0.604  36000      mP  40.14  68.34  40.09  90.00  98.16  90.00 108857   -a,-c,-b
*      2     0.0326 0.072 0.968/0.968  36000      mC  53.17  61.25  69.29  90.00  93.05  90.00 225340 a+b,-a+b,c
*      1     0.0000 0.070         -/-  36000      aP  40.55  40.56  69.29  92.02  91.97  98.08 112674      a,b,c
----------------------------------------------------------------------------------------------------------------
* = recommended solution

Saving summary as bravais_summary.json
Saving solution 5 as bravais_setting_5.expt
Saving solution 4 as bravais_setting_4.expt
Saving solution 3 as bravais_setting_3.expt
Saving solution 2 as bravais_setting_2.expt
Saving solution 1 as bravais_setting_1.expt
usr+sys time: 1.35 seconds
wall clock time: 24.94 seconds
