DIALS 3.dev.345-gf2cdeb6c2
The following parameters have been modified:

spotfinder {
  mp {
    nproc = 4
  }
}
input {
  experiments = imported.expt
}

Setting spotfinder.filter.min_spot_size=3
Configuring spot finder from input parameters
--------------------------------------------------------------------------------
Finding strong spots in imageset 0
--------------------------------------------------------------------------------

Finding spots in image 1 to 720...
Setting chunksize=20
Extracting strong pixels from images
 Using multiprocessing with 4 parallel job(s)

Found 1752 strong pixels on image 1
Found 1536 strong pixels on image 2
Found 1439 strong pixels on image 3
Found 1433 strong pixels on image 4
Found 1695 strong pixels on image 5
Found 1645 strong pixels on image 6
Found 1593 strong pixels on image 7
Found 1663 strong pixels on image 8
Found 1597 strong pixels on image 9
Found 1605 strong pixels on image 10
Found 1452 strong pixels on image 11
Found 1491 strong pixels on image 12
Found 1489 strong pixels on image 13
Found 1562 strong pixels on image 14
Found 1519 strong pixels on image 15
Found 1605 strong pixels on image 16
Found 1429 strong pixels on image 17
Found 1404 strong pixels on image 18
Found 1407 strong pixels on image 19
Found 1411 strong pixels on image 20
Found 1504 strong pixels on image 21
Found 1562 strong pixels on image 22
Found 1368 strong pixels on image 23
Found 1385 strong pixels on image 24
Found 1488 strong pixels on image 25
Found 1518 strong pixels on image 26
Found 1511 strong pixels on image 27
Found 1470 strong pixels on image 28
Found 1435 strong pixels on image 29
Found 1414 strong pixels on image 30
Found 1540 strong pixels on image 31
Found 1591 strong pixels on image 32
Found 1418 strong pixels on image 33
Found 1474 strong pixels on image 34
Found 1438 strong pixels on image 35
Found 1257 strong pixels on image 36
Found 1223 strong pixels on image 37
Found 1357 strong pixels on image 38
Found 1350 strong pixels on image 39
Found 1441 strong pixels on image 40
Found 1393 strong pixels on image 41
Found 1394 strong pixels on image 42
Found 1411 strong pixels on image 43
Found 1366 strong pixels on image 44
Found 1397 strong pixels on image 45
Found 1231 strong pixels on image 46
Found 1304 strong pixels on image 47
Found 1498 strong pixels on image 48
Found 1444 strong pixels on image 49
Found 1452 strong pixels on image 50
Found 1270 strong pixels on image 51
Found 1465 strong pixels on image 52
Found 1431 strong pixels on image 53
Found 1523 strong pixels on image 54
Found 1382 strong pixels on image 55
Found 1285 strong pixels on image 56
Found 1168 strong pixels on image 57
Found 1383 strong pixels on image 58
Found 1298 strong pixels on image 59
Found 1311 strong pixels on image 60
Found 1273 strong pixels on image 61
Found 1333 strong pixels on image 62
Found 1325 strong pixels on image 63
Found 1253 strong pixels on image 64
Found 1353 strong pixels on image 65
Found 1502 strong pixels on image 66
Found 1317 strong pixels on image 67
Found 1399 strong pixels on image 68
Found 1295 strong pixels on image 69
Found 1255 strong pixels on image 70
Found 1488 strong pixels on image 71
Found 1242 strong pixels on image 72
Found 1289 strong pixels on image 73
Found 1320 strong pixels on image 74
Found 1252 strong pixels on image 75
Found 1435 strong pixels on image 76
Found 1411 strong pixels on image 77
Found 1306 strong pixels on image 78
Found 1307 strong pixels on image 79
Found 1380 strong pixels on image 80
Found 1331 strong pixels on image 81
Found 1235 strong pixels on image 82
Found 1385 strong pixels on image 83
Found 1331 strong pixels on image 84
Found 1337 strong pixels on image 85
Found 1456 strong pixels on image 86
Found 1221 strong pixels on image 87
Found 1570 strong pixels on image 88
Found 1388 strong pixels on image 89
Found 1261 strong pixels on image 90
Found 1333 strong pixels on image 91
Found 1458 strong pixels on image 92
Found 1385 strong pixels on image 93
Found 1383 strong pixels on image 94
Found 1282 strong pixels on image 95
Found 1343 strong pixels on image 96
Found 1394 strong pixels on image 97
Found 1500 strong pixels on image 98
Found 1245 strong pixels on image 99
Found 1284 strong pixels on image 100
Found 1355 strong pixels on image 101
Found 1581 strong pixels on image 102
Found 1540 strong pixels on image 103
Found 1410 strong pixels on image 104
Found 1455 strong pixels on image 105
Found 1490 strong pixels on image 106
Found 1393 strong pixels on image 107
Found 1405 strong pixels on image 108
Found 1553 strong pixels on image 109
Found 1391 strong pixels on image 110
Found 1278 strong pixels on image 111
Found 1318 strong pixels on image 112
Found 1702 strong pixels on image 113
Found 1526 strong pixels on image 114
Found 1424 strong pixels on image 115
Found 1278 strong pixels on image 116
Found 1453 strong pixels on image 117
Found 1551 strong pixels on image 118
Found 1440 strong pixels on image 119
Found 1364 strong pixels on image 120
Found 1424 strong pixels on image 121
Found 1467 strong pixels on image 122
Found 1407 strong pixels on image 123
Found 1433 strong pixels on image 124
Found 1417 strong pixels on image 125
Found 1577 strong pixels on image 126
Found 1484 strong pixels on image 127
Found 1325 strong pixels on image 128
Found 1326 strong pixels on image 129
Found 1470 strong pixels on image 130
Found 1467 strong pixels on image 131
Found 1397 strong pixels on image 132
Found 1497 strong pixels on image 133
Found 1394 strong pixels on image 134
Found 1537 strong pixels on image 135
Found 1413 strong pixels on image 136
Found 1596 strong pixels on image 137
Found 1640 strong pixels on image 138
Found 1380 strong pixels on image 139
Found 1332 strong pixels on image 140
Found 1461 strong pixels on image 141
Found 1489 strong pixels on image 142
Found 1448 strong pixels on image 143
Found 1552 strong pixels on image 144
Found 1610 strong pixels on image 145
Found 1420 strong pixels on image 146
Found 1615 strong pixels on image 147
Found 1625 strong pixels on image 148
Found 1617 strong pixels on image 149
Found 1623 strong pixels on image 150
Found 1540 strong pixels on image 151
Found 1506 strong pixels on image 152
Found 1575 strong pixels on image 153
Found 1572 strong pixels on image 154
Found 1643 strong pixels on image 155
Found 1601 strong pixels on image 156
Found 1633 strong pixels on image 157
Found 1715 strong pixels on image 158
Found 1473 strong pixels on image 159
Found 1477 strong pixels on image 160
Found 1436 strong pixels on image 161
Found 1560 strong pixels on image 162
Found 1585 strong pixels on image 163
Found 1617 strong pixels on image 164
Found 1587 strong pixels on image 165
Found 1622 strong pixels on image 166
Found 1475 strong pixels on image 167
Found 1583 strong pixels on image 168
Found 1582 strong pixels on image 169
Found 1455 strong pixels on image 170
Found 1701 strong pixels on image 171
Found 1747 strong pixels on image 172
Found 1529 strong pixels on image 173
Found 1511 strong pixels on image 174
Found 1598 strong pixels on image 175
Found 1603 strong pixels on image 176
Found 1532 strong pixels on image 177
Found 1760 strong pixels on image 178
Found 1542 strong pixels on image 179
Found 1555 strong pixels on image 180
Found 1530 strong pixels on image 181
Found 1589 strong pixels on image 182
Found 1509 strong pixels on image 183
Found 1622 strong pixels on image 184
Found 1632 strong pixels on image 185
Found 1415 strong pixels on image 186
Found 1588 strong pixels on image 187
Found 1437 strong pixels on image 188
Found 1732 strong pixels on image 189
Found 1777 strong pixels on image 190
Found 1673 strong pixels on image 191
Found 1559 strong pixels on image 192
Found 1542 strong pixels on image 193
Found 1474 strong pixels on image 194
Found 1868 strong pixels on image 195
Found 1787 strong pixels on image 196
Found 1705 strong pixels on image 197
Found 1376 strong pixels on image 198
Found 1533 strong pixels on image 199
Found 1680 strong pixels on image 200
Found 1658 strong pixels on image 201
Found 1638 strong pixels on image 202
Found 1633 strong pixels on image 203
Found 1416 strong pixels on image 204
Found 1417 strong pixels on image 205
Found 1638 strong pixels on image 206
Found 1502 strong pixels on image 207
Found 1580 strong pixels on image 208
Found 1807 strong pixels on image 209
Found 1734 strong pixels on image 210
Found 1472 strong pixels on image 211
Found 1501 strong pixels on image 212
Found 1576 strong pixels on image 213
Found 1394 strong pixels on image 214
Found 1633 strong pixels on image 215
Found 1710 strong pixels on image 216
Found 1649 strong pixels on image 217
Found 1551 strong pixels on image 218
Found 1736 strong pixels on image 219
Found 1560 strong pixels on image 220
Found 1770 strong pixels on image 221
Found 1692 strong pixels on image 222
Found 1776 strong pixels on image 223
Found 1626 strong pixels on image 224
Found 1660 strong pixels on image 225
Found 1462 strong pixels on image 226
Found 1628 strong pixels on image 227
Found 1913 strong pixels on image 228
Found 1697 strong pixels on image 229
Found 1708 strong pixels on image 230
Found 1533 strong pixels on image 231
Found 1584 strong pixels on image 232
Found 1668 strong pixels on image 233
Found 1550 strong pixels on image 234
Found 1564 strong pixels on image 235
Found 1564 strong pixels on image 236
Found 1744 strong pixels on image 237
Found 1610 strong pixels on image 238
Found 1649 strong pixels on image 239
Found 1687 strong pixels on image 240
Found 1783 strong pixels on image 241
Found 1696 strong pixels on image 242
Found 1764 strong pixels on image 243
Found 1765 strong pixels on image 244
Found 1538 strong pixels on image 245
Found 1612 strong pixels on image 246
Found 1619 strong pixels on image 247
Found 1763 strong pixels on image 248
Found 1798 strong pixels on image 249
Found 1671 strong pixels on image 250
Found 1613 strong pixels on image 251
Found 1562 strong pixels on image 252
Found 1560 strong pixels on image 253
Found 1712 strong pixels on image 254
Found 1490 strong pixels on image 255
Found 1599 strong pixels on image 256
Found 1805 strong pixels on image 257
Found 1550 strong pixels on image 258
Found 1790 strong pixels on image 259
Found 1740 strong pixels on image 260
Found 1683 strong pixels on image 261
Found 1458 strong pixels on image 262
Found 1535 strong pixels on image 263
Found 1626 strong pixels on image 264
Found 1456 strong pixels on image 265
Found 1697 strong pixels on image 266
Found 1928 strong pixels on image 267
Found 1950 strong pixels on image 268
Found 1674 strong pixels on image 269
Found 1871 strong pixels on image 270
Found 1634 strong pixels on image 271
Found 1641 strong pixels on image 272
Found 1723 strong pixels on image 273
Found 1912 strong pixels on image 274
Found 1903 strong pixels on image 275
Found 1627 strong pixels on image 276
Found 1664 strong pixels on image 277
Found 1614 strong pixels on image 278
Found 1810 strong pixels on image 279
Found 1865 strong pixels on image 280
Found 1717 strong pixels on image 281
Found 1598 strong pixels on image 282
Found 1531 strong pixels on image 283
Found 1644 strong pixels on image 284
Found 1661 strong pixels on image 285
Found 1655 strong pixels on image 286
Found 1664 strong pixels on image 287
Found 1510 strong pixels on image 288
Found 1786 strong pixels on image 289
Found 1731 strong pixels on image 290
Found 1747 strong pixels on image 291
Found 1635 strong pixels on image 292
Found 1694 strong pixels on image 293
Found 1732 strong pixels on image 294
Found 1505 strong pixels on image 295
Found 1574 strong pixels on image 296
Found 1562 strong pixels on image 297
Found 1610 strong pixels on image 298
Found 1799 strong pixels on image 299
Found 1764 strong pixels on image 300
Found 1879 strong pixels on image 301
Found 1574 strong pixels on image 302
Found 1682 strong pixels on image 303
Found 1510 strong pixels on image 304
Found 1493 strong pixels on image 305
Found 1458 strong pixels on image 306
Found 1584 strong pixels on image 307
Found 1659 strong pixels on image 308
Found 1581 strong pixels on image 309
Found 1552 strong pixels on image 310
Found 1575 strong pixels on image 311
Found 1649 strong pixels on image 312
Found 1710 strong pixels on image 313
Found 1644 strong pixels on image 314
Found 1508 strong pixels on image 315
Found 1499 strong pixels on image 316
Found 1568 strong pixels on image 317
Found 1679 strong pixels on image 318
Found 1754 strong pixels on image 319
Found 1475 strong pixels on image 320
Found 1430 strong pixels on image 321
Found 1466 strong pixels on image 322
Found 1459 strong pixels on image 323
Found 1662 strong pixels on image 324
Found 1820 strong pixels on image 325
Found 1646 strong pixels on image 326
Found 1538 strong pixels on image 327
Found 1563 strong pixels on image 328
Found 1464 strong pixels on image 329
Found 1665 strong pixels on image 330
Found 1480 strong pixels on image 331
Found 1348 strong pixels on image 332
Found 1426 strong pixels on image 333
Found 1721 strong pixels on image 334
Found 1210 strong pixels on image 335
Found 1403 strong pixels on image 336
Found 1520 strong pixels on image 337
Found 1381 strong pixels on image 338
Found 1488 strong pixels on image 339
Found 1433 strong pixels on image 340
Found 1488 strong pixels on image 341
Found 1307 strong pixels on image 342
Found 1535 strong pixels on image 343
Found 1379 strong pixels on image 344
Found 1442 strong pixels on image 345
Found 1201 strong pixels on image 346
Found 1409 strong pixels on image 347
Found 1470 strong pixels on image 348
Found 1490 strong pixels on image 349
Found 1298 strong pixels on image 350
Found 1510 strong pixels on image 351
Found 1418 strong pixels on image 352
Found 1354 strong pixels on image 353
Found 1551 strong pixels on image 354
Found 1390 strong pixels on image 355
Found 1388 strong pixels on image 356
Found 1507 strong pixels on image 357
Found 1362 strong pixels on image 358
Found 1205 strong pixels on image 359
Found 1453 strong pixels on image 360
Found 1518 strong pixels on image 361
Found 1546 strong pixels on image 362
Found 1327 strong pixels on image 363
Found 1324 strong pixels on image 364
Found 1545 strong pixels on image 365
Found 1367 strong pixels on image 366
Found 1452 strong pixels on image 367
Found 1688 strong pixels on image 368
Found 1477 strong pixels on image 369
Found 1371 strong pixels on image 370
Found 1226 strong pixels on image 371
Found 1432 strong pixels on image 372
Found 1460 strong pixels on image 373
Found 1371 strong pixels on image 374
Found 1419 strong pixels on image 375
Found 1296 strong pixels on image 376
Found 1349 strong pixels on image 377
Found 1315 strong pixels on image 378
Found 1238 strong pixels on image 379
Found 1297 strong pixels on image 380
Found 1340 strong pixels on image 381
Found 1375 strong pixels on image 382
Found 1252 strong pixels on image 383
Found 1335 strong pixels on image 384
Found 1267 strong pixels on image 385
Found 1427 strong pixels on image 386
Found 1457 strong pixels on image 387
Found 1345 strong pixels on image 388
Found 1423 strong pixels on image 389
Found 1414 strong pixels on image 390
Found 1426 strong pixels on image 391
Found 1354 strong pixels on image 392
Found 1319 strong pixels on image 393
Found 1363 strong pixels on image 394
Found 1287 strong pixels on image 395
Found 1240 strong pixels on image 396
Found 1264 strong pixels on image 397
Found 1253 strong pixels on image 398
Found 1328 strong pixels on image 399
Found 1406 strong pixels on image 400
Found 1258 strong pixels on image 401
Found 1242 strong pixels on image 402
Found 1291 strong pixels on image 403
Found 1466 strong pixels on image 404
Found 1341 strong pixels on image 405
Found 1208 strong pixels on image 406
Found 1290 strong pixels on image 407
Found 1382 strong pixels on image 408
Found 1309 strong pixels on image 409
Found 1344 strong pixels on image 410
Found 1197 strong pixels on image 411
Found 1397 strong pixels on image 412
Found 1384 strong pixels on image 413
Found 1389 strong pixels on image 414
Found 1338 strong pixels on image 415
Found 1219 strong pixels on image 416
Found 1191 strong pixels on image 417
Found 1408 strong pixels on image 418
Found 1234 strong pixels on image 419
Found 1281 strong pixels on image 420
Found 1121 strong pixels on image 421
Found 1319 strong pixels on image 422
Found 1186 strong pixels on image 423
Found 1286 strong pixels on image 424
Found 1259 strong pixels on image 425
Found 1478 strong pixels on image 426
Found 1198 strong pixels on image 427
Found 1248 strong pixels on image 428
Found 1204 strong pixels on image 429
Found 1310 strong pixels on image 430
Found 1458 strong pixels on image 431
Found 1094 strong pixels on image 432
Found 1273 strong pixels on image 433
Found 1319 strong pixels on image 434
Found 1171 strong pixels on image 435
Found 1391 strong pixels on image 436
Found 1262 strong pixels on image 437
Found 1217 strong pixels on image 438
Found 1300 strong pixels on image 439
Found 1340 strong pixels on image 440
Found 1275 strong pixels on image 441
Found 1130 strong pixels on image 442
Found 1337 strong pixels on image 443
Found 1265 strong pixels on image 444
Found 1310 strong pixels on image 445
Found 1293 strong pixels on image 446
Found 1220 strong pixels on image 447
Found 1463 strong pixels on image 448
Found 1299 strong pixels on image 449
Found 1256 strong pixels on image 450
Found 1322 strong pixels on image 451
Found 1375 strong pixels on image 452
Found 1189 strong pixels on image 453
Found 1217 strong pixels on image 454
Found 1321 strong pixels on image 455
Found 1219 strong pixels on image 456
Found 1265 strong pixels on image 457
Found 1311 strong pixels on image 458
Found 1222 strong pixels on image 459
Found 1167 strong pixels on image 460
Found 1268 strong pixels on image 461
Found 1352 strong pixels on image 462
Found 1484 strong pixels on image 463
Found 1277 strong pixels on image 464
Found 1390 strong pixels on image 465
Found 1346 strong pixels on image 466
Found 1264 strong pixels on image 467
Found 1189 strong pixels on image 468
Found 1492 strong pixels on image 469
Found 1276 strong pixels on image 470
Found 1214 strong pixels on image 471
Found 1297 strong pixels on image 472
Found 1489 strong pixels on image 473
Found 1379 strong pixels on image 474
Found 1271 strong pixels on image 475
Found 1240 strong pixels on image 476
Found 1339 strong pixels on image 477
Found 1503 strong pixels on image 478
Found 1299 strong pixels on image 479
Found 1273 strong pixels on image 480
Found 1262 strong pixels on image 481
Found 1307 strong pixels on image 482
Found 1181 strong pixels on image 483
Found 1259 strong pixels on image 484
Found 1271 strong pixels on image 485
Found 1452 strong pixels on image 486
Found 1288 strong pixels on image 487
Found 1135 strong pixels on image 488
Found 1183 strong pixels on image 489
Found 1369 strong pixels on image 490
Found 1335 strong pixels on image 491
Found 1275 strong pixels on image 492
Found 1344 strong pixels on image 493
Found 1315 strong pixels on image 494
Found 1480 strong pixels on image 495
Found 1264 strong pixels on image 496
Found 1371 strong pixels on image 497
Found 1406 strong pixels on image 498
Found 1187 strong pixels on image 499
Found 1155 strong pixels on image 500
Found 1328 strong pixels on image 501
Found 1341 strong pixels on image 502
Found 1369 strong pixels on image 503
Found 1317 strong pixels on image 504
Found 1555 strong pixels on image 505
Found 1259 strong pixels on image 506
Found 1436 strong pixels on image 507
Found 1404 strong pixels on image 508
Found 1358 strong pixels on image 509
Found 1485 strong pixels on image 510
Found 1393 strong pixels on image 511
Found 1323 strong pixels on image 512
Found 1394 strong pixels on image 513
Found 1338 strong pixels on image 514
Found 1454 strong pixels on image 515
Found 1434 strong pixels on image 516
Found 1436 strong pixels on image 517
Found 1493 strong pixels on image 518
Found 1339 strong pixels on image 519
Found 1452 strong pixels on image 520
Found 1332 strong pixels on image 521
Found 1312 strong pixels on image 522
Found 1440 strong pixels on image 523
Found 1317 strong pixels on image 524
Found 1356 strong pixels on image 525
Found 1425 strong pixels on image 526
Found 1277 strong pixels on image 527
Found 1471 strong pixels on image 528
Found 1437 strong pixels on image 529
Found 1229 strong pixels on image 530
Found 1469 strong pixels on image 531
Found 1558 strong pixels on image 532
Found 1292 strong pixels on image 533
Found 1421 strong pixels on image 534
Found 1460 strong pixels on image 535
Found 1440 strong pixels on image 536
Found 1348 strong pixels on image 537
Found 1515 strong pixels on image 538
Found 1464 strong pixels on image 539
Found 1404 strong pixels on image 540
Found 1492 strong pixels on image 541
Found 1420 strong pixels on image 542
Found 1351 strong pixels on image 543
Found 1469 strong pixels on image 544
Found 1415 strong pixels on image 545
Found 1348 strong pixels on image 546
Found 1373 strong pixels on image 547
Found 1294 strong pixels on image 548
Found 1613 strong pixels on image 549
Found 1631 strong pixels on image 550
Found 1579 strong pixels on image 551
Found 1429 strong pixels on image 552
Found 1406 strong pixels on image 553
Found 1348 strong pixels on image 554
Found 1710 strong pixels on image 555
Found 1656 strong pixels on image 556
Found 1562 strong pixels on image 557
Found 1343 strong pixels on image 558
Found 1406 strong pixels on image 559
Found 1570 strong pixels on image 560
Found 1538 strong pixels on image 561
Found 1593 strong pixels on image 562
Found 1456 strong pixels on image 563
Found 1354 strong pixels on image 564
Found 1374 strong pixels on image 565
Found 1558 strong pixels on image 566
Found 1347 strong pixels on image 567
Found 1418 strong pixels on image 568
Found 1722 strong pixels on image 569
Found 1629 strong pixels on image 570
Found 1445 strong pixels on image 571
Found 1419 strong pixels on image 572
Found 1526 strong pixels on image 573
Found 1458 strong pixels on image 574
Found 1736 strong pixels on image 575
Found 1549 strong pixels on image 576
Found 1531 strong pixels on image 577
Found 1376 strong pixels on image 578
Found 1591 strong pixels on image 579
Found 1398 strong pixels on image 580
Found 1842 strong pixels on image 581
Found 1662 strong pixels on image 582
Found 1689 strong pixels on image 583
Found 1657 strong pixels on image 584
Found 1614 strong pixels on image 585
Found 1477 strong pixels on image 586
Found 1617 strong pixels on image 587
Found 1794 strong pixels on image 588
Found 1582 strong pixels on image 589
Found 1678 strong pixels on image 590
Found 1612 strong pixels on image 591
Found 1513 strong pixels on image 592
Found 1750 strong pixels on image 593
Found 1467 strong pixels on image 594
Found 1584 strong pixels on image 595
Found 1534 strong pixels on image 596
Found 1781 strong pixels on image 597
Found 1568 strong pixels on image 598
Found 1618 strong pixels on image 599
Found 1689 strong pixels on image 600
Found 1949 strong pixels on image 601
Found 1701 strong pixels on image 602
Found 1871 strong pixels on image 603
Found 1674 strong pixels on image 604
Found 1530 strong pixels on image 605
Found 1594 strong pixels on image 606
Found 1719 strong pixels on image 607
Found 1719 strong pixels on image 608
Found 1711 strong pixels on image 609
Found 1649 strong pixels on image 610
Found 1580 strong pixels on image 611
Found 1489 strong pixels on image 612
Found 1625 strong pixels on image 613
Found 1740 strong pixels on image 614
Found 1664 strong pixels on image 615
Found 1703 strong pixels on image 616
Found 1838 strong pixels on image 617
Found 1521 strong pixels on image 618
Found 1782 strong pixels on image 619
Found 1678 strong pixels on image 620
Found 1689 strong pixels on image 621
Found 1619 strong pixels on image 622
Found 1640 strong pixels on image 623
Found 1682 strong pixels on image 624
Found 1471 strong pixels on image 625
Found 1713 strong pixels on image 626
Found 1896 strong pixels on image 627
Found 1912 strong pixels on image 628
Found 1795 strong pixels on image 629
Found 1904 strong pixels on image 630
Found 1681 strong pixels on image 631
Found 1732 strong pixels on image 632
Found 1734 strong pixels on image 633
Found 1928 strong pixels on image 634
Found 1937 strong pixels on image 635
Found 1784 strong pixels on image 636
Found 1741 strong pixels on image 637
Found 1730 strong pixels on image 638
Found 1894 strong pixels on image 639
Found 1947 strong pixels on image 640
Found 1916 strong pixels on image 641
Found 1692 strong pixels on image 642
Found 1622 strong pixels on image 643
Found 1676 strong pixels on image 644
Found 1708 strong pixels on image 645
Found 1787 strong pixels on image 646
Found 1727 strong pixels on image 647
Found 1606 strong pixels on image 648
Found 1774 strong pixels on image 649
Found 1699 strong pixels on image 650
Found 1851 strong pixels on image 651
Found 1710 strong pixels on image 652
Found 1742 strong pixels on image 653
Found 1852 strong pixels on image 654
Found 1528 strong pixels on image 655
Found 1671 strong pixels on image 656
Found 1693 strong pixels on image 657
Found 1716 strong pixels on image 658
Found 1760 strong pixels on image 659
Found 1728 strong pixels on image 660
Found 1997 strong pixels on image 661
Found 1597 strong pixels on image 662
Found 1615 strong pixels on image 663
Found 1588 strong pixels on image 664
Found 1609 strong pixels on image 665
Found 1630 strong pixels on image 666
Found 1729 strong pixels on image 667
Found 1730 strong pixels on image 668
Found 1577 strong pixels on image 669
Found 1584 strong pixels on image 670
Found 1621 strong pixels on image 671
Found 1683 strong pixels on image 672
Found 1735 strong pixels on image 673
Found 1605 strong pixels on image 674
Found 1650 strong pixels on image 675
Found 1534 strong pixels on image 676
Found 1572 strong pixels on image 677
Found 1677 strong pixels on image 678
Found 1769 strong pixels on image 679
Found 1594 strong pixels on image 680
Found 1608 strong pixels on image 681
Found 1405 strong pixels on image 682
Found 1559 strong pixels on image 683
Found 1707 strong pixels on image 684
Found 1709 strong pixels on image 685
Found 1645 strong pixels on image 686
Found 1530 strong pixels on image 687
Found 1636 strong pixels on image 688
Found 1550 strong pixels on image 689
Found 1738 strong pixels on image 690
Found 1546 strong pixels on image 691
Found 1504 strong pixels on image 692
Found 1586 strong pixels on image 693
Found 1740 strong pixels on image 694
Found 1423 strong pixels on image 695
Found 1573 strong pixels on image 696
Found 1506 strong pixels on image 697
Found 1434 strong pixels on image 698
Found 1568 strong pixels on image 699
Found 1498 strong pixels on image 700
Found 1629 strong pixels on image 701
Found 1569 strong pixels on image 702
Found 1563 strong pixels on image 703
Found 1447 strong pixels on image 704
Found 1445 strong pixels on image 705
Found 1311 strong pixels on image 706
Found 1513 strong pixels on image 707
Found 1653 strong pixels on image 708
Found 1509 strong pixels on image 709
Found 1476 strong pixels on image 710
Found 1579 strong pixels on image 711
Found 1523 strong pixels on image 712
Found 1563 strong pixels on image 713
Found 1562 strong pixels on image 714
Found 1560 strong pixels on image 715
Found 1512 strong pixels on image 716
Found 1677 strong pixels on image 717
Found 1482 strong pixels on image 718
Found 1204 strong pixels on image 719
Found 1523 strong pixels on image 720

Extracted 124946 spots
Removed 16738 spots with size < 3 pixels
Removed 1 spots with size > 1000 pixels
Calculated 108207 spot centroids
Calculated 108207 spot intensities
Filtered 107999 of 108207 spots by peak-centroid distance

Histogram of per-image spot count for imageset 0:
107999 spots found on 720 images (max 2137 / bin)
*                                                           
***********                 ************                 ***
*********************************************** ************
************************************************************
************************************************************
************************************************************
************************************************************
************************************************************
************************************************************
************************************************************
1                         image                          720

--------------------------------------------------------------------------------
Saved 107999 reflections to strong.refl
