DIALS 2.dev.1044-g7a76e757f
The following parameters have been modified:

input {
  experiments = symmetrized.expt
  reflections = symmetrized.refl
}

Checking for the existence of a reflection table 
containing multiple datasets 

Found 1 reflection tables & 1 experiments in total.

Dataset unique identifiers are ['0'] 

Space group being used during scaling is C 1 2 1

Scaling models have been initialised for all experiments.

================================================================================

The experiment identifier for this dataset is 0
Preprocessing data for scaling. The id assigned to this 
dataset is 0, and the scaling model type being applied is physical. 

71584/380914 reflections not suitable for scaling
Reflections passing individual criteria:
criterion: excluded for scaling, reflections: 66382
criterion: not integrated by any method, reflections: 59803
criterion: user excluded, reflections: 14176

Determined quasi-random reflection selection parameters:
min_per_area : 41, n_resolution_bins: 20
The following corrections will be applied to this dataset: 

-----------------------------
| correction | n_parameters |
-----------------------------
| scale      | 26           |
| decay      | 20           |
| absorption | 24           |
-----------------------------
A round of outlier rejection has been performed, 
9291 outliers have been identified. 

306287 reflections were preselected for scale factor determination 
out of 309330 suitable reflections: 
Reflections passing individual criteria:
criterion: above min partiality ( > 0.95), reflections: 306287
criterion: in I/sigma range (I/sig > -5.0), reflections: 309330

21221 reflections were selected for scale factor determination 
out of 309330 suitable reflections. 
Completed preprocessing and initialisation for this dataset.

================================================================================

Components to be refined in this cycle for all datasets: scale, decay, absorption
Performing a round of scaling with an LBFGS minimizer. 

Time taken for refinement 3.2523651123

Refinement steps:
--------------------------
| Step | Nref  | RMSD_I  |
|      |       | (a.u)   |
--------------------------
| 0    | 19991 | 1.3444  |
| 1    | 19991 | 1.3264  |
| 2    | 19991 | 1.2545  |
| 3    | 19991 | 1.1456  |
| 4    | 19991 | 1.1036  |
| 5    | 19991 | 1.0464  |
| 6    | 19991 | 1.0222  |
| 7    | 19991 | 1.0025  |
| 8    | 19991 | 0.96281 |
| 9    | 19991 | 0.94713 |
| 10   | 19991 | 0.92242 |
| 11   | 19991 | 0.90991 |
| 12   | 19991 | 0.9018  |
| 13   | 19991 | 0.89149 |
| 14   | 19991 | 0.89046 |
| 15   | 19991 | 0.88132 |
| 16   | 19991 | 0.88032 |
| 17   | 19991 | 0.87716 |
| 18   | 19991 | 0.87405 |
| 19   | 19991 | 0.87112 |
| 20   | 19991 | 0.87003 |
| 21   | 19991 | 0.86906 |
| 22   | 19991 | 0.86783 |
| 23   | 19991 | 0.86703 |
| 24   | 19991 | 0.86576 |
| 25   | 19991 | 0.86481 |
| 26   | 19991 | 0.86443 |
| 27   | 19991 | 0.86404 |
| 28   | 19991 | 0.86376 |
| 29   | 19991 | 0.86329 |
| 30   | 19991 | 0.86288 |
| 31   | 19991 | 0.86252 |
| 32   | 19991 | 0.86235 |
| 33   | 19991 | 0.86201 |
| 34   | 19991 | 0.86193 |
--------------------------
RMSD no longer decreasing
lbfgs minimizer stop: callback_after_step is True

================================================================================

Scale factors determined during minimisation have now been
applied to all reflections for dataset 0.

A round of outlier rejection has been performed, 
1204 outliers have been identified. 

Performing profile/summation intensity optimisation.
---------------------------------------
| Combination     | CC1/2   | Rmeas   |
---------------------------------------
| prf only        | 0.99909 | 0.07337 |
| sum only        | 0.99881 | 0.09195 |
| Imid = 285.12   | 0.99892 | 0.07302 |
| Imid = 48696.01 | 0.99888 | 0.07344 |
| Imid = 4869.6   | 0.9989  | 0.07331 |
| Imid = 486.96   | 0.99892 | 0.07294 |
| Imid = 48.7     | 0.9989  | 0.07503 |
---------------------------------------
Combined intensities with Imid = 486.96013945 determined to be best for scaling. 

A round of outlier rejection has been performed, 
1022 outliers have been identified. 

Components to be refined in this cycle for all datasets: scale, decay, absorption
Performing a round of scaling with an LBFGS minimizer. 

Time taken for refinement 1.24233388901

Refinement steps:
--------------------------
| Step | Nref  | RMSD_I  |
|      |       | (a.u)   |
--------------------------
| 0    | 21155 | 0.99742 |
| 1    | 21155 | 0.99431 |
| 2    | 21155 | 0.98852 |
| 3    | 21155 | 0.98173 |
| 4    | 21155 | 0.97882 |
| 5    | 21155 | 0.97687 |
| 6    | 21155 | 0.97651 |
| 7    | 21155 | 0.97628 |
| 8    | 21155 | 0.97577 |
| 9    | 21155 | 0.97557 |
| 10   | 21155 | 0.97527 |
| 11   | 21155 | 0.97522 |
--------------------------
RMSD no longer decreasing
lbfgs minimizer stop: callback_after_step is True

================================================================================

Scale factors determined during minimisation have now been
applied to all reflections for dataset 0.

A round of outlier rejection has been performed, 
913 outliers have been identified. 

Performing a round of error model refinement.

Refinement steps:
-------------------------------
| Step | Nref  | RMSD_deltahl |
|      |       | (a.u)        |
-------------------------------
| 0    | 86874 | 0.20996      |
| 1    | 86874 | 0.16538      |
| 2    | 86874 | 0.11176      |
| 3    | 86874 | 0.10233      |
| 4    | 86874 | 0.098341     |
| 5    | 86874 | 0.097741     |
| 6    | 86874 | 0.096059     |
| 7    | 86874 | 0.096025     |
| 8    | 86874 | 0.096025     |
-------------------------------
RMSD no longer decreasing
lbfgs minimizer stop: callback_after_step is True

Error model details:
  Type: basic
  Current parameters: a = 1.00067, b = 0.03655
  Error model formula: σ'² = a²(σ² + (bI)²)
  estimated I/sigma asymptotic limit: 27.338

Results of error model refinement. Uncorrected and corrected variances
of normalised intensity deviations for given intensity ranges. Variances
are expected to be ~1.0 for reliable errors (sigmas).
-------------------------------------------------------------------------------
| Intensity range (<Ih>) | n_refl | Uncorrected variance | Corrected variance |
-------------------------------------------------------------------------------
| 9947.39 - 1921.30      | 868    | 14.127               | 0.791              |
| 1921.30 - 1454.26      | 868    | 11.292               | 0.989              |
| 1454.26 - 1231.64      | 868    | 9.226                | 1.013              |
| 1231.64 - 907.45       | 2024   | 6.823                | 0.905              |
| 907.45 - 498.71        | 5827   | 5.009                | 1.069              |
| 498.71 - 274.08        | 9608   | 3.144                | 1.141              |
| 274.08 - 150.63        | 14478  | 2.172                | 1.165              |
| 150.63 - 82.78         | 19226  | 1.567                | 1.101              |
| 82.78 - 45.50          | 20136  | 1.183                | 0.977              |
| 45.50 - 24.99          | 12971  | 0.97                 | 0.872              |
-------------------------------------------------------------------------------

Components to be refined in this cycle for all datasets: scale, decay, absorption
Performing a round of scaling with a Levenberg-Marquardt minimizer.

Time taken for refinement 2.14674496651

Refinement steps:
--------------------------
| Step | Nref  | RMSD_I  |
|      |       | (a.u)   |
--------------------------
| 0    | 21166 | 0.74379 |
| 1    | 21166 | 0.73739 |
| 2    | 21166 | 0.73525 |
| 3    | 21166 | 0.73208 |
| 4    | 21166 | 0.72942 |
| 5    | 21166 | 0.72859 |
| 6    | 21166 | 0.72848 |
| 7    | 21166 | 0.72845 |
--------------------------
RMSD no longer decreasing

================================================================================

Components to be refined in this cycle for all datasets: scale, decay, absorption
Performing a round of scaling with a Levenberg-Marquardt minimizer.

Time taken for refinement 0.494167089462

Refinement steps:
--------------------------
| Step | Nref  | RMSD_I  |
|      |       | (a.u)   |
--------------------------
| 0    | 21166 | 0.72845 |
| 1    | 21166 | 0.72845 |
--------------------------
RMSD no longer decreasing

================================================================================

Scale factors determined during minimisation have now been
applied to all reflections for dataset 0.

A round of outlier rejection has been performed, 
110 outliers have been identified. 

Performing a round of error model refinement.

Refinement steps:
-------------------------------
| Step | Nref  | RMSD_deltahl |
|      |       | (a.u)        |
-------------------------------
| 0    | 86714 | 0.20889      |
| 1    | 86714 | 0.16395      |
| 2    | 86714 | 0.11115      |
| 3    | 86714 | 0.10164      |
| 4    | 86714 | 0.097593     |
| 5    | 86714 | 0.096953     |
| 6    | 86714 | 0.095093     |
| 7    | 86714 | 0.095066     |
| 8    | 86714 | 0.095066     |
-------------------------------
RMSD no longer decreasing
lbfgs minimizer stop: callback_after_step is True

Error model details:
  Type: basic
  Current parameters: a = 1.00044, b = 0.03618
  Error model formula: σ'² = a²(σ² + (bI)²)
  estimated I/sigma asymptotic limit: 27.627

Results of error model refinement. Uncorrected and corrected variances
of normalised intensity deviations for given intensity ranges. Variances
are expected to be ~1.0 for reliable errors (sigmas).
-------------------------------------------------------------------------------
| Intensity range (<Ih>) | n_refl | Uncorrected variance | Corrected variance |
-------------------------------------------------------------------------------
| 9948.69 - 1920.44      | 867    | 13.837               | 0.804              |
| 1920.44 - 1454.16      | 867    | 11.086               | 0.994              |
| 1454.16 - 1231.24      | 867    | 9.182                | 1.025              |
| 1231.24 - 907.50       | 2023   | 6.928                | 0.931              |
| 907.50 - 498.73        | 5836   | 5.019                | 1.078              |
| 498.73 - 274.09        | 9615   | 3.106                | 1.141              |
| 274.09 - 150.63        | 14456  | 2.158                | 1.155              |
| 150.63 - 82.78         | 19172  | 1.522                | 1.068              |
| 82.78 - 45.49          | 20024  | 1.16                 | 0.957              |
| 45.49 - 24.99          | 12987  | 0.938                | 0.844              |
-------------------------------------------------------------------------------


The reflection table variances have been adjusted to account for the
uncertainty in the scaling model
0 reflections set as outliers: scale factor < 0.001

Total time taken: 16.7016s 

================================================================================

40.00% of model parameters have signficant uncertainty
(sigma/abs(parameter) > 0.5)

Summary of dataset partialities
----------------------------
| Partiality (p)  | n_refl |
----------------------------
| all reflections | 380914 |
| p > 0.99        | 362291 |
| 0.5 < p < 0.99  | 3781   |
| 0.01 < p < 0.5  | 9474   |
| p < 0.01        | 5368   |
----------------------------

Reflections below a partiality_cutoff of 0.4 are not considered for any
part of the scaling analysis or for the reporting of merging statistics.
Additionally, if applicable, only reflections with a min_partiality > 0.95
were considered for use when refining the scaling model.


                     ----------Merging statistics----------                    

Resolution: 69.19 - 1.22
Observations: 309220
Unique reflections: 48412
Redundancy: 6.4
Completeness: 73.13%
Mean intensity: 72.3
Mean I/sigma(I): 12.0
R-merge: 0.066
R-meas:  0.072
R-pim:   0.028


Statistics by resolution bin:
 d_max  d_min   #obs  #uniq   mult.  %comp       <I>  <I/sI>    r_mrg   r_meas    r_pim   cc1/2   cc_ano
 69.30   3.31  22316   3348    6.67  98.73     547.2    50.3    0.039    0.042    0.016   0.998*   0.312*
  3.31   2.63  21752   3272    6.65  97.58     205.4    34.2    0.049    0.054    0.021   0.998*   0.374*
  2.63   2.29  22231   3219    6.91  96.70     103.9    25.2    0.065    0.071    0.027   0.997*   0.320*
  2.29   2.08  21491   3168    6.78  95.97      72.3    19.2    0.078    0.085    0.032   0.996*   0.215*
  2.08   1.93  21124   3155    6.70  95.37      48.4    14.5    0.096    0.104    0.040   0.994*   0.225*
  1.93   1.82  21220   3145    6.75  94.47      27.9     9.9    0.132    0.143    0.054   0.992*   0.151*
  1.82   1.73  20927   3119    6.71  94.00      17.0     6.8    0.177    0.191    0.073   0.985*   0.181*
  1.73   1.65  20291   3077    6.59  93.33      11.4     4.9    0.229    0.248    0.096   0.976*   0.140*
  1.65   1.59  21131   3061    6.90  92.48       9.1     4.0    0.273    0.296    0.112   0.973*   0.064*
  1.59   1.54  20020   3035    6.60  92.17       6.8     3.1    0.331    0.359    0.139   0.958*   0.084*
  1.54   1.49  19570   3017    6.49  91.48       5.4     2.4    0.401    0.436    0.170   0.945*   0.033
  1.49   1.44  20173   2986    6.76  90.90       3.8     1.8    0.528    0.572    0.219   0.923*   0.082*
  1.44   1.41  18232   2992    6.09  90.67       3.2     1.4    0.609    0.666    0.265   0.891*   0.070*
  1.41   1.37  13658   2472    5.53  73.79       2.6     1.1    0.724    0.798    0.330   0.837*  -0.025
  1.37   1.34   9252   1727    5.36  53.25       2.3     1.0    0.800    0.884    0.369   0.798*  -0.023
  1.34   1.31   6755   1313    5.14  40.05       2.1     0.9    0.877    0.972    0.409   0.779*   0.048
  1.31   1.29   4733   1009    4.69  30.20       1.6     0.6    1.105    1.235    0.538   0.664*  -0.066
  1.29   1.26   2725    670    4.07  20.62       1.3     0.5    1.319    1.509    0.712   0.436*   0.043
  1.26   1.24   1317    441    2.99  13.28       1.0     0.3    1.501    1.787    0.948   0.427*   0.075
  1.24   1.22    302    186    1.62   5.67       1.2     0.3    1.024    1.350    0.870   0.594*  -0.238
 69.19   1.22 309220  48412    6.39  73.13      72.3    12.0    0.066    0.072    0.028   0.999*   0.260*




                ----------Resolution cutoff estimates----------                

  resolution of all data          :   1.218
  based on CC(1/2) >= 0.33        :   1.218
  based on mean(I/sigma) >= 2.0   :   1.487
  based on R-merge < 0.5          :   1.487
  based on R-meas < 0.5           :   1.487
  based on completeness >= 90%    :   1.407
  based on completeness >= 50%    :   1.341

NOTE: we recommend using all data out to the CC(1/2) limit
for refinement.

Writing html report to: scaling.html

================================================================================

Saving the experiments to scaled.expt
Time taken: 0.0106061
Saving the scaled reflections to scaled.refl
Time taken: 0.880502
See dials.github.io/dials_scale_user_guide.html for more info on scaling options
