DIALS 3.dev.364-g0fabc4f7b
The following parameters have been modified:
cut_data {
  d_min = 1.4
}
input {
  experiments = scaled.expt
  reflections = scaled.refl
}

Checking for the existence of a reflection table 
containing multiple datasets 

Found 1 reflection tables & 1 experiments in total.

Dataset ids are: 0 

Space group being used during scaling is C 1 2 1

Scaling models have been initialised for all experiments.

================================================================================

The experiment id for this dataset is 0.
The scaling model type being applied is physical. 

Applying filter of min_isigi > -5.0, partiality > 0.4
Excluding 94794/368663 reflections
Reflections passing individual criteria:
criterion: user excluded, reflections: 48473
criterion: excluded for scaling, reflections: 56446

The following corrections will be applied to this dataset: 

+--------------+----------------+
| correction   |   n_parameters |
|--------------+----------------|
| scale        |             26 |
| decay        |             20 |
| absorption   |             24 |
+--------------+----------------+
Using previously determined optimal intensity choice: 397.3321

273609 reflections were preselected for scale factor determination 
out of 273869 suitable reflections: 
Reflections passing individual criteria:
criterion: in I/sigma range (I/sig > -5.0), reflections: 273869
criterion: above min partiality ( > 0.95), reflections: 273609

Randomly selected 7509/41077 groups (m>1) to use for scaling model
minimisation (49863 reflections)
Completed preprocessing and initialisation for this dataset.

================================================================================

Components to be refined in this cycle for all datasets: scale, decay, absorption
Performing a round of scaling with an LBFGS minimizer. 

Time taken for refinement 1.02

Refinement steps:
+--------+--------+----------+
|   Step |   Nref |   RMSD_I |
|        |        |    (a.u) |
|--------+--------+----------|
|      0 |  49863 |   1.1266 |
|      1 |  49863 |   1.1265 |
|      2 |  49863 |   1.1262 |
|      3 |  49863 |   1.1261 |
+--------+--------+----------+
RMSD no longer decreasing
lbfgs minimizer stop: callback_after_step is True

================================================================================

Scale factors determined during minimisation have now been
applied to all reflections for dataset 0.

A round of outlier rejection has been performed, 
177 outliers have been identified. 

Performing profile/summation intensity optimisation.
+-----------------+---------+---------+
| Combination     |   CC1/2 |   Rmeas |
|-----------------+---------+---------|
| prf only        | 0.99892 | 0.05949 |
| sum only        | 0.99887 | 0.06587 |
| Imid = 355.16   | 0.99895 | 0.05919 |
| Imid = 39733.21 | 0.99892 | 0.05949 |
| Imid = 3973.32  | 0.99894 | 0.05935 |
| Imid = 397.33   | 0.99895 | 0.05916 |
| Imid = 39.73    | 0.9989  | 0.06209 |
+-----------------+---------+---------+
Combined intensities with Imid = 397.33 determined to be best for scaling. 

A round of outlier rejection has been performed, 
177 outliers have been identified. 

Components to be refined in this cycle for all datasets: scale, decay, absorption
Performing a round of scaling with an LBFGS minimizer. 

Time taken for refinement 0.60

Refinement steps:
+--------+--------+----------+
|   Step |   Nref |   RMSD_I |
|        |        |    (a.u) |
|--------+--------+----------|
|      0 |  49832 |   1.1094 |
|      1 |  49832 |   1.1094 |
+--------+--------+----------+
RMSD no longer decreasing
lbfgs minimizer stop: callback_after_step is True

================================================================================

Scale factors determined during minimisation have now been
applied to all reflections for dataset 0.

A round of outlier rejection has been performed, 
177 outliers have been identified. 

Performing a round of error model refinement.

Error model details:
  Type: basic
  Parameters: a = 0.67021, b = 0.04208
  Error model formula: σ'² = a²(σ² + (bI)²)
  estimated I/sigma asymptotic limit: 35.455

Results of error model refinement. Uncorrected and corrected variances
of normalised intensity deviations for given intensity ranges. Variances
are expected to be ~1.0 for reliable errors (sigmas).
+--------------------------+----------+------------------------+----------------------+
| Intensity range (<Ih>)   |   n_refl |   Uncorrected variance |   Corrected variance |
|--------------------------+----------+------------------------+----------------------|
| 9966.41 - 1939.80        |      857 |                 13.58  |                0.981 |
| 1939.80 - 1473.20        |      857 |                  7.411 |                1.067 |
| 1473.20 - 1244.22        |      857 |                  5.814 |                0.994 |
| 1244.22 - 908.49         |     2070 |                  4.045 |                0.913 |
| 908.49 - 499.19          |     5825 |                  2.619 |                1.034 |
| 499.19 - 274.29          |     9577 |                  1.507 |                1.081 |
| 274.29 - 150.72          |    14417 |                  0.97  |                1.105 |
| 150.72 - 82.81           |    19043 |                  0.712 |                1.105 |
| 82.81 - 45.50            |    19828 |                  0.548 |                1.018 |
| 45.50 - 24.99            |    12403 |                  0.453 |                0.913 |
+--------------------------+----------+------------------------+----------------------+

Components to be refined in this cycle for all datasets: scale, decay, absorption
Performing a round of scaling with a Levenberg-Marquardt minimizer.

Time taken for refinement 2.65

Refinement steps:
+--------+--------+----------+
|   Step |   Nref |   RMSD_I |
|        |        |    (a.u) |
|--------+--------+----------|
|      0 |  49832 |   1.112  |
|      1 |  49832 |   1.1116 |
|      2 |  49832 |   1.1113 |
|      3 |  49832 |   1.1111 |
|      4 |  49832 |   1.111  |
+--------+--------+----------+
RMSD no longer decreasing

================================================================================

Components to be refined in this cycle for all datasets: scale, decay, absorption
Performing a round of scaling with a Levenberg-Marquardt minimizer.

Time taken for refinement 1.01

Refinement steps:
+--------+--------+----------+
|   Step |   Nref |   RMSD_I |
|        |        |    (a.u) |
|--------+--------+----------|
|      0 |  49832 |    1.111 |
|      1 |  49832 |    1.111 |
+--------+--------+----------+
RMSD no longer decreasing

================================================================================

Scale factors determined during minimisation have now been
applied to all reflections for dataset 0.

A round of outlier rejection has been performed, 
178 outliers have been identified. 

Performing a round of error model refinement.

Error model details:
  Type: basic
  Parameters: a = 0.66850, b = 0.04250
  Error model formula: σ'² = a²(σ² + (bI)²)
  estimated I/sigma asymptotic limit: 35.195

Results of error model refinement. Uncorrected and corrected variances
of normalised intensity deviations for given intensity ranges. Variances
are expected to be ~1.0 for reliable errors (sigmas).
+--------------------------+----------+------------------------+----------------------+
| Intensity range (<Ih>)   |   n_refl |   Uncorrected variance |   Corrected variance |
|--------------------------+----------+------------------------+----------------------|
| 9936.70 - 1938.64        |      857 |                 13.893 |                0.985 |
| 1938.64 - 1473.86        |      857 |                  7.56  |                1.055 |
| 1473.86 - 1244.95        |      857 |                  5.805 |                1.008 |
| 1244.95 - 906.89         |     2081 |                  4.065 |                0.902 |
| 906.89 - 498.46          |     5832 |                  2.658 |                1.03  |
| 498.46 - 273.97          |     9582 |                  1.514 |                1.075 |
| 273.97 - 150.59          |    14409 |                  0.974 |                1.104 |
| 150.59 - 82.77           |    19061 |                  0.711 |                1.102 |
| 82.77 - 45.49            |    19785 |                  0.549 |                1.02  |
| 45.49 - 24.99            |    12397 |                  0.454 |                0.918 |
+--------------------------+----------+------------------------+----------------------+


The reflection table variances have been adjusted to account for the
uncertainty in the scaling model

Total time taken: 13.7907s 

================================================================================

38.57% of model parameters have signficant uncertainty
(sigma/abs(parameter) > 0.5)

Summary of dataset partialities
+------------------+----------+
| Partiality (p)   |   n_refl |
|------------------+----------|
| all reflections  |   368663 |
| p > 0.99         |   366172 |
| 0.5 < p < 0.99   |      458 |
| 0.01 < p < 0.5   |      436 |
| p < 0.01         |     1597 |
+------------------+----------+

Reflections below a partiality_cutoff of 0.4 are not considered for any
part of the scaling analysis or for the reporting of merging statistics.
Additionally, if applicable, only reflections with a min_partiality > 0.95
were considered for use when refining the scaling model.


            ----------Merging statistics by resolution bin----------           

 d_max  d_min   #obs  #uniq   mult.  %comp       <I>  <I/sI>    r_mrg   r_meas    r_pim   r_anom   cc1/2   cc_ano
 69.28   3.80  14766   2234    6.61  99.02     572.1    68.9    0.037    0.040    0.015    0.043   0.999*   0.250*
  3.80   3.02  14545   2172    6.70  97.97     392.7    60.1    0.040    0.044    0.017    0.048   0.999*   0.344*
  3.02   2.63  14145   2137    6.62  97.49     163.9    44.0    0.053    0.058    0.022    0.064   0.998*   0.381*
  2.63   2.39  14758   2114    6.98  96.93     109.9    37.7    0.063    0.068    0.025    0.071   0.997*   0.347*
  2.39   2.22  14237   2136    6.67  96.61      86.3    31.2    0.070    0.076    0.029    0.077   0.996*   0.299*
  2.22   2.09  14436   2091    6.90  95.52      69.9    27.4    0.078    0.085    0.032    0.082   0.996*   0.265*
  2.09   1.99  13551   2073    6.54  95.44      52.2    22.1    0.090    0.098    0.038    0.096   0.995*   0.245*
  1.99   1.90  14517   2090    6.95  95.39      38.0    18.2    0.112    0.121    0.045    0.109   0.994*   0.171*
  1.90   1.83  13746   2053    6.70  94.17      26.2    14.0    0.135    0.146    0.056    0.134   0.991*   0.202*
  1.83   1.76  13621   2044    6.66  94.02      18.9    11.0    0.164    0.177    0.068    0.163   0.989*   0.144*
  1.76   1.71  13335   2045    6.52  93.89      13.7     8.7    0.198    0.215    0.083    0.192   0.979*   0.150*
  1.71   1.66  13604   2039    6.67  93.19      11.1     7.0    0.230    0.250    0.096    0.213   0.978*   0.140*
  1.66   1.62  13849   2000    6.92  92.55       9.5     6.2    0.261    0.282    0.107    0.233   0.975*   0.088*
  1.62   1.58  13661   2032    6.72  92.45       7.9     5.4    0.299    0.324    0.124    0.275   0.969*   0.077*
  1.58   1.54  13243   2005    6.60  91.76       6.7     4.6    0.330    0.358    0.138    0.310   0.953*   0.083*
  1.54   1.51  12851   1993    6.45  92.06       5.5     3.8    0.379    0.412    0.160    0.343   0.953*   0.069*
  1.51   1.48  13289   2010    6.61  91.82       4.8     3.3    0.437    0.475    0.184    0.389   0.940*   0.073*
  1.48   1.45  13085   1932    6.77  90.24       3.8     2.7    0.534    0.578    0.221    0.462   0.917*   0.077*
  1.45   1.42  13286   1998    6.65  90.82       3.2     2.2    0.631    0.684    0.262    0.525   0.900*   0.069*
  1.42   1.40  11166   1935    5.77  90.55       3.0     2.0    0.654    0.719    0.294    0.609   0.875*  -0.033
 69.19   1.40 273691  41133    6.65  94.12      84.2    19.7    0.063    0.068    0.026    0.068   0.999*   0.323*



            -------------Summary of merging statistics--------------           

                                             Overall    Low     High
High resolution limit                           1.40    3.80    1.40
Low resolution limit                           69.19   69.28    1.42
Completeness                                   94.1    99.0    90.5
Multiplicity                                    6.7     6.6     5.8
I/sigma                                        19.7    68.9     2.0
Rmerge(I)                                     0.063   0.037   0.654
Rmerge(I+/-)                                  0.053   0.030   0.590
Rmeas(I)                                      0.068   0.040   0.719
Rmeas(I+/-)                                   0.063   0.036   0.723
Rpim(I)                                       0.026   0.015   0.294
Rpim(I+/-)                                    0.034   0.019   0.410
CC half                                       0.999   0.999   0.875
Anomalous completeness                         94.3    99.1    89.1
Anomalous multiplicity                          3.4     3.5     2.9
Anomalous correlation                         0.323   0.250  -0.033
Anomalous slope                               1.195
dF/F                                          0.060
dI/s(dI)                                      1.309
Total observations                           273691   14766   11166
Total unique                                  41133    2234    1935

Writing html report to dials.scale.html
Saving the scaled experiments to scaled.expt
Saving the scaled reflections to scaled.refl
See dials.github.io/dials_scale_user_guide.html for more info on scaling options
