DIALS 2.dev.1038-g79d8dbacd
The following parameters have been modified:

input {
  experiments = integrated.expt
  reflections = integrated.refl
}

================================================================================

Performing Laue group analysis

Filtering reflections for dataset 0
Read 380914 predicted reflections
Selected 314532 reflections integrated by profile and summation methods
Combined 5340 partial reflections with other partial reflections
Removed 1154 reflections below partiality threshold
Removed 0 intensity.sum.value reflections with I/Sig(I) < -5
Removed 405 intensity.prf.value reflections with I/Sig(I) < -5
A round of outlier rejection has been performed, 
692 outliers have been identified. 

Patterson group: C 1 2/m 1 (x-y,x+y,z)

--------------------------------------------------------------------------------

Normalising intensities for dataset 1

ML estimate of overall B_cart value:
  13.49, -1.04, -0.67
         13.47, -1.30
                10.73
ML estimate of  -log of scale factor:
  -2.16

--------------------------------------------------------------------------------

Estimation of resolution for Laue group analysis

Resolution estimate from <I>/<sigI> > 4.0 : 1.85
Resolution estimate from CC1/2 > 0.60: 1.38
High resolution limit set to: 1.38
Selecting 274272 reflections with d > 1.38

Input crystal symmetry:
Unit cell: (53.1698, 61.2427, 69.2884, 90, 93.0456, 90)
Space group: C 1 2 1 (No. 5)
Change of basis op to minimum cell: -x-y,-x+y,-z
Crystal symmetry in minimum cell:
Unit cell: (40.5515, 40.5515, 69.2884, 91.9961, 91.9961, 98.0721)
Space group: P 1 (No. 1)
Lattice point group: C 1 2/m 1 (x-y,x+y,z)

Overall CC for 20000 unrelated pairs: 0.385
Estimated expectation value of true correlation coefficient E(CC) = 0.981
Estimated sd(CC) = 0.657 / sqrt(N)
Estimated E(CC) of true correlation coefficient from identity = 0.982

--------------------------------------------------------------------------------

Scoring individual symmetry elements

---------------------------------------------------
likelihood  Z-CC  CC    N            Operator
---------------------------------------------------
0.936       9.79  0.98  273056  ***   1 |(0, 0, 0)
0.932       9.71  0.97  271743  ***   2 |(-1, 1, 0)
---------------------------------------------------

--------------------------------------------------------------------------------

Scoring all possible sub-groups

---------------------------------------------------------------------------------------------
Patterson group       Likelihood  NetZcc  Zcc+   Zcc-   CC     CC-    delta  Reindex operator
---------------------------------------------------------------------------------------------
C 1 2/m 1        ***  0.932        9.75    9.75   0.00   0.98   0.00  0.0    a,b,c
P -1                  0.068        0.09    9.79   9.71   0.98   0.97  0.0    -x-y,-x+y,-z
---------------------------------------------------------------------------------------------

Best solution: C 1 2/m 1
Unit cell: (53.1698, 61.2427, 69.2884, 90, 93.0456, 90)
Reindex operator: a,b,c
Laue group probability: 0.932
Laue group confidence: 0.897

================================================================================

Analysing systematic absences

Performing systematic absence checks on unscaled profile-integrated data
Read 380914 predicted reflections
Selected 314532 profile integrated reflections
Removed 28574 reflections with d < 1.38
Combined 5340 partial reflections with other partial reflections
Removed 1129 reflections below partiality threshold
Laue group: C 1 2/m 1
No absences to check for this laue group
Saving reindexed experiments to symmetrized.expt
Saving 380914 reindexed reflections to symmetrized.refl
