DIALS 3.dev.1271-gd77d5dad1
The following parameters have been modified:

best_monoclinic_beta = False
input {
  experiments = indexed.expt
  reflections = indexed.refl
}

Selected 18294 / 21740 reflections for calculation
Chiral space groups corresponding to each Bravais lattice:
aP: P1
mC: C2
+------------+--------------+--------+--------------+----------+-----------+-------------------------------------------+----------+--------------+
|   Solution |   Metric fit |   rmsd | min/max cc   |   #spots | lattice   | unit_cell                                 |   volume | cb_op        |
|------------+--------------+--------+--------------+----------+-----------+-------------------------------------------+----------+--------------|
|   *      2 |       0.0252 |  0.107 | 0.775/0.775  |    17471 | mC        | 112.90  53.14  44.39  90.00 103.04  90.00 |   259450 | -b-2*c,-b,-a |
|   *      1 |       0      |  0.106 | -/-          |    17462 | aP        | 44.41  53.16  62.42 115.23 101.78  89.99  |   129863 | a,b,c        |
+------------+--------------+--------+--------------+----------+-----------+-------------------------------------------+----------+--------------+
* = recommended solution

Saving summary as bravais_summary.json
Saving solution 2 as bravais_setting_2.expt
Saving solution 1 as bravais_setting_1.expt
