DIALS 3.dev.146-gf69fc319a
The following parameters have been modified:
cut_data {
  d_min = 1.65
}
input {
  experiments = scaled.expt
  reflections = scaled.refl
}

Checking for the existence of a reflection table 
containing multiple datasets 

Found 1 reflection tables & 1 experiments in total.

Dataset ids are: 0 

Space group being used during scaling is C 1 2 1

Scaling models have been initialised for all experiments.

================================================================================

The experiment id for this dataset is 0.
The scaling model type being applied is physical. 

Applying filter of min_isigi > -5.0, partiality > 0.4
Excluding 98398/205698 reflections
Reflections passing individual criteria:
criterion: user excluded, reflections: 78734
criterion: excluded for scaling, reflections: 39471

The following corrections will be applied to this dataset: 

+--------------+----------------+
| correction   |   n_parameters |
|--------------+----------------|
| scale        |             16 |
| decay        |             12 |
| absorption   |             24 |
+--------------+----------------+
Using previously determined optimal intensity choice: 1805.2284

106097 reflections were preselected for scale factor determination 
out of 107300 suitable reflections: 
Reflections passing individual criteria:
criterion: in I/sigma range (I/sig > -5.0), reflections: 107300
criterion: above min partiality ( > 0.95), reflections: 106097

Randomly selected 14161/29736 groups (m>1) to use for scaling model
minimisation (50080 reflections)
Completed preprocessing and initialisation for this dataset.

================================================================================

Components to be refined in this cycle for all datasets: scale, decay, absorption
Performing a round of scaling with an LBFGS minimizer. 

Time taken for refinement 3.73

Refinement steps:
+--------+--------+----------+
|   Step |   Nref |   RMSD_I |
|        |        |    (a.u) |
|--------+--------+----------|
|      0 |  50080 |   1.5566 |
|      1 |  50080 |   1.5437 |
|      2 |  50080 |   1.537  |
|      3 |  50080 |   1.534  |
|      4 |  50080 |   1.5332 |
|      5 |  50080 |   1.5322 |
|      6 |  50080 |   1.5319 |
|      7 |  50080 |   1.5315 |
|      8 |  50080 |   1.5314 |
+--------+--------+----------+
RMSD no longer decreasing
lbfgs minimizer stop: callback_after_step is True

================================================================================

Scale factors determined during minimisation have now been
applied to all reflections for dataset 0.

A round of outlier rejection has been performed, 
516 outliers have been identified. 

Performing profile/summation intensity optimisation.
+----------------+---------+---------+
| Combination    |   CC1/2 |   Rmeas |
|----------------+---------+---------|
| prf only       | 0.98489 | 0.12485 |
| sum only       | 0.97929 | 0.16666 |
| Imid = 51.63   | 0.98441 | 0.13258 |
| Imid = 1805.23 | 0.9862  | 0.12397 |
| Imid = 180.52  | 0.98627 | 0.12392 |
| Imid = 18.05   | 0.98112 | 0.15294 |
+----------------+---------+---------+
Combined intensities with Imid = 180.52 determined to be best for scaling. 

A round of outlier rejection has been performed, 
472 outliers have been identified. 

Components to be refined in this cycle for all datasets: scale, decay, absorption
Performing a round of scaling with an LBFGS minimizer. 

Time taken for refinement 3.96

Refinement steps:
+--------+--------+----------+
|   Step |   Nref |   RMSD_I |
|        |        |    (a.u) |
|--------+--------+----------|
|      0 |  49891 |  0.61299 |
|      1 |  49891 |  0.6066  |
|      2 |  49891 |  0.59298 |
|      3 |  49891 |  0.58171 |
|      4 |  49891 |  0.58102 |
|      5 |  49891 |  0.58053 |
|      6 |  49891 |  0.57968 |
|      7 |  49891 |  0.57918 |
|      8 |  49891 |  0.57908 |
|      9 |  49891 |  0.579   |
|     10 |  49891 |  0.57896 |
+--------+--------+----------+
RMSD no longer decreasing
lbfgs minimizer stop: callback_after_step is True

================================================================================

Scale factors determined during minimisation have now been
applied to all reflections for dataset 0.

A round of outlier rejection has been performed, 
420 outliers have been identified. 

Performing a round of error model refinement.

Error model details:
  Type: basic
  Parameters: a = 0.56005, b = 0.04364
  Error model formula: σ'² = a²(σ² + (bI)²)
  estimated I/sigma asymptotic limit: 40.919

Results of error model refinement. Uncorrected and corrected variances
of normalised intensity deviations for given intensity ranges. Variances
are expected to be ~1.0 for reliable errors (sigmas).
+--------------------------+----------+------------------------+----------------------+
| Intensity range (<Ih>)   |   n_refl |   Uncorrected variance |   Corrected variance |
|--------------------------+----------+------------------------+----------------------|
| 1462.68 - 433.31         |      250 |                  1.231 |                0.824 |
| 433.31 - 312.29          |      250 |                  1.002 |                0.963 |
| 312.29 - 255.70          |      250 |                  0.897 |                1.054 |
| 255.70 - 215.35          |      250 |                  0.824 |                1.183 |
| 215.35 - 185.95          |      250 |                  0.957 |                1.389 |
| 185.95 - 127.32          |      918 |                  0.605 |                1.076 |
| 127.32 - 84.76           |     1297 |                  0.594 |                1.208 |
| 84.76 - 56.42            |     1508 |                  0.525 |                1.273 |
| 56.42 - 37.56            |     1614 |                  0.595 |                1.644 |
| 37.56 - 25.00            |     1225 |                  0.519 |                1.483 |
+--------------------------+----------+------------------------+----------------------+

Components to be refined in this cycle for all datasets: scale, decay, absorption
Performing a round of scaling with a Levenberg-Marquardt minimizer.

Time taken for refinement 5.59

Refinement steps:
+--------+--------+----------+
|   Step |   Nref |   RMSD_I |
|        |        |    (a.u) |
|--------+--------+----------|
|      0 |  49905 |  0.93555 |
|      1 |  49905 |  0.93377 |
|      2 |  49905 |  0.93346 |
|      3 |  49905 |  0.93304 |
|      4 |  49905 |  0.93259 |
|      5 |  49905 |  0.93235 |
|      6 |  49905 |  0.93229 |
+--------+--------+----------+
RMSD no longer decreasing

================================================================================

Components to be refined in this cycle for all datasets: scale, decay, absorption
Performing a round of scaling with a Levenberg-Marquardt minimizer.

Time taken for refinement 1.53

Refinement steps:
+--------+--------+----------+
|   Step |   Nref |   RMSD_I |
|        |        |    (a.u) |
|--------+--------+----------|
|      0 |  49905 |  0.93229 |
|      1 |  49905 |  0.93229 |
+--------+--------+----------+
RMSD no longer decreasing

================================================================================

Scale factors determined during minimisation have now been
applied to all reflections for dataset 0.

A round of outlier rejection has been performed, 
632 outliers have been identified. 

Performing a round of error model refinement.

Error model details:
  Type: basic
  Parameters: a = 0.52877, b = 0.05013
  Error model formula: σ'² = a²(σ² + (bI)²)
  estimated I/sigma asymptotic limit: 37.723

Results of error model refinement. Uncorrected and corrected variances
of normalised intensity deviations for given intensity ranges. Variances
are expected to be ~1.0 for reliable errors (sigmas).
+--------------------------+----------+------------------------+----------------------+
| Intensity range (<Ih>)   |   n_refl |   Uncorrected variance |   Corrected variance |
|--------------------------+----------+------------------------+----------------------|
| 1459.51 - 440.77         |      250 |                  1.549 |                0.84  |
| 440.77 - 314.91          |      250 |                  1.133 |                0.929 |
| 314.91 - 256.40          |      250 |                  1.106 |                1.215 |
| 256.40 - 217.23          |      250 |                  0.715 |                0.955 |
| 217.23 - 186.38          |      250 |                  1.033 |                1.35  |
| 186.38 - 127.23          |      921 |                  0.613 |                1.071 |
| 127.23 - 84.72           |     1291 |                  0.594 |                1.206 |
| 84.72 - 56.41            |     1516 |                  0.488 |                1.218 |
| 56.41 - 37.56            |     1595 |                  0.554 |                1.655 |
| 37.56 - 25.00            |     1225 |                  0.5   |                1.483 |
+--------------------------+----------+------------------------+----------------------+


The reflection table variances have been adjusted to account for the
uncertainty in the scaling model

Total time taken: 21.2135s 

================================================================================

44.23% of model parameters have signficant uncertainty
(sigma/abs(parameter) > 0.5)

Summary of dataset partialities
+------------------+----------+
| Partiality (p)   |   n_refl |
|------------------+----------|
| all reflections  |   205698 |
| p > 0.99         |   192601 |
| 0.5 < p < 0.99   |     3716 |
| 0.01 < p < 0.5   |     5838 |
| p < 0.01         |     3543 |
+------------------+----------+

Reflections below a partiality_cutoff of 0.4 are not considered for any
part of the scaling analysis or for the reporting of merging statistics.
Additionally, if applicable, only reflections with a min_partiality > 0.95
were considered for use when refining the scaling model.


            ----------Merging statistics by resolution bin----------           

 d_max  d_min   #obs  #uniq   mult.  %comp       <I>  <I/sI>    r_mrg   r_meas    r_pim   cc1/2   cc_ano
110.22   4.48   5848   1605    3.64  99.88      51.0    19.6    0.049    0.057    0.029   0.998*   0.089*
  4.48   3.55   5322   1573    3.38  99.87      62.3    17.8    0.060    0.071    0.038   0.996*  -0.028
  3.55   3.11   5858   1552    3.77 100.00      36.5    13.5    0.082    0.095    0.048   0.994*   0.036
  3.11   2.82   5809   1565    3.71 100.00      19.4     9.5    0.124    0.145    0.074   0.990*   0.074
  2.82   2.62   5181   1543    3.36  99.94      13.2     7.1    0.169    0.201    0.108   0.975*  -0.038
  2.62   2.46   5609   1517    3.70  99.93       9.9     5.9    0.208    0.244    0.126   0.972*  -0.019
  2.46   2.34   5866   1585    3.70 100.00       7.7     4.7    0.249    0.293    0.151   0.956*   0.003
  2.34   2.24   5789   1530    3.78  99.87       6.4     4.0    0.303    0.354    0.181   0.949*  -0.076
  2.24   2.15   5144   1526    3.37  99.41       6.3     3.7    0.320    0.384    0.209   0.899*   0.118*
  2.15   2.08   5170   1564    3.31  99.87       4.5     2.8    0.430    0.523    0.292   0.446*   0.017
  2.08   2.01   5330   1513    3.52  99.93       4.2     2.7    0.460    0.548    0.293   0.546*  -0.037
  2.01   1.96   5655   1568    3.61  99.81       3.1     2.0    0.577    0.684    0.361   0.660*  -0.039
  1.96   1.90   5673   1521    3.73  99.28       2.5     1.7    0.687    0.809    0.420   0.694*  -0.067
  1.90   1.86   5693   1531    3.72  99.42       1.8     1.3    0.892    1.044    0.535   0.771*  -0.022
  1.86   1.82   5403   1503    3.59  99.93       1.5     1.2    0.965    1.136    0.590   0.722*   0.006
  1.82   1.78   5068   1562    3.24  99.55       1.3     1.0    1.175    1.414    0.772   0.613*   0.003
  1.78   1.74   4731   1506    3.14  99.54       1.0     0.8    1.360    1.644    0.908   0.498*   0.073
  1.74   1.71   4658   1525    3.05  99.48       0.8     0.6    1.661    2.022    1.133   0.332*  -0.018
  1.71   1.68   4656   1580    2.95  99.62       0.8     0.6    1.674    2.066    1.190   0.142*  -0.097
  1.68   1.65   4205   1468    2.86  99.59       0.6     0.4    2.359    2.909    1.672   0.293*  -0.007
109.97   1.65 106668  30837    3.46  99.75      11.9     5.1    0.160    0.190    0.101   0.988*   0.002



            -------------Summary of merging statistics--------------           

                                             Overall    Low     High
High resolution limit                           1.65    4.48    1.65
Low resolution limit                          109.97  110.22    1.68
Completeness                                   99.7    99.9    99.6
Multiplicity                                    3.5     3.6     2.9
I/sigma                                         5.1    19.6     0.4
Rmerge(I)                                     0.160   0.049   2.359
Rmerge(I+/-)                                  0.133   0.041   2.201
Rmeas(I)                                      0.190   0.057   2.909
Rmeas(I+/-)                                   0.181   0.055   3.005
Rpim(I)                                       0.101   0.029   1.672
Rpim(I+/-)                                    0.121   0.037   2.034
CC half                                       0.988   0.998   0.293
Anomalous completeness                         92.5    96.9    87.5
Anomalous multiplicity                          1.8     2.0     1.5
Anomalous correlation                         0.002   0.089  -0.007
Anomalous slope                               0.762
dF/F                                          0.147
dI/s(dI)                                      0.763
Total observations                           106668    5848    4205
Total unique                                  30837    1605    1468

Writing html report to dials.scale.html
Saving the scaled experiments to scaled.expt
Saving the scaled reflections to scaled.refl
See dials.github.io/dials_scale_user_guide.html for more info on scaling options
