DIALS 3.dev.1389-gcddd4e3e7
The following parameters have been modified:

refinement {
  parameterisation {
    scan_varying = False
  }
}
input {
  experiments = bravais_setting_2.expt
  reflections = reindexed.refl
}

Configuring refiner
Setting outlier.nproc=32

Summary statistics for 21711 observations matched to predictions:
+-------------------+---------+----------+-----------+---------+--------+
|                   |     Min |       Q1 |       Med |      Q3 |    Max |
|-------------------+---------+----------+-----------+---------+--------|
| Xc - Xo (mm)      | -0.7917 | -0.04518 |  0.001241 | 0.04686 | 0.6742 |
| Yc - Yo (mm)      |  -1.726 | -0.05072 | -0.001302 | 0.04329 |  3.106 |
| Phic - Phio (deg) |  -8.174 |   -0.106 |   0.05199 |  0.1466 |  7.661 |
| X weights         |   224.2 |    360.1 |     383.4 |   397.1 |  405.6 |
| Y weights         |   199.2 |    349.1 |     376.3 |   394.1 |  405.6 |
| Phi weights       |   33.79 |    47.24 |     47.78 |      48 |     48 |
+-------------------+---------+----------+-----------+---------+--------+

Detecting centroid outliers using the MCD algorithm
4240 reflections have been flagged as outliers
17471 reflections remain in the manager

Summary statistics for 17471 observations matched to predictions:
+-------------------+---------+----------+----------+---------+--------+
|                   |     Min |       Q1 |      Med |      Q3 |    Max |
|-------------------+---------+----------+----------+---------+--------|
| Xc - Xo (mm)      | -0.3479 | -0.03711 | 0.002917 | 0.04432 | 0.3244 |
| Yc - Yo (mm)      | -0.4421 |  -0.0364 | 0.000597 | 0.03703 | 0.4232 |
| Phic - Phio (deg) | -0.8643 | -0.06551 |  0.05862 |  0.1367 |  0.564 |
| X weights         |   224.2 |    366.5 |    386.7 |     398 |  405.6 |
| Y weights         |   222.4 |    358.3 |    381.9 |     396 |  405.6 |
| Phi weights       |   38.65 |    47.26 |    47.73 |      48 |     48 |
+-------------------+---------+----------+----------+---------+--------+

There are 14 parameters to refine against 17471 reflections in 3 dimensions
Performing refinement of a single Experiment...

Refinement steps:
+--------+--------+----------+----------+------------+
|   Step |   Nref |   RMSD_X |   RMSD_Y |   RMSD_Phi |
|        |        |     (mm) |     (mm) |      (deg) |
|--------+--------+----------+----------+------------|
|      0 |  17471 | 0.070637 | 0.075057 |    0.21152 |
|      1 |  17471 | 0.070541 | 0.07508  |    0.21157 |
|      2 |  17471 | 0.070403 | 0.075063 |    0.21183 |
|      3 |  17471 | 0.070227 | 0.075008 |    0.21226 |
|      4 |  17471 | 0.070099 | 0.074975 |    0.21257 |
|      5 |  17471 | 0.070056 | 0.07498  |    0.21263 |
|      6 |  17471 | 0.070049 | 0.074987 |    0.21263 |
|      7 |  17471 | 0.070048 | 0.074988 |    0.21263 |
+--------+--------+----------+----------+------------+
RMSD no longer decreasing

RMSDs by experiment:
+-------+--------+----------+----------+------------+
|   Exp |   Nref |   RMSD_X |   RMSD_Y |     RMSD_Z |
|    id |        |     (px) |     (px) |   (images) |
|-------+--------+----------+----------+------------|
|     0 |  17471 |  0.40726 |  0.43598 |    0.42525 |
+-------+--------+----------+----------+------------+
Updating predictions for indexed reflections

Final refined crystal model:
Crystal:
    Unit cell: 112.879(12), 53.128(6), 44.389(5), 90.0, 103.0369(11), 90.0
    Space group: C 1 2 1
    U matrix:  {{-0.345456,  0.411117,  0.843590},
                {-0.547726, -0.818263,  0.174476},
                { 0.762008, -0.401783,  0.507853}}
    B matrix:  {{ 0.008859,  0.000000,  0.000000},
                {-0.000000,  0.018822,  0.000000},
                { 0.002051, -0.000000,  0.023124}}
    A = UB:    {{-0.001330,  0.007738,  0.019507},
                {-0.004494, -0.015402,  0.004035},
                { 0.007792, -0.007563,  0.011744}}
Saving refined experiments to refined.expt
Saving reflections with updated predictions to refined.refl
