DIALS 3.dev.1339-gc44e33dc4
The following parameters have been modified:

refinement {
  parameterisation {
    scan_varying = True
  }
}
input {
  experiments = refined.expt
  reflections = refined.refl
}

Configuring refiner
Setting outlier.nproc=32

Summary statistics for 21710 observations matched to predictions:
+-------------------+---------+----------+-----------+---------+--------+
|                   |     Min |       Q1 |       Med |      Q3 |    Max |
|-------------------+---------+----------+-----------+---------+--------|
| Xc - Xo (mm)      | -0.8072 | -0.04592 | 0.0002511 | 0.04443 | 0.6971 |
| Yc - Yo (mm)      |  -1.711 | -0.05072 | -0.001627 |  0.0432 |  2.495 |
| Phic - Phio (deg) |  -8.057 |  -0.1057 |   0.05082 |  0.1454 |  9.373 |
| X weights         |   224.2 |    360.1 |     383.4 |   397.1 |  405.6 |
| Y weights         |   199.2 |    349.1 |     376.3 |   394.1 |  405.6 |
| Phi weights       |   33.79 |    47.24 |     47.78 |      48 |     48 |
+-------------------+---------+----------+-----------+---------+--------+

Detecting centroid outliers using the MCD algorithm
4266 reflections have been flagged as outliers
17444 reflections remain in the manager

Summary statistics for 17444 observations matched to predictions:
+-------------------+---------+----------+-----------+--------+--------+
|                   |     Min |       Q1 |       Med |     Q3 |    Max |
|-------------------+---------+----------+-----------+--------+--------|
| Xc - Xo (mm)      | -0.3431 | -0.03742 |  0.002293 | 0.0421 | 0.3151 |
| Yc - Yo (mm)      | -0.4391 | -0.03642 | 0.0004453 | 0.0368 |  0.489 |
| Phic - Phio (deg) | -0.8962 | -0.06631 |   0.05769 | 0.1361 | 0.5586 |
| X weights         |   224.2 |    366.4 |     386.7 |    398 |  405.6 |
| Y weights         |   199.2 |    358.2 |     381.8 |    396 |  405.6 |
| Phi weights       |   38.65 |    47.26 |     47.73 |     48 |     48 |
+-------------------+---------+----------+-----------+--------+--------+

There are 56 parameters to refine against 17444 reflections in 3 dimensions
Performing refinement of a single Experiment...

Refinement steps:
+--------+--------+----------+----------+------------+
|   Step |   Nref |   RMSD_X |   RMSD_Y |   RMSD_Phi |
|        |        |     (mm) |     (mm) |      (deg) |
|--------+--------+----------+----------+------------|
|      0 |  17444 | 0.069259 | 0.074798 |    0.21294 |
|      1 |  17444 | 0.058151 | 0.069343 |    0.18789 |
|      2 |  17444 | 0.056934 | 0.066009 |    0.17206 |
|      3 |  17444 | 0.055252 | 0.06238  |    0.15316 |
|      4 |  17444 | 0.053309 | 0.060305 |    0.13088 |
|      5 |  17444 | 0.051378 | 0.058834 |    0.1151  |
|      6 |  17444 | 0.050068 | 0.058045 |    0.1096  |
|      7 |  17444 | 0.049523 | 0.057797 |    0.108   |
|      8 |  17444 | 0.04935  | 0.057755 |    0.10732 |
|      9 |  17444 | 0.049221 | 0.057742 |    0.10721 |
|     10 |  17444 | 0.049094 | 0.057731 |    0.10728 |
|     11 |  17444 | 0.049014 | 0.057727 |    0.10743 |
|     12 |  17444 | 0.048997 | 0.057725 |    0.1075  |
|     13 |  17444 | 0.048998 | 0.057723 |    0.1075  |
+--------+--------+----------+----------+------------+
RMSD no longer decreasing

RMSDs by experiment:
+-------+--------+----------+----------+------------+
|   Exp |   Nref |   RMSD_X |   RMSD_Y |     RMSD_Z |
|    id |        |     (px) |     (px) |   (images) |
|-------+--------+----------+----------+------------|
|     0 |  17444 |  0.28487 |   0.3356 |      0.215 |
+-------+--------+----------+----------+------------+
Updating predictions for indexed reflections

Final refined crystal model:
Crystal:
    Unit cell: 112.869(12), 53.124(6), 44.385(5), 90.0, 103.0360(11), 90.0
    Space group: C 1 2 1
    U matrix:  {{-0.345432,  0.411104,  0.843606},
                {-0.547725, -0.818264,  0.174477},
                { 0.762020, -0.401794,  0.507826}}
    B matrix:  {{ 0.008860,  0.000000,  0.000000},
                { 0.000000,  0.018824,  0.000000},
                { 0.002051, -0.000000,  0.023126}}
    A = UB:    {{-0.001330,  0.007739,  0.019509},
                {-0.004495, -0.015403,  0.004035},
                { 0.007793, -0.007563,  0.011744}}
    A sampled at 401 scan points
Saving refined experiments to refined.expt
Saving reflections with updated predictions to refined.refl
