The following parameters have been modified:

input {
  experiments = scaled.expt
  reflections = scaled.refl
}

Analysing strong spots
 Selected 16889 strong reflections.........................................0.01s
Analysing reflection centroids
 Removing 3836 partial reflections
 Selected 164995 summation-integrated reflections..........................0.03s
 Analysing centroid differences with I/Sigma > 10
 Analysing centroid differences in x/y with I/Sigma > 10
 Analysing centroid differences in z with I/Sigma > 10
 Analysing centroid differences vs phi with I/Sigma > 10
Analysing reflection intensities
 Removing 49511 reflections with intensity <= 0
 Selected 126713 integrated reflections....................................0.03s
 Analysing distribution of I/Sigma
 Analysing distribution of I/Sigma vs xy
 Analysing distribution of I/Sigma vs xy
 Analysing distribution of I/Sigma vs z
 Analysing distribution of partialities
 Analysing QE map
Analysing reference profiles
 Selected 166939 integrated reflections....................................0.03s
 Analysing reference profile distribution vs x/y
 Analysing reference profile distribution vs z
 Analysing reflection correlations vs resolution
 Analysing reflection profile correlations
 Analysing reflection profile correlations vs x/y
 Analysing reflection profile correlations vs z
 Analysing reflection profile correlations vs I/Sigma
 Analysing reflection profile correlations
 Analysing reflection profile correlations vs x/y
 Analysing reflection profile correlations vs z
 Analysing reflection profile correlations vs I/Sigma
Analysing scan-varying crystal model
Analysing scaling model
Calculating and generating merging statistics plots
Writing html report to: dials.report.html
