DIALS 3.dev.576-g0db95d61a
The following parameters have been modified:
input {
  experiments = symmetrized.expt
  reflections = symmetrized.refl
}

Checking for the existence of a reflection table 
containing multiple datasets 

Found 1 reflection tables & 1 experiments in total.

Dataset ids are: 0 

Space group being used during scaling is I 1 2 1

Scaling models have been initialised for all experiments.

================================================================================

The experiment id for this dataset is 0.
The scaling model type being applied is physical. 

Applying filter of min_isigi > -5.0, partiality > 0.4
Combined 324 partial reflections with other partial reflections
Excluding 1656/176232 reflections
Reflections passing individual criteria:
criterion: user excluded, reflections: 1656
criterion: excluded for scaling, reflections: 1656

The following corrections will be applied to this dataset: 

+--------------+----------------+
| correction   |   n_parameters |
|--------------+----------------|
| scale        |             16 |
| decay        |             12 |
| absorption   |             24 |
+--------------+----------------+
Loaded error model: 
Error model details:
  Type: basic
  Parameters: a = 1.00000, b = 0.02000
  Error model formula: σ'² = a²(σ² + (bI)²)
  estimated I/sigma asymptotic limit: 50.000

A round of outlier rejection has been performed, 
2491 outliers have been identified. 

172954 reflections were preselected for scale factor determination 
out of 174576 suitable reflections: 
Reflections passing individual criteria:
criterion: in I/sigma range (I/sig > -5.0), reflections: 174526
criterion: above min partiality ( > 0.95), reflections: 173004

Randomly selected 15286/48769 groups (m>1) to use for scaling model
minimisation (50092 reflections)
Completed preprocessing and initialisation for this dataset.

================================================================================

Components to be refined in this cycle for all datasets: scale, decay, absorption
Performing a round of scaling with an LBFGS minimizer. 

Time taken for refinement 7.21

Refinement steps:
+--------+--------+----------+
|   Step |   Nref |   RMSD_I |
|        |        |    (a.u) |
|--------+--------+----------|
|      0 |  49339 |  0.8754  |
|      1 |  49339 |  0.85425 |
|      2 |  49339 |  0.66938 |
|      3 |  49339 |  0.62678 |
|      4 |  49339 |  0.60539 |
|      5 |  49339 |  0.544   |
|      6 |  49339 |  0.54148 |
|      7 |  49339 |  0.53943 |
|      8 |  49339 |  0.53772 |
|      9 |  49339 |  0.53728 |
|     10 |  49339 |  0.5357  |
|     11 |  49339 |  0.53547 |
|     12 |  49339 |  0.53494 |
|     13 |  49339 |  0.53472 |
|     14 |  49339 |  0.53446 |
|     15 |  49339 |  0.53424 |
|     16 |  49339 |  0.53405 |
|     17 |  49339 |  0.53383 |
|     18 |  49339 |  0.53361 |
|     19 |  49339 |  0.53343 |
|     20 |  49339 |  0.53316 |
|     21 |  49339 |  0.53261 |
|     22 |  49339 |  0.53202 |
|     23 |  49339 |  0.53154 |
|     24 |  49339 |  0.53093 |
|     25 |  49339 |  0.52995 |
|     26 |  49339 |  0.52893 |
|     27 |  49339 |  0.52836 |
|     28 |  49339 |  0.52791 |
|     29 |  49339 |  0.52731 |
|     30 |  49339 |  0.52651 |
|     31 |  49339 |  0.52614 |
|     32 |  49339 |  0.52595 |
|     33 |  49339 |  0.5258  |
|     34 |  49339 |  0.52552 |
|     35 |  49339 |  0.5252  |
|     36 |  49339 |  0.525   |
|     37 |  49339 |  0.52483 |
|     38 |  49339 |  0.52473 |
|     39 |  49339 |  0.52462 |
|     40 |  49339 |  0.52451 |
|     41 |  49339 |  0.52449 |
+--------+--------+----------+
RMSD no longer decreasing
lbfgs minimizer stop: callback_after_step is True

================================================================================

Scale factors determined during minimisation have now been
applied to all reflections for dataset 0.

A round of outlier rejection has been performed, 
160 outliers have been identified. 

Performing profile/summation intensity optimisation.
+----------------+---------+---------+
| Combination    |   CC1/2 |   Rmeas |
|----------------+---------+---------|
| prf only       | 0.99448 | 0.09758 |
| sum only       | 0.99184 | 0.12602 |
| Imid = 70.26   | 0.99357 | 0.10409 |
| Imid = 3237.39 | 0.99441 | 0.09765 |
| Imid = 323.74  | 0.99422 | 0.09839 |
| Imid = 32.37   | 0.99305 | 0.11236 |
+----------------+---------+---------+
Profile intensities determined to be best for scaling. 

A round of outlier rejection has been performed, 
160 outliers have been identified. 

Components to be refined in this cycle for all datasets: scale, decay, absorption
Performing a round of scaling with an LBFGS minimizer. 

Time taken for refinement 2.06

Refinement steps:
+--------+--------+----------+
|   Step |   Nref |   RMSD_I |
|        |        |    (a.u) |
|--------+--------+----------|
|      0 |  50065 |  0.58666 |
|      1 |  50065 |  0.58547 |
|      2 |  50065 |  0.5782  |
|      3 |  50065 |  0.57641 |
|      4 |  50065 |  0.57579 |
|      5 |  50065 |  0.57557 |
|      6 |  50065 |  0.57525 |
|      7 |  50065 |  0.57507 |
|      8 |  50065 |  0.57491 |
|      9 |  50065 |  0.57485 |
|     10 |  50065 |  0.57481 |
+--------+--------+----------+
RMSD no longer decreasing
lbfgs minimizer stop: callback_after_step is True

================================================================================

Scale factors determined during minimisation have now been
applied to all reflections for dataset 0.

A round of outlier rejection has been performed, 
129 outliers have been identified. 

Performing a round of error model refinement.

Error model details:
  Type: basic
  Parameters: a = 0.51965, b = 0.05384
  Error model formula: σ'² = a²(σ² + (bI)²)
  estimated I/sigma asymptotic limit: 35.742

Results of error model refinement. Uncorrected and corrected variances
of normalised intensity deviations for given intensity ranges. Variances
are expected to be ~1.0 for reliable errors (sigmas).
+--------------------------+----------+------------------------+----------------------+
| Intensity range (<Ih>)   |   n_refl |   Uncorrected variance |   Corrected variance |
|--------------------------+----------+------------------------+----------------------|
| 2414.19 - 585.96         |      250 |                  2.146 |                0.721 |
| 585.96 - 446.27          |      250 |                  1.9   |                1.076 |
| 446.27 - 376.04          |      250 |                  1.464 |                1.031 |
| 376.04 - 328.12          |      250 |                  1.636 |                1.222 |
| 328.12 - 245.69          |      702 |                  1.204 |                1.185 |
| 245.69 - 155.56          |     1779 |                  0.992 |                1.279 |
| 155.56 - 98.50           |     2798 |                  0.651 |                1.172 |
| 98.50 - 62.37            |     3559 |                  0.555 |                1.283 |
| 62.37 - 39.49            |     3793 |                  0.468 |                1.301 |
| 39.49 - 24.99            |     3024 |                  0.414 |                1.295 |
+--------------------------+----------+------------------------+----------------------+

Components to be refined in this cycle for all datasets: scale, decay, absorption
Performing a round of scaling with a Levenberg-Marquardt minimizer.

Time taken for refinement 4.68

Refinement steps:
+--------+--------+----------+
|   Step |   Nref |   RMSD_I |
|        |        |    (a.u) |
|--------+--------+----------|
|      0 |  50079 |  0.99569 |
|      1 |  50079 |  0.98963 |
|      2 |  50079 |  0.98356 |
|      3 |  50079 |  0.97872 |
|      4 |  50079 |  0.97674 |
|      5 |  50079 |  0.97596 |
|      6 |  50079 |  0.97546 |
|      7 |  50079 |  0.97528 |
|      8 |  50079 |  0.97526 |
+--------+--------+----------+
RMSD no longer decreasing

================================================================================

Components to be refined in this cycle for all datasets: scale, decay, absorption
Performing a round of scaling with a Levenberg-Marquardt minimizer.

Time taken for refinement 0.95

Refinement steps:
+--------+--------+----------+
|   Step |   Nref |   RMSD_I |
|        |        |    (a.u) |
|--------+--------+----------|
|      0 |  50079 |  0.97526 |
|      1 |  50079 |  0.97526 |
+--------+--------+----------+
RMSD no longer decreasing

================================================================================

Scale factors determined during minimisation have now been
applied to all reflections for dataset 0.

A round of outlier rejection has been performed, 
322 outliers have been identified. 

Performing a round of error model refinement.

Error model details:
  Type: basic
  Parameters: a = 0.49633, b = 0.05430
  Error model formula: σ'² = a²(σ² + (bI)²)
  estimated I/sigma asymptotic limit: 37.107

Results of error model refinement. Uncorrected and corrected variances
of normalised intensity deviations for given intensity ranges. Variances
are expected to be ~1.0 for reliable errors (sigmas).
+--------------------------+----------+------------------------+----------------------+
| Intensity range (<Ih>)   |   n_refl |   Uncorrected variance |   Corrected variance |
|--------------------------+----------+------------------------+----------------------|
| 2420.46 - 592.77         |      250 |                  2.497 |                0.855 |
| 592.77 - 447.79          |      250 |                  1.535 |                0.963 |
| 447.79 - 375.06          |      250 |                  1.413 |                1.065 |
| 375.06 - 328.88          |      250 |                  1.416 |                1.115 |
| 328.88 - 246.01          |      705 |                  1.115 |                1.16  |
| 246.01 - 155.73          |     1749 |                  0.852 |                1.171 |
| 155.73 - 98.58           |     2803 |                  0.561 |                1.128 |
| 98.58 - 62.40            |     3514 |                  0.478 |                1.219 |
| 62.40 - 39.50            |     3777 |                  0.397 |                1.214 |
| 39.50 - 24.99            |     3032 |                  0.341 |                1.178 |
+--------------------------+----------+------------------------+----------------------+


The reflection table variances have been adjusted to account for the
uncertainty in the scaling model

Total time taken: 22.2149s 

================================================================================

36.54% of model parameters have significant uncertainty
(sigma/abs(parameter) > 0.5)

Summary of dataset partialities
+------------------+----------+
| Partiality (p)   |   n_refl |
|------------------+----------|
| all reflections  |   176232 |
| p > 0.99         |   172390 |
| 0.5 < p < 0.99   |     2040 |
| 0.01 < p < 0.5   |     1523 |
| p < 0.01         |      279 |
+------------------+----------+

Reflections below a partiality_cutoff of 0.4 are not considered for any
part of the scaling analysis or for the reporting of merging statistics.
Additionally, if applicable, only reflections with a min_partiality > 0.95
were considered for use when refining the scaling model.


            ----------Merging statistics by resolution bin----------           

 d_max  d_min   #obs  #uniq   mult.  %comp       <I>  <I/sI>    r_mrg   r_meas    r_pim   r_anom   cc1/2   cc_ano
 55.04   3.22  15826   4256    3.72  99.95     109.8    37.1    0.051    0.059    0.030    0.063   0.996*  -0.039
  3.22   2.56  15544   4161    3.74  99.98      33.6    17.8    0.104    0.121    0.062    0.136   0.987*   0.033
  2.56   2.23  16023   4148    3.86 100.00      14.8     9.9    0.176    0.204    0.103    0.222   0.965*  -0.008
  2.23   2.03  14920   4147    3.60  99.93       9.3     6.3    0.252    0.297    0.154    0.338   0.931*   0.064*
  2.03   1.88  15840   4141    3.83  99.86       5.2     3.8    0.376    0.437    0.221    0.452   0.880*  -0.045
  1.88   1.77  15072   4102    3.67  99.93       2.6     2.1    0.598    0.699    0.356    0.728   0.749*  -0.025
  1.77   1.68  13299   4152    3.20  99.88       1.5     1.3    0.854    1.025    0.558    1.085   0.532*  -0.006
  1.68   1.61  12278   4129    2.97  99.95       1.0     0.8    1.248    1.523    0.859    1.349   0.328*  -0.005
  1.61   1.55  10705   4078    2.63  99.00       0.8     0.6    1.488    1.846    1.073    1.536   0.184*   0.010
  1.55   1.50   9802   4044    2.42  98.06       0.6     0.4    2.147    2.683    1.579    1.758   0.140*   0.001
  1.50   1.45   8951   3933    2.28  95.32       0.4     0.3    3.006    3.805    2.294    1.847   0.071*  -0.015
  1.45   1.41   8126   3864    2.10  93.65       0.3     0.2    4.301    5.495    3.370    1.986   0.043  -0.041
  1.41   1.37   5725   3403    1.68  82.62       0.2     0.1    5.746    7.499    4.747    2.334   0.031  -0.063
  1.37   1.34   4009   2783    1.44  67.96       0.2     0.1    7.187    9.628    6.330    2.724  -0.009   0.053
  1.34   1.31   2772   2243    1.24  54.64       0.1     0.1   13.676   18.701   12.666    3.227   0.039   0.842
  1.31   1.28   2063   1744    1.18  42.28       0.1     0.1    9.069   12.791    9.016    4.052  -0.029   0.000
  1.28   1.25   1434   1242    1.15  30.40       0.1     0.1   45.308   64.075   45.308    4.212   0.036   0.000
  1.25   1.23   1042    912    1.14  22.13       0.1     0.1  -11.739  -16.602  -11.739    5.202   0.008   0.000
  1.23   1.21    610    535    1.14  13.08       0.1     0.1   59.362   83.950   59.362    4.867   0.098   0.000
  1.21   1.19    213    190    1.12   4.59      -0.0     0.0   15.254   21.573   15.254    3.705  -0.244   0.000
 54.99   1.19 174254  62207    2.80  75.28      12.2     5.4    0.129    0.153    0.081    0.181   0.995*  -0.023


Resolution limit suggested from CC½ fit (limit CC½=0.3): 1.59

            -------------Summary of merging statistics--------------           

                                            Suggested   Low    High  Overall
High resolution limit                           1.59    4.32    1.59    1.19
Low resolution limit                           54.99   55.02    1.62   54.99
Completeness                                   99.9    99.9    99.8    75.3
Multiplicity                                    3.5     3.8     2.9     2.8
I/sigma                                         9.7    41.1     0.6     5.4
Rmerge(I)                                     0.112   0.044   1.470   0.129
Rmerge(I+/-)                                  0.094   0.037   1.436   0.104
Rmeas(I)                                      0.132   0.051   1.813   0.153
Rmeas(I+/-)                                   0.127   0.051   1.964   0.141
Rpim(I)                                       0.068   0.026   1.043   0.081
Rpim(I+/-)                                    0.085   0.034   1.332   0.094
CC half                                       0.996   0.997   0.136   0.995
Anomalous completeness                         94.2    98.0    86.2    55.2
Anomalous multiplicity                          1.9     2.0     1.6     1.6
Anomalous correlation                        -0.028  -0.049   0.038  -0.023
Anomalous slope                               1.007                        
dF/F                                          0.124                        
dI/s(dI)                                      0.959                        
Total observations                           122451    6747    4881  174254
Total unique                                  34514    1797    1707   62207

Writing html report to dials.scale.html
Saving the scaled experiments to scaled.expt
Saving the scaled reflections to scaled.refl
See dials.github.io/dials_scale_user_guide.html for more info on scaling options
