DIALS 3.dev.1272-gc3eb48f2d
The following parameters have been modified:
integration {
  mp {
    nproc = 4
  }
}
input {
  experiments = refined.expt
  reflections = refined.refl
}


================================================================================

Experiments

Models for experiment 0

Beam:
    probe: x-ray
    wavelength: 0.9126
    sample to source direction : {0.00198884,-0,0.999998}
    divergence: 0
    sigma divergence: 0
    polarization normal: {0,1,0}
    polarization fraction: 0.999
    flux: 1.14122e+11
    transmission: 1
    sample to source distance: 0

Detector:
Panel:
  name: Panel
  type: SENSOR_PAD
  identifier: 
  pixel_size:{0.172,0.172}
  image_size: {2463,2527}
  trusted_range: {0,94172}
  thickness: 0.32
  material: Si
  mu: 3.21948
  gain: 1
  pedestal: 0
  fast_axis: {0.999994,0.00355415,-0.000235994}
  slow_axis: {0.0035544,-0.999993,0.00105601}
  origin: {-214.249,250.85,-324.755}
  distance: 324.539
  pixel to millimeter strategy: ParallaxCorrectedPxMmStrategy
    mu: 3.21948
    t0: 0.32

Goniometer:
    Rotation axis:   {1,0,0}
    Fixed rotation:  {1,0,0,0,1,0,0,0,1}
    Setting rotation:{1,0,0,0,1,0,0,0,1}

Scan:
    number of images:   400
    image range:   {1,400}
    epoch:    1.58327e+09
    exposure time:    0.04
    oscillation:   {216,0.5}

Crystal:
    Unit cell: 112.872(12), 53.125(6), 44.386(5), 90.0, 103.0364(11), 90.0
    Space group: C 1 2 1
    U matrix:  {{ 0.3454,  0.4111, -0.8436},
                { 0.5477, -0.8183, -0.1745},
                {-0.7620, -0.4018, -0.5078}}
    B matrix:  {{ 0.0089,  0.0000,  0.0000},
                {-0.0000,  0.0188,  0.0000},
                { 0.0021,  0.0000,  0.0231}}
    A = UB:    {{ 0.0013,  0.0077, -0.0195},
                { 0.0045, -0.0154, -0.0040},
                {-0.0078, -0.0076, -0.0117}}
    A sampled at 401 scan points

================================================================================

Initialising
Processing reference reflections
 read 21740 strong spots
 removing 713 unindexed reflections
 removing 4089 reflections marked as bad for refinement
 using 16938 indexed reflections
 found 4802 junk reflections
 masked neighbouring pixels in 1551 shoeboxes

================================================================================

Predicting reflections
Prediction type: scan varying crystal prediction
Predicted 198709 reflections
Matching reference spots with predicted reflections
 16938 observed reflections input
 198709 reflections predicted
 16938 reflections matched
 16938 reflections accepted
Using 16938 / 16938 reflections for sigma calculation
Calculating E.S.D Beam Divergence.
Calculating E.S.D Reflecting Range (mosaicity).
 sigma b: 0.039466 degrees
 sigma m: 0.329035 degrees
================================================================================

Processing reflections

 Processing the following experiments:

 Experiments: 1
 Beams:       1
 Detectors:   1
 Goniometers: 1
 Scans:       1
 Crystals:    1
 Imagesets:   1

================================================================================

Modelling reflection profiles

 Split 26 reflections overlapping job boundaries

Memory situation report:
  Available system memory                           : 201.2 GB
  Maximum memory for processing                     : 181.1 GB
  Memory required per process                       :   0.0 GB

Processing reflections in the following blocks of images:

 block_size: Auto 

+-----+---------+--------------+------------+--------------+------------+-----------------+
|   # |   Group |   Frame From |   Frame To |   Angle From |   Angle To |   # Reflections |
|-----+---------+--------------+------------+--------------+------------+-----------------|
|   0 |       0 |            1 |        108 |          216 |        270 |            4629 |
|   1 |       0 |           99 |        206 |          265 |        319 |            4840 |
|   2 |       0 |          197 |        304 |          314 |        368 |            4575 |
|   3 |       0 |          295 |        400 |          363 |        416 |            2920 |
+-----+---------+--------------+------------+--------------+------------+-----------------+

 Using multiprocessing with 4 parallel job(s)


 Frames: 1 -> 108

 Number of reflections
  Partial:     155
  Full:        4474
  In ice ring: 0
  Total:       4629


 Frames: 99 -> 206

 Number of reflections
  Partial:     25
  Full:        4815
  In ice ring: 0
  Total:       4840


 Frames: 197 -> 304

 Number of reflections
  Partial:     18
  Full:        4557
  In ice ring: 0
  Total:       4575


 Frames: 295 -> 400

 Number of reflections
  Partial:     44
  Full:        2876
  In ice ring: 0
  Total:       2920


 Summary of profile model
+------+-----------+-----------+----------+----------+----------+-----------------+
|   ID |   Profile | Created   |   X (px) |   Y (px) |   Z (im) |   # reflections |
|------+-----------+-----------+----------+----------+----------+-----------------|
|    0 |         0 | True      |    410.5 |   421.17 |        5 |             494 |
|    0 |         1 | True      |   1231.5 |   421.17 |        5 |             560 |
|    0 |         2 | True      |   2052.5 |   421.17 |        5 |             525 |
|    0 |         3 | True      |    410.5 |  1263.5  |        5 |             901 |
|    0 |         4 | True      |   1231.5 |  1263.5  |        5 |             988 |
|    0 |         5 | True      |   2052.5 |  1263.5  |        5 |             896 |
|    0 |         6 | True      |    410.5 |  2105.83 |        5 |             864 |
|    0 |         7 | True      |   1231.5 |  2105.83 |        5 |             949 |
|    0 |         8 | True      |   2052.5 |  2105.83 |        5 |             857 |
|    0 |         9 | True      |    410.5 |   421.17 |       15 |             758 |
|    0 |        10 | True      |   1231.5 |   421.17 |       15 |             857 |
|    0 |        11 | True      |   2052.5 |   421.17 |       15 |             804 |
|    0 |        12 | True      |    410.5 |  1263.5  |       15 |            1352 |
|    0 |        13 | True      |   1231.5 |  1263.5  |       15 |            1487 |
|    0 |        14 | True      |   2052.5 |  1263.5  |       15 |            1363 |
|    0 |        15 | True      |    410.5 |  2105.83 |       15 |            1299 |
|    0 |        16 | True      |   1231.5 |  2105.83 |       15 |            1430 |
|    0 |        17 | True      |   2052.5 |  2105.83 |       15 |            1306 |
|    0 |        18 | True      |    410.5 |   421.17 |       25 |             794 |
|    0 |        19 | True      |   1231.5 |   421.17 |       25 |             900 |
|    0 |        20 | True      |   2052.5 |   421.17 |       25 |             844 |
|    0 |        21 | True      |    410.5 |  1263.5  |       25 |            1329 |
|    0 |        22 | True      |   1231.5 |  1263.5  |       25 |            1475 |
|    0 |        23 | True      |   2052.5 |  1263.5  |       25 |            1361 |
|    0 |        24 | True      |    410.5 |  2105.83 |       25 |            1270 |
|    0 |        25 | True      |   1231.5 |  2105.83 |       25 |            1414 |
|    0 |        26 | True      |   2052.5 |  2105.83 |       25 |            1301 |
|    0 |        27 | True      |    410.5 |   421.17 |       35 |             763 |
|    0 |        28 | True      |   1231.5 |   421.17 |       35 |             859 |
|    0 |        29 | True      |   2052.5 |   421.17 |       35 |             803 |
|    0 |        30 | True      |    410.5 |  1263.5  |       35 |            1204 |
|    0 |        31 | True      |   1231.5 |  1263.5  |       35 |            1333 |
|    0 |        32 | True      |   2052.5 |  1263.5  |       35 |            1239 |
|    0 |        33 | True      |    410.5 |  2105.83 |       35 |            1151 |
|    0 |        34 | True      |   1231.5 |  2105.83 |       35 |            1276 |
|    0 |        35 | True      |   2052.5 |  2105.83 |       35 |            1184 |
|    0 |        36 | True      |    410.5 |   421.17 |       45 |             734 |
|    0 |        37 | True      |   1231.5 |   421.17 |       45 |             835 |
|    0 |        38 | True      |   2052.5 |   421.17 |       45 |             776 |
|    0 |        39 | True      |    410.5 |  1263.5  |       45 |            1140 |
|    0 |        40 | True      |   1231.5 |  1263.5  |       45 |            1267 |
|    0 |        41 | True      |   2052.5 |  1263.5  |       45 |            1170 |
|    0 |        42 | True      |    410.5 |  2105.83 |       45 |            1092 |
|    0 |        43 | True      |   1231.5 |  2105.83 |       45 |            1216 |
|    0 |        44 | True      |   2052.5 |  2105.83 |       45 |            1121 |
|    0 |        45 | True      |    410.5 |   421.17 |       55 |             672 |
|    0 |        46 | True      |   1231.5 |   421.17 |       55 |             763 |
|    0 |        47 | True      |   2052.5 |   421.17 |       55 |             705 |
|    0 |        48 | True      |    410.5 |  1263.5  |       55 |            1099 |
|    0 |        49 | True      |   1231.5 |  1263.5  |       55 |            1213 |
|    0 |        50 | True      |   2052.5 |  1263.5  |       55 |            1112 |
|    0 |        51 | True      |    410.5 |  2105.83 |       55 |            1065 |
|    0 |        52 | True      |   1231.5 |  2105.83 |       55 |            1175 |
|    0 |        53 | True      |   2052.5 |  2105.83 |       55 |            1075 |
|    0 |        54 | True      |    410.5 |   421.17 |       65 |             586 |
|    0 |        55 | True      |   1231.5 |   421.17 |       65 |             658 |
|    0 |        56 | True      |   2052.5 |   421.17 |       65 |             615 |
|    0 |        57 | True      |    410.5 |  1263.5  |       65 |            1037 |
|    0 |        58 | True      |   1231.5 |  1263.5  |       65 |            1125 |
|    0 |        59 | True      |   2052.5 |  1263.5  |       65 |            1032 |
|    0 |        60 | True      |    410.5 |  2105.83 |       65 |            1017 |
|    0 |        61 | True      |   1231.5 |  2105.83 |       65 |            1103 |
|    0 |        62 | True      |   2052.5 |  2105.83 |       65 |            1010 |
|    0 |        63 | True      |    410.5 |   421.17 |       75 |             517 |
|    0 |        64 | True      |   1231.5 |   421.17 |       75 |             564 |
|    0 |        65 | True      |   2052.5 |   421.17 |       75 |             536 |
|    0 |        66 | True      |    410.5 |  1263.5  |       75 |             989 |
|    0 |        67 | True      |   1231.5 |  1263.5  |       75 |            1049 |
|    0 |        68 | True      |   2052.5 |  1263.5  |       75 |             963 |
|    0 |        69 | True      |    410.5 |  2105.83 |       75 |             978 |
|    0 |        70 | True      |   1231.5 |  2105.83 |       75 |            1037 |
|    0 |        71 | True      |   2052.5 |  2105.83 |       75 |             951 |
|    0 |        72 | True      |    410.5 |   421.17 |       85 |             495 |
|    0 |        73 | True      |   1231.5 |   421.17 |       85 |             530 |
|    0 |        74 | True      |   2052.5 |   421.17 |       85 |             510 |
|    0 |        75 | True      |    410.5 |  1263.5  |       85 |            1022 |
|    0 |        76 | True      |   1231.5 |  1263.5  |       85 |            1072 |
|    0 |        77 | True      |   2052.5 |  1263.5  |       85 |             997 |
|    0 |        78 | True      |    410.5 |  2105.83 |       85 |            1014 |
|    0 |        79 | True      |   1231.5 |  2105.83 |       85 |            1064 |
|    0 |        80 | True      |   2052.5 |  2105.83 |       85 |             989 |
|    0 |        81 | True      |    410.5 |   421.17 |       95 |             537 |
|    0 |        82 | True      |   1231.5 |   421.17 |       95 |             577 |
|    0 |        83 | True      |   2052.5 |   421.17 |       95 |             557 |
|    0 |        84 | True      |    410.5 |  1263.5  |       95 |            1130 |
|    0 |        85 | True      |   1231.5 |  1263.5  |       95 |            1194 |
|    0 |        86 | True      |   2052.5 |  1263.5  |       95 |            1099 |
|    0 |        87 | True      |    410.5 |  2105.83 |       95 |            1121 |
|    0 |        88 | True      |   1231.5 |  2105.83 |       95 |            1185 |
|    0 |        89 | True      |   2052.5 |  2105.83 |       95 |            1090 |
|    0 |        90 | True      |    410.5 |   421.17 |      105 |             559 |
|    0 |        91 | True      |   1231.5 |   421.17 |      105 |             600 |
|    0 |        92 | True      |   2052.5 |   421.17 |      105 |             578 |
|    0 |        93 | True      |    410.5 |  1263.5  |      105 |            1197 |
|    0 |        94 | True      |   1231.5 |  1263.5  |      105 |            1267 |
|    0 |        95 | True      |   2052.5 |  1263.5  |      105 |            1170 |
|    0 |        96 | True      |    410.5 |  2105.83 |      105 |            1184 |
|    0 |        97 | True      |   1231.5 |  2105.83 |      105 |            1254 |
|    0 |        98 | True      |   2052.5 |  2105.83 |      105 |            1157 |
|    0 |        99 | True      |    410.5 |   421.17 |      115 |             590 |
|    0 |       100 | True      |   1231.5 |   421.17 |      115 |             640 |
|    0 |       101 | True      |   2052.5 |   421.17 |      115 |             618 |
|    0 |       102 | True      |    410.5 |  1263.5  |      115 |            1252 |
|    0 |       103 | True      |   1231.5 |  1263.5  |      115 |            1331 |
|    0 |       104 | True      |   2052.5 |  1263.5  |      115 |            1225 |
|    0 |       105 | True      |    410.5 |  2105.83 |      115 |            1239 |
|    0 |       106 | True      |   1231.5 |  2105.83 |      115 |            1318 |
|    0 |       107 | True      |   2052.5 |  2105.83 |      115 |            1212 |
|    0 |       108 | True      |    410.5 |   421.17 |      125 |             587 |
|    0 |       109 | True      |   1231.5 |   421.17 |      125 |             637 |
|    0 |       110 | True      |   2052.5 |   421.17 |      125 |             615 |
|    0 |       111 | True      |    410.5 |  1263.5  |      125 |            1287 |
|    0 |       112 | True      |   1231.5 |  1263.5  |      125 |            1363 |
|    0 |       113 | True      |   2052.5 |  1263.5  |      125 |            1259 |
|    0 |       114 | True      |    410.5 |  2105.83 |      125 |            1265 |
|    0 |       115 | True      |   1231.5 |  2105.83 |      125 |            1341 |
|    0 |       116 | True      |   2052.5 |  2105.83 |      125 |            1237 |
|    0 |       117 | True      |    410.5 |   421.17 |      135 |             623 |
|    0 |       118 | True      |   1231.5 |   421.17 |      135 |             668 |
|    0 |       119 | True      |   2052.5 |   421.17 |      135 |             644 |
|    0 |       120 | True      |    410.5 |  1263.5  |      135 |            1342 |
|    0 |       121 | True      |   1231.5 |  1263.5  |      135 |            1412 |
|    0 |       122 | True      |   2052.5 |  1263.5  |      135 |            1297 |
|    0 |       123 | True      |    410.5 |  2105.83 |      135 |            1313 |
|    0 |       124 | True      |   1231.5 |  2105.83 |      135 |            1383 |
|    0 |       125 | True      |   2052.5 |  2105.83 |      135 |            1268 |
|    0 |       126 | True      |    410.5 |   421.17 |      145 |             661 |
|    0 |       127 | True      |   1231.5 |   421.17 |      145 |             704 |
|    0 |       128 | True      |   2052.5 |   421.17 |      145 |             673 |
|    0 |       129 | True      |    410.5 |  1263.5  |      145 |            1385 |
|    0 |       130 | True      |   1231.5 |  1263.5  |      145 |            1458 |
|    0 |       131 | True      |   2052.5 |  1263.5  |      145 |            1334 |
|    0 |       132 | True      |    410.5 |  2105.83 |      145 |            1348 |
|    0 |       133 | True      |   1231.5 |  2105.83 |      145 |            1421 |
|    0 |       134 | True      |   2052.5 |  2105.83 |      145 |            1297 |
|    0 |       135 | True      |    410.5 |   421.17 |      155 |             695 |
|    0 |       136 | True      |   1231.5 |   421.17 |      155 |             731 |
|    0 |       137 | True      |   2052.5 |   421.17 |      155 |             691 |
|    0 |       138 | True      |    410.5 |  1263.5  |      155 |            1401 |
|    0 |       139 | True      |   1231.5 |  1263.5  |      155 |            1466 |
|    0 |       140 | True      |   2052.5 |  1263.5  |      155 |            1329 |
|    0 |       141 | True      |    410.5 |  2105.83 |      155 |            1353 |
|    0 |       142 | True      |   1231.5 |  2105.83 |      155 |            1418 |
|    0 |       143 | True      |   2052.5 |  2105.83 |      155 |            1281 |
|    0 |       144 | True      |    410.5 |   421.17 |      165 |             708 |
|    0 |       145 | True      |   1231.5 |   421.17 |      165 |             749 |
|    0 |       146 | True      |   2052.5 |   421.17 |      165 |             709 |
|    0 |       147 | True      |    410.5 |  1263.5  |      165 |            1404 |
|    0 |       148 | True      |   1231.5 |  1263.5  |      165 |            1477 |
|    0 |       149 | True      |   2052.5 |  1263.5  |      165 |            1341 |
|    0 |       150 | True      |    410.5 |  2105.83 |      165 |            1349 |
|    0 |       151 | True      |   1231.5 |  2105.83 |      165 |            1422 |
|    0 |       152 | True      |   2052.5 |  2105.83 |      165 |            1286 |
|    0 |       153 | True      |    410.5 |   421.17 |      175 |             717 |
|    0 |       154 | True      |   1231.5 |   421.17 |      175 |             751 |
|    0 |       155 | True      |   2052.5 |   421.17 |      175 |             706 |
|    0 |       156 | True      |    410.5 |  1263.5  |      175 |            1389 |
|    0 |       157 | True      |   1231.5 |  1263.5  |      175 |            1452 |
|    0 |       158 | True      |   2052.5 |  1263.5  |      175 |            1316 |
|    0 |       159 | True      |    410.5 |  2105.83 |      175 |            1328 |
|    0 |       160 | True      |   1231.5 |  2105.83 |      175 |            1391 |
|    0 |       161 | True      |   2052.5 |  2105.83 |      175 |            1255 |
|    0 |       162 | True      |    410.5 |   421.17 |      185 |             759 |
|    0 |       163 | True      |   1231.5 |   421.17 |      185 |             808 |
|    0 |       164 | True      |   2052.5 |   421.17 |      185 |             761 |
|    0 |       165 | True      |    410.5 |  1263.5  |      185 |            1406 |
|    0 |       166 | True      |   1231.5 |  1263.5  |      185 |            1488 |
|    0 |       167 | True      |   2052.5 |  1263.5  |      185 |            1359 |
|    0 |       168 | True      |    410.5 |  2105.83 |      185 |            1333 |
|    0 |       169 | True      |   1231.5 |  2105.83 |      185 |            1414 |
|    0 |       170 | True      |   2052.5 |  2105.83 |      185 |            1285 |
|    0 |       171 | True      |    410.5 |   421.17 |      195 |             802 |
|    0 |       172 | True      |   1231.5 |   421.17 |      195 |             869 |
|    0 |       173 | True      |   2052.5 |   421.17 |      195 |             817 |
|    0 |       174 | True      |    410.5 |  1263.5  |      195 |            1429 |
|    0 |       175 | True      |   1231.5 |  1263.5  |      195 |            1525 |
|    0 |       176 | True      |   2052.5 |  1263.5  |      195 |            1397 |
|    0 |       177 | True      |    410.5 |  2105.83 |      195 |            1333 |
|    0 |       178 | True      |   1231.5 |  2105.83 |      195 |            1423 |
|    0 |       179 | True      |   2052.5 |  2105.83 |      195 |            1295 |
|    0 |       180 | True      |    410.5 |   421.17 |      205 |             805 |
|    0 |       181 | True      |   1231.5 |   421.17 |      205 |             904 |
|    0 |       182 | True      |   2052.5 |   421.17 |      205 |             860 |
|    0 |       183 | True      |    410.5 |  1263.5  |      205 |            1399 |
|    0 |       184 | True      |   1231.5 |  1263.5  |      205 |            1531 |
|    0 |       185 | True      |   2052.5 |  1263.5  |      205 |            1422 |
|    0 |       186 | True      |    410.5 |  2105.83 |      205 |            1288 |
|    0 |       187 | True      |   1231.5 |  2105.83 |      205 |            1407 |
|    0 |       188 | True      |   2052.5 |  2105.83 |      205 |            1298 |
|    0 |       189 | True      |    410.5 |   421.17 |      215 |             814 |
|    0 |       190 | True      |   1231.5 |   421.17 |      215 |             924 |
|    0 |       191 | True      |   2052.5 |   421.17 |      215 |             888 |
|    0 |       192 | True      |    410.5 |  1263.5  |      215 |            1390 |
|    0 |       193 | True      |   1231.5 |  1263.5  |      215 |            1535 |
|    0 |       194 | True      |   2052.5 |  1263.5  |      215 |            1446 |
|    0 |       195 | True      |    410.5 |  2105.83 |      215 |            1260 |
|    0 |       196 | True      |   1231.5 |  2105.83 |      215 |            1386 |
|    0 |       197 | True      |   2052.5 |  2105.83 |      215 |            1297 |
|    0 |       198 | True      |    410.5 |   421.17 |      225 |             812 |
|    0 |       199 | True      |   1231.5 |   421.17 |      225 |             921 |
|    0 |       200 | True      |   2052.5 |   421.17 |      225 |             897 |
|    0 |       201 | True      |    410.5 |  1263.5  |      225 |            1343 |
|    0 |       202 | True      |   1231.5 |  1263.5  |      225 |            1488 |
|    0 |       203 | True      |   2052.5 |  1263.5  |      225 |            1422 |
|    0 |       204 | True      |    410.5 |  2105.83 |      225 |            1208 |
|    0 |       205 | True      |   1231.5 |  2105.83 |      225 |            1335 |
|    0 |       206 | True      |   2052.5 |  2105.83 |      225 |            1269 |
|    0 |       207 | True      |    410.5 |   421.17 |      235 |             819 |
|    0 |       208 | True      |   1231.5 |   421.17 |      235 |             911 |
|    0 |       209 | True      |   2052.5 |   421.17 |      235 |             891 |
|    0 |       210 | True      |    410.5 |  1263.5  |      235 |            1336 |
|    0 |       211 | True      |   1231.5 |  1263.5  |      235 |            1462 |
|    0 |       212 | True      |   2052.5 |  1263.5  |      235 |            1400 |
|    0 |       213 | True      |    410.5 |  2105.83 |      235 |            1200 |
|    0 |       214 | True      |   1231.5 |  2105.83 |      235 |            1311 |
|    0 |       215 | True      |   2052.5 |  2105.83 |      235 |            1249 |
|    0 |       216 | True      |    410.5 |   421.17 |      245 |             792 |
|    0 |       217 | True      |   1231.5 |   421.17 |      245 |             874 |
|    0 |       218 | True      |   2052.5 |   421.17 |      245 |             854 |
|    0 |       219 | True      |    410.5 |  1263.5  |      245 |            1281 |
|    0 |       220 | True      |   1231.5 |  1263.5  |      245 |            1390 |
|    0 |       221 | True      |   2052.5 |  1263.5  |      245 |            1340 |
|    0 |       222 | True      |    410.5 |  2105.83 |      245 |            1180 |
|    0 |       223 | True      |   1231.5 |  2105.83 |      245 |            1280 |
|    0 |       224 | True      |   2052.5 |  2105.83 |      245 |            1230 |
|    0 |       225 | True      |    410.5 |   421.17 |      255 |             755 |
|    0 |       226 | True      |   1231.5 |   421.17 |      255 |             835 |
|    0 |       227 | True      |   2052.5 |   421.17 |      255 |             811 |
|    0 |       228 | True      |    410.5 |  1263.5  |      255 |            1215 |
|    0 |       229 | True      |   1231.5 |  1263.5  |      255 |            1322 |
|    0 |       230 | True      |   2052.5 |  1263.5  |      255 |            1275 |
|    0 |       231 | True      |    410.5 |  2105.83 |      255 |            1144 |
|    0 |       232 | True      |   1231.5 |  2105.83 |      255 |            1242 |
|    0 |       233 | True      |   2052.5 |  2105.83 |      255 |            1195 |
|    0 |       234 | True      |    410.5 |   421.17 |      265 |             716 |
|    0 |       235 | True      |   1231.5 |   421.17 |      265 |             800 |
|    0 |       236 | True      |   2052.5 |   421.17 |      265 |             775 |
|    0 |       237 | True      |    410.5 |  1263.5  |      265 |            1148 |
|    0 |       238 | True      |   1231.5 |  1263.5  |      265 |            1255 |
|    0 |       239 | True      |   2052.5 |  1263.5  |      265 |            1214 |
|    0 |       240 | True      |    410.5 |  2105.83 |      265 |            1093 |
|    0 |       241 | True      |   1231.5 |  2105.83 |      265 |            1194 |
|    0 |       242 | True      |   2052.5 |  2105.83 |      265 |            1154 |
|    0 |       243 | True      |    410.5 |   421.17 |      275 |             698 |
|    0 |       244 | True      |   1231.5 |   421.17 |      275 |             782 |
|    0 |       245 | True      |   2052.5 |   421.17 |      275 |             760 |
|    0 |       246 | True      |    410.5 |  1263.5  |      275 |            1100 |
|    0 |       247 | True      |   1231.5 |  1263.5  |      275 |            1211 |
|    0 |       248 | True      |   2052.5 |  1263.5  |      275 |            1175 |
|    0 |       249 | True      |    410.5 |  2105.83 |      275 |            1057 |
|    0 |       250 | True      |   1231.5 |  2105.83 |      275 |            1163 |
|    0 |       251 | True      |   2052.5 |  2105.83 |      275 |            1128 |
|    0 |       252 | True      |    410.5 |   421.17 |      285 |             675 |
|    0 |       253 | True      |   1231.5 |   421.17 |      285 |             749 |
|    0 |       254 | True      |   2052.5 |   421.17 |      285 |             728 |
|    0 |       255 | True      |    410.5 |  1263.5  |      285 |            1069 |
|    0 |       256 | True      |   1231.5 |  1263.5  |      285 |            1174 |
|    0 |       257 | True      |   2052.5 |  1263.5  |      285 |            1142 |
|    0 |       258 | True      |    410.5 |  2105.83 |      285 |            1037 |
|    0 |       259 | True      |   1231.5 |  2105.83 |      285 |            1139 |
|    0 |       260 | True      |   2052.5 |  2105.83 |      285 |            1108 |
|    0 |       261 | True      |    410.5 |   421.17 |      295 |             667 |
|    0 |       262 | True      |   1231.5 |   421.17 |      295 |             736 |
|    0 |       263 | True      |   2052.5 |   421.17 |      295 |             716 |
|    0 |       264 | True      |    410.5 |  1263.5  |      295 |            1041 |
|    0 |       265 | True      |   1231.5 |  1263.5  |      295 |            1141 |
|    0 |       266 | True      |   2052.5 |  1263.5  |      295 |            1111 |
|    0 |       267 | True      |    410.5 |  2105.83 |      295 |            1025 |
|    0 |       268 | True      |   1231.5 |  2105.83 |      295 |            1123 |
|    0 |       269 | True      |   2052.5 |  2105.83 |      295 |            1093 |
|    0 |       270 | True      |    410.5 |   421.17 |      305 |             628 |
|    0 |       271 | True      |   1231.5 |   421.17 |      305 |             688 |
|    0 |       272 | True      |   2052.5 |   421.17 |      305 |             662 |
|    0 |       273 | True      |    410.5 |  1263.5  |      305 |             992 |
|    0 |       274 | True      |   1231.5 |  1263.5  |      305 |            1082 |
|    0 |       275 | True      |   2052.5 |  1263.5  |      305 |            1045 |
|    0 |       276 | True      |    410.5 |  2105.83 |      305 |             982 |
|    0 |       277 | True      |   1231.5 |  2105.83 |      305 |            1070 |
|    0 |       278 | True      |   2052.5 |  2105.83 |      305 |            1033 |
|    0 |       279 | True      |    410.5 |   421.17 |      315 |             597 |
|    0 |       280 | True      |   1231.5 |   421.17 |      315 |             660 |
|    0 |       281 | True      |   2052.5 |   421.17 |      315 |             635 |
|    0 |       282 | True      |    410.5 |  1263.5  |      315 |             941 |
|    0 |       283 | True      |   1231.5 |  1263.5  |      315 |            1034 |
|    0 |       284 | True      |   2052.5 |  1263.5  |      315 |            1000 |
|    0 |       285 | True      |    410.5 |  2105.83 |      315 |             935 |
|    0 |       286 | True      |   1231.5 |  2105.83 |      315 |            1028 |
|    0 |       287 | True      |   2052.5 |  2105.83 |      315 |             994 |
|    0 |       288 | True      |    410.5 |   421.17 |      325 |             567 |
|    0 |       289 | True      |   1231.5 |   421.17 |      325 |             623 |
|    0 |       290 | True      |   2052.5 |   421.17 |      325 |             600 |
|    0 |       291 | True      |    410.5 |  1263.5  |      325 |             904 |
|    0 |       292 | True      |   1231.5 |  1263.5  |      325 |             987 |
|    0 |       293 | True      |   2052.5 |  1263.5  |      325 |             955 |
|    0 |       294 | True      |    410.5 |  2105.83 |      325 |             899 |
|    0 |       295 | True      |   1231.5 |  2105.83 |      325 |             982 |
|    0 |       296 | True      |   2052.5 |  2105.83 |      325 |             950 |
|    0 |       297 | True      |    410.5 |   421.17 |      335 |             539 |
|    0 |       298 | True      |   1231.5 |   421.17 |      335 |             588 |
|    0 |       299 | True      |   2052.5 |   421.17 |      335 |             567 |
|    0 |       300 | True      |    410.5 |  1263.5  |      335 |             854 |
|    0 |       301 | True      |   1231.5 |  1263.5  |      335 |             932 |
|    0 |       302 | True      |   2052.5 |  1263.5  |      335 |             902 |
|    0 |       303 | True      |    410.5 |  2105.83 |      335 |             851 |
|    0 |       304 | True      |   1231.5 |  2105.83 |      335 |             929 |
|    0 |       305 | True      |   2052.5 |  2105.83 |      335 |             899 |
|    0 |       306 | True      |    410.5 |   421.17 |      345 |             500 |
|    0 |       307 | True      |   1231.5 |   421.17 |      345 |             536 |
|    0 |       308 | True      |   2052.5 |   421.17 |      345 |             518 |
|    0 |       309 | True      |    410.5 |  1263.5  |      345 |             798 |
|    0 |       310 | True      |   1231.5 |  1263.5  |      345 |             856 |
|    0 |       311 | True      |   2052.5 |  1263.5  |      345 |             829 |
|    0 |       312 | True      |    410.5 |  2105.83 |      345 |             798 |
|    0 |       313 | True      |   1231.5 |  2105.83 |      345 |             856 |
|    0 |       314 | True      |   2052.5 |  2105.83 |      345 |             829 |
|    0 |       315 | True      |    410.5 |   421.17 |      355 |             458 |
|    0 |       316 | True      |   1231.5 |   421.17 |      355 |             486 |
|    0 |       317 | True      |   2052.5 |   421.17 |      355 |             468 |
|    0 |       318 | True      |    410.5 |  1263.5  |      355 |             732 |
|    0 |       319 | True      |   1231.5 |  1263.5  |      355 |             785 |
|    0 |       320 | True      |   2052.5 |  1263.5  |      355 |             761 |
|    0 |       321 | True      |    410.5 |  2105.83 |      355 |             732 |
|    0 |       322 | True      |   1231.5 |  2105.83 |      355 |             785 |
|    0 |       323 | True      |   2052.5 |  2105.83 |      355 |             761 |
|    0 |       324 | True      |    410.5 |   421.17 |      365 |             430 |
|    0 |       325 | True      |   1231.5 |   421.17 |      365 |             457 |
|    0 |       326 | True      |   2052.5 |   421.17 |      365 |             442 |
|    0 |       327 | True      |    410.5 |  1263.5  |      365 |             694 |
|    0 |       328 | True      |   1231.5 |  1263.5  |      365 |             745 |
|    0 |       329 | True      |   2052.5 |  1263.5  |      365 |             726 |
|    0 |       330 | True      |    410.5 |  2105.83 |      365 |             694 |
|    0 |       331 | True      |   1231.5 |  2105.83 |      365 |             745 |
|    0 |       332 | True      |   2052.5 |  2105.83 |      365 |             726 |
|    0 |       333 | True      |    410.5 |   421.17 |      375 |             421 |
|    0 |       334 | True      |   1231.5 |   421.17 |      375 |             440 |
|    0 |       335 | True      |   2052.5 |   421.17 |      375 |             425 |
|    0 |       336 | True      |    410.5 |  1263.5  |      375 |             675 |
|    0 |       337 | True      |   1231.5 |  1263.5  |      375 |             722 |
|    0 |       338 | True      |   2052.5 |  1263.5  |      375 |             704 |
|    0 |       339 | True      |    410.5 |  2105.83 |      375 |             675 |
|    0 |       340 | True      |   1231.5 |  2105.83 |      375 |             722 |
|    0 |       341 | True      |   2052.5 |  2105.83 |      375 |             704 |
|    0 |       342 | True      |    410.5 |   421.17 |      385 |             361 |
|    0 |       343 | True      |   1231.5 |   421.17 |      385 |             375 |
|    0 |       344 | True      |   2052.5 |   421.17 |      385 |             365 |
|    0 |       345 | True      |    410.5 |  1263.5  |      385 |             569 |
|    0 |       346 | True      |   1231.5 |  1263.5  |      385 |             605 |
|    0 |       347 | True      |   2052.5 |  1263.5  |      385 |             594 |
|    0 |       348 | True      |    410.5 |  2105.83 |      385 |             569 |
|    0 |       349 | True      |   1231.5 |  2105.83 |      385 |             605 |
|    0 |       350 | True      |   2052.5 |  2105.83 |      385 |             594 |
|    0 |       351 | True      |    410.5 |   421.17 |      395 |             219 |
|    0 |       352 | True      |   1231.5 |   421.17 |      395 |             223 |
|    0 |       353 | True      |   2052.5 |   421.17 |      395 |             221 |
|    0 |       354 | True      |    410.5 |  1263.5  |      395 |             338 |
|    0 |       355 | True      |   1231.5 |  1263.5  |      395 |             354 |
|    0 |       356 | True      |   2052.5 |  1263.5  |      395 |             352 |
|    0 |       357 | True      |    410.5 |  2105.83 |      395 |             338 |
|    0 |       358 | True      |   1231.5 |  2105.83 |      395 |             354 |
|    0 |       359 | True      |   2052.5 |  2105.83 |      395 |             352 |
+------+-----------+-----------+----------+----------+----------+-----------------+


Timing information for reference profile formation
+-------------------+---------------+
| Read time         | 17.60 seconds |
| Extract time      | 0.57 seconds  |
| Pre-process time  | 0.02 seconds  |
| Process time      | 9.24 seconds  |
| Post-process time | 0.00 seconds  |
| Total time        | 27.33 seconds |
+-------------------+---------------+

================================================================================

Integrating reflections

 Split 680 reflections overlapping job boundaries

Memory situation report:
  Available system memory                           : 201.2 GB
  Maximum memory for processing                     : 181.1 GB
  Memory required per process                       :   0.3 GB

Processing reflections in the following blocks of images:

 block_size: Auto 

+-----+---------+--------------+------------+--------------+------------+-----------------+
|   # |   Group |   Frame From |   Frame To |   Angle From |   Angle To |   # Reflections |
|-----+---------+--------------+------------+--------------+------------+-----------------|
|   0 |       0 |            1 |        109 |        216   |      270.5 |           52198 |
|   1 |       0 |           98 |        206 |        264.5 |      319   |           47639 |
|   2 |       0 |          195 |        303 |        313   |      367.5 |           47752 |
|   3 |       0 |          292 |        400 |        361.5 |      416   |           51458 |
+-----+---------+--------------+------------+--------------+------------+-----------------+

 Using multiprocessing with 4 parallel job(s)


 Frames: 0 -> 109

 Number of reflections
  Partial:     2531
  Full:        49667
  In ice ring: 0
  Integrate:   52198
  Total:       52198


 Frames: 97 -> 206

 Number of reflections
  Partial:     338
  Full:        47301
  In ice ring: 0
  Integrate:   47639
  Total:       47639


 Frames: 194 -> 303

 Number of reflections
  Partial:     336
  Full:        47416
  In ice ring: 0
  Integrate:   47752
  Total:       47752


 Frames: 291 -> 400

 Number of reflections
  Partial:     2481
  Full:        48977
  In ice ring: 0
  Integrate:   51458
  Total:       51458


 Summary vs image number
+------+---------+----------+----------+----------+---------+---------+---------+-------+----------+----------+----------+-----------+
|   ID |   Image |   # full |   # part |   # over |   # ice |   # sum |   # prf |   Ibg |   I/sigI |   I/sigI |   CC prf |   RMSD XY |
|      |         |          |          |          |         |         |         |       |    (sum) |    (prf) |          |           |
|------+---------+----------+----------+----------+---------+---------+---------+-------+----------+----------+----------+-----------|
|    0 |       1 |        0 |     1469 |        0 |       0 |    1241 |     427 |  0.2  |     1.09 |     3.21 |     0.56 |      0.63 |
|    0 |       2 |        4 |      476 |        0 |       0 |     411 |     431 |  0.21 |     3.24 |     3.27 |     0.58 |      0.44 |
|    0 |       3 |      333 |      210 |        0 |       0 |     461 |     475 |  0.2  |     3    |     3.02 |     0.56 |      0.4  |
|    0 |       4 |      413 |       75 |        0 |       0 |     410 |     429 |  0.21 |     3.14 |     3.1  |     0.58 |      0.37 |
|    0 |       5 |      429 |       41 |        0 |       0 |     396 |     408 |  0.22 |     4.01 |     4.03 |     0.58 |      0.38 |
|    0 |       6 |      470 |       15 |        0 |       0 |     405 |     423 |  0.2  |     3.24 |     3.41 |     0.57 |      0.38 |
|    0 |       7 |      466 |       16 |        0 |       0 |     404 |     418 |  0.2  |     3.23 |     3.27 |     0.56 |      0.38 |
|    0 |       8 |      522 |       12 |        0 |       0 |     455 |     476 |  0.2  |     2.88 |     2.79 |     0.56 |      0.37 |
|    0 |       9 |      511 |        7 |        0 |       0 |     452 |     474 |  0.21 |     3.28 |     3.26 |     0.58 |      0.36 |
|    0 |      10 |      434 |        8 |        0 |       0 |     375 |     387 |  0.22 |     4.21 |     4.31 |     0.59 |      0.36 |
|    0 |      11 |      482 |        7 |        0 |       0 |     417 |     437 |  0.2  |     2.77 |     2.93 |     0.56 |      0.37 |
|    0 |      12 |      490 |        6 |        0 |       0 |     427 |     443 |  0.2  |     3.55 |     3.59 |     0.57 |      0.39 |
|    0 |      13 |      526 |        2 |        0 |       0 |     452 |     469 |  0.21 |     3.8  |     4.02 |     0.58 |      0.36 |
|    0 |      14 |      517 |        4 |        0 |       0 |     441 |     460 |  0.22 |     4.34 |     4.39 |     0.59 |      0.35 |
|    0 |      15 |      440 |        6 |        0 |       0 |     380 |     399 |  0.2  |     3.06 |     3.02 |     0.57 |      0.36 |
|    0 |      16 |      476 |        5 |        0 |       0 |     405 |     427 |  0.21 |     4.21 |     4.17 |     0.57 |      0.37 |
|    0 |      17 |      513 |        3 |        0 |       0 |     427 |     444 |  0.22 |     3.7  |     3.85 |     0.58 |      0.37 |
|    0 |      18 |      494 |        3 |        0 |       0 |     405 |     431 |  0.21 |     3.76 |     3.59 |     0.57 |      0.34 |
|    0 |      19 |      500 |        2 |        0 |       0 |     424 |     443 |  0.21 |     3.65 |     3.58 |     0.57 |      0.35 |
|    0 |      20 |      487 |        3 |        0 |       0 |     424 |     442 |  0.22 |     4.21 |     4.1  |     0.58 |      0.38 |
|    0 |      21 |      502 |        2 |        0 |       0 |     437 |     459 |  0.23 |     4.07 |     4.49 |     0.59 |      0.38 |
|    0 |      22 |      475 |        3 |        0 |       0 |     406 |     421 |  0.21 |     3.91 |     3.92 |     0.57 |      0.37 |
|    0 |      23 |      474 |        1 |        0 |       0 |     388 |     419 |  0.21 |     4.44 |     4.46 |     0.58 |      0.37 |
|    0 |      24 |      518 |        0 |        0 |       0 |     442 |     461 |  0.21 |     3.98 |     3.98 |     0.58 |      0.4  |
|    0 |      25 |      502 |        2 |        0 |       0 |     429 |     447 |  0.22 |     4.48 |     4.46 |     0.57 |      0.4  |
|    0 |      26 |      497 |        2 |        0 |       0 |     421 |     438 |  0.21 |     4.19 |     4.18 |     0.58 |      0.37 |
|    0 |      27 |      485 |        2 |        0 |       0 |     422 |     433 |  0.22 |     3.92 |     4.08 |     0.57 |      0.4  |
|    0 |      28 |      474 |        3 |        0 |       0 |     387 |     408 |  0.22 |     4.2  |     4.35 |     0.57 |      0.4  |
|    0 |      29 |      510 |        1 |        0 |       0 |     434 |     454 |  0.21 |     4.19 |     4.17 |     0.57 |      0.41 |
|    0 |      30 |      490 |        1 |        0 |       0 |     425 |     439 |  0.22 |     4.15 |     4.12 |     0.57 |      0.37 |
|    0 |      31 |      490 |        0 |        0 |       0 |     428 |     446 |  0.22 |     4.03 |     4.12 |     0.57 |      0.41 |
|    0 |      32 |      495 |        0 |        0 |       0 |     426 |     448 |  0.21 |     3.71 |     3.61 |     0.57 |      0.39 |
|    0 |      33 |      503 |        1 |        0 |       0 |     423 |     438 |  0.22 |     4.16 |     4.29 |     0.57 |      0.39 |
|    0 |      34 |      504 |        3 |        0 |       0 |     420 |     438 |  0.21 |     3.71 |     3.7  |     0.57 |      0.4  |
|    0 |      35 |      493 |        0 |        0 |       0 |     419 |     439 |  0.21 |     4.21 |     4.2  |     0.56 |      0.38 |
|    0 |      36 |      511 |        1 |        0 |       0 |     437 |     455 |  0.22 |     4.53 |     4.61 |     0.57 |      0.4  |
|    0 |      37 |      496 |        1 |        0 |       0 |     416 |     439 |  0.21 |     3.42 |     3.64 |     0.56 |      0.41 |
|    0 |      38 |      456 |        0 |        0 |       0 |     377 |     399 |  0.2  |     3.73 |     3.81 |     0.55 |      0.41 |
|    0 |      39 |      492 |        0 |        0 |       0 |     417 |     440 |  0.2  |     3.61 |     3.52 |     0.56 |      0.39 |
|    0 |      40 |      511 |        2 |        0 |       0 |     436 |     451 |  0.21 |     4.13 |     4.05 |     0.56 |      0.39 |
|    0 |      41 |      483 |        2 |        0 |       0 |     417 |     431 |  0.2  |     3.3  |     3.32 |     0.55 |      0.4  |
|    0 |      42 |      486 |        0 |        0 |       0 |     400 |     419 |  0.2  |     3.91 |     3.93 |     0.55 |      0.39 |
|    0 |      43 |      497 |        2 |        0 |       0 |     420 |     437 |  0.19 |     3.92 |     3.85 |     0.55 |      0.4  |
|    0 |      44 |      488 |        0 |        0 |       0 |     401 |     422 |  0.19 |     3.85 |     3.78 |     0.55 |      0.41 |
|    0 |      45 |      502 |        1 |        0 |       0 |     399 |     428 |  0.19 |     3.68 |     3.87 |     0.55 |      0.41 |
|    0 |      46 |      505 |        0 |        0 |       0 |     419 |     435 |  0.19 |     3.53 |     3.48 |     0.55 |      0.43 |
|    0 |      47 |      480 |        0 |        0 |       0 |     406 |     427 |  0.2  |     4.42 |     4.49 |     0.56 |      0.4  |
|    0 |      48 |      511 |        2 |        0 |       0 |     441 |     458 |  0.18 |     3.26 |     3.39 |     0.53 |      0.4  |
|    0 |      49 |      500 |        3 |        0 |       0 |     429 |     443 |  0.19 |     3.97 |     3.92 |     0.56 |      0.39 |
|    0 |      50 |      489 |        1 |        0 |       0 |     417 |     439 |  0.17 |     3.02 |     3.03 |     0.53 |      0.4  |
|    0 |      51 |      505 |        0 |        0 |       0 |     427 |     444 |  0.2  |     4.38 |     4.33 |     0.55 |      0.37 |
|    0 |      52 |      508 |        0 |        0 |       0 |     438 |     455 |  0.18 |     2.98 |     3.05 |     0.53 |      0.4  |
|    0 |      53 |      488 |        0 |        0 |       0 |     417 |     435 |  0.18 |     3.23 |     3.36 |     0.54 |      0.4  |
|    0 |      54 |      496 |        0 |        0 |       0 |     420 |     434 |  0.18 |     3.4  |     3.39 |     0.54 |      0.4  |
|    0 |      55 |      482 |        2 |        0 |       0 |     409 |     427 |  0.18 |     3.28 |     3.24 |     0.53 |      0.41 |
|    0 |      56 |      519 |        0 |        0 |       0 |     446 |     463 |  0.18 |     3.5  |     3.54 |     0.53 |      0.4  |
|    0 |      57 |      495 |        0 |        0 |       0 |     415 |     431 |  0.19 |     3.32 |     3.35 |     0.54 |      0.41 |
|    0 |      58 |      480 |        2 |        0 |       0 |     408 |     427 |  0.18 |     4.12 |     4.05 |     0.53 |      0.43 |
|    0 |      59 |      542 |        0 |        0 |       0 |     461 |     480 |  0.18 |     3.5  |     3.45 |     0.53 |      0.43 |
|    0 |      60 |      474 |        0 |        0 |       0 |     408 |     427 |  0.18 |     3.18 |     3.32 |     0.53 |      0.41 |
|    0 |      61 |      525 |        0 |        0 |       0 |     437 |     460 |  0.17 |     3.37 |     3.26 |     0.53 |      0.42 |
|    0 |      62 |      499 |        0 |        0 |       0 |     426 |     444 |  0.18 |     3.02 |     3.05 |     0.53 |      0.43 |
|    0 |      63 |      461 |        0 |        0 |       0 |     392 |     412 |  0.17 |     3.26 |     3.19 |     0.52 |      0.42 |
|    0 |      64 |      518 |        0 |        0 |       0 |     440 |     459 |  0.17 |     2.91 |     2.97 |     0.52 |      0.43 |
|    0 |      65 |      489 |        0 |        0 |       0 |     410 |     423 |  0.17 |     2.84 |     2.82 |     0.52 |      0.42 |
|    0 |      66 |      485 |        2 |        0 |       0 |     408 |     426 |  0.18 |     3.74 |     3.68 |     0.53 |      0.43 |
|    0 |      67 |      510 |        0 |        0 |       0 |     433 |     446 |  0.17 |     3.15 |     3.12 |     0.52 |      0.42 |
|    0 |      68 |      490 |        2 |        0 |       0 |     419 |     436 |  0.17 |     3.13 |     3.18 |     0.52 |      0.43 |
|    0 |      69 |      515 |        0 |        0 |       0 |     430 |     446 |  0.18 |     3.49 |     3.42 |     0.53 |      0.43 |
|    0 |      70 |      500 |        0 |        0 |       0 |     425 |     446 |  0.17 |     2.8  |     3    |     0.52 |      0.43 |
|    0 |      71 |      498 |        4 |        0 |       0 |     429 |     456 |  0.17 |     3.68 |     3.77 |     0.52 |      0.43 |
|    0 |      72 |      466 |        1 |        0 |       0 |     403 |     413 |  0.17 |     2.93 |     2.86 |     0.51 |      0.41 |
|    0 |      73 |      499 |        2 |        0 |       0 |     410 |     436 |  0.17 |     3.09 |     2.94 |     0.52 |      0.42 |
|    0 |      74 |      502 |        2 |        0 |       0 |     428 |     449 |  0.17 |     3.22 |     3.28 |     0.52 |      0.41 |
|    0 |      75 |      484 |        0 |        0 |       0 |     422 |     441 |  0.17 |     3.61 |     3.52 |     0.52 |      0.43 |
|    0 |      76 |      490 |        0 |        0 |       0 |     430 |     438 |  0.18 |     3.7  |     3.83 |     0.53 |      0.44 |
|    0 |      77 |      502 |       10 |        0 |       0 |     432 |     453 |  0.17 |     3.04 |     3.12 |     0.52 |      0.45 |
|    0 |      78 |      483 |        0 |        0 |       0 |     405 |     419 |  0.17 |     3.41 |     3.34 |     0.52 |      0.48 |
|    0 |      79 |      540 |        0 |        0 |       0 |     459 |     481 |  0.17 |     3.19 |     3.15 |     0.52 |      0.44 |
|    0 |      80 |      498 |        4 |        0 |       0 |     426 |     442 |  0.17 |     3.63 |     3.73 |     0.52 |      0.46 |
|    0 |      81 |      499 |        0 |        0 |       0 |     429 |     443 |  0.17 |     3.03 |     2.94 |     0.52 |      0.43 |
|    0 |      82 |      503 |        2 |        0 |       0 |     421 |     443 |  0.16 |     2.8  |     2.67 |     0.51 |      0.43 |
|    0 |      83 |      474 |        0 |        0 |       0 |     411 |     426 |  0.16 |     2.92 |     2.85 |     0.51 |      0.44 |
|    0 |      84 |      487 |        2 |        0 |       0 |     403 |     423 |  0.17 |     3.38 |     3.33 |     0.52 |      0.44 |
|    0 |      85 |      496 |        4 |        0 |       0 |     427 |     444 |  0.17 |     3.82 |     3.78 |     0.53 |      0.44 |
|    0 |      86 |      491 |        0 |        0 |       0 |     422 |     447 |  0.17 |     3.12 |     3.13 |     0.52 |      0.44 |
|    0 |      87 |      489 |        2 |        0 |       0 |     404 |     429 |  0.16 |     3.37 |     3.25 |     0.51 |      0.44 |
|    0 |      88 |      497 |        0 |        0 |       0 |     424 |     446 |  0.16 |     3.21 |     3.18 |     0.51 |      0.44 |
|    0 |      89 |      523 |        8 |        0 |       0 |     450 |     464 |  0.17 |     3.4  |     3.41 |     0.53 |      0.42 |
|    0 |      90 |      508 |       10 |        0 |       0 |     445 |     459 |  0.16 |     2.69 |     2.76 |     0.52 |      0.42 |
|    0 |      91 |      464 |        0 |        0 |       0 |     391 |     411 |  0.16 |     2.95 |     2.91 |     0.51 |      0.42 |
|    0 |      92 |      481 |        5 |        0 |       0 |     415 |     431 |  0.17 |     3.95 |     3.8  |     0.53 |      0.45 |
|    0 |      93 |      496 |        6 |        0 |       0 |     430 |     443 |  0.17 |     2.93 |     2.89 |     0.52 |      0.43 |
|    0 |      94 |      517 |        4 |        0 |       0 |     454 |     471 |  0.16 |     2.83 |     2.88 |     0.52 |      0.43 |
|    0 |      95 |      467 |       10 |        0 |       0 |     412 |     430 |  0.16 |     2.71 |     2.66 |     0.51 |      0.42 |
|    0 |      96 |      509 |        4 |        0 |       0 |     426 |     438 |  0.15 |     2.97 |     2.98 |     0.51 |      0.42 |
|    0 |      97 |      496 |       10 |        0 |       0 |     428 |     445 |  0.16 |     2.7  |     2.9  |     0.52 |      0.42 |
|    0 |      98 |      478 |        9 |        0 |       0 |     411 |     432 |  0.17 |     3.42 |     3.4  |     0.53 |      0.42 |
|    0 |      99 |      479 |        6 |        0 |       0 |     410 |     426 |  0.16 |     3.55 |     3.55 |     0.52 |      0.46 |
|    0 |     100 |      504 |       11 |        0 |       0 |     434 |     449 |  0.15 |     2.24 |     2.28 |     0.51 |      0.45 |
|    0 |     101 |      463 |       26 |        0 |       0 |     428 |     434 |  0.15 |     2.73 |     2.86 |     0.51 |      0.45 |
|    0 |     102 |      486 |       14 |        0 |       0 |     414 |     444 |  0.16 |     3.01 |     2.76 |     0.52 |      0.42 |
|    0 |     103 |      511 |       34 |        0 |       0 |     464 |     475 |  0.17 |     3.45 |     3.46 |     0.52 |      0.44 |
|    0 |     104 |      455 |       49 |        0 |       0 |     429 |     436 |  0.16 |     3.03 |     2.98 |     0.53 |      0.44 |
|    0 |     105 |      447 |       24 |        0 |       0 |     405 |     421 |  0.16 |     3.08 |     2.98 |     0.54 |      0.4  |
|    0 |     106 |      528 |       10 |        0 |       0 |     467 |     480 |  0.15 |     2.59 |     2.57 |     0.51 |      0.46 |
|    0 |     107 |      480 |       20 |        0 |       0 |     435 |     448 |  0.15 |     2.45 |     2.57 |     0.51 |      0.43 |
|    0 |     108 |      477 |       14 |        0 |       0 |     408 |     431 |  0.16 |     2.76 |     2.71 |     0.53 |      0.41 |
|    0 |     109 |      479 |       14 |        0 |       0 |     406 |     423 |  0.15 |     2.76 |     2.7  |     0.52 |      0.44 |
|    0 |     110 |      483 |       12 |        0 |       0 |     422 |     438 |  0.16 |     3.18 |     3.16 |     0.53 |      0.44 |
|    0 |     111 |      508 |        9 |        0 |       0 |     424 |     448 |  0.15 |     2.63 |     2.64 |     0.51 |      0.42 |
|    0 |     112 |      501 |        4 |        0 |       0 |     431 |     449 |  0.16 |     3.06 |     2.89 |     0.52 |      0.44 |
|    0 |     113 |      481 |        2 |        0 |       0 |     416 |     439 |  0.16 |     2.89 |     2.78 |     0.52 |      0.42 |
|    0 |     114 |      445 |        2 |        0 |       0 |     382 |     398 |  0.16 |     2.81 |     2.61 |     0.53 |      0.43 |
|    0 |     115 |      522 |        4 |        0 |       0 |     452 |     469 |  0.15 |     2.87 |     2.75 |     0.51 |      0.44 |
|    0 |     116 |      518 |        2 |        0 |       0 |     439 |     460 |  0.16 |     3.07 |     2.95 |     0.52 |      0.44 |
|    0 |     117 |      497 |        4 |        0 |       0 |     420 |     438 |  0.15 |     2.49 |     2.42 |     0.5  |      0.44 |
|    0 |     118 |      457 |        2 |        0 |       0 |     399 |     410 |  0.17 |     2.87 |     2.86 |     0.54 |      0.41 |
|    0 |     119 |      486 |        3 |        0 |       0 |     401 |     422 |  0.15 |     2.5  |     2.39 |     0.51 |      0.44 |
|    0 |     120 |      508 |        8 |        0 |       0 |     427 |     450 |  0.14 |     1.96 |     1.86 |     0.5  |      0.41 |
|    0 |     121 |      506 |        2 |        0 |       0 |     439 |     464 |  0.16 |     2.84 |     2.76 |     0.53 |      0.42 |
|    0 |     122 |      439 |        2 |        0 |       0 |     374 |     391 |  0.16 |     2.79 |     2.85 |     0.53 |      0.41 |
|    0 |     123 |      515 |        2 |        0 |       0 |     441 |     459 |  0.15 |     2.79 |     2.67 |     0.51 |      0.42 |
|    0 |     124 |      495 |        4 |        0 |       0 |     416 |     437 |  0.15 |     2.51 |     2.39 |     0.51 |      0.44 |
|    0 |     125 |      510 |        0 |        0 |       0 |     446 |     466 |  0.16 |     2.68 |     2.62 |     0.52 |      0.43 |
|    0 |     126 |      448 |        0 |        0 |       0 |     380 |     396 |  0.16 |     3.06 |     2.92 |     0.53 |      0.41 |
|    0 |     127 |      496 |        2 |        0 |       0 |     425 |     441 |  0.15 |     2.72 |     2.73 |     0.5  |      0.47 |
|    0 |     128 |      519 |        6 |        0 |       0 |     445 |     462 |  0.15 |     2.29 |     2.29 |     0.52 |      0.42 |
|    0 |     129 |      503 |        0 |        0 |       0 |     428 |     440 |  0.15 |     2.43 |     2.38 |     0.52 |      0.43 |
|    0 |     130 |      458 |        2 |        0 |       0 |     386 |     404 |  0.15 |     2.92 |     3.04 |     0.52 |      0.41 |
|    0 |     131 |      514 |        0 |        0 |       0 |     426 |     454 |  0.15 |     2.75 |     2.6  |     0.51 |      0.41 |
|    0 |     132 |      442 |        0 |        0 |       0 |     370 |     388 |  0.15 |     2.5  |     2.4  |     0.51 |      0.42 |
|    0 |     133 |      508 |        2 |        0 |       0 |     425 |     440 |  0.16 |     2.79 |     2.75 |     0.52 |      0.43 |
|    0 |     134 |      520 |        0 |        0 |       0 |     440 |     470 |  0.15 |     2.38 |     2.17 |     0.51 |      0.43 |
|    0 |     135 |      467 |        2 |        0 |       0 |     404 |     425 |  0.14 |     2.26 |     2.27 |     0.51 |      0.4  |
|    0 |     136 |      475 |        0 |        0 |       0 |     411 |     424 |  0.15 |     2.44 |     2.45 |     0.51 |      0.43 |
|    0 |     137 |      473 |        0 |        0 |       0 |     401 |     420 |  0.15 |     2.51 |     2.41 |     0.52 |      0.42 |
|    0 |     138 |      530 |        2 |        0 |       0 |     432 |     463 |  0.15 |     2.41 |     2.26 |     0.51 |      0.43 |
|    0 |     139 |      489 |        0 |        0 |       0 |     417 |     431 |  0.15 |     2.33 |     2.25 |     0.52 |      0.43 |
|    0 |     140 |      480 |        0 |        0 |       0 |     417 |     430 |  0.15 |     2.65 |     2.51 |     0.52 |      0.39 |
|    0 |     141 |      492 |        0 |        0 |       0 |     418 |     434 |  0.15 |     2.39 |     2.29 |     0.52 |      0.43 |
|    0 |     142 |      483 |        0 |        0 |       0 |     403 |     427 |  0.14 |     2.16 |     2.07 |     0.49 |      0.45 |
|    0 |     143 |      471 |        0 |        0 |       0 |     400 |     419 |  0.14 |     1.85 |     1.72 |     0.5  |      0.46 |
|    0 |     144 |      488 |        3 |        0 |       0 |     410 |     430 |  0.15 |     2.5  |     2.45 |     0.52 |      0.41 |
|    0 |     145 |      495 |        0 |        0 |       0 |     426 |     434 |  0.15 |     2.28 |     2.23 |     0.51 |      0.44 |
|    0 |     146 |      498 |        0 |        0 |       0 |     434 |     455 |  0.15 |     2.63 |     2.62 |     0.52 |      0.42 |
|    0 |     147 |      497 |        0 |        0 |       0 |     416 |     435 |  0.15 |     2.34 |     2.23 |     0.52 |      0.43 |
|    0 |     148 |      481 |        0 |        0 |       0 |     403 |     419 |  0.15 |     2.41 |     2.31 |     0.51 |      0.43 |
|    0 |     149 |      477 |        0 |        0 |       0 |     410 |     425 |  0.14 |     2.37 |     2.39 |     0.5  |      0.45 |
|    0 |     150 |      512 |        0 |        0 |       0 |     440 |     463 |  0.15 |     2.32 |     2.26 |     0.51 |      0.44 |
|    0 |     151 |      474 |        0 |        0 |       0 |     401 |     423 |  0.14 |     2.1  |     2.15 |     0.5  |      0.43 |
|    0 |     152 |      484 |        0 |        0 |       0 |     413 |     430 |  0.13 |     1.7  |     1.62 |     0.49 |      0.45 |
|    0 |     153 |      484 |        0 |        0 |       0 |     409 |     421 |  0.15 |     2.55 |     2.5  |     0.51 |      0.41 |
|    0 |     154 |      501 |        0 |        0 |       0 |     427 |     452 |  0.16 |     2.22 |     2.16 |     0.52 |      0.44 |
|    0 |     155 |      481 |        0 |        0 |       0 |     409 |     430 |  0.14 |     2.15 |     2.16 |     0.52 |      0.42 |
|    0 |     156 |      509 |        3 |        0 |       0 |     422 |     447 |  0.15 |     2.5  |     2.36 |     0.51 |      0.45 |
|    0 |     157 |      491 |        0 |        0 |       0 |     429 |     445 |  0.15 |     2.72 |     2.55 |     0.53 |      0.42 |
|    0 |     158 |      505 |        0 |        0 |       0 |     433 |     454 |  0.15 |     2.29 |     2.32 |     0.52 |      0.42 |
|    0 |     159 |      471 |        0 |        0 |       0 |     392 |     406 |  0.14 |     2.16 |     2.16 |     0.5  |      0.47 |
|    0 |     160 |      492 |        0 |        0 |       0 |     431 |     444 |  0.14 |     1.76 |     1.85 |     0.5  |      0.45 |
|    0 |     161 |      487 |        0 |        0 |       0 |     399 |     422 |  0.14 |     2.19 |     2.08 |     0.51 |      0.46 |
|    0 |     162 |      477 |        7 |        0 |       0 |     417 |     432 |  0.15 |     2.07 |     1.97 |     0.52 |      0.43 |
|    0 |     163 |      477 |        3 |        0 |       0 |     420 |     429 |  0.14 |     1.67 |     1.61 |     0.5  |      0.43 |
|    0 |     164 |      504 |        0 |        0 |       0 |     427 |     439 |  0.13 |     1.8  |     1.71 |     0.5  |      0.44 |
|    0 |     165 |      483 |        0 |        0 |       0 |     414 |     432 |  0.15 |     2.38 |     2.29 |     0.51 |      0.44 |
|    0 |     166 |      463 |        0 |        0 |       0 |     383 |     407 |  0.15 |     2.06 |     1.96 |     0.51 |      0.43 |
|    0 |     167 |      492 |        0 |        0 |       0 |     429 |     440 |  0.15 |     2.42 |     2.35 |     0.52 |      0.42 |
|    0 |     168 |      476 |        4 |        0 |       0 |     401 |     416 |  0.13 |     1.66 |     1.57 |     0.49 |      0.43 |
|    0 |     169 |      526 |        2 |        0 |       0 |     451 |     472 |  0.15 |     2.65 |     2.56 |     0.51 |      0.43 |
|    0 |     170 |      493 |        0 |        0 |       0 |     415 |     432 |  0.14 |     1.78 |     1.86 |     0.5  |      0.43 |
|    0 |     171 |      464 |        0 |        0 |       0 |     391 |     410 |  0.15 |     2.34 |     2.2  |     0.52 |      0.41 |
|    0 |     172 |      485 |        0 |        0 |       0 |     406 |     428 |  0.14 |     2.23 |     2.06 |     0.51 |      0.43 |
|    0 |     173 |      478 |        2 |        0 |       0 |     409 |     428 |  0.14 |     2.14 |     2.02 |     0.5  |      0.42 |
|    0 |     174 |      495 |        4 |        0 |       0 |     423 |     444 |  0.14 |     2.28 |     2.22 |     0.51 |      0.43 |
|    0 |     175 |      524 |        2 |        0 |       0 |     450 |     473 |  0.14 |     1.9  |     1.79 |     0.5  |      0.44 |
|    0 |     176 |      451 |        2 |        0 |       0 |     387 |     396 |  0.14 |     1.95 |     1.93 |     0.51 |      0.45 |
|    0 |     177 |      493 |        2 |        0 |       0 |     427 |     449 |  0.15 |     2.25 |     2.17 |     0.51 |      0.45 |
|    0 |     178 |      500 |        2 |        0 |       0 |     415 |     439 |  0.14 |     2.16 |     2.07 |     0.51 |      0.46 |
|    0 |     179 |      479 |        6 |        0 |       0 |     421 |     433 |  0.13 |     1.55 |     1.46 |     0.49 |      0.44 |
|    0 |     180 |      477 |        8 |        0 |       0 |     410 |     427 |  0.14 |     1.75 |     1.7  |     0.5  |      0.43 |
|    0 |     181 |      508 |        8 |        0 |       0 |     435 |     450 |  0.13 |     1.66 |     1.58 |     0.49 |      0.44 |
|    0 |     182 |      462 |        2 |        0 |       0 |     387 |     405 |  0.13 |     1.91 |     1.77 |     0.49 |      0.47 |
|    0 |     183 |      489 |        2 |        0 |       0 |     417 |     432 |  0.14 |     2.24 |     2.16 |     0.5  |      0.43 |
|    0 |     184 |      476 |        4 |        0 |       0 |     417 |     432 |  0.14 |     2.08 |     2    |     0.51 |      0.42 |
|    0 |     185 |      500 |        0 |        0 |       0 |     422 |     442 |  0.14 |     1.76 |     1.72 |     0.5  |      0.44 |
|    0 |     186 |      505 |        0 |        0 |       0 |     423 |     438 |  0.14 |     2.19 |     2.13 |     0.51 |      0.45 |
|    0 |     187 |      477 |        4 |        0 |       0 |     419 |     429 |  0.14 |     1.91 |     1.89 |     0.51 |      0.43 |
|    0 |     188 |      496 |        0 |        0 |       0 |     414 |     439 |  0.14 |     2.08 |     1.95 |     0.5  |      0.44 |
|    0 |     189 |      510 |        0 |        0 |       0 |     417 |     446 |  0.14 |     2.05 |     2    |     0.51 |      0.45 |
|    0 |     190 |      479 |        2 |        0 |       0 |     410 |     428 |  0.14 |     2.01 |     2    |     0.5  |      0.46 |
|    0 |     191 |      504 |        2 |        0 |       0 |     439 |     459 |  0.13 |     1.82 |     1.78 |     0.49 |      0.43 |
|    0 |     192 |      479 |        6 |        0 |       0 |     397 |     420 |  0.14 |     2.51 |     2.25 |     0.5  |      0.44 |
|    0 |     193 |      482 |        6 |        0 |       0 |     412 |     427 |  0.13 |     1.64 |     1.66 |     0.5  |      0.45 |
|    0 |     194 |      444 |       10 |        0 |       0 |     403 |     410 |  0.13 |     1.79 |     1.67 |     0.5  |      0.45 |
|    0 |     195 |      513 |        8 |        0 |       0 |     432 |     451 |  0.14 |     1.99 |     1.98 |     0.5  |      0.46 |
|    0 |     196 |      486 |       11 |        0 |       0 |     426 |     441 |  0.14 |     2.14 |     2.13 |     0.52 |      0.45 |
|    0 |     197 |      506 |       10 |        0 |       0 |     447 |     457 |  0.14 |     2.22 |     2.3  |     0.51 |      0.44 |
|    0 |     198 |      463 |       15 |        0 |       0 |     398 |     418 |  0.13 |     1.46 |     1.5  |     0.49 |      0.46 |
|    0 |     199 |      479 |       17 |        0 |       0 |     426 |     438 |  0.14 |     1.86 |     1.83 |     0.5  |      0.46 |
|    0 |     200 |      467 |       27 |        0 |       0 |     420 |     424 |  0.13 |     1.52 |     1.53 |     0.5  |      0.45 |
|    0 |     201 |      454 |       48 |        0 |       0 |     418 |     432 |  0.13 |     2.12 |     2.25 |     0.5  |      0.45 |
|    0 |     202 |      473 |       28 |        0 |       0 |     429 |     447 |  0.14 |     2.09 |     2.03 |     0.52 |      0.46 |
|    0 |     203 |      527 |       24 |        0 |       0 |     453 |     483 |  0.14 |     2.48 |     2.33 |     0.52 |      0.42 |
|    0 |     204 |      472 |       12 |        0 |       0 |     414 |     430 |  0.13 |     1.66 |     1.66 |     0.49 |      0.45 |
|    0 |     205 |      482 |       26 |        0 |       0 |     430 |     454 |  0.14 |     2.23 |     2.22 |     0.51 |      0.44 |
|    0 |     206 |      488 |       14 |        0 |       0 |     416 |     433 |  0.13 |     1.46 |     1.6  |     0.49 |      0.45 |
|    0 |     207 |      477 |        6 |        0 |       0 |     420 |     439 |  0.13 |     1.81 |     1.69 |     0.5  |      0.44 |
|    0 |     208 |      469 |        6 |        0 |       0 |     398 |     418 |  0.13 |     1.4  |     1.35 |     0.49 |      0.46 |
|    0 |     209 |      490 |       10 |        0 |       0 |     433 |     445 |  0.14 |     2.18 |     2.09 |     0.52 |      0.45 |
|    0 |     210 |      513 |       14 |        0 |       0 |     453 |     472 |  0.13 |     1.82 |     1.72 |     0.5  |      0.44 |
|    0 |     211 |      495 |        4 |        0 |       0 |     425 |     444 |  0.14 |     2.01 |     2.02 |     0.5  |      0.43 |
|    0 |     212 |      471 |        8 |        0 |       0 |     412 |     421 |  0.13 |     1.68 |     1.65 |     0.49 |      0.45 |
|    0 |     213 |      474 |        6 |        0 |       0 |     410 |     427 |  0.14 |     2.36 |     2.31 |     0.51 |      0.43 |
|    0 |     214 |      499 |        6 |        0 |       0 |     421 |     448 |  0.14 |     2.17 |     2.06 |     0.51 |      0.47 |
|    0 |     215 |      511 |        0 |        0 |       0 |     430 |     449 |  0.13 |     1.98 |     1.87 |     0.5  |      0.47 |
|    0 |     216 |      473 |        0 |        0 |       0 |     391 |     413 |  0.13 |     1.71 |     1.71 |     0.49 |      0.47 |
|    0 |     217 |      466 |        2 |        0 |       0 |     416 |     428 |  0.14 |     1.95 |     2    |     0.5  |      0.44 |
|    0 |     218 |      509 |        0 |        0 |       0 |     426 |     452 |  0.13 |     1.59 |     1.51 |     0.5  |      0.45 |
|    0 |     219 |      507 |        2 |        0 |       0 |     427 |     442 |  0.13 |     1.8  |     1.77 |     0.49 |      0.47 |
|    0 |     220 |      489 |        2 |        0 |       0 |     414 |     427 |  0.14 |     1.98 |     1.95 |     0.5  |      0.45 |
|    0 |     221 |      459 |        2 |        0 |       0 |     388 |     410 |  0.14 |     2.34 |     2.21 |     0.51 |      0.45 |
|    0 |     222 |      495 |        6 |        0 |       0 |     429 |     449 |  0.14 |     1.87 |     1.81 |     0.51 |      0.44 |
|    0 |     223 |      500 |        2 |        0 |       0 |     429 |     455 |  0.13 |     1.84 |     1.69 |     0.5  |      0.46 |
|    0 |     224 |      479 |        0 |        0 |       0 |     396 |     418 |  0.13 |     1.8  |     1.69 |     0.49 |      0.46 |
|    0 |     225 |      456 |        0 |        0 |       0 |     396 |     407 |  0.14 |     2.11 |     2.04 |     0.51 |      0.45 |
|    0 |     226 |      526 |        0 |        0 |       0 |     452 |     467 |  0.14 |     1.8  |     1.82 |     0.51 |      0.44 |
|    0 |     227 |      498 |        0 |        0 |       0 |     415 |     439 |  0.14 |     2.01 |     1.92 |     0.5  |      0.45 |
|    0 |     228 |      483 |        0 |        0 |       0 |     413 |     428 |  0.13 |     1.99 |     1.85 |     0.5  |      0.45 |
|    0 |     229 |      487 |        0 |        0 |       0 |     415 |     434 |  0.13 |     1.75 |     1.72 |     0.49 |      0.45 |
|    0 |     230 |      542 |        0 |        0 |       0 |     442 |     470 |  0.13 |     1.9  |     1.81 |     0.5  |      0.43 |
|    0 |     231 |      450 |        2 |        0 |       0 |     390 |     405 |  0.14 |     2.14 |     2.2  |     0.51 |      0.43 |
|    0 |     232 |      464 |        2 |        0 |       0 |     401 |     416 |  0.14 |     2.1  |     2.1  |     0.5  |      0.46 |
|    0 |     233 |      497 |        2 |        0 |       0 |     429 |     455 |  0.14 |     1.95 |     1.88 |     0.5  |      0.46 |
|    0 |     234 |      487 |        0 |        0 |       0 |     414 |     431 |  0.13 |     1.62 |     1.68 |     0.49 |      0.46 |
|    0 |     235 |      480 |        4 |        0 |       0 |     408 |     422 |  0.14 |     1.93 |     1.83 |     0.5  |      0.45 |
|    0 |     236 |      548 |        0 |        0 |       0 |     447 |     468 |  0.13 |     1.48 |     1.34 |     0.49 |      0.46 |
|    0 |     237 |      482 |        0 |        0 |       0 |     421 |     440 |  0.13 |     1.85 |     1.81 |     0.5  |      0.46 |
|    0 |     238 |      464 |        0 |        0 |       0 |     400 |     414 |  0.14 |     1.73 |     1.64 |     0.49 |      0.44 |
|    0 |     239 |      473 |        0 |        0 |       0 |     398 |     418 |  0.14 |     2.18 |     2.06 |     0.51 |      0.46 |
|    0 |     240 |      507 |        0 |        0 |       0 |     427 |     446 |  0.14 |     2.11 |     1.97 |     0.5  |      0.43 |
|    0 |     241 |      473 |        0 |        0 |       0 |     419 |     432 |  0.14 |     1.97 |     1.87 |     0.5  |      0.43 |
|    0 |     242 |      511 |        2 |        0 |       0 |     426 |     459 |  0.13 |     2.27 |     2.16 |     0.49 |      0.46 |
|    0 |     243 |      527 |        0 |        0 |       0 |     429 |     452 |  0.14 |     2.07 |     1.94 |     0.51 |      0.42 |
|    0 |     244 |      472 |        2 |        0 |       0 |     403 |     420 |  0.13 |     1.61 |     1.6  |     0.49 |      0.46 |
|    0 |     245 |      464 |        0 |        0 |       0 |     396 |     417 |  0.14 |     2.12 |     2.07 |     0.5  |      0.47 |
|    0 |     246 |      496 |        0 |        0 |       0 |     418 |     427 |  0.14 |     1.87 |     1.83 |     0.5  |      0.45 |
|    0 |     247 |      509 |        0 |        0 |       0 |     431 |     453 |  0.13 |     1.67 |     1.55 |     0.48 |      0.45 |
|    0 |     248 |      494 |        0 |        0 |       0 |     410 |     431 |  0.14 |     2.03 |     1.91 |     0.5  |      0.44 |
|    0 |     249 |      466 |        3 |        0 |       0 |     396 |     414 |  0.14 |     1.99 |     2    |     0.5  |      0.46 |
|    0 |     250 |      490 |        0 |        0 |       0 |     427 |     445 |  0.13 |     1.74 |     1.65 |     0.49 |      0.44 |
|    0 |     251 |      485 |        0 |        0 |       0 |     408 |     423 |  0.13 |     1.97 |     1.93 |     0.49 |      0.46 |
|    0 |     252 |      512 |        0 |        0 |       0 |     435 |     458 |  0.14 |     2.11 |     2.12 |     0.5  |      0.44 |
|    0 |     253 |      485 |        0 |        0 |       0 |     408 |     432 |  0.13 |     1.77 |     1.69 |     0.49 |      0.46 |
|    0 |     254 |      491 |        0 |        0 |       0 |     417 |     435 |  0.14 |     1.91 |     1.83 |     0.5  |      0.44 |
|    0 |     255 |      484 |        0 |        0 |       0 |     407 |     432 |  0.14 |     1.88 |     1.78 |     0.5  |      0.43 |
|    0 |     256 |      527 |        0 |        0 |       0 |     448 |     469 |  0.13 |     1.74 |     1.67 |     0.49 |      0.46 |
|    0 |     257 |      472 |        3 |        0 |       0 |     396 |     420 |  0.14 |     1.95 |     1.87 |     0.5  |      0.45 |
|    0 |     258 |      494 |        4 |        0 |       0 |     407 |     432 |  0.14 |     2.1  |     2.01 |     0.51 |      0.42 |
|    0 |     259 |      481 |        0 |        0 |       0 |     412 |     431 |  0.14 |     2.09 |     2    |     0.49 |      0.45 |
|    0 |     260 |      522 |        0 |        0 |       0 |     458 |     476 |  0.14 |     2.01 |     1.91 |     0.5  |      0.43 |
|    0 |     261 |      467 |        0 |        0 |       0 |     400 |     414 |  0.12 |     1.58 |     1.52 |     0.47 |      0.45 |
|    0 |     262 |      493 |        0 |        0 |       0 |     415 |     430 |  0.14 |     2.04 |     1.97 |     0.5  |      0.46 |
|    0 |     263 |      472 |        4 |        0 |       0 |     396 |     413 |  0.14 |     2.25 |     2.12 |     0.51 |      0.43 |
|    0 |     264 |      496 |        5 |        0 |       0 |     423 |     440 |  0.13 |     1.47 |     1.37 |     0.48 |      0.46 |
|    0 |     265 |      487 |        0 |        0 |       0 |     424 |     437 |  0.14 |     1.88 |     1.85 |     0.49 |      0.45 |
|    0 |     266 |      497 |        0 |        0 |       0 |     419 |     437 |  0.14 |     2.14 |     2.05 |     0.51 |      0.43 |
|    0 |     267 |      504 |        0 |        0 |       0 |     427 |     451 |  0.14 |     1.85 |     1.77 |     0.49 |      0.45 |
|    0 |     268 |      483 |        0 |        0 |       0 |     400 |     422 |  0.13 |     1.8  |     1.66 |     0.49 |      0.46 |
|    0 |     269 |      493 |        6 |        0 |       0 |     423 |     439 |  0.14 |     2.03 |     1.88 |     0.5  |      0.43 |
|    0 |     270 |      458 |        2 |        0 |       0 |     396 |     412 |  0.14 |     1.93 |     1.86 |     0.5  |      0.46 |
|    0 |     271 |      515 |        3 |        0 |       0 |     444 |     461 |  0.13 |     1.61 |     1.59 |     0.48 |      0.46 |
|    0 |     272 |      488 |        0 |        0 |       0 |     422 |     442 |  0.14 |     2.01 |     1.95 |     0.5  |      0.46 |
|    0 |     273 |      486 |        0 |        0 |       0 |     401 |     429 |  0.15 |     2.05 |     1.96 |     0.51 |      0.41 |
|    0 |     274 |      493 |        0 |        0 |       0 |     405 |     416 |  0.13 |     1.57 |     1.52 |     0.48 |      0.48 |
|    0 |     275 |      490 |        0 |        0 |       0 |     423 |     440 |  0.13 |     1.83 |     1.77 |     0.49 |      0.44 |
|    0 |     276 |      469 |        2 |        0 |       0 |     408 |     424 |  0.14 |     1.92 |     1.86 |     0.5  |      0.45 |
|    0 |     277 |      499 |        2 |        0 |       0 |     426 |     443 |  0.14 |     2.04 |     1.87 |     0.49 |      0.46 |
|    0 |     278 |      475 |        0 |        0 |       0 |     409 |     422 |  0.14 |     1.89 |     1.91 |     0.49 |      0.44 |
|    0 |     279 |      488 |        4 |        0 |       0 |     414 |     431 |  0.15 |     2.01 |     1.94 |     0.51 |      0.43 |
|    0 |     280 |      497 |        2 |        0 |       0 |     423 |     445 |  0.14 |     1.89 |     1.78 |     0.49 |      0.45 |
|    0 |     281 |      513 |        2 |        0 |       0 |     443 |     462 |  0.14 |     2.05 |     1.97 |     0.5  |      0.45 |
|    0 |     282 |      485 |        2 |        0 |       0 |     413 |     433 |  0.15 |     2.17 |     2.08 |     0.52 |      0.44 |
|    0 |     283 |      506 |        2 |        0 |       0 |     427 |     450 |  0.14 |     2.02 |     2.09 |     0.49 |      0.44 |
|    0 |     284 |      505 |        6 |        0 |       0 |     436 |     451 |  0.15 |     2.35 |     2.28 |     0.51 |      0.46 |
|    0 |     285 |      478 |        4 |        0 |       0 |     413 |     431 |  0.14 |     2.13 |     2.03 |     0.5  |      0.43 |
|    0 |     286 |      511 |        4 |        0 |       0 |     429 |     457 |  0.14 |     1.94 |     1.85 |     0.5  |      0.44 |
|    0 |     287 |      463 |        7 |        0 |       0 |     410 |     423 |  0.14 |     1.69 |     1.78 |     0.5  |      0.47 |
|    0 |     288 |      499 |        6 |        0 |       0 |     432 |     444 |  0.14 |     2    |     2.01 |     0.5  |      0.44 |
|    0 |     289 |      468 |        8 |        0 |       0 |     408 |     418 |  0.15 |     2.21 |     2.11 |     0.5  |      0.43 |
|    0 |     290 |      494 |       10 |        0 |       0 |     417 |     430 |  0.14 |     1.74 |     1.74 |     0.5  |      0.44 |
|    0 |     291 |      482 |        9 |        0 |       0 |     410 |     428 |  0.15 |     1.9  |     1.82 |     0.5  |      0.43 |
|    0 |     292 |      511 |        4 |        0 |       0 |     442 |     467 |  0.15 |     2.01 |     1.99 |     0.5  |      0.44 |
|    0 |     293 |      461 |        6 |        0 |       0 |     394 |     411 |  0.14 |     2.04 |     1.99 |     0.5  |      0.43 |
|    0 |     294 |      515 |       15 |        0 |       0 |     444 |     455 |  0.15 |     2.11 |     1.83 |     0.51 |      0.44 |
|    0 |     295 |      451 |       26 |        0 |       0 |     404 |     416 |  0.15 |     2.26 |     2.26 |     0.51 |      0.44 |
|    0 |     296 |      486 |       26 |        0 |       0 |     426 |     445 |  0.14 |     1.78 |     1.69 |     0.49 |      0.44 |
|    0 |     297 |      481 |       34 |        0 |       0 |     438 |     441 |  0.15 |     2.08 |     1.98 |     0.5  |      0.42 |
|    0 |     298 |      472 |       34 |        0 |       0 |     424 |     440 |  0.15 |     1.96 |     2.01 |     0.51 |      0.42 |
|    0 |     299 |      483 |       20 |        0 |       0 |     421 |     438 |  0.16 |     2.14 |     2.04 |     0.51 |      0.42 |
|    0 |     300 |      464 |       22 |        0 |       0 |     416 |     435 |  0.15 |     1.94 |     1.83 |     0.5  |      0.44 |
|    0 |     301 |      496 |       30 |        0 |       0 |     445 |     470 |  0.14 |     2.04 |     1.97 |     0.5  |      0.44 |
|    0 |     302 |      503 |       20 |        0 |       0 |     438 |     462 |  0.15 |     1.82 |     1.73 |     0.51 |      0.43 |
|    0 |     303 |      456 |       10 |        0 |       0 |     401 |     416 |  0.15 |     1.92 |     1.8  |     0.51 |      0.44 |
|    0 |     304 |      468 |        4 |        0 |       0 |     409 |     425 |  0.15 |     2.29 |     2.1  |     0.51 |      0.41 |
|    0 |     305 |      508 |       10 |        0 |       0 |     442 |     457 |  0.15 |     2.31 |     2.21 |     0.51 |      0.4  |
|    0 |     306 |      473 |        8 |        0 |       0 |     415 |     431 |  0.16 |     2    |     1.88 |     0.51 |      0.42 |
|    0 |     307 |      488 |        2 |        0 |       0 |     413 |     426 |  0.15 |     2.31 |     2.17 |     0.51 |      0.43 |
|    0 |     308 |      509 |        2 |        0 |       0 |     431 |     452 |  0.15 |     2.18 |     2.03 |     0.5  |      0.44 |
|    0 |     309 |      496 |        6 |        0 |       0 |     431 |     451 |  0.15 |     2.02 |     1.97 |     0.5  |      0.41 |
|    0 |     310 |      498 |        8 |        0 |       0 |     431 |     450 |  0.15 |     1.68 |     1.64 |     0.49 |      0.44 |
|    0 |     311 |      461 |        2 |        0 |       0 |     390 |     409 |  0.15 |     2.15 |     2.05 |     0.5  |      0.43 |
|    0 |     312 |      512 |        4 |        0 |       0 |     439 |     463 |  0.17 |     2.74 |     2.67 |     0.53 |      0.41 |
|    0 |     313 |      476 |        7 |        0 |       0 |     398 |     417 |  0.15 |     1.95 |     1.82 |     0.49 |      0.43 |
|    0 |     314 |      503 |        0 |        0 |       0 |     427 |     445 |  0.14 |     1.89 |     1.77 |     0.49 |      0.42 |
|    0 |     315 |      475 |        2 |        0 |       0 |     406 |     425 |  0.15 |     1.79 |     1.72 |     0.5  |      0.44 |
|    0 |     316 |      489 |        0 |        0 |       0 |     421 |     435 |  0.17 |     3.2  |     3.06 |     0.53 |      0.41 |
|    0 |     317 |      477 |        0 |        0 |       0 |     408 |     421 |  0.16 |     2.44 |     2.3  |     0.51 |      0.41 |
|    0 |     318 |      517 |        0 |        0 |       0 |     451 |     472 |  0.16 |     1.95 |     1.85 |     0.51 |      0.43 |
|    0 |     319 |      495 |        4 |        0 |       0 |     408 |     434 |  0.16 |     2.32 |     2.11 |     0.51 |      0.42 |
|    0 |     320 |      482 |        2 |        0 |       0 |     411 |     426 |  0.16 |     2.65 |     2.53 |     0.51 |      0.42 |
|    0 |     321 |      489 |        2 |        0 |       0 |     422 |     443 |  0.16 |     2.62 |     2.47 |     0.52 |      0.41 |
|    0 |     322 |      490 |        0 |        0 |       0 |     406 |     426 |  0.15 |     1.77 |     1.76 |     0.5  |      0.41 |
|    0 |     323 |      468 |        0 |        0 |       0 |     404 |     421 |  0.15 |     2.19 |     2.12 |     0.5  |      0.44 |
|    0 |     324 |      514 |        4 |        0 |       0 |     427 |     451 |  0.17 |     2.47 |     2.29 |     0.52 |      0.4  |
|    0 |     325 |      489 |        0 |        0 |       0 |     423 |     440 |  0.16 |     2.07 |     1.9  |     0.5  |      0.42 |
|    0 |     326 |      498 |        0 |        0 |       0 |     422 |     435 |  0.17 |     2.78 |     2.71 |     0.53 |      0.41 |
|    0 |     327 |      494 |        0 |        0 |       0 |     427 |     448 |  0.16 |     2.53 |     2.45 |     0.51 |      0.42 |
|    0 |     328 |      486 |        0 |        0 |       0 |     403 |     420 |  0.15 |     2.01 |     1.86 |     0.5  |      0.44 |
|    0 |     329 |      485 |        2 |        0 |       0 |     411 |     433 |  0.16 |     2.59 |     2.41 |     0.52 |      0.4  |
|    0 |     330 |      496 |        2 |        0 |       0 |     431 |     455 |  0.18 |     2.63 |     2.45 |     0.52 |      0.4  |
|    0 |     331 |      500 |        0 |        0 |       0 |     420 |     446 |  0.16 |     2.61 |     2.49 |     0.51 |      0.43 |
|    0 |     332 |      485 |        0 |        0 |       0 |     409 |     432 |  0.17 |     2.54 |     2.42 |     0.52 |      0.41 |
|    0 |     333 |      488 |        3 |        0 |       0 |     403 |     425 |  0.17 |     2.47 |     2.38 |     0.52 |      0.4  |
|    0 |     334 |      487 |        0 |        0 |       0 |     413 |     436 |  0.16 |     2.44 |     2.32 |     0.51 |      0.43 |
|    0 |     335 |      519 |        3 |        0 |       0 |     438 |     458 |  0.18 |     2.66 |     2.58 |     0.53 |      0.39 |
|    0 |     336 |      468 |        3 |        0 |       0 |     405 |     423 |  0.18 |     2.73 |     2.62 |     0.53 |      0.41 |
|    0 |     337 |      470 |        0 |        0 |       0 |     410 |     425 |  0.18 |     2.6  |     2.62 |     0.53 |      0.4  |
|    0 |     338 |      543 |        0 |        0 |       0 |     466 |     485 |  0.17 |     2.18 |     2.07 |     0.52 |      0.41 |
|    0 |     339 |      485 |        0 |        0 |       0 |     407 |     422 |  0.18 |     2.16 |     2.11 |     0.52 |      0.4  |
|    0 |     340 |      470 |        0 |        0 |       0 |     400 |     418 |  0.18 |     2.44 |     2.33 |     0.53 |      0.41 |
|    0 |     341 |      478 |        2 |        0 |       0 |     414 |     436 |  0.17 |     2.37 |     2.23 |     0.51 |      0.4  |
|    0 |     342 |      500 |        2 |        0 |       0 |     422 |     441 |  0.18 |     2.16 |     2.12 |     0.53 |      0.38 |
|    0 |     343 |      498 |        0 |        0 |       0 |     424 |     443 |  0.18 |     2.58 |     2.66 |     0.53 |      0.39 |
|    0 |     344 |      497 |        0 |        0 |       0 |     405 |     422 |  0.18 |     2.3  |     2.31 |     0.52 |      0.41 |
|    0 |     345 |      459 |        0 |        0 |       0 |     387 |     408 |  0.18 |     2.78 |     2.71 |     0.53 |      0.4  |
|    0 |     346 |      500 |        0 |        0 |       0 |     425 |     444 |  0.19 |     2.79 |     2.7  |     0.53 |      0.38 |
|    0 |     347 |      500 |        2 |        0 |       0 |     426 |     445 |  0.18 |     2.3  |     2.14 |     0.52 |      0.39 |
|    0 |     348 |      485 |        0 |        0 |       0 |     412 |     433 |  0.18 |     2.57 |     2.44 |     0.52 |      0.39 |
|    0 |     349 |      479 |        0 |        0 |       0 |     400 |     418 |  0.19 |     3.13 |     2.89 |     0.53 |      0.38 |
|    0 |     350 |      497 |        0 |        0 |       0 |     426 |     437 |  0.2  |     2.6  |     2.43 |     0.53 |      0.41 |
|    0 |     351 |      495 |        2 |        0 |       0 |     409 |     429 |  0.19 |     2.74 |     2.63 |     0.54 |      0.38 |
|    0 |     352 |      491 |        2 |        0 |       0 |     427 |     438 |  0.18 |     2    |     2.03 |     0.52 |      0.4  |
|    0 |     353 |      492 |        1 |        0 |       0 |     402 |     427 |  0.2  |     3.25 |     3.04 |     0.55 |      0.39 |
|    0 |     354 |      485 |        5 |        0 |       0 |     425 |     438 |  0.2  |     3.18 |     3.17 |     0.54 |      0.37 |
|    0 |     355 |      505 |        0 |        0 |       0 |     437 |     448 |  0.2  |     2.71 |     2.54 |     0.54 |      0.39 |
|    0 |     356 |      513 |        0 |        0 |       0 |     427 |     448 |  0.21 |     2.86 |     2.76 |     0.54 |      0.38 |
|    0 |     357 |      461 |        0 |        0 |       0 |     389 |     406 |  0.19 |     1.92 |     1.89 |     0.53 |      0.37 |
|    0 |     358 |      463 |        0 |        0 |       0 |     392 |     415 |  0.2  |     2.43 |     2.37 |     0.54 |      0.36 |
|    0 |     359 |      520 |        0 |        0 |       0 |     448 |     460 |  0.2  |     2.84 |     2.68 |     0.54 |      0.38 |
|    0 |     360 |      469 |        0 |        0 |       0 |     398 |     416 |  0.2  |     2.46 |     2.24 |     0.54 |      0.39 |
|    0 |     361 |      524 |        0 |        0 |       0 |     455 |     472 |  0.21 |     2.81 |     2.8  |     0.54 |      0.38 |
|    0 |     362 |      490 |        1 |        0 |       0 |     411 |     436 |  0.21 |     2.42 |     2.47 |     0.55 |      0.37 |
|    0 |     363 |      467 |        4 |        0 |       0 |     392 |     410 |  0.22 |     3.1  |     2.95 |     0.55 |      0.36 |
|    0 |     364 |      475 |        1 |        0 |       0 |     404 |     420 |  0.22 |     2.97 |     2.86 |     0.55 |      0.39 |
|    0 |     365 |      530 |        1 |        0 |       0 |     436 |     457 |  0.21 |     2.72 |     2.58 |     0.55 |      0.37 |
|    0 |     366 |      472 |        1 |        0 |       0 |     399 |     419 |  0.21 |     2.61 |     2.51 |     0.54 |      0.38 |
|    0 |     367 |      495 |        1 |        0 |       0 |     405 |     426 |  0.23 |     3.16 |     3.02 |     0.56 |      0.37 |
|    0 |     368 |      475 |        1 |        0 |       0 |     413 |     434 |  0.23 |     2.65 |     2.54 |     0.56 |      0.36 |
|    0 |     369 |      485 |        0 |        0 |       0 |     415 |     436 |  0.23 |     3.28 |     3.21 |     0.56 |      0.38 |
|    0 |     370 |      513 |        1 |        0 |       0 |     435 |     455 |  0.22 |     2.41 |     2.28 |     0.55 |      0.36 |
|    0 |     371 |      495 |        2 |        0 |       0 |     423 |     440 |  0.22 |     2.9  |     2.83 |     0.55 |      0.36 |
|    0 |     372 |      493 |        0 |        0 |       0 |     431 |     447 |  0.25 |     2.97 |     3.05 |     0.57 |      0.36 |
|    0 |     373 |      490 |        2 |        0 |       0 |     422 |     439 |  0.25 |     2.95 |     2.77 |     0.58 |      0.36 |
|    0 |     374 |      485 |        1 |        0 |       0 |     410 |     429 |  0.23 |     2.94 |     2.91 |     0.56 |      0.38 |
|    0 |     375 |      481 |        2 |        0 |       0 |     413 |     433 |  0.23 |     2.88 |     2.73 |     0.56 |      0.36 |
|    0 |     376 |      494 |        3 |        0 |       0 |     420 |     446 |  0.24 |     2.43 |     2.38 |     0.57 |      0.36 |
|    0 |     377 |      495 |        1 |        0 |       0 |     418 |     441 |  0.24 |     2.27 |     2.17 |     0.56 |      0.35 |
|    0 |     378 |      467 |        3 |        0 |       0 |     394 |     413 |  0.24 |     2.63 |     2.51 |     0.56 |      0.36 |
|    0 |     379 |      486 |        1 |        0 |       0 |     420 |     445 |  0.26 |     2.91 |     2.73 |     0.58 |      0.35 |
|    0 |     380 |      499 |        1 |        0 |       0 |     423 |     445 |  0.27 |     2.95 |     2.85 |     0.58 |      0.35 |
|    0 |     381 |      502 |        0 |        0 |       0 |     424 |     451 |  0.26 |     3.07 |     2.86 |     0.57 |      0.34 |
|    0 |     382 |      470 |        1 |        0 |       0 |     393 |     412 |  0.26 |     3.14 |     3.06 |     0.57 |      0.35 |
|    0 |     383 |      504 |        3 |        0 |       0 |     432 |     442 |  0.25 |     2.46 |     2.41 |     0.57 |      0.36 |
|    0 |     384 |      497 |        1 |        0 |       0 |     420 |     436 |  0.26 |     2.54 |     2.52 |     0.57 |      0.35 |
|    0 |     385 |      503 |        7 |        0 |       0 |     443 |     462 |  0.26 |     2.68 |     2.68 |     0.58 |      0.37 |
|    0 |     386 |      472 |        0 |        0 |       0 |     396 |     415 |  0.27 |     2.18 |     2.19 |     0.57 |      0.35 |
|    0 |     387 |      457 |        4 |        0 |       0 |     391 |     407 |  0.27 |     2.69 |     2.6  |     0.58 |      0.34 |
|    0 |     388 |      480 |        5 |        0 |       0 |     409 |     428 |  0.27 |     2.55 |     2.47 |     0.58 |      0.35 |
|    0 |     389 |      518 |        2 |        0 |       0 |     452 |     472 |  0.28 |     2.38 |     2.38 |     0.58 |      0.33 |
|    0 |     390 |      470 |        5 |        0 |       0 |     414 |     430 |  0.27 |     2.53 |     2.43 |     0.58 |      0.33 |
|    0 |     391 |      472 |        7 |        0 |       0 |     411 |     436 |  0.27 |     1.87 |     1.74 |     0.57 |      0.35 |
|    0 |     392 |      510 |       11 |        0 |       0 |     428 |     453 |  0.3  |     3.14 |     3.08 |     0.59 |      0.35 |
|    0 |     393 |      475 |       14 |        0 |       0 |     408 |     429 |  0.29 |     2.29 |     2.17 |     0.59 |      0.34 |
|    0 |     394 |      490 |       20 |        0 |       0 |     434 |     456 |  0.27 |     2.17 |     2.15 |     0.58 |      0.34 |
|    0 |     395 |      446 |       21 |        0 |       0 |     409 |     420 |  0.29 |     2.59 |     2.45 |     0.59 |      0.35 |
|    0 |     396 |      473 |       29 |        0 |       0 |     428 |     450 |  0.27 |     2.01 |     1.94 |     0.58 |      0.33 |
|    0 |     397 |      397 |       56 |        0 |       0 |     374 |     392 |  0.29 |     2.35 |     2.27 |     0.58 |      0.34 |
|    0 |     398 |      300 |      186 |        0 |       0 |     411 |     433 |  0.29 |     2.52 |     2.53 |     0.58 |      0.38 |
|    0 |     399 |        5 |      485 |        0 |       0 |     417 |     438 |  0.28 |     2.27 |     2.29 |     0.58 |      0.39 |
|    0 |     400 |        0 |      491 |        0 |       0 |     417 |     436 |  0.27 |     1.5  |     1.98 |     0.58 |      0.48 |
+------+---------+----------+----------+----------+---------+---------+---------+-------+----------+----------+----------+-----------+

 Summary vs resolution
+------+---------+----------+----------+----------+---------+---------+---------+-------+----------+----------+----------+-----------+
|   ID |   d min |   # full |   # part |   # over |   # ice |   # sum |   # prf |   Ibg |   I/sigI |   I/sigI |   CC prf |   RMSD XY |
|      |         |          |          |          |         |         |         |       |    (sum) |    (prf) |          |           |
|------+---------+----------+----------+----------+---------+---------+---------+-------+----------+----------+----------+-----------|
|    0 |    1.18 |      196 |        5 |        0 |       0 |     113 |     159 |  0.03 |    -0.04 |     0    |     0.29 |      0.83 |
|    0 |    1.2  |      588 |       17 |        0 |       0 |     523 |     566 |  0.03 |     0.08 |     0.03 |     0.31 |      0.82 |
|    0 |    1.23 |     1083 |       21 |        0 |       0 |     984 |    1031 |  0.04 |     0    |     0.02 |     0.31 |      0.82 |
|    0 |    1.25 |     1531 |       32 |        0 |       0 |    1307 |    1389 |  0.04 |     0.04 |     0.02 |     0.33 |      0.75 |
|    0 |    1.28 |     2213 |       55 |        0 |       0 |    1963 |    2047 |  0.05 |     0.04 |     0.02 |     0.34 |      0.71 |
|    0 |    1.3  |     2979 |       58 |        0 |       0 |    2474 |    2648 |  0.05 |     0.03 |     0.03 |     0.35 |      0.66 |
|    0 |    1.33 |     4340 |      103 |        0 |       0 |    3733 |    3943 |  0.06 |     0.03 |     0.04 |     0.36 |      0.65 |
|    0 |    1.37 |     6172 |      138 |        0 |       0 |    5294 |    5646 |  0.06 |     0.03 |     0.04 |     0.36 |      0.62 |
|    0 |    1.4  |     8668 |      194 |        0 |       0 |    7675 |    7972 |  0.07 |     0.09 |     0.06 |     0.37 |      0.59 |
|    0 |    1.45 |     9835 |      219 |        0 |       0 |    8694 |    8971 |  0.07 |     0.12 |     0.09 |     0.38 |      0.56 |
|    0 |    1.49 |    10958 |      268 |        0 |       0 |    9416 |    9839 |  0.08 |     0.16 |     0.12 |     0.39 |      0.53 |
|    0 |    1.55 |    12249 |      338 |        0 |       0 |   10249 |   10732 |  0.09 |     0.23 |     0.18 |     0.41 |      0.49 |
|    0 |    1.61 |    13280 |      501 |        0 |       0 |   11940 |   12279 |  0.09 |     0.29 |     0.24 |     0.43 |      0.46 |
|    0 |    1.68 |    14618 |      527 |        0 |       0 |   12984 |   13347 |  0.11 |     0.43 |     0.34 |     0.45 |      0.44 |
|    0 |    1.77 |    16875 |      573 |        0 |       0 |   14610 |   15144 |  0.13 |     0.65 |     0.54 |     0.48 |      0.41 |
|    0 |    1.88 |    17474 |      580 |        0 |       0 |   15715 |   16049 |  0.16 |     1.08 |     0.95 |     0.53 |      0.36 |
|    0 |    2.03 |    17487 |      591 |        0 |       0 |   14513 |   15067 |  0.2  |     1.81 |     1.67 |     0.58 |      0.33 |
|    0 |    2.23 |    17440 |      597 |        0 |       0 |   15813 |   16141 |  0.22 |     2.73 |     2.63 |     0.62 |      0.31 |
|    0 |    2.55 |    17611 |      629 |        0 |       0 |   15397 |   15775 |  0.3  |     5.34 |     5.35 |     0.72 |      0.28 |
|    0 |    3.21 |    17778 |      568 |        0 |       0 |   15652 |   16002 |  0.47 |    15.16 |    15.76 |     0.84 |      0.24 |
+------+---------+----------+----------+----------+---------+---------+---------+-------+----------+----------+----------+-----------+

 Summary for experiment 0
+---------------------------------------+-----------+----------+--------+
| Item                                  |   Overall |      Low |   High |
|---------------------------------------+-----------+----------+--------|
| dmin                                  |      1.18 |     3.21 |   1.18 |
| dmax                                  |     55.04 |    55.04 |   1.2  |
| number fully recorded                 | 193375    | 17778    | 196    |
| number partially recorded             |   6014    |   568    |   5    |
| number with invalid background pixels |  52753    |  4243    | 159    |
| number with invalid foreground pixels |  29998    |  2658    |  88    |
| number with overloaded pixels         |      0    |     0    |   0    |
| number in powder rings                |      0    |     0    |   0    |
| number processed with summation       | 169049    | 15652    | 113    |
| number processed with profile fitting | 174747    | 16002    | 159    |
| number failed in background modelling |      4    |     4    |   0    |
| number failed in summation            |  29998    |  2658    |  88    |
| number failed in profile fitting      |  24300    |  2308    |  42    |
| ibg                                   |      0.17 |     0.47 |   0.03 |
| i/sigi (summation)                    |      2.55 |    15.16 |  -0.04 |
| i/sigi (profile fitting)              |      2.52 |    15.76 |   0    |
| cc prf                                |      0.52 |     0.84 |   0.29 |
| cc_pearson sum/prf                    |      1    |     1    |   0.41 |
| cc_spearman sum/prf                   |      0.83 |     1    |   0.31 |
+---------------------------------------+-----------+----------+--------+

Timing information for integration
+-------------------+----------------+
| Read time         | 21.13 seconds  |
| Extract time      | 6.77 seconds   |
| Pre-process time  | 0.27 seconds   |
| Process time      | 137.91 seconds |
| Post-process time | 0.00 seconds   |
| Total time        | 166.80 seconds |
+-------------------+----------------+

Removing 22844 unintegrated reflections of 199389 total
Saving 176545 reflections to integrated.refl
Saving the experiments to integrated.expt
