DIALS 3.dev.146-gf69fc319a
The following parameters have been modified:

input {
  experiments = integrated.expt
  reflections = integrated.refl
}

================================================================================

Performing Laue group analysis

Filtering reflections for dataset 0
Read 209847 predicted reflections
Selected 168192 reflections integrated by profile and summation methods
Combined 4149 partial reflections with other partial reflections
Removed 3062 reflections below partiality threshold
Removed 0 intensity.sum.value reflections with I/Sig(I) < -5
Removed 527 intensity.prf.value reflections with I/Sig(I) < -5
A round of outlier rejection has been performed, 
79 outliers have been identified. 

Patterson group: F m m m (x-y+z,x+y+z,2*z)

--------------------------------------------------------------------------------

Normalising intensities for dataset 1

ML estimate of overall B_cart value:
   6.81, -0.77, -0.19
          5.51,  0.87
                 4.23
ML estimate of  -log of scale factor:
  -3.43

--------------------------------------------------------------------------------

Estimation of resolution for Laue group analysis

Resolution estimate from <I>/<σ(I)> > 4.0 : 3.00
Resolution estimate from CC½ > 0.60: 1.85
High resolution limit set to: 1.85
Selecting 65017 reflections with d > 1.85

Input crystal symmetry:
Unit cell: (34.616, 34.616, 112.881, 98.3163, 98.3163, 100.242)
Space group: P 1 (No. 1)
Change of basis op to minimum cell: b,a,-a-b-c
Crystal symmetry in minimum cell:
Unit cell: (34.616, 34.616, 111.588, 96.2426, 96.2426, 100.242)
Space group: P 1 (No. 1)
Lattice point group: F m m m (x-y+z,x+y+z,2*z)

Overall CC for 20000 unrelated pairs: 0.127
Estimated expectation value of true correlation coefficient E(CC) = 0.917
Estimated sd(CC) = 0.939 / sqrt(N)
Estimated E(CC) of true correlation coefficient from identity = 0.931

--------------------------------------------------------------------------------

Scoring individual symmetry elements

+--------------+--------+------+-------+----+---------------+
|   likelihood |   Z-CC |   CC |     N |    | Operator      |
|--------------+--------+------+-------+----+---------------|
|        0.898 |   9.26 | 0.93 | 52838 | ** | 1 |(0, 0, 0)  |
|        0.067 |   0.82 | 0.08 | 50622 |    | 2 |(1, 1, 0)  |
|        0.867 |   8.89 | 0.89 | 51694 | ** | 2 |(-1, 1, 0) |
|        0.066 |   0.91 | 0.09 | 51940 |    | 2 |(1, 1, 2)  |
+--------------+--------+------+-------+----+---------------+

--------------------------------------------------------------------------------

Scoring all possible sub-groups

+-------------------+-----+--------------+----------+--------+--------+------+-------+---------+--------------------+
| Patterson group   |     |   Likelihood |   NetZcc |   Zcc+ |   Zcc- |   CC |   CC- |   delta | Reindex operator   |
|-------------------+-----+--------------+----------+--------+--------+------+-------+---------+--------------------|
| C 1 2/m 1         | *** |        0.848 |     8.21 |   9.08 |   0.87 | 0.91 |  0.09 |     0   | a+b,a-b,-a-b-c     |
| P -1              |     |        0.13  |     4.08 |   9.26 |   5.18 | 0.93 |  0.34 |     0   | b,a,-a-b-c         |
| C 1 2/m 1         |     |        0.009 |     0.25 |   6.57 |   6.32 | 0.47 |  0.49 |     1.7 | a-b,-a-b,-a-c      |
| I 1 2/m 1         |     |        0.009 |     0.27 |   6.58 |   6.31 | 0.49 |  0.46 |     1.7 | -b,a+b+2*c,-a      |
| F m m m           |     |        0.004 |     6.45 |   6.45 |   0    | 0.48 |  0    |     1.7 | a+b,a-b,-a-b-2*c   |
+-------------------+-----+--------------+----------+--------+--------+------+-------+---------+--------------------+

Best solution: C 1 2/m 1
Unit cell: (44.3892, 53.1288, 111.588, 90, 99.7643, 90)
Reindex operator: a+b,a-b,-a-b-c
Laue group probability: 0.848
Laue group confidence: 0.780

+-------------------+--------------------------+
| Patterson group   | Corresponding MX group   |
|-------------------+--------------------------|
| C 1 2/m 1         | C 1 2 1                  |
+-------------------+--------------------------+
================================================================================

Analysing systematic absences

Laue group: C 1 2/m 1
No absences to check for this laue group

Saving reindexed experiments to symmetrized.expt in space group C 1 2 1
Saving 209847 reindexed reflections to symmetrized.refl
