DIALS 2.2.9-g061426e04-release
The following parameters have been modified:

input {
  experiments = integrated.expt
  reflections = integrated.refl
}

Data appears to be unscaled, setting intensity = profile+sum
Data appears to be unscaled, setting mtz.hklout = 'integrated.mtz'
Read 400877 predicted reflections
Selected 327900 reflections integrated by profile and summation methods
Combined 6053 partial reflections with other partial reflections
Removed 2731 reflections below partiality threshold
Removed 0 intensity.sum.value reflections with I/Sig(I) < -5.0
Removed 230 intensity.prf.value reflections with I/Sig(I) < -5.0
Saving 318886 integrated reflections to integrated.mtz

Title: From dials.export
Space group symbol from file: P4
Space group number from file: 75
Space group from matrices: P 4 (No. 75)
Point group symbol from file: 4
Number of batches: 540
Number of crystals: 1
Number of Miller indices: 318886
Resolution range: 150.004 1.17324
History:
  From DIALS 2.2.9-g061426e04-release, run on 2020-10-31 at 08:30:47 GMT
Crystal 1:
  Name: XTAL
  Project: DIALS
  Id: 1
  Unit cell: (57.784, 57.784, 150.004, 90, 90, 90)
  Number of datasets: 1
  Dataset 1:
    Name: FROMDIALS
    Id: 1
    Wavelength: 0.97625
    Number of columns: 17
    label        #valid  %valid     min     max type
    H            318886 100.00%    0.00   46.00 H: index h,k,l
    K            318886 100.00%    0.00   46.00 H: index h,k,l
    L            318886 100.00%    0.00  114.00 H: index h,k,l
    M_ISYM       318886 100.00%    1.00    8.00 Y: M/ISYM, packed partial/reject flag and symmetry number
    BATCH        318886 100.00%    1.00  540.00 B: BATCH number
    IPR          318886 100.00%  -13.52 4209.41 J: intensity
    SIGIPR       318886 100.00%    0.01   32.88 Q: standard deviation
    I            318886 100.00% -168.70 4209.69 J: intensity
    SIGI         318886 100.00%    0.01  299.21 Q: standard deviation
    BG           318886 100.00%    1.22  188.45 R: real
    SIGBG        318886 100.00%    1.23   15.23 R: real
    FRACTIONCALC 318886 100.00%    0.99    1.00 R: real
    XDET         318886 100.00%    8.17 2455.14 R: real
    YDET         318886 100.00%    6.57 2519.83 R: real
    ROT          318886 100.00%   82.10  162.90 R: real
    LP           318886 100.00%    0.00    0.75 R: real
    QE           318886 100.00%    0.71    0.85 R: real

