DIALS 1.14.32-g3faa4529d
The following parameters have been modified:

input {
  experiments = bravais_setting_2.json
  reflections = reindexed_reflections.pickle
}

Configuring refiner

Summary statistics for 101763 observations matched to predictions:
-------------------------------------------------------------------------
|                   | Min    | Q1       | Med        | Q3      | Max    |
-------------------------------------------------------------------------
| Xc - Xo (mm)      | -1.796 | -0.0361  | -0.0004064 | 0.03399 | 0.5506 |
| Yc - Yo (mm)      | -1.34  | -0.03556 | -0.0006755 | 0.03391 | 2.266  |
| Phic - Phio (deg) | -1.997 | -0.08249 | 0.000779   | 0.08395 | 1.765  |
| X weights         | 177.5  | 386.8    | 399.7      | 404.5   | 405.6  |
| Y weights         | 162.2  | 371      | 392.4      | 402.3   | 405.6  |
| Phi weights       | 37.47  | 47.92    | 48         | 48      | 48     |
-------------------------------------------------------------------------

Detecting centroid outliers using the MCD algorithm
10940 reflections have been flagged as outliers

Summary statistics for 90823 observations matched to predictions:
-------------------------------------------------------------------------
|                   | Min     | Q1       | Med       | Q3      | Max    |
-------------------------------------------------------------------------
| Xc - Xo (mm)      | -0.1664 | -0.0348  | -0.001556 | 0.02984 | 0.1777 |
| Yc - Yo (mm)      | -0.1937 | -0.03265 | -0.001305 | 0.02931 | 0.2273 |
| Phic - Phio (deg) | -0.3584 | -0.07913 | 0.000961  | 0.08123 | 0.327  |
| X weights         | 179.9   | 389.9    | 400.5     | 404.6   | 405.6  |
| Y weights         | 190.1   | 376.2    | 394.6     | 402.8   | 405.6  |
| Phi weights       | 38.01   | 47.9     | 48        | 48      | 48     |
-------------------------------------------------------------------------

Performing refinement of a single Experiment...

Refinement steps:
-------------------------------------------------
| Step | Nref  | RMSD_X   | RMSD_Y   | RMSD_Phi |
|      |       | (mm)     | (mm)     | (deg)    |
-------------------------------------------------
| 0    | 90823 | 0.046701 | 0.047875 | 0.10247  |
| 1    | 90823 | 0.046631 | 0.047789 | 0.10251  |
| 2    | 90823 | 0.046615 | 0.047757 | 0.10257  |
| 3    | 90823 | 0.04662  | 0.047741 | 0.10258  |
| 4    | 90823 | 0.046624 | 0.047736 | 0.10259  |
-------------------------------------------------
RMSD no longer decreasing

RMSDs by experiment:
----------------------------------------------
| Exp | Nref  | RMSD_X  | RMSD_Y  | RMSD_Z   |
| id  |       | (px)    | (px)    | (images) |
----------------------------------------------
| 0   | 90823 | 0.27107 | 0.27754 | 0.20517  |
----------------------------------------------

Final refined crystal model:
Crystal:
    Unit cell: (53.1729(3), 61.2449(5), 69.2913(5), 90.0, 93.04662(17), 90.0)
    Space group: C 1 2 1
    U matrix:  {{ 0.9560, -0.2863,  0.0639},
                { 0.0114,  0.2540,  0.9671},
                {-0.2931, -0.9239,  0.2461}}
    B matrix:  {{ 0.0188,  0.0000,  0.0000},
                {-0.0000,  0.0163,  0.0000},
                { 0.0010,  0.0000,  0.0145}}
    A = UB:    {{ 0.0180, -0.0047,  0.0009},
                { 0.0012,  0.0041,  0.0140},
                {-0.0053, -0.0151,  0.0036}}

Saving refined experiments to refined_experiments.json
Updating predictions for indexed reflections
Saving reflections with updated predictions to refined.pickle

Total time taken: 9.19s
