DIALS 1.14.28-gcb1926d84
The following parameters have been modified:

input {
  datablock = datablock.json
  reflections = strong.pickle
}

Found max_cell: 94.4 Angstrom
Setting d_min: 1.84
FFT gridding: (256,256,256)
Number of centroids used: 88400
Candidate solutions:
-------------------------------------------------------------------------------------------------------------------------------------------
unit_cell                        | volume | volume score | #indexed | % indexed | % indexed score | rmsd_xy | rmsd_xy score | overall score
-------------------------------------------------------------------------------------------------------------------------------------------
40.68 40.69 69.64 91.9 91.9 98.0 | 114018 | 0.01         | 90618    | 98        | 0.00            | 0.07    | 0.06          | 0.07
40.69 40.73 69.60 91.9 91.9 98.1 | 114061 | 0.01         | 90145    | 97        | 0.01            | 0.07    | 0.06          | 0.08
40.74 40.75 69.63 92.0 92.1 98.0 | 114330 | 0.01         | 90446    | 98        | 0.01            | 0.08    | 0.07          | 0.09
40.68 40.75 69.64 91.8 91.9 98.2 | 114117 | 0.01         | 90614    | 98        | 0.00            | 0.08    | 0.08          | 0.09
40.57 40.75 69.64 91.8 91.9 98.4 | 113751 | 0.01         | 90409    | 98        | 0.01            | 0.08    | 0.08          | 0.09
40.57 40.70 69.62 91.9 91.9 98.4 | 113560 | 0.00         | 90157    | 97        | 0.01            | 0.08    | 0.08          | 0.10
40.65 40.75 69.64 91.8 91.8 98.3 | 113988 | 0.01         | 90528    | 98        | 0.01            | 0.08    | 0.09          | 0.10
40.69 40.71 69.64 91.9 91.9 98.2 | 114033 | 0.01         | 90681    | 98        | 0.00            | 0.08    | 0.09          | 0.10
40.68 40.69 69.64 92.0 91.9 98.0 | 114009 | 0.01         | 89728    | 97        | 0.02            | 0.08    | 0.08          | 0.11
40.57 40.74 69.55 92.0 91.7 98.1 | 113670 | 0.01         | 88643    | 96        | 0.04            | 0.08    | 0.07          | 0.11
40.69 40.73 69.64 92.0 91.9 98.1 | 114134 | 0.01         | 90714    | 98        | 0.00            | 0.08    | 0.09          | 0.11
40.69 40.73 69.57 92.0 91.9 98.1 | 114020 | 0.01         | 89999    | 97        | 0.01            | 0.08    | 0.08          | 0.11
40.56 40.57 69.71 92.0 91.9 98.7 | 113256 | 0.00         | 84300    | 91        | 0.11            | 0.07    | 0.00          | 0.11
40.61 40.69 69.62 91.9 91.9 98.1 | 113746 | 0.01         | 89773    | 97        | 0.02            | 0.08    | 0.09          | 0.11
40.69 40.73 69.67 92.0 92.0 98.1 | 114167 | 0.01         | 90547    | 98        | 0.01            | 0.08    | 0.09          | 0.11
40.69 40.79 69.59 91.9 91.9 98.2 | 114186 | 0.01         | 90182    | 97        | 0.01            | 0.08    | 0.09          | 0.12
40.71 40.74 69.57 92.0 91.9 98.2 | 114033 | 0.01         | 90079    | 97        | 0.01            | 0.08    | 0.09          | 0.12
40.75 40.75 69.64 92.0 91.8 98.3 | 114256 | 0.01         | 90737    | 98        | 0.00            | 0.08    | 0.10          | 0.12
40.68 40.84 69.64 91.9 91.9 98.1 | 114397 | 0.01         | 90789    | 98        | 0.00            | 0.08    | 0.10          | 0.12
40.71 40.75 69.64 92.1 92.0 98.1 | 114234 | 0.01         | 90844    | 98        | 0.00            | 0.08    | 0.11          | 0.12
40.66 40.75 69.64 91.8 91.9 98.2 | 114042 | 0.01         | 90648    | 98        | 0.00            | 0.08    | 0.11          | 0.12
40.68 40.69 69.60 91.9 92.0 98.2 | 113894 | 0.01         | 90207    | 97        | 0.01            | 0.08    | 0.10          | 0.12
40.57 40.71 69.54 92.0 91.9 98.3 | 113479 | 0.00         | 89316    | 96        | 0.03            | 0.08    | 0.09          | 0.12
40.70 40.75 69.64 92.0 92.1 98.2 | 114173 | 0.01         | 90905    | 98        | 0.00            | 0.08    | 0.11          | 0.13
40.68 40.84 69.57 91.9 91.9 98.1 | 114289 | 0.01         | 89964    | 97        | 0.02            | 0.08    | 0.10          | 0.13
40.69 40.74 69.62 91.9 91.9 98.2 | 114088 | 0.01         | 90464    | 98        | 0.01            | 0.08    | 0.11          | 0.13
40.69 40.90 69.62 91.8 91.9 98.1 | 114571 | 0.02         | 89434    | 96        | 0.02            | 0.08    | 0.09          | 0.13
40.70 40.73 69.57 92.0 91.9 98.3 | 113970 | 0.01         | 90050    | 97        | 0.01            | 0.08    | 0.11          | 0.13
40.69 40.76 69.64 91.9 91.9 98.1 | 114224 | 0.01         | 90658    | 98        | 0.00            | 0.08    | 0.12          | 0.13
40.69 40.79 69.40 91.7 91.9 98.2 | 113881 | 0.01         | 86881    | 94        | 0.07            | 0.07    | 0.06          | 0.13
40.67 40.72 69.54 92.0 91.8 98.2 | 113834 | 0.01         | 89564    | 97        | 0.02            | 0.08    | 0.11          | 0.13
40.67 40.74 69.59 91.9 92.0 98.2 | 113986 | 0.01         | 90223    | 97        | 0.01            | 0.08    | 0.11          | 0.14
40.69 40.73 69.62 91.8 91.9 98.1 | 114101 | 0.01         | 89922    | 97        | 0.02            | 0.08    | 0.11          | 0.14
40.69 40.79 69.64 91.8 91.9 98.2 | 114270 | 0.01         | 90664    | 98        | 0.00            | 0.08    | 0.12          | 0.14
40.62 40.75 69.64 91.8 91.8 98.2 | 113943 | 0.01         | 90457    | 98        | 0.01            | 0.08    | 0.12          | 0.14
40.69 40.79 69.62 91.7 91.9 98.2 | 114237 | 0.01         | 89792    | 97        | 0.02            | 0.08    | 0.11          | 0.14
40.69 40.79 69.64 91.7 91.9 98.2 | 114278 | 0.01         | 89997    | 97        | 0.01            | 0.08    | 0.11          | 0.14
40.69 40.79 69.53 91.9 91.9 98.2 | 114080 | 0.01         | 89386    | 96        | 0.02            | 0.08    | 0.11          | 0.14
40.68 40.69 69.62 91.9 91.8 98.0 | 113985 | 0.01         | 89754    | 97        | 0.02            | 0.08    | 0.12          | 0.15
40.69 40.75 69.64 92.0 91.9 98.2 | 114158 | 0.01         | 90723    | 98        | 0.00            | 0.08    | 0.13          | 0.15
40.69 40.79 69.64 91.8 91.9 98.2 | 114273 | 0.01         | 90558    | 98        | 0.01            | 0.08    | 0.13          | 0.15
40.57 40.69 69.62 91.9 91.8 98.2 | 113621 | 0.00         | 89565    | 97        | 0.02            | 0.08    | 0.13          | 0.16
40.68 40.84 69.59 92.0 92.0 98.1 | 114313 | 0.01         | 90218    | 97        | 0.01            | 0.08    | 0.14          | 0.16
40.51 40.75 69.64 91.8 91.6 98.3 | 113617 | 0.00         | 88783    | 96        | 0.03            | 0.08    | 0.12          | 0.16
40.69 40.79 69.48 91.9 91.8 98.2 | 114012 | 0.01         | 88758    | 96        | 0.03            | 0.08    | 0.12          | 0.17
40.71 40.75 69.48 92.1 92.0 98.1 | 113985 | 0.01         | 88709    | 96        | 0.04            | 0.08    | 0.12          | 0.17
40.69 40.79 69.62 91.6 91.9 98.2 | 114245 | 0.01         | 89011    | 96        | 0.03            | 0.08    | 0.14          | 0.19
40.71 40.75 69.60 92.1 92.1 98.1 | 114158 | 0.01         | 90162    | 97        | 0.01            | 0.08    | 0.16          | 0.19
40.69 40.79 69.47 91.7 91.9 98.2 | 113987 | 0.01         | 87921    | 95        | 0.05            | 0.08    | 0.14          | 0.19
40.69 40.79 69.77 91.6 91.9 98.2 | 114489 | 0.02         | 89721    | 97        | 0.02            | 0.08    | 0.19          | 0.23
-------------------------------------------------------------------------------------------------------------------------------------------
Using d_min_step 0.1

################################################################################
Starting refinement (macro-cycle 1)
################################################################################

Detecting centroid outliers using the Tukey algorithm
5624 reflections have been flagged as outliers

Refinement steps:
-------------------------------------------------
| Step | Nref  | RMSD_X   | RMSD_Y   | RMSD_Phi |
|      |       | (mm)     | (mm)     | (deg)    |
-------------------------------------------------
| 0    | 36000 | 0.54219  | 0.51246  | 0.1574   |
| 1    | 36000 | 0.22912  | 0.26037  | 0.13876  |
| 2    | 36000 | 0.10706  | 0.13611  | 0.12523  |
| 3    | 36000 | 0.057653 | 0.062184 | 0.10585  |
| 4    | 36000 | 0.051918 | 0.053799 | 0.10378  |
| 5    | 36000 | 0.051683 | 0.053837 | 0.10385  |
| 6    | 36000 | 0.051676 | 0.053843 | 0.10385  |
| 7    | 36000 | 0.051676 | 0.053843 | 0.10385  |
-------------------------------------------------
RMSD no longer decreasing

RMSDs by experiment:
----------------------------------------------
| Exp | Nref  | RMSD_X  | RMSD_Y  | RMSD_Z   |
| id  |       | (px)    | (px)    | (images) |
----------------------------------------------
| 0   | 36000 | 0.30044 | 0.31304 | 0.2077   |
----------------------------------------------

Refined crystal models:
model 1 (90380 reflections):
Crystal:
    Unit cell: (40.5624(7), 40.5687(7), 69.3155(13), 92.0163(4), 91.9750(4), 98.0763(4))
    Space group: P 1
    U matrix:  {{ 0.8429,  0.5343,  0.0639},
                {-0.1842,  0.1749,  0.9672},
                { 0.5056, -0.8270,  0.2458}}
    B matrix:  {{ 0.0247,  0.0000,  0.0000},
                { 0.0035,  0.0249,  0.0000},
                { 0.0010,  0.0010,  0.0144}}
    A = UB:    {{ 0.0227,  0.0134,  0.0009},
                {-0.0030,  0.0053,  0.0140},
                { 0.0098, -0.0203,  0.0036}}

------------------------------------
| Imageset | #indexed | #unindexed |
------------------------------------
| 0        | 90380    | 2126       |
------------------------------------
Increasing resolution to 1.71 Angstrom

################################################################################
Starting refinement (macro-cycle 2)
################################################################################

Detecting centroid outliers using the Tukey algorithm
4663 reflections have been flagged as outliers

Refinement steps:
-------------------------------------------------
| Step | Nref  | RMSD_X   | RMSD_Y   | RMSD_Phi |
|      |       | (mm)     | (mm)     | (deg)    |
-------------------------------------------------
| 0    | 36000 | 0.049749 | 0.047436 | 0.10284  |
| 1    | 36000 | 0.049532 | 0.047363 | 0.10289  |
| 2    | 36000 | 0.049486 | 0.047371 | 0.10294  |
| 3    | 36000 | 0.049479 | 0.047372 | 0.10294  |
| 4    | 36000 | 0.049478 | 0.047373 | 0.10294  |
-------------------------------------------------
RMSD no longer decreasing

RMSDs by experiment:
----------------------------------------------
| Exp | Nref  | RMSD_X  | RMSD_Y  | RMSD_Z   |
| id  |       | (px)    | (px)    | (images) |
----------------------------------------------
| 0   | 36000 | 0.28766 | 0.27542 | 0.20589  |
----------------------------------------------

Refined crystal models:
model 1 (97638 reflections):
Crystal:
    Unit cell: (40.5569(6), 40.5629(6), 69.3028(10), 92.0189(4), 91.9748(4), 98.0750(4))
    Space group: P 1
    U matrix:  {{ 0.8429,  0.5342,  0.0638},
                {-0.1841,  0.1749,  0.9672},
                { 0.5056, -0.8270,  0.2458}}
    B matrix:  {{ 0.0247,  0.0000,  0.0000},
                { 0.0035,  0.0249,  0.0000},
                { 0.0010,  0.0010,  0.0144}}
    A = UB:    {{ 0.0227,  0.0134,  0.0009},
                {-0.0030,  0.0053,  0.0140},
                { 0.0098, -0.0203,  0.0036}}

------------------------------------
| Imageset | #indexed | #unindexed |
------------------------------------
| 0        | 97638    | 1380       |
------------------------------------
Increasing resolution to 1.57 Angstrom

################################################################################
Starting refinement (macro-cycle 3)
################################################################################

Detecting centroid outliers using the Tukey algorithm
5330 reflections have been flagged as outliers

Refinement steps:
-------------------------------------------------
| Step | Nref  | RMSD_X   | RMSD_Y   | RMSD_Phi |
|      |       | (mm)     | (mm)     | (deg)    |
-------------------------------------------------
| 0    | 36000 | 0.049741 | 0.04829  | 0.10388  |
| 1    | 36000 | 0.049702 | 0.048225 | 0.10391  |
| 2    | 36000 | 0.0497   | 0.048195 | 0.10395  |
| 3    | 36000 | 0.049705 | 0.04818  | 0.10396  |
| 4    | 36000 | 0.049708 | 0.048176 | 0.10397  |
-------------------------------------------------
RMSD no longer decreasing

RMSDs by experiment:
---------------------------------------------
| Exp | Nref  | RMSD_X | RMSD_Y  | RMSD_Z   |
| id  |       | (px)   | (px)    | (images) |
---------------------------------------------
| 0   | 36000 | 0.289  | 0.28009 | 0.20794  |
---------------------------------------------

Refined crystal models:
model 1 (100913 reflections):
Crystal:
    Unit cell: (40.5556(5), 40.5609(5), 69.2994(9), 92.0202(3), 91.9742(4), 98.0741(4))
    Space group: P 1
    U matrix:  {{ 0.8429,  0.5342,  0.0638},
                {-0.1841,  0.1749,  0.9672},
                { 0.5056, -0.8270,  0.2458}}
    B matrix:  {{ 0.0247,  0.0000,  0.0000},
                { 0.0035,  0.0249,  0.0000},
                { 0.0010,  0.0010,  0.0145}}
    A = UB:    {{ 0.0227,  0.0134,  0.0009},
                {-0.0030,  0.0053,  0.0140},
                { 0.0098, -0.0203,  0.0036}}

------------------------------------
| Imageset | #indexed | #unindexed |
------------------------------------
| 0        | 100913   | 1581       |
------------------------------------
Increasing resolution to 1.44 Angstrom

################################################################################
Starting refinement (macro-cycle 4)
################################################################################

Detecting centroid outliers using the Tukey algorithm
5506 reflections have been flagged as outliers

Refinement steps:
-------------------------------------------------
| Step | Nref  | RMSD_X   | RMSD_Y   | RMSD_Phi |
|      |       | (mm)     | (mm)     | (deg)    |
-------------------------------------------------
| 0    | 36000 | 0.049838 | 0.048635 | 0.10467  |
| 1    | 36000 | 0.049858 | 0.048584 | 0.10469  |
| 2    | 36000 | 0.049871 | 0.048548 | 0.10472  |
| 3    | 36000 | 0.049881 | 0.048529 | 0.10473  |
| 4    | 36000 | 0.049884 | 0.048524 | 0.10474  |
| 5    | 36000 | 0.049885 | 0.048524 | 0.10474  |
-------------------------------------------------
RMSD no longer decreasing

RMSDs by experiment:
----------------------------------------------
| Exp | Nref  | RMSD_X  | RMSD_Y  | RMSD_Z   |
| id  |       | (px)    | (px)    | (images) |
----------------------------------------------
| 0   | 36000 | 0.29003 | 0.28211 | 0.20948  |
----------------------------------------------

Refined crystal models:
model 1 (101999 reflections):
Crystal:
    Unit cell: (40.5547(5), 40.5604(5), 69.2970(8), 92.0204(3), 91.9737(4), 98.0741(4))
    Space group: P 1
    U matrix:  {{ 0.8429,  0.5342,  0.0638},
                {-0.1841,  0.1749,  0.9672},
                { 0.5056, -0.8270,  0.2458}}
    B matrix:  {{ 0.0247,  0.0000,  0.0000},
                { 0.0035,  0.0249,  0.0000},
                { 0.0010,  0.0010,  0.0145}}
    A = UB:    {{ 0.0227,  0.0134,  0.0009},
                {-0.0030,  0.0053,  0.0140},
                { 0.0098, -0.0203,  0.0036}}

------------------------------------
| Imageset | #indexed | #unindexed |
------------------------------------
| 0        | 101999   | 1629       |
------------------------------------
Increasing resolution to 1.30 Angstrom

################################################################################
Starting refinement (macro-cycle 5)
################################################################################

Detecting centroid outliers using the Tukey algorithm
5510 reflections have been flagged as outliers

Refinement steps:
-------------------------------------------------
| Step | Nref  | RMSD_X   | RMSD_Y   | RMSD_Phi |
|      |       | (mm)     | (mm)     | (deg)    |
-------------------------------------------------
| 0    | 36000 | 0.049931 | 0.048837 | 0.10428  |
| 1    | 36000 | 0.049912 | 0.048839 | 0.10427  |
| 2    | 36000 | 0.0499   | 0.048851 | 0.10426  |
| 3    | 36000 | 0.049893 | 0.048858 | 0.10425  |
| 4    | 36000 | 0.049892 | 0.04886  | 0.10425  |
-------------------------------------------------
RMSD no longer decreasing

RMSDs by experiment:
----------------------------------------------
| Exp | Nref  | RMSD_X  | RMSD_Y  | RMSD_Z   |
| id  |       | (px)    | (px)    | (images) |
----------------------------------------------
| 0   | 36000 | 0.29007 | 0.28407 | 0.2085   |
----------------------------------------------

Refined crystal models:
model 1 (102151 reflections):
Crystal:
    Unit cell: (40.5552(5), 40.5616(5), 69.2982(8), 92.0200(3), 91.9742(3), 98.0746(4))
    Space group: P 1
    U matrix:  {{ 0.8429,  0.5342,  0.0638},
                {-0.1841,  0.1749,  0.9672},
                { 0.5056, -0.8270,  0.2458}}
    B matrix:  {{ 0.0247,  0.0000,  0.0000},
                { 0.0035,  0.0249,  0.0000},
                { 0.0010,  0.0010,  0.0145}}
    A = UB:    {{ 0.0227,  0.0134,  0.0009},
                {-0.0030,  0.0053,  0.0140},
                { 0.0098, -0.0203,  0.0036}}

------------------------------------
| Imageset | #indexed | #unindexed |
------------------------------------
| 0        | 102151   | 1629       |
------------------------------------
Saving refined experiments to experiments.json
Saving refined reflections to indexed.pickle
