DIALS 1.14.32-g3faa4529d
The following parameters have been modified:

spotfinder {
  mp {
    nproc = 4
  }
}
input {
  datablock = datablock.json
}

Setting spotfinder.filter.min_spot_size=3
Configuring spot finder from input parameters
--------------------------------------------------------------------------------
Finding strong spots in imageset 0
--------------------------------------------------------------------------------


Finding spots in image 1 to 720...
Setting chunksize=20
Extracting strong pixels from images
 Using multiprocessing with 4 parallel job(s)

Found 1183 strong pixels on image 1
Found 987 strong pixels on image 2
Found 938 strong pixels on image 3
Found 934 strong pixels on image 4
Found 1082 strong pixels on image 5
Found 1019 strong pixels on image 6
Found 1046 strong pixels on image 7
Found 1048 strong pixels on image 8
Found 1022 strong pixels on image 9
Found 1032 strong pixels on image 10
Found 920 strong pixels on image 11
Found 961 strong pixels on image 12
Found 978 strong pixels on image 13
Found 1007 strong pixels on image 14
Found 1013 strong pixels on image 15
Found 1015 strong pixels on image 16
Found 940 strong pixels on image 17
Found 944 strong pixels on image 18
Found 950 strong pixels on image 19
Found 956 strong pixels on image 20
Found 1030 strong pixels on image 21
Found 1002 strong pixels on image 22
Found 908 strong pixels on image 23
Found 941 strong pixels on image 24
Found 970 strong pixels on image 25
Found 993 strong pixels on image 26
Found 949 strong pixels on image 27
Found 955 strong pixels on image 28
Found 905 strong pixels on image 29
Found 946 strong pixels on image 30
Found 1010 strong pixels on image 31
Found 1033 strong pixels on image 32
Found 957 strong pixels on image 33
Found 933 strong pixels on image 34
Found 953 strong pixels on image 35
Found 884 strong pixels on image 36
Found 854 strong pixels on image 37
Found 879 strong pixels on image 38
Found 915 strong pixels on image 39
Found 958 strong pixels on image 40
Found 1001 strong pixels on image 41
Found 945 strong pixels on image 42
Found 939 strong pixels on image 43
Found 908 strong pixels on image 44
Found 941 strong pixels on image 45
Found 820 strong pixels on image 46
Found 876 strong pixels on image 47
Found 972 strong pixels on image 48
Found 940 strong pixels on image 49
Found 971 strong pixels on image 50
Found 885 strong pixels on image 51
Found 930 strong pixels on image 52
Found 941 strong pixels on image 53
Found 1004 strong pixels on image 54
Found 922 strong pixels on image 55
Found 863 strong pixels on image 56
Found 821 strong pixels on image 57
Found 913 strong pixels on image 58
Found 839 strong pixels on image 59
Found 873 strong pixels on image 60
Found 903 strong pixels on image 61
Found 874 strong pixels on image 62
Found 896 strong pixels on image 63
Found 844 strong pixels on image 64
Found 926 strong pixels on image 65
Found 978 strong pixels on image 66
Found 888 strong pixels on image 67
Found 930 strong pixels on image 68
Found 916 strong pixels on image 69
Found 889 strong pixels on image 70
Found 966 strong pixels on image 71
Found 834 strong pixels on image 72
Found 954 strong pixels on image 73
Found 901 strong pixels on image 74
Found 847 strong pixels on image 75
Found 930 strong pixels on image 76
Found 960 strong pixels on image 77
Found 902 strong pixels on image 78
Found 882 strong pixels on image 79
Found 910 strong pixels on image 80
Found 867 strong pixels on image 81
Found 828 strong pixels on image 82
Found 902 strong pixels on image 83
Found 850 strong pixels on image 84
Found 871 strong pixels on image 85
Found 957 strong pixels on image 86
Found 822 strong pixels on image 87
Found 1055 strong pixels on image 88
Found 929 strong pixels on image 89
Found 880 strong pixels on image 90
Found 944 strong pixels on image 91
Found 991 strong pixels on image 92
Found 917 strong pixels on image 93
Found 912 strong pixels on image 94
Found 853 strong pixels on image 95
Found 892 strong pixels on image 96
Found 921 strong pixels on image 97
Found 1018 strong pixels on image 98
Found 839 strong pixels on image 99
Found 842 strong pixels on image 100
Found 889 strong pixels on image 101
Found 1016 strong pixels on image 102
Found 950 strong pixels on image 103
Found 939 strong pixels on image 104
Found 922 strong pixels on image 105
Found 937 strong pixels on image 106
Found 902 strong pixels on image 107
Found 927 strong pixels on image 108
Found 1025 strong pixels on image 109
Found 898 strong pixels on image 110
Found 852 strong pixels on image 111
Found 842 strong pixels on image 112
Found 1079 strong pixels on image 113
Found 987 strong pixels on image 114
Found 912 strong pixels on image 115
Found 849 strong pixels on image 116
Found 910 strong pixels on image 117
Found 998 strong pixels on image 118
Found 905 strong pixels on image 119
Found 918 strong pixels on image 120
Found 928 strong pixels on image 121
Found 971 strong pixels on image 122
Found 901 strong pixels on image 123
Found 882 strong pixels on image 124
Found 915 strong pixels on image 125
Found 1021 strong pixels on image 126
Found 976 strong pixels on image 127
Found 838 strong pixels on image 128
Found 849 strong pixels on image 129
Found 937 strong pixels on image 130
Found 930 strong pixels on image 131
Found 887 strong pixels on image 132
Found 935 strong pixels on image 133
Found 872 strong pixels on image 134
Found 944 strong pixels on image 135
Found 906 strong pixels on image 136
Found 976 strong pixels on image 137
Found 1005 strong pixels on image 138
Found 910 strong pixels on image 139
Found 830 strong pixels on image 140
Found 942 strong pixels on image 141
Found 937 strong pixels on image 142
Found 948 strong pixels on image 143
Found 945 strong pixels on image 144
Found 974 strong pixels on image 145
Found 888 strong pixels on image 146
Found 981 strong pixels on image 147
Found 985 strong pixels on image 148
Found 961 strong pixels on image 149
Found 1009 strong pixels on image 150
Found 947 strong pixels on image 151
Found 932 strong pixels on image 152
Found 951 strong pixels on image 153
Found 943 strong pixels on image 154
Found 1036 strong pixels on image 155
Found 1036 strong pixels on image 156
Found 976 strong pixels on image 157
Found 1037 strong pixels on image 158
Found 917 strong pixels on image 159
Found 890 strong pixels on image 160
Found 856 strong pixels on image 161
Found 944 strong pixels on image 162
Found 956 strong pixels on image 163
Found 990 strong pixels on image 164
Found 941 strong pixels on image 165
Found 987 strong pixels on image 166
Found 919 strong pixels on image 167
Found 969 strong pixels on image 168
Found 984 strong pixels on image 169
Found 906 strong pixels on image 170
Found 1033 strong pixels on image 171
Found 1064 strong pixels on image 172
Found 940 strong pixels on image 173
Found 896 strong pixels on image 174
Found 952 strong pixels on image 175
Found 936 strong pixels on image 176
Found 938 strong pixels on image 177
Found 1058 strong pixels on image 178
Found 915 strong pixels on image 179
Found 993 strong pixels on image 180
Found 962 strong pixels on image 181
Found 979 strong pixels on image 182
Found 900 strong pixels on image 183
Found 971 strong pixels on image 184
Found 944 strong pixels on image 185
Found 872 strong pixels on image 186
Found 972 strong pixels on image 187
Found 903 strong pixels on image 188
Found 1040 strong pixels on image 189
Found 1035 strong pixels on image 190
Found 1021 strong pixels on image 191
Found 936 strong pixels on image 192
Found 978 strong pixels on image 193
Found 931 strong pixels on image 194
Found 1092 strong pixels on image 195
Found 1003 strong pixels on image 196
Found 976 strong pixels on image 197
Found 852 strong pixels on image 198
Found 953 strong pixels on image 199
Found 1011 strong pixels on image 200
Found 963 strong pixels on image 201
Found 985 strong pixels on image 202
Found 963 strong pixels on image 203
Found 851 strong pixels on image 204
Found 823 strong pixels on image 205
Found 964 strong pixels on image 206
Found 847 strong pixels on image 207
Found 917 strong pixels on image 208
Found 1070 strong pixels on image 209
Found 1028 strong pixels on image 210
Found 878 strong pixels on image 211
Found 929 strong pixels on image 212
Found 932 strong pixels on image 213
Found 820 strong pixels on image 214
Found 959 strong pixels on image 215
Found 940 strong pixels on image 216
Found 939 strong pixels on image 217
Found 927 strong pixels on image 218
Found 1032 strong pixels on image 219
Found 933 strong pixels on image 220
Found 1054 strong pixels on image 221
Found 965 strong pixels on image 222
Found 1011 strong pixels on image 223
Found 949 strong pixels on image 224
Found 995 strong pixels on image 225
Found 902 strong pixels on image 226
Found 957 strong pixels on image 227
Found 1070 strong pixels on image 228
Found 925 strong pixels on image 229
Found 988 strong pixels on image 230
Found 928 strong pixels on image 231
Found 891 strong pixels on image 232
Found 956 strong pixels on image 233
Found 892 strong pixels on image 234
Found 903 strong pixels on image 235
Found 899 strong pixels on image 236
Found 1013 strong pixels on image 237
Found 928 strong pixels on image 238
Found 972 strong pixels on image 239
Found 980 strong pixels on image 240
Found 997 strong pixels on image 241
Found 935 strong pixels on image 242
Found 1009 strong pixels on image 243
Found 995 strong pixels on image 244
Found 910 strong pixels on image 245
Found 997 strong pixels on image 246
Found 892 strong pixels on image 247
Found 1011 strong pixels on image 248
Found 1062 strong pixels on image 249
Found 960 strong pixels on image 250
Found 952 strong pixels on image 251
Found 897 strong pixels on image 252
Found 947 strong pixels on image 253
Found 1025 strong pixels on image 254
Found 890 strong pixels on image 255
Found 1006 strong pixels on image 256
Found 1017 strong pixels on image 257
Found 953 strong pixels on image 258
Found 1063 strong pixels on image 259
Found 1040 strong pixels on image 260
Found 1015 strong pixels on image 261
Found 862 strong pixels on image 262
Found 949 strong pixels on image 263
Found 963 strong pixels on image 264
Found 860 strong pixels on image 265
Found 1016 strong pixels on image 266
Found 1111 strong pixels on image 267
Found 1123 strong pixels on image 268
Found 981 strong pixels on image 269
Found 1083 strong pixels on image 270
Found 991 strong pixels on image 271
Found 959 strong pixels on image 272
Found 974 strong pixels on image 273
Found 1109 strong pixels on image 274
Found 1081 strong pixels on image 275
Found 940 strong pixels on image 276
Found 953 strong pixels on image 277
Found 923 strong pixels on image 278
Found 993 strong pixels on image 279
Found 1070 strong pixels on image 280
Found 996 strong pixels on image 281
Found 958 strong pixels on image 282
Found 950 strong pixels on image 283
Found 1003 strong pixels on image 284
Found 1057 strong pixels on image 285
Found 973 strong pixels on image 286
Found 990 strong pixels on image 287
Found 922 strong pixels on image 288
Found 1018 strong pixels on image 289
Found 1058 strong pixels on image 290
Found 1039 strong pixels on image 291
Found 999 strong pixels on image 292
Found 1060 strong pixels on image 293
Found 1069 strong pixels on image 294
Found 905 strong pixels on image 295
Found 942 strong pixels on image 296
Found 994 strong pixels on image 297
Found 942 strong pixels on image 298
Found 1065 strong pixels on image 299
Found 1057 strong pixels on image 300
Found 1103 strong pixels on image 301
Found 956 strong pixels on image 302
Found 960 strong pixels on image 303
Found 923 strong pixels on image 304
Found 954 strong pixels on image 305
Found 909 strong pixels on image 306
Found 1002 strong pixels on image 307
Found 1060 strong pixels on image 308
Found 973 strong pixels on image 309
Found 945 strong pixels on image 310
Found 972 strong pixels on image 311
Found 1010 strong pixels on image 312
Found 1017 strong pixels on image 313
Found 995 strong pixels on image 314
Found 918 strong pixels on image 315
Found 918 strong pixels on image 316
Found 934 strong pixels on image 317
Found 979 strong pixels on image 318
Found 1116 strong pixels on image 319
Found 917 strong pixels on image 320
Found 944 strong pixels on image 321
Found 943 strong pixels on image 322
Found 931 strong pixels on image 323
Found 1022 strong pixels on image 324
Found 1124 strong pixels on image 325
Found 1042 strong pixels on image 326
Found 960 strong pixels on image 327
Found 1018 strong pixels on image 328
Found 914 strong pixels on image 329
Found 1067 strong pixels on image 330
Found 1005 strong pixels on image 331
Found 894 strong pixels on image 332
Found 919 strong pixels on image 333
Found 1031 strong pixels on image 334
Found 806 strong pixels on image 335
Found 891 strong pixels on image 336
Found 1005 strong pixels on image 337
Found 932 strong pixels on image 338
Found 953 strong pixels on image 339
Found 942 strong pixels on image 340
Found 1016 strong pixels on image 341
Found 900 strong pixels on image 342
Found 988 strong pixels on image 343
Found 931 strong pixels on image 344
Found 924 strong pixels on image 345
Found 835 strong pixels on image 346
Found 920 strong pixels on image 347
Found 960 strong pixels on image 348
Found 959 strong pixels on image 349
Found 896 strong pixels on image 350
Found 1028 strong pixels on image 351
Found 925 strong pixels on image 352
Found 896 strong pixels on image 353
Found 961 strong pixels on image 354
Found 954 strong pixels on image 355
Found 948 strong pixels on image 356
Found 1029 strong pixels on image 357
Found 915 strong pixels on image 358
Found 842 strong pixels on image 359
Found 966 strong pixels on image 360
Found 1051 strong pixels on image 361
Found 1015 strong pixels on image 362
Found 888 strong pixels on image 363
Found 918 strong pixels on image 364
Found 983 strong pixels on image 365
Found 928 strong pixels on image 366
Found 948 strong pixels on image 367
Found 1096 strong pixels on image 368
Found 942 strong pixels on image 369
Found 895 strong pixels on image 370
Found 842 strong pixels on image 371
Found 947 strong pixels on image 372
Found 997 strong pixels on image 373
Found 912 strong pixels on image 374
Found 954 strong pixels on image 375
Found 869 strong pixels on image 376
Found 886 strong pixels on image 377
Found 912 strong pixels on image 378
Found 847 strong pixels on image 379
Found 912 strong pixels on image 380
Found 914 strong pixels on image 381
Found 945 strong pixels on image 382
Found 816 strong pixels on image 383
Found 891 strong pixels on image 384
Found 837 strong pixels on image 385
Found 904 strong pixels on image 386
Found 969 strong pixels on image 387
Found 882 strong pixels on image 388
Found 971 strong pixels on image 389
Found 962 strong pixels on image 390
Found 921 strong pixels on image 391
Found 902 strong pixels on image 392
Found 903 strong pixels on image 393
Found 893 strong pixels on image 394
Found 847 strong pixels on image 395
Found 822 strong pixels on image 396
Found 925 strong pixels on image 397
Found 847 strong pixels on image 398
Found 935 strong pixels on image 399
Found 941 strong pixels on image 400
Found 852 strong pixels on image 401
Found 850 strong pixels on image 402
Found 880 strong pixels on image 403
Found 981 strong pixels on image 404
Found 885 strong pixels on image 405
Found 841 strong pixels on image 406
Found 904 strong pixels on image 407
Found 921 strong pixels on image 408
Found 860 strong pixels on image 409
Found 933 strong pixels on image 410
Found 841 strong pixels on image 411
Found 905 strong pixels on image 412
Found 928 strong pixels on image 413
Found 925 strong pixels on image 414
Found 940 strong pixels on image 415
Found 842 strong pixels on image 416
Found 799 strong pixels on image 417
Found 931 strong pixels on image 418
Found 847 strong pixels on image 419
Found 859 strong pixels on image 420
Found 792 strong pixels on image 421
Found 892 strong pixels on image 422
Found 844 strong pixels on image 423
Found 855 strong pixels on image 424
Found 840 strong pixels on image 425
Found 979 strong pixels on image 426
Found 855 strong pixels on image 427
Found 822 strong pixels on image 428
Found 818 strong pixels on image 429
Found 901 strong pixels on image 430
Found 978 strong pixels on image 431
Found 762 strong pixels on image 432
Found 865 strong pixels on image 433
Found 870 strong pixels on image 434
Found 786 strong pixels on image 435
Found 915 strong pixels on image 436
Found 910 strong pixels on image 437
Found 802 strong pixels on image 438
Found 893 strong pixels on image 439
Found 906 strong pixels on image 440
Found 857 strong pixels on image 441
Found 750 strong pixels on image 442
Found 874 strong pixels on image 443
Found 866 strong pixels on image 444
Found 885 strong pixels on image 445
Found 916 strong pixels on image 446
Found 801 strong pixels on image 447
Found 987 strong pixels on image 448
Found 849 strong pixels on image 449
Found 848 strong pixels on image 450
Found 893 strong pixels on image 451
Found 906 strong pixels on image 452
Found 814 strong pixels on image 453
Found 889 strong pixels on image 454
Found 869 strong pixels on image 455
Found 824 strong pixels on image 456
Found 840 strong pixels on image 457
Found 912 strong pixels on image 458
Found 819 strong pixels on image 459
Found 781 strong pixels on image 460
Found 858 strong pixels on image 461
Found 935 strong pixels on image 462
Found 949 strong pixels on image 463
Found 852 strong pixels on image 464
Found 931 strong pixels on image 465
Found 902 strong pixels on image 466
Found 857 strong pixels on image 467
Found 839 strong pixels on image 468
Found 992 strong pixels on image 469
Found 867 strong pixels on image 470
Found 809 strong pixels on image 471
Found 827 strong pixels on image 472
Found 999 strong pixels on image 473
Found 927 strong pixels on image 474
Found 831 strong pixels on image 475
Found 833 strong pixels on image 476
Found 885 strong pixels on image 477
Found 932 strong pixels on image 478
Found 893 strong pixels on image 479
Found 838 strong pixels on image 480
Found 837 strong pixels on image 481
Found 883 strong pixels on image 482
Found 819 strong pixels on image 483
Found 820 strong pixels on image 484
Found 869 strong pixels on image 485
Found 951 strong pixels on image 486
Found 894 strong pixels on image 487
Found 730 strong pixels on image 488
Found 758 strong pixels on image 489
Found 916 strong pixels on image 490
Found 871 strong pixels on image 491
Found 846 strong pixels on image 492
Found 878 strong pixels on image 493
Found 876 strong pixels on image 494
Found 935 strong pixels on image 495
Found 823 strong pixels on image 496
Found 870 strong pixels on image 497
Found 911 strong pixels on image 498
Found 756 strong pixels on image 499
Found 802 strong pixels on image 500
Found 895 strong pixels on image 501
Found 858 strong pixels on image 502
Found 861 strong pixels on image 503
Found 866 strong pixels on image 504
Found 949 strong pixels on image 505
Found 814 strong pixels on image 506
Found 905 strong pixels on image 507
Found 891 strong pixels on image 508
Found 857 strong pixels on image 509
Found 954 strong pixels on image 510
Found 884 strong pixels on image 511
Found 869 strong pixels on image 512
Found 898 strong pixels on image 513
Found 875 strong pixels on image 514
Found 939 strong pixels on image 515
Found 902 strong pixels on image 516
Found 905 strong pixels on image 517
Found 948 strong pixels on image 518
Found 847 strong pixels on image 519
Found 893 strong pixels on image 520
Found 823 strong pixels on image 521
Found 858 strong pixels on image 522
Found 881 strong pixels on image 523
Found 847 strong pixels on image 524
Found 837 strong pixels on image 525
Found 919 strong pixels on image 526
Found 818 strong pixels on image 527
Found 915 strong pixels on image 528
Found 910 strong pixels on image 529
Found 804 strong pixels on image 530
Found 968 strong pixels on image 531
Found 974 strong pixels on image 532
Found 823 strong pixels on image 533
Found 849 strong pixels on image 534
Found 883 strong pixels on image 535
Found 856 strong pixels on image 536
Found 831 strong pixels on image 537
Found 976 strong pixels on image 538
Found 903 strong pixels on image 539
Found 874 strong pixels on image 540
Found 934 strong pixels on image 541
Found 851 strong pixels on image 542
Found 828 strong pixels on image 543
Found 925 strong pixels on image 544
Found 894 strong pixels on image 545
Found 838 strong pixels on image 546
Found 841 strong pixels on image 547
Found 794 strong pixels on image 548
Found 967 strong pixels on image 549
Found 973 strong pixels on image 550
Found 936 strong pixels on image 551
Found 881 strong pixels on image 552
Found 918 strong pixels on image 553
Found 832 strong pixels on image 554
Found 1010 strong pixels on image 555
Found 951 strong pixels on image 556
Found 959 strong pixels on image 557
Found 845 strong pixels on image 558
Found 872 strong pixels on image 559
Found 954 strong pixels on image 560
Found 916 strong pixels on image 561
Found 969 strong pixels on image 562
Found 845 strong pixels on image 563
Found 825 strong pixels on image 564
Found 861 strong pixels on image 565
Found 922 strong pixels on image 566
Found 803 strong pixels on image 567
Found 868 strong pixels on image 568
Found 1007 strong pixels on image 569
Found 994 strong pixels on image 570
Found 892 strong pixels on image 571
Found 892 strong pixels on image 572
Found 867 strong pixels on image 573
Found 877 strong pixels on image 574
Found 1016 strong pixels on image 575
Found 929 strong pixels on image 576
Found 954 strong pixels on image 577
Found 849 strong pixels on image 578
Found 977 strong pixels on image 579
Found 842 strong pixels on image 580
Found 1059 strong pixels on image 581
Found 964 strong pixels on image 582
Found 983 strong pixels on image 583
Found 957 strong pixels on image 584
Found 900 strong pixels on image 585
Found 919 strong pixels on image 586
Found 982 strong pixels on image 587
Found 1029 strong pixels on image 588
Found 939 strong pixels on image 589
Found 963 strong pixels on image 590
Found 948 strong pixels on image 591
Found 861 strong pixels on image 592
Found 983 strong pixels on image 593
Found 856 strong pixels on image 594
Found 883 strong pixels on image 595
Found 889 strong pixels on image 596
Found 1043 strong pixels on image 597
Found 937 strong pixels on image 598
Found 1017 strong pixels on image 599
Found 991 strong pixels on image 600
Found 1067 strong pixels on image 601
Found 988 strong pixels on image 602
Found 1080 strong pixels on image 603
Found 990 strong pixels on image 604
Found 920 strong pixels on image 605
Found 989 strong pixels on image 606
Found 981 strong pixels on image 607
Found 1024 strong pixels on image 608
Found 1031 strong pixels on image 609
Found 963 strong pixels on image 610
Found 926 strong pixels on image 611
Found 937 strong pixels on image 612
Found 957 strong pixels on image 613
Found 1014 strong pixels on image 614
Found 961 strong pixels on image 615
Found 1011 strong pixels on image 616
Found 1027 strong pixels on image 617
Found 944 strong pixels on image 618
Found 1047 strong pixels on image 619
Found 1010 strong pixels on image 620
Found 1008 strong pixels on image 621
Found 911 strong pixels on image 622
Found 973 strong pixels on image 623
Found 993 strong pixels on image 624
Found 848 strong pixels on image 625
Found 1039 strong pixels on image 626
Found 1111 strong pixels on image 627
Found 1139 strong pixels on image 628
Found 1037 strong pixels on image 629
Found 1080 strong pixels on image 630
Found 1005 strong pixels on image 631
Found 1007 strong pixels on image 632
Found 1017 strong pixels on image 633
Found 1131 strong pixels on image 634
Found 1117 strong pixels on image 635
Found 1044 strong pixels on image 636
Found 984 strong pixels on image 637
Found 981 strong pixels on image 638
Found 1084 strong pixels on image 639
Found 1140 strong pixels on image 640
Found 1125 strong pixels on image 641
Found 955 strong pixels on image 642
Found 949 strong pixels on image 643
Found 1027 strong pixels on image 644
Found 1034 strong pixels on image 645
Found 1041 strong pixels on image 646
Found 1019 strong pixels on image 647
Found 957 strong pixels on image 648
Found 998 strong pixels on image 649
Found 1030 strong pixels on image 650
Found 1151 strong pixels on image 651
Found 1004 strong pixels on image 652
Found 1056 strong pixels on image 653
Found 1100 strong pixels on image 654
Found 935 strong pixels on image 655
Found 970 strong pixels on image 656
Found 1039 strong pixels on image 657
Found 1022 strong pixels on image 658
Found 1075 strong pixels on image 659
Found 1027 strong pixels on image 660
Found 1182 strong pixels on image 661
Found 1039 strong pixels on image 662
Found 974 strong pixels on image 663
Found 999 strong pixels on image 664
Found 1010 strong pixels on image 665
Found 1044 strong pixels on image 666
Found 1118 strong pixels on image 667
Found 1047 strong pixels on image 668
Found 985 strong pixels on image 669
Found 997 strong pixels on image 670
Found 1001 strong pixels on image 671
Found 1022 strong pixels on image 672
Found 1066 strong pixels on image 673
Found 1025 strong pixels on image 674
Found 975 strong pixels on image 675
Found 942 strong pixels on image 676
Found 1014 strong pixels on image 677
Found 1048 strong pixels on image 678
Found 1126 strong pixels on image 679
Found 979 strong pixels on image 680
Found 1031 strong pixels on image 681
Found 893 strong pixels on image 682
Found 987 strong pixels on image 683
Found 1059 strong pixels on image 684
Found 1071 strong pixels on image 685
Found 1067 strong pixels on image 686
Found 969 strong pixels on image 687
Found 1029 strong pixels on image 688
Found 1000 strong pixels on image 689
Found 1092 strong pixels on image 690
Found 1006 strong pixels on image 691
Found 952 strong pixels on image 692
Found 1028 strong pixels on image 693
Found 1073 strong pixels on image 694
Found 911 strong pixels on image 695
Found 982 strong pixels on image 696
Found 1002 strong pixels on image 697
Found 916 strong pixels on image 698
Found 1023 strong pixels on image 699
Found 1008 strong pixels on image 700
Found 1102 strong pixels on image 701
Found 970 strong pixels on image 702
Found 1008 strong pixels on image 703
Found 984 strong pixels on image 704
Found 949 strong pixels on image 705
Found 907 strong pixels on image 706
Found 980 strong pixels on image 707
Found 1031 strong pixels on image 708
Found 1010 strong pixels on image 709
Found 947 strong pixels on image 710
Found 1029 strong pixels on image 711
Found 983 strong pixels on image 712
Found 1051 strong pixels on image 713
Found 992 strong pixels on image 714
Found 1042 strong pixels on image 715
Found 970 strong pixels on image 716
Found 1087 strong pixels on image 717
Found 999 strong pixels on image 718
Found 829 strong pixels on image 719
Found 944 strong pixels on image 720

Extracted 178377 spots
Removed 74450 spots with size < 3 pixels
Removed 13 spots with size > 100 pixels
Calculated 103914 spot centroids
Calculated 103914 spot intensities
Filtered 103780 of 103914 spots by peak-centroid distance

Histogram of per-image spot count for imageset 0:
103780 spots found on 720 images (max 1982 / bin)
*                                                          *
**************    * *************** ****          * ********
************************************************************
************************************************************
************************************************************
************************************************************
************************************************************
************************************************************
************************************************************
************************************************************
1                         image                          720

--------------------------------------------------------------------------------
Saved 103780 reflections to strong.pickle
Time Taken: 79.174056
