The following parameters have been modified:

input {
  experiments = integrated_experiments.json
  reflections = integrated.pickle
}

Analysing strong spots
 Removing 21387 reflections with variance <= 0
 Selected 90844 strong reflections.........................................0.03s
Analysing reflection centroids
 Removing 21387 reflections with variance <= 0
 Removing 4815 partial reflections
 Selected 315442 summation-integrated reflections..........................0.09s
 Analysing centroid differences with I/Sigma > 10
 Analysing centroid differences in x/y with I/Sigma > 10
 Analysing centroid differences in z with I/Sigma > 10
 Analysing centroid differences vs phi with I/Sigma > 10
Analysing reflection intensities
 Removing 21387 reflections with variance <= 0
 Removing 54574 reflections with intensity <= 0
 Selected 272154 integrated reflections....................................0.04s
 Analysing distribution of I/Sigma
 Analysing distribution of I/Sigma vs xy
 Analysing distribution of I/Sigma vs xy
 Analysing distribution of I/Sigma vs z
 Analysing distribution of partialities
Analysing reference profiles
 Selected 314917 integrated reflections....................................0.05s
 Analysing reference profile distribution vs x/y
 Analysing reference profile distribution vs z
 Analysing reflection correlations vs resolution
 Analysing reflection profile correlations
 Analysing reflection profile correlations vs x/y
 Analysing reflection profile correlations vs z
 Analysing reflection profile correlations vs I/Sigma
 Analysing reflection profile correlations
 Analysing reflection profile correlations vs x/y
 Analysing reflection profile correlations vs z
 Analysing reflection profile correlations vs I/Sigma
Analysing scan-varying crystal model
Analysing scaling model
Writing html report to: dials-report.html
