DIALS 1.14.32-g3faa4529d
The following parameters have been modified:

refinement {
  parameterisation {
    scan_varying = True
  }
}
input {
  experiments = refined_experiments.json
  reflections = refined.pickle
}

Configuring refiner

Summary statistics for 101758 observations matched to predictions:
-------------------------------------------------------------------------
|                   | Min    | Q1       | Med        | Q3      | Max    |
-------------------------------------------------------------------------
| Xc - Xo (mm)      | -1.806 | -0.03455 | 0.0007619  | 0.03523 | 0.5614 |
| Yc - Yo (mm)      | -1.327 | -0.0347  | 0.0003404  | 0.03471 | 2.323  |
| Phic - Phio (deg) | -1.979 | -0.08353 | -0.0001917 | 0.08316 | 1.738  |
| X weights         | 177.5  | 386.8    | 399.7      | 404.5   | 405.6  |
| Y weights         | 162.2  | 371      | 392.4      | 402.3   | 405.6  |
| Phi weights       | 37.47  | 47.92    | 48         | 48      | 48     |
-------------------------------------------------------------------------

Detecting centroid outliers using the MCD algorithm
11127 reflections have been flagged as outliers

Summary statistics for 90631 observations matched to predictions:
--------------------------------------------------------------------------
|                   | Min     | Q1       | Med        | Q3      | Max    |
--------------------------------------------------------------------------
| Xc - Xo (mm)      | -0.1713 | -0.03327 | -0.00052   | 0.03065 | 0.1754 |
| Yc - Yo (mm)      | -0.196  | -0.03151 | -0.0001304 | 0.03034 | 0.2316 |
| Phic - Phio (deg) | -0.3626 | -0.08031 | -0.0002709 | 0.08024 | 0.3203 |
| X weights         | 179.9   | 389.9    | 400.5      | 404.6   | 405.6  |
| Y weights         | 190.1   | 376.3    | 394.6      | 402.8   | 405.6  |
| Phi weights       | 38.01   | 47.9     | 48         | 48      | 48     |
--------------------------------------------------------------------------

Performing refinement of a single Experiment...

Refinement steps:
-------------------------------------------------
| Step | Nref  | RMSD_X   | RMSD_Y   | RMSD_Phi |
|      |       | (mm)     | (mm)     | (deg)    |
-------------------------------------------------
| 0    | 90631 | 0.046367 | 0.047677 | 0.10256  |
| 1    | 90631 | 0.043558 | 0.040853 | 0.10123  |
| 2    | 90631 | 0.041581 | 0.039963 | 0.10065  |
| 3    | 90631 | 0.041011 | 0.039795 | 0.10033  |
| 4    | 90631 | 0.040882 | 0.039801 | 0.10012  |
| 5    | 90631 | 0.040855 | 0.039803 | 0.10002  |
| 6    | 90631 | 0.04085  | 0.039803 | 0.1      |
| 7    | 90631 | 0.040849 | 0.039804 | 0.099999 |
-------------------------------------------------
RMSD no longer decreasing

RMSDs by experiment:
----------------------------------------------
| Exp | Nref  | RMSD_X  | RMSD_Y  | RMSD_Z   |
| id  |       | (px)    | (px)    | (images) |
----------------------------------------------
| 0   | 90631 | 0.23749 | 0.23142 | 0.2      |
----------------------------------------------

Final refined crystal model:
Crystal:
    Unit cell: (53.1729(3), 61.2449(5), 69.2913(5), 90.0, 93.04662(17), 90.0)
    Space group: C 1 2 1
    U matrix:  {{ 0.9560, -0.2863,  0.0639},
                { 0.0114,  0.2540,  0.9671},
                {-0.2931, -0.9239,  0.2461}}
    B matrix:  {{ 0.0188,  0.0000,  0.0000},
                {-0.0000,  0.0163,  0.0000},
                { 0.0010,  0.0000,  0.0145}}
    A = UB:    {{ 0.0180, -0.0047,  0.0009},
                { 0.0012,  0.0041,  0.0140},
                {-0.0053, -0.0151,  0.0036}}
    A sampled at 721 scan points

Saving refined experiments to refined_experiments.json
Updating predictions for indexed reflections
Saving reflections with updated predictions to refined.pickle

Total time taken: 38.70s
