DIALS 1.14.32-g3faa4529d
The following parameters have been modified:

input {
  experiments = integrated_experiments.json
  reflections = integrated.pickle
}

Read 372626 predicted reflections
Selected 314917 integrated reflections
Removing 546 incomplete reflections
Removing 0 reflections with I/Sig(I) < -5.0
Removing 74 reflections with I/Sig(I) < -5.0
Saving 313391 integrated reflections to integrated.mtz

Title: from dials.export_mtz
Space group symbol from file: C2
Space group number from file: 5
Space group from matrices: C 1 2 1 (No. 5)
Point group symbol from file: 2
Number of batches: 720
Number of crystals: 1
Number of Miller indices: 313391
Resolution range: 69.1934 1.21665
History:
  From DIALS 1.14.32-g3faa4529d, run on 2019-12-07 at 08:33:36 GMT
Crystal 1:
  Name: XTAL
  Project: DIALS
  Id: 1
  Unit cell: (53.1729, 61.2449, 69.2913, 90, 93.0466, 90)
  Number of datasets: 1
  Dataset 1:
    Name: FROMDIALS
    Id: 1
    Wavelength: 1.23985
    Number of columns: 17
    label        #valid  %valid     min     max type
    H            313391 100.00%  -34.00   34.00 H: index h,k,l
    K            313391 100.00%    0.00   43.00 H: index h,k,l
    L            313391 100.00%    0.00   49.00 H: index h,k,l
    M_ISYM       313391 100.00%    1.00    4.00 Y: M/ISYM, packed partial/reject flag and symmetry number
    BATCH        313391 100.00%    1.00  720.00 B: BATCH number
    IPR          313391 100.00%   -9.96 9919.64 J: intensity
    SIGIPR       313391 100.00%    0.38   44.50 Q: standard deviation
    I            313391 100.00% -209.96 9909.45 J: intensity
    SIGI         313391 100.00%    0.59  396.04 Q: standard deviation
    BG           313391 100.00%    4.92  875.05 R: real
    SIGBG        313391 100.00%    2.35   34.28 R: real
    FRACTIONCALC 313391 100.00%    0.99    1.00 R: real
    XDET         313391 100.00%   10.89 2452.74 R: real
    YDET         313391 100.00%    9.03 2518.06 R: real
    ROT          313391 100.00%    0.13  359.85 R: real
    LP           313391 100.00%    0.01    1.01 R: real
    QE           313391 100.00%    0.92    0.99 R: real

