DIALS 1.14.32-g3faa4529d
The following parameters have been modified:

input {
  experiments = experiments.json
  reflections = indexed.pickle
}

Chiral space groups corresponding to each Bravais lattice:
aP: P1
mP: P2 P21
mC: C2
oC: C2221 C222
----------------------------------------------------------------------------------------------------------------
Solution Metric fit  rmsd  min/max cc #spots lattice                                 unit_cell volume      cb_op
----------------------------------------------------------------------------------------------------------------
       5     3.0473 2.329 0.619/0.965  36000      oC  52.65  60.72  68.50  90.00  90.00  90.00 218984 a+b,-a+b,c
       4     3.0472 2.334 0.621/0.621  36000      mC  60.71  52.65  68.50  90.00  89.94  90.00 218948  a-b,a+b,c
       3     3.0473 2.330 0.619/0.619  35999      mP  40.28  68.64  40.26  90.00  98.15  90.00 110183   -a,-c,-b
*      2     0.0314 0.072 0.965/0.965  36000      mC  53.18  61.25  69.29  90.00  93.05  90.00 225374 a+b,-a+b,c
*      1     0.0000 0.070         -/-  36000      aP  40.55  40.56  69.30  92.02  91.97  98.07 112699      a,b,c
----------------------------------------------------------------------------------------------------------------
* = recommended solution

Saving summary as bravais_summary.json
Saving solution 5 as bravais_setting_5.json
Saving solution 4 as bravais_setting_4.json
Saving solution 3 as bravais_setting_3.json
Saving solution 2 as bravais_setting_2.json
Saving solution 1 as bravais_setting_1.json
usr+sys time: 0.92 seconds
wall clock time: 20.23 seconds
