DIALS 2.2.5-g89235367c-release
The following parameters have been modified:

refinement {
  parameterisation {
    scan_varying = True
  }
}
input {
  experiments = refined.expt
  reflections = refined.refl
}

Configuring refiner

Summary statistics for 106889 observations matched to predictions:
+-------------------+--------+----------+------------+---------+--------+
|                   |    Min |       Q1 |        Med |      Q3 |    Max |
|-------------------+--------+----------+------------+---------+--------|
| Xc - Xo (mm)      |  -1.94 | -0.03432 |  0.0006267 | 0.03483 | 0.3635 |
| Yc - Yo (mm)      | -1.181 | -0.03496 | -9.466e-05 | 0.03451 |  1.727 |
| Phic - Phio (deg) | -1.061 |  -0.0839 |  3.415e-05 | 0.08361 |  1.378 |
| X weights         |    194 |    381.9 |      396.8 |   403.2 |  405.6 |
| Y weights         |  143.8 |    365.1 |      389.4 |   401.6 |  405.6 |
| Phi weights       |  39.29 |    47.95 |         48 |      48 |     48 |
+-------------------+--------+----------+------------+---------+--------+

Detecting centroid outliers using the MCD algorithm
11474 reflections have been flagged as outliers
95415 reflections remain in the manager

Summary statistics for 95415 observations matched to predictions:
+-------------------+---------+----------+------------+---------+--------+
|                   |     Min |       Q1 |        Med |      Q3 |    Max |
|-------------------+---------+----------+------------+---------+--------|
| Xc - Xo (mm)      | -0.1597 | -0.03294 |  -0.000389 | 0.03063 | 0.1746 |
| Yc - Yo (mm)      | -0.1822 |  -0.0315 | -0.0003536 | 0.03033 | 0.2338 |
| Phic - Phio (deg) | -0.3681 | -0.08071 | -7.198e-05 | 0.08054 | 0.3162 |
| X weights         |   210.9 |    385.5 |      398.2 |   403.6 |  405.6 |
| Y weights         |   143.8 |    370.7 |      392.1 |   402.3 |  405.6 |
| Phi weights       |   40.76 |    47.94 |         48 |      48 |     48 |
+-------------------+---------+----------+------------+---------+--------+

There are 91 parameters to refine against 95415 reflections in 3 dimensions
Performing refinement of a single Experiment...

Refinement steps:
+--------+--------+----------+----------+------------+
|   Step |   Nref |   RMSD_X |   RMSD_Y |   RMSD_Phi |
|        |        |     (mm) |     (mm) |      (deg) |
|--------+--------+----------+----------+------------|
|      0 |  95415 | 0.045994 | 0.047882 |    0.1047  |
|      1 |  95415 | 0.043137 | 0.040683 |    0.10342 |
|      2 |  95415 | 0.041146 | 0.039717 |    0.1028  |
|      3 |  95415 | 0.040602 | 0.039511 |    0.10247 |
|      4 |  95415 | 0.040487 | 0.039501 |    0.10226 |
|      5 |  95415 | 0.040464 | 0.039497 |    0.10216 |
|      6 |  95415 | 0.040459 | 0.039496 |    0.10214 |
|      7 |  95415 | 0.040458 | 0.039497 |    0.10214 |
+--------+--------+----------+----------+------------+
RMSD no longer decreasing

RMSDs by experiment:
+-------+--------+----------+----------+------------+
|   Exp |   Nref |   RMSD_X |   RMSD_Y |     RMSD_Z |
|    id |        |     (px) |     (px) |   (images) |
|-------+--------+----------+----------+------------|
|     0 |  95415 |  0.23522 |  0.22963 |    0.20428 |
+-------+--------+----------+----------+------------+
Updating predictions for indexed reflections

Final refined crystal model:
Crystal:
    Unit cell: (53.1698(3), 61.2427(5), 69.2884(5), 90.0, 93.04558(17), 90.0)
    Space group: C 1 2 1
    U matrix:  {{ 0.9560, -0.2863,  0.0639},
                { 0.0114,  0.2539,  0.9672},
                {-0.2931, -0.9239,  0.2460}}
    B matrix:  {{ 0.0188,  0.0000,  0.0000},
                { 0.0000,  0.0163,  0.0000},
                { 0.0010,  0.0000,  0.0145}}
    A = UB:    {{ 0.0180, -0.0047,  0.0009},
                { 0.0012,  0.0041,  0.0140},
                {-0.0053, -0.0151,  0.0036}}
    A sampled at 721 scan points
Saving refined experiments to refined.expt
Saving reflections with updated predictions to refined.refl
