DIALS 2.2.8-g86b98ad87-release
The following parameters have been modified:
input {
  experiments = symmetrized.expt
  reflections = symmetrized.refl
}

Checking for the existence of a reflection table 
containing multiple datasets 

Found 1 reflection tables & 1 experiments in total.

Dataset ids are: 0 

Space group being used during scaling is C 1 2 1

Scaling models have been initialised for all experiments.

================================================================================

The experiment id for this dataset is 0.
The scaling model type being applied is physical. 

Applying filter of min_isigi > -5.0, partiality > 0.4
Excluding 71570/380905 reflections
Reflections passing individual criteria:
criterion: user excluded, reflections: 14167
criterion: excluded for scaling, reflections: 71570

The following corrections will be applied to this dataset: 

+--------------+----------------+
| correction   |   n_parameters |
|--------------+----------------|
| scale        |             26 |
| decay        |             20 |
| absorption   |             24 |
+--------------+----------------+
A round of outlier rejection has been performed, 
9290 outliers have been identified. 

306292 reflections were preselected for scale factor determination 
out of 309335 suitable reflections: 
Reflections passing individual criteria:
criterion: in I/sigma range (I/sig > -5.0), reflections: 309335
criterion: above min partiality ( > 0.95), reflections: 306292

Randomly selected 7759/47413 groups (m>1) to use for scaling model
minimisation (50180 reflections)
Completed preprocessing and initialisation for this dataset.

================================================================================

Components to be refined in this cycle for all datasets: scale, decay, absorption
Performing a round of scaling with an LBFGS minimizer. 

Time taken for refinement 3.39

Refinement steps:
+--------+--------+----------+
|   Step |   Nref |   RMSD_I |
|        |        |    (a.u) |
|--------+--------+----------|
|      0 |  48661 |  1.2467  |
|      1 |  48661 |  1.2135  |
|      2 |  48661 |  1.1032  |
|      3 |  48661 |  1.0309  |
|      4 |  48661 |  0.94326 |
|      5 |  48661 |  0.89983 |
|      6 |  48661 |  0.88706 |
|      7 |  48661 |  0.87555 |
|      8 |  48661 |  0.86004 |
|      9 |  48661 |  0.85163 |
|     10 |  48661 |  0.84854 |
|     11 |  48661 |  0.8474  |
|     12 |  48661 |  0.8466  |
|     13 |  48661 |  0.84563 |
|     14 |  48661 |  0.84535 |
|     15 |  48661 |  0.84497 |
|     16 |  48661 |  0.84484 |
|     17 |  48661 |  0.84457 |
|     18 |  48661 |  0.84449 |
+--------+--------+----------+
RMSD no longer decreasing
lbfgs minimizer stop: callback_after_step is True

================================================================================

Scale factors determined during minimisation have now been
applied to all reflections for dataset 0.

A round of outlier rejection has been performed, 
1175 outliers have been identified. 

Performing profile/summation intensity optimisation.
+-----------------+---------+---------+
| Combination     |   CC1/2 |   Rmeas |
|-----------------+---------+---------|
| prf only        | 0.99912 | 0.061   |
| sum only        | 0.99884 | 0.06731 |
| Imid = 284.82   | 0.99888 | 0.06082 |
| Imid = 48699.97 | 0.99888 | 0.06108 |
| Imid = 4870.0   | 0.99888 | 0.06099 |
| Imid = 487.0    | 0.99889 | 0.06071 |
| Imid = 48.7     | 0.99885 | 0.06285 |
+-----------------+---------+---------+
Combined intensities with Imid = 487.00 determined to be best for scaling. 

A round of outlier rejection has been performed, 
1017 outliers have been identified. 

Components to be refined in this cycle for all datasets: scale, decay, absorption
Performing a round of scaling with an LBFGS minimizer. 

Time taken for refinement 1.82

Refinement steps:
+--------+--------+----------+
|   Step |   Nref |   RMSD_I |
|        |        |    (a.u) |
|--------+--------+----------|
|      0 |  50053 |  0.92102 |
|      1 |  50053 |  0.91831 |
|      2 |  50053 |  0.91067 |
|      3 |  50053 |  0.9093  |
|      4 |  50053 |  0.90814 |
|      5 |  50053 |  0.90494 |
|      6 |  50053 |  0.9046  |
|      7 |  50053 |  0.90407 |
|      8 |  50053 |  0.90399 |
+--------+--------+----------+
RMSD no longer decreasing
lbfgs minimizer stop: callback_after_step is True

================================================================================

Scale factors determined during minimisation have now been
applied to all reflections for dataset 0.

A round of outlier rejection has been performed, 
890 outliers have been identified. 

Performing a round of error model refinement.

Error model details:
  Type: basic
  Parameters: a = 0.96812, b = 0.03581
  Error model formula: σ'² = a²(σ² + (bI)²)
  estimated I/sigma asymptotic limit: 28.845

Results of error model refinement. Uncorrected and corrected variances
of normalised intensity deviations for given intensity ranges. Variances
are expected to be ~1.0 for reliable errors (sigmas).
+--------------------------+----------+------------------------+----------------------+
| Intensity range (<Ih>)   |   n_refl |   Uncorrected variance |   Corrected variance |
|--------------------------+----------+------------------------+----------------------|
| 9912.89 - 1926.25        |      868 |                 13.884 |                0.861 |
| 1926.25 - 1454.41        |      868 |                 11.598 |                1.09  |
| 1454.41 - 1229.91        |      868 |                  9.149 |                1.082 |
| 1229.91 - 905.52         |     2037 |                  6.592 |                0.965 |
| 905.52 - 497.82          |     5833 |                  4.975 |                1.156 |
| 497.82 - 273.68          |     9615 |                  3.112 |                1.227 |
| 273.68 - 150.46          |    14507 |                  2.133 |                1.241 |
| 150.46 - 82.72           |    19158 |                  1.539 |                1.164 |
| 82.72 - 45.47            |    20113 |                  1.172 |                1.039 |
| 45.47 - 24.99            |    12978 |                  0.948 |                0.915 |
+--------------------------+----------+------------------------+----------------------+

Components to be refined in this cycle for all datasets: scale, decay, absorption
Performing a round of scaling with a Levenberg-Marquardt minimizer.

Time taken for refinement 4.37

Refinement steps:
+--------+--------+----------+
|   Step |   Nref |   RMSD_I |
|        |        |    (a.u) |
|--------+--------+----------|
|      0 |  50066 |  0.76614 |
|      1 |  50066 |  0.76112 |
|      2 |  50066 |  0.75991 |
|      3 |  50066 |  0.75854 |
|      4 |  50066 |  0.75782 |
|      5 |  50066 |  0.7577  |
|      6 |  50066 |  0.75769 |
+--------+--------+----------+
RMSD no longer decreasing

================================================================================

Components to be refined in this cycle for all datasets: scale, decay, absorption
Performing a round of scaling with a Levenberg-Marquardt minimizer.

Time taken for refinement 1.18

Refinement steps:
+--------+--------+----------+
|   Step |   Nref |   RMSD_I |
|        |        |    (a.u) |
|--------+--------+----------|
|      0 |  50066 |  0.75769 |
|      1 |  50066 |  0.75769 |
+--------+--------+----------+
RMSD no longer decreasing

================================================================================

Scale factors determined during minimisation have now been
applied to all reflections for dataset 0.

A round of outlier rejection has been performed, 
127 outliers have been identified. 

Performing a round of error model refinement.

Error model details:
  Type: basic
  Parameters: a = 0.95242, b = 0.03619
  Error model formula: σ'² = a²(σ² + (bI)²)
  estimated I/sigma asymptotic limit: 29.010

Results of error model refinement. Uncorrected and corrected variances
of normalised intensity deviations for given intensity ranges. Variances
are expected to be ~1.0 for reliable errors (sigmas).
+--------------------------+----------+------------------------+----------------------+
| Intensity range (<Ih>)   |   n_refl |   Uncorrected variance |   Corrected variance |
|--------------------------+----------+------------------------+----------------------|
| 9907.84 - 1924.51        |      867 |                 13.586 |                0.871 |
| 1924.51 - 1453.70        |      867 |                 11.272 |                1.082 |
| 1453.70 - 1229.29        |      867 |                  8.698 |                1.071 |
| 1229.29 - 905.25         |     2035 |                  6.445 |                0.958 |
| 905.25 - 497.70          |     5853 |                  4.979 |                1.166 |
| 497.70 - 273.63          |     9604 |                  3.061 |                1.234 |
| 273.63 - 150.44          |    14481 |                  2.107 |                1.248 |
| 150.44 - 82.71           |    19129 |                  1.5   |                1.159 |
| 82.71 - 45.47            |    20012 |                  1.138 |                1.035 |
| 45.47 - 24.99            |    13000 |                  0.936 |                0.929 |
+--------------------------+----------+------------------------+----------------------+


The reflection table variances have been adjusted to account for the
uncertainty in the scaling model

Total time taken: 19.8116s 

================================================================================

40.00% of model parameters have signficant uncertainty
(sigma/abs(parameter) > 0.5)

Summary of dataset partialities
+------------------+----------+
| Partiality (p)   |   n_refl |
|------------------+----------|
| all reflections  |   380905 |
| p > 0.99         |   362290 |
| 0.5 < p < 0.99   |     3783 |
| 0.01 < p < 0.5   |     9475 |
| p < 0.01         |     5357 |
+------------------+----------+

Reflections below a partiality_cutoff of 0.4 are not considered for any
part of the scaling analysis or for the reporting of merging statistics.
Additionally, if applicable, only reflections with a min_partiality > 0.95
were considered for use when refining the scaling model.


                     ----------Merging statistics----------                    

Resolution: 69.19 - 1.22
Observations: 309208
Unique reflections: 48413
Redundancy: 6.4
Completeness: 73.13%
Mean intensity: 72.7
Mean I/sigma(I): 12.6
R-merge: 0.066
R-meas:  0.071
R-pim:   0.027


Statistics by resolution bin:
 d_max  d_min   #obs  #uniq   mult.  %comp       <I>  <I/sI>    r_mrg   r_meas    r_pim   cc1/2   cc_ano
 69.30   3.31  22311   3348    6.66  98.73     550.7    52.8    0.038    0.041    0.016   0.998*   0.320*
  3.31   2.63  21753   3272    6.65  97.58     206.6    35.9    0.049    0.053    0.020   0.998*   0.379*
  2.63   2.29  22232   3220    6.90  96.73     104.5    26.5    0.065    0.070    0.026   0.997*   0.327*
  2.29   2.08  21490   3168    6.78  95.97      72.6    20.2    0.078    0.084    0.032   0.996*   0.214*
  2.08   1.93  21124   3155    6.70  95.37      48.6    15.2    0.095    0.104    0.040   0.994*   0.251*
  1.93   1.82  21219   3145    6.75  94.47      28.0    10.4    0.131    0.142    0.054   0.992*   0.193*
  1.82   1.73  20924   3119    6.71  94.00      17.1     7.2    0.175    0.190    0.073   0.986*   0.182*
  1.73   1.65  20288   3077    6.59  93.33      11.4     5.1    0.227    0.247    0.096   0.977*   0.127*
  1.65   1.59  21131   3061    6.90  92.48       9.1     4.2    0.273    0.295    0.112   0.973*   0.070*
  1.59   1.54  20019   3035    6.60  92.17       6.8     3.3    0.330    0.358    0.138   0.958*   0.092*
  1.54   1.49  19569   3017    6.49  91.48       5.4     2.6    0.401    0.436    0.170   0.945*   0.033
  1.49   1.44  20173   2986    6.76  90.90       3.9     1.9    0.528    0.572    0.219   0.923*   0.086*
  1.44   1.41  18232   2992    6.09  90.67       3.2     1.5    0.610    0.667    0.266   0.891*   0.069*
  1.41   1.37  13657   2472    5.52  73.79       2.6     1.2    0.723    0.797    0.330   0.838*  -0.040
  1.37   1.34   9253   1727    5.36  53.25       2.3     1.0    0.801    0.885    0.369   0.795*  -0.024
  1.34   1.31   6755   1313    5.14  40.05       2.1     0.9    0.876    0.971    0.409   0.779*   0.063
  1.31   1.29   4734   1009    4.69  30.20       1.6     0.7    1.106    1.236    0.538   0.659*  -0.073
  1.29   1.26   2725    670    4.07  20.62       1.3     0.5    1.317    1.507    0.711   0.436*   0.040
  1.26   1.24   1317    441    2.99  13.28       1.0     0.4    1.495    1.782    0.946   0.432*   0.065
  1.24   1.22    302    186    1.62   5.67       1.2     0.3    1.023    1.350    0.870   0.603*  -0.243
 69.19   1.22 309208  48413    6.39  73.13      72.7    12.6    0.066    0.071    0.027   0.999*   0.277*




                ----------Resolution cutoff estimates----------                

  resolution of all data          :   1.218
  based on CC(1/2) >= 0.33        :   1.218
  based on mean(I/sigma) >= 2.0   :   1.487
  based on R-merge < 0.5          :   1.487
  based on R-meas < 0.5           :   1.487
  based on completeness >= 90%    :   1.407
  based on completeness >= 50%    :   1.341

NOTE: we recommend using all data out to the CC(1/2) limit
for refinement.

Writing html report to: scaling.html

================================================================================

Saving the experiments to scaled.expt
Saving the scaled reflections to scaled.refl
See dials.github.io/dials_scale_user_guide.html for more info on scaling options
