The following parameters have been modified:

input {
  experiments = scaled.expt
  reflections = scaled.refl
}

Analysing strong spots
 Removing 20457 reflections with variance <= 0
 Selected 97209 strong reflections.........................................0.03s
Analysing reflection centroids
 Removing 20457 reflections with variance <= 0
 Removing 13728 partial reflections
 Selected 308807 summation-integrated reflections..........................0.08s
 Analysing centroid differences with I/Sigma > 10
 Analysing centroid differences in x/y with I/Sigma > 10
 Analysing centroid differences in z with I/Sigma > 10
 Analysing centroid differences vs phi with I/Sigma > 10
Analysing reflection intensities
 Removing 20457 reflections with variance <= 0
 Removing 59188 reflections with intensity <= 0
 Selected 270925 integrated reflections....................................0.07s
 Analysing distribution of I/Sigma
 Analysing distribution of I/Sigma vs xy
 Analysing distribution of I/Sigma vs xy
 Analysing distribution of I/Sigma vs z
 Analysing distribution of partialities
 Analysing QE map
Analysing reference profiles
 Selected 314537 integrated reflections....................................0.04s
 Analysing reference profile distribution vs x/y
 Analysing reference profile distribution vs z
 Analysing reflection correlations vs resolution
 Analysing reflection profile correlations
 Analysing reflection profile correlations vs x/y
 Analysing reflection profile correlations vs z
 Analysing reflection profile correlations vs I/Sigma
 Analysing reflection profile correlations
 Analysing reflection profile correlations vs x/y
 Analysing reflection profile correlations vs z
 Analysing reflection profile correlations vs I/Sigma
Analysing scan-varying crystal model
Analysing scaling model
Calculating and generating merging statistics plots
Generating intensity statistics plots
Writing html report to: dials-report.html
