DIALS 3.dev.68-g903e73ccb
The following parameters have been modified:
cut_data {
  d_min = 1.8
}
input {
  experiments = scaled.expt
  reflections = scaled.refl
}

Checking for the existence of a reflection table 
containing multiple datasets 

Detected existence of a multi-dataset reflection table 
containing 4 datasets. 

Found 4 reflection tables & 4 experiments in total.

Dataset ids are: 0,1,2,3 

Space group being used during scaling is P 4 2 2
Using median unit cell across experiments : (68.3603, 68.3603, 103.953, 90, 90, 90)

Scaling models have been initialised for all experiments.

================================================================================

The experiment id for this dataset is 0.
The scaling model type being applied is physical. 

Applying filter of min_isigi > -5.0, partiality > 0.4
Excluding 21746/74952 reflections
Reflections passing individual criteria:
criterion: user excluded, reflections: 12576
criterion: excluded for scaling, reflections: 21746

The following corrections will be applied to this dataset: 

+--------------+----------------+
| correction   |   n_parameters |
|--------------+----------------|
| scale        |             10 |
| decay        |              8 |
| absorption   |             24 |
+--------------+----------------+
Using previously determined optimal intensity choice: profile intensities

Completed preprocessing and initialisation for this dataset.

================================================================================

The experiment id for this dataset is 1.
The scaling model type being applied is physical. 

Applying filter of min_isigi > -5.0, partiality > 0.4
Excluding 20828/74323 reflections
Reflections passing individual criteria:
criterion: user excluded, reflections: 11957
criterion: excluded for scaling, reflections: 20826

The following corrections will be applied to this dataset: 

+--------------+----------------+
| correction   |   n_parameters |
|--------------+----------------|
| scale        |             10 |
| decay        |              8 |
| absorption   |             24 |
+--------------+----------------+
Using previously determined optimal intensity choice: profile intensities

Completed preprocessing and initialisation for this dataset.

================================================================================

The experiment id for this dataset is 2.
The scaling model type being applied is physical. 

Applying filter of min_isigi > -5.0, partiality > 0.4
Excluding 23569/76579 reflections
Reflections passing individual criteria:
criterion: user excluded, reflections: 14155
criterion: excluded for scaling, reflections: 23568

The following corrections will be applied to this dataset: 

+--------------+----------------+
| correction   |   n_parameters |
|--------------+----------------|
| scale        |             10 |
| decay        |              8 |
| absorption   |             24 |
+--------------+----------------+
Using previously determined optimal intensity choice: profile intensities

Completed preprocessing and initialisation for this dataset.

================================================================================

The experiment id for this dataset is 3.
The scaling model type being applied is physical. 

Applying filter of min_isigi > -5.0, partiality > 0.4
Excluding 22605/75406 reflections
Reflections passing individual criteria:
criterion: user excluded, reflections: 12947
criterion: excluded for scaling, reflections: 22604

The following corrections will be applied to this dataset: 

+--------------+----------------+
| correction   |   n_parameters |
|--------------+----------------|
| scale        |             10 |
| decay        |              8 |
| absorption   |             24 |
+--------------+----------------+
Using previously determined optimal intensity choice: profile intensities

Completed preprocessing and initialisation for this dataset.

================================================================================

Configuring a MultiScaler to handle the individual Scalers. 

Determining symmetry equivalent reflections across datasets.


Using quasi-random reflection selection. Selecting from 16712 symmetry groups
with <I/sI> > 1.0 (197850 reflections)). Selection target of 716.15 reflections
from each dataset, with a total number between 11458.41 and 13750.09.

Summary of cross-dataset reflection groups chosen (1331 groups, 13804 reflections):
+---------------+------------+----------+-----+-----+-----+-----+
| d-range       |   n_groups |   n_refl |   0 |   1 |   2 |   3 |
|---------------+------------+----------+-----+-----+-----+-----|
| 68.428 - 8.11 |         42 |      689 | 105 | 203 | 178 | 203 |
| 8.11 - 5.755  |         31 |      724 |  71 | 242 | 197 | 214 |
| 5.755 - 4.704 |         33 |      813 |  72 | 271 | 226 | 244 |
| 4.704 - 4.076 |         33 |      896 |  70 | 298 | 256 | 272 |
| 4.076 - 3.647 |         36 |      957 |  72 | 313 | 276 | 296 |
| 3.647 - 3.33  |         31 |      875 |  70 | 294 | 242 | 269 |
| 3.33 - 3.084  |         32 |      831 |  70 | 271 | 228 | 262 |
| 3.084 - 2.885 |         30 |      784 |  71 | 256 | 212 | 245 |
| 2.885 - 2.72  |         35 |      834 |  72 | 275 | 218 | 269 |
| 2.72 - 2.581  |         35 |      792 |  71 | 247 | 212 | 262 |
| 2.581 - 2.461 |         30 |      648 |  71 | 215 | 206 | 156 |
| 2.461 - 2.356 |         33 |      501 |  99 | 167 | 163 |  72 |
| 2.356 - 2.264 |         43 |      543 | 127 | 176 | 169 |  71 |
| 2.264 - 2.182 |         53 |      563 | 144 | 188 | 159 |  72 |
| 2.182 - 2.108 |         65 |      528 | 142 | 166 | 105 | 115 |
| 2.108 - 2.041 |        135 |      764 | 186 | 194 | 140 | 244 |
| 2.041 - 1.98  |        140 |      696 | 175 | 220 | 140 | 161 |
| 1.98 - 1.924  |        184 |      661 | 140 | 210 | 171 | 140 |
| 1.924 - 1.873 |        222 |      520 | 106 | 141 | 141 | 132 |
| 1.873 - 1.826 |         88 |      185 |  29 |  56 |  65 |  35 |
+---------------+------------+----------+-----+-----+-----+-----+
Summary of reflections chosen for minimisation from each dataset (52417 total):
+--------------+------------------+----------------------+----------------------+--------------------+
| Dataset id   |     reflections  |   randomly selected  |   randomly selected  |   combined number  |
|              |    connected to  |         reflections  |         reflections  |     of reflections |
|              |   other datasets |       within dataset |      across datasets |                    |
|--------------+------------------+----------------------+----------------------+--------------------|
| 0            |             1963 |                 4602 |                 6263 |              11848 |
| 1            |             4403 |                 4481 |                 6429 |              13775 |
| 2            |             3704 |                 4758 |                 6473 |              13466 |
| 3            |             3734 |                 4675 |                 6389 |              13328 |
| total        |            13804 |                18516 |                25554 |              52417 |
+--------------+------------------+----------------------+----------------------+--------------------+
Completed configuration of MultiScaler. 

================================================================================

Components to be refined in this cycle for all datasets: scale, decay, absorption
Performing a round of scaling with an LBFGS minimizer. 

Time taken for refinement 8.41

Refinement steps:
+--------+--------+----------+
|   Step |   Nref |   RMSD_I |
|        |        |    (a.u) |
|--------+--------+----------|
|      0 |  52417 |   2.2338 |
|      1 |  52417 |   2.2289 |
|      2 |  52417 |   2.2238 |
|      3 |  52417 |   2.2193 |
|      4 |  52417 |   2.2153 |
|      5 |  52417 |   2.2123 |
|      6 |  52417 |   2.2096 |
|      7 |  52417 |   2.2081 |
|      8 |  52417 |   2.2066 |
|      9 |  52417 |   2.2049 |
|     10 |  52417 |   2.2042 |
|     11 |  52417 |   2.2033 |
|     12 |  52417 |   2.2021 |
|     13 |  52417 |   2.2009 |
|     14 |  52417 |   2.1984 |
|     15 |  52417 |   2.197  |
|     16 |  52417 |   2.1953 |
|     17 |  52417 |   2.1935 |
|     18 |  52417 |   2.1915 |
|     19 |  52417 |   2.1895 |
|     20 |  52417 |   2.188  |
|     21 |  52417 |   2.1871 |
|     22 |  52417 |   2.1864 |
|     23 |  52417 |   2.1849 |
|     24 |  52417 |   2.1837 |
|     25 |  52417 |   2.1835 |
|     26 |  52417 |   2.183  |
|     27 |  52417 |   2.1828 |
+--------+--------+----------+
RMSD no longer decreasing
lbfgs minimizer stop: callback_after_step is True

================================================================================

Scale factors determined during minimisation have now been
applied to all datasets.

Combined outlier rejection has been performed across multiple datasets, 
3333 outliers have been identified. 

Performing multi-dataset profile/summation intensity optimisation.
+-----------------+---------+---------+
| Combination     |   CC1/2 |   Rmeas |
|-----------------+---------+---------|
| prf only        | 0.99905 | 0.0569  |
| sum only        | 0.99888 | 0.06287 |
| Imid = 888.93   | 0.99499 | 0.17973 |
| Imid = 27607.83 | 0.86923 | 0.26193 |
| Imid = 2760.78  | 0.98485 | 0.28621 |
| Imid = 276.08   | 0.99801 | 0.09959 |
+-----------------+---------+---------+
Profile intensities determined to be best for scaling. 

Combined outlier rejection has been performed across multiple datasets, 
3333 outliers have been identified. 

Components to be refined in this cycle for all datasets: scale, decay, absorption
Performing a round of scaling with an LBFGS minimizer. 

Time taken for refinement 5.11

Refinement steps:
+--------+--------+----------+
|   Step |   Nref |   RMSD_I |
|        |        |    (a.u) |
|--------+--------+----------|
|      0 |  51594 |   1.5993 |
|      1 |  51594 |   1.5984 |
|      2 |  51594 |   1.5975 |
|      3 |  51594 |   1.5972 |
|      4 |  51594 |   1.5968 |
|      5 |  51594 |   1.5963 |
|      6 |  51594 |   1.596  |
|      7 |  51594 |   1.5957 |
|      8 |  51594 |   1.5953 |
|      9 |  51594 |   1.5949 |
|     10 |  51594 |   1.5944 |
|     11 |  51594 |   1.5939 |
|     12 |  51594 |   1.5936 |
|     13 |  51594 |   1.5928 |
|     14 |  51594 |   1.5926 |
|     15 |  51594 |   1.5923 |
|     16 |  51594 |   1.5922 |
+--------+--------+----------+
RMSD no longer decreasing
lbfgs minimizer stop: callback_after_step is True

================================================================================

Scale factors determined during minimisation have now been
applied to all datasets.

Combined outlier rejection has been performed across multiple datasets, 
3326 outliers have been identified. 

Performing a round of error model refinement.

Error model details:
  Type: basic
  Parameters: a = 1.00581, b = 0.04587
  Error model formula: σ'² = a²(σ² + (bI)²)
  estimated I/sigma asymptotic limit: 21.677

Results of error model refinement. Uncorrected and corrected variances
of normalised intensity deviations for given intensity ranges. Variances
are expected to be ~1.0 for reliable errors (sigmas).
+--------------------------+----------+------------------------+----------------------+
| Intensity range (<Ih>)   |   n_refl |   Uncorrected variance |   Corrected variance |
|--------------------------+----------+------------------------+----------------------|
| 10252.19 - 1807.52       |     1430 |                 20.01  |                0.841 |
| 1807.52 - 1382.68        |     1430 |                 14.659 |                0.976 |
| 1382.68 - 1169.63        |     1430 |                 12.979 |                1.046 |
| 1169.63 - 923.99         |     2606 |                 11.551 |                1.129 |
| 923.99 - 506.27          |    12179 |                  8.214 |                1.242 |
| 506.27 - 277.39          |    20961 |                  5.319 |                1.331 |
| 277.39 - 151.99          |    28684 |                  3.333 |                1.318 |
| 151.99 - 83.28           |    31243 |                  2.189 |                1.194 |
| 83.28 - 45.63            |    26416 |                  1.654 |                1.1   |
| 45.63 - 24.99            |    16647 |                  1.219 |                0.938 |
+--------------------------+----------+------------------------+----------------------+

Components to be refined in this cycle for all datasets: scale, decay, absorption
Performing a round of scaling with a Levenberg-Marquardt minimizer.

Time taken for refinement 19.98

Refinement steps:
+--------+--------+----------+
|   Step |   Nref |   RMSD_I |
|        |        |    (a.u) |
|--------+--------+----------|
|      0 |  51605 |  0.89437 |
|      1 |  51605 |  0.87921 |
|      2 |  51605 |  0.879   |
|      3 |  51605 |  0.87884 |
|      4 |  51605 |  0.87873 |
|      5 |  51605 |  0.87863 |
|      6 |  51605 |  0.87853 |
|      7 |  51605 |  0.87848 |
+--------+--------+----------+
RMSD no longer decreasing

================================================================================

Components to be refined in this cycle for all datasets: scale, decay, absorption
Performing a round of scaling with a Levenberg-Marquardt minimizer.

Time taken for refinement 4.86

Refinement steps:
+--------+--------+----------+
|   Step |   Nref |   RMSD_I |
|        |        |    (a.u) |
|--------+--------+----------|
|      0 |  51605 |  0.87848 |
|      1 |  51605 |  0.87848 |
+--------+--------+----------+
RMSD no longer decreasing

================================================================================

Calculating error estimates of inverse scale factors. 

Scale factors determined during minimisation have now been
applied to all datasets.

Combined outlier rejection has been performed across multiple datasets, 
379 outliers have been identified. 

Performing a round of error model refinement.

Error model details:
  Type: basic
  Parameters: a = 0.99110, b = 0.04615
  Error model formula: σ'² = a²(σ² + (bI)²)
  estimated I/sigma asymptotic limit: 21.863

Results of error model refinement. Uncorrected and corrected variances
of normalised intensity deviations for given intensity ranges. Variances
are expected to be ~1.0 for reliable errors (sigmas).
+--------------------------+----------+------------------------+----------------------+
| Intensity range (<Ih>)   |   n_refl |   Uncorrected variance |   Corrected variance |
|--------------------------+----------+------------------------+----------------------|
| 10333.89 - 1812.26       |     1428 |                 20.473 |                0.86  |
| 1812.26 - 1384.21        |     1428 |                 14.277 |                0.967 |
| 1384.21 - 1169.33        |     1428 |                 12.478 |                1.023 |
| 1169.33 - 928.40         |     2558 |                 11.519 |                1.142 |
| 928.40 - 508.28          |    12136 |                  8.005 |                1.22  |
| 508.28 - 278.27          |    20893 |                  5.16  |                1.319 |
| 278.27 - 152.35          |    28675 |                  3.278 |                1.32  |
| 152.35 - 83.41           |    31249 |                  2.154 |                1.205 |
| 83.41 - 45.66            |    26345 |                  1.618 |                1.106 |
| 45.66 - 24.99            |    16727 |                  1.225 |                0.959 |
+--------------------------+----------+------------------------+----------------------+


The reflection table variances have been adjusted to account for the
uncertainty in the scaling models for all datasets
Using median unit cell across experiments : (68.3603, 68.3603, 103.953, 90, 90, 90)

Total time taken: 50.7606s 

================================================================================

Warning: Over half (55.36%) of model parameters have signficant
uncertainty (sigma/abs(parameter) > 0.5), which could indicate a
poorly-determined scaling problem or overparameterisation.

Summary of dataset partialities
+------------------+----------+
| Partiality (p)   |   n_refl |
|------------------+----------|
| all reflections  |   301260 |
| p > 0.99         |   246904 |
| 0.5 < p < 0.99   |     2533 |
| 0.01 < p < 0.5   |     5463 |
| p < 0.01         |    46360 |
+------------------+----------+

Reflections below a partiality_cutoff of 0.4 are not considered for any
part of the scaling analysis or for the reporting of merging statistics.
Additionally, if applicable, only reflections with a min_partiality > 0.95
were considered for use when refining the scaling model.


                     ----------Merging statistics----------                    

Resolution: 68.36 - 1.80
Observations: 212133
Unique reflections: 20140
Redundancy: 10.5
Completeness: 85.42%
Mean intensity: 128.7
Mean I/sigma(I): 28.6
R-merge: 0.057
R-meas:  0.059
R-pim:   0.016


Statistics by resolution bin:
 d_max  d_min   #obs  #uniq   mult.  %comp       <I>  <I/sI>    r_mrg   r_meas    r_pim   cc1/2   cc_ano
 68.41   4.89  20683   1334   15.50 100.00     268.6    55.5    0.048    0.050    0.012   0.999*  -0.019
  4.89   3.88  20415   1244   16.41 100.00     405.9    59.1    0.046    0.048    0.012   0.999*  -0.047
  3.88   3.39  19920   1208   16.49 100.00     311.9    54.7    0.049    0.051    0.012   0.999*  -0.094
  3.39   3.08  20030   1189   16.85 100.00     220.2    49.2    0.055    0.057    0.014   0.999*  -0.058
  3.08   2.86  20226   1185   17.07 100.00     153.0    42.8    0.061    0.063    0.015   0.999*  -0.075
  2.86   2.69  20395   1191   17.12 100.00     123.7    39.7    0.066    0.068    0.016   0.998*  -0.015
  2.69   2.55  20113   1172   17.16 100.00      97.3    34.0    0.075    0.077    0.019   0.999*  -0.021
  2.55   2.44  16077   1167   13.78 100.00      88.3    28.6    0.077    0.080    0.022   0.997*  -0.026
  2.44   2.35  12066   1162   10.38  99.91      76.7    23.7    0.080    0.084    0.026   0.996*  -0.024
  2.35   2.27  10098   1180    8.56  99.92      75.6    21.2    0.081    0.086    0.029   0.996*   0.006
  2.27   2.20   8312   1150    7.23  99.65      65.0    17.4    0.084    0.091    0.034   0.995*  -0.179
  2.20   2.13   6830   1165    5.86  99.06      58.7    14.2    0.087    0.096    0.038   0.994*  -0.014
  2.13   2.08   5300   1116    4.75  97.04      51.1    11.4    0.092    0.103    0.045   0.992*  -0.167
  2.08   2.03   4021   1056    3.81  91.27      45.3     9.4    0.096    0.111    0.053   0.988*  -0.050
  2.03   1.98   3076   1001    3.07  86.14      38.3     7.5    0.103    0.122    0.065   0.984*   0.119
  1.98   1.94   2060    896    2.30  77.85      36.2     6.2    0.095    0.119    0.069   0.979*  -0.048
  1.94   1.90   1163    700    1.66  61.03      31.0     4.7    0.116    0.150    0.094   0.963*   0.000
  1.90   1.86    751    531    1.41  46.21      26.9     3.8    0.110    0.149    0.099   0.970*   0.000
  1.86   1.83    464    366    1.27  31.88      24.6     3.3    0.102    0.141    0.097   0.964*   0.000
  1.83   1.80    133    127    1.05  11.07      21.3     2.6    0.381    0.539    0.381  -0.336   0.000
 68.36   1.80 212133  20140   10.53  85.42     128.7    28.6    0.057    0.059    0.016   0.999*  -0.092




                ----------Resolution cutoff estimates----------                

  resolution of all data          :   1.800
  based on CC(1/2) >= 0.33        :   1.831
  based on mean(I/sigma) >= 2.0   :   1.831
  based on R-merge < 0.5          :   1.831
  based on R-meas < 0.5           :   1.831
  based on completeness >= 90%    :   2.028
  based on completeness >= 50%    :   1.901

NOTE: we recommend using all data out to the CC(1/2) limit
for refinement.

Writing html report to: dials.scale.html

================================================================================

Saving the experiments to scaled.expt
Saving the scaled reflections to scaled.refl
See dials.github.io/dials_scale_user_guide.html for more info on scaling options
