DIALS 3.dev.1230-g8e2c33c91
The following parameters have been modified:

input {
  experiments = experiments_0.expt
  experiments = experiments_1.expt
  experiments = experiments_2.expt
  experiments = experiments_3.expt
  reflections = reflections_0.refl
  reflections = reflections_1.refl
  reflections = reflections_2.refl
  reflections = reflections_3.refl
}

Using Andrews-Bernstein distance from Andrews & Bernstein J Appl Cryst 47:346 (2014)
Distances have been calculated
0 singletons:

Point group    a           b           c          alpha        beta         gamma       


1 cluster

Cluster_id       N_xtals  Med_a         Med_b         Med_c         Med_alpha    Med_beta     Med_gamma   Delta(deg)
4 in P 4 2 2.
cluster_1        4        68.36 (0.01 ) 68.36 (0.01 ) 103.95(0.02 ) 90.00 (0.00) 90.00 (0.00) 90.00 (0.00)
     P 4/m m m (No. 123)  68.36         68.36         103.95        90.00        90.00        90.00         0.0   
Standard deviations are in brackets.
Each cluster:
        Input lattice count, with integration Bravais setting space group.
        Cluster median with Niggli cell parameters (std dev in brackets).
        Highest possible metric symmetry and unit cell using LePage (J Appl Cryst 1982, 15:255) method, maximum delta 3deg.
Mapping all input cells to a common minimum cell
Filtering reflections for dataset 0
Read 76079 predicted reflections
Selected 54367 reflections integrated by profile and summation methods
Combined 1127 partial reflections with other partial reflections
Removed 20 reflections below partiality threshold
Removed 0 intensity.sum.value reflections with I/Sig(I) < -5
Removed 14 intensity.prf.value reflections with I/Sig(I) < -5
Filtering reflections for dataset 1
Read 75607 predicted reflections
Selected 54845 reflections integrated by profile and summation methods
Combined 1284 partial reflections with other partial reflections
Removed 50 reflections below partiality threshold
Removed 0 intensity.sum.value reflections with I/Sig(I) < -5
Removed 14 intensity.prf.value reflections with I/Sig(I) < -5
Filtering reflections for dataset 2
Read 77983 predicted reflections
Selected 54461 reflections integrated by profile and summation methods
Combined 1404 partial reflections with other partial reflections
Removed 38 reflections below partiality threshold
Removed 0 intensity.sum.value reflections with I/Sig(I) < -5
Removed 8 intensity.prf.value reflections with I/Sig(I) < -5
Filtering reflections for dataset 3
Read 76468 predicted reflections
Selected 53877 reflections integrated by profile and summation methods
Combined 1062 partial reflections with other partial reflections
Removed 8 reflections below partiality threshold
Removed 0 intensity.sum.value reflections with I/Sig(I) < -5
Removed 5 intensity.prf.value reflections with I/Sig(I) < -5
Patterson group: P 4/m m m

--------------------------------------------------------------------------------

Normalising intensities for dataset 1

ML estimate of overall B value:
   13.52 A**2
ML estimate of  -log of scale factor:
  -3.04

--------------------------------------------------------------------------------

Normalising intensities for dataset 2

ML estimate of overall B value:
   11.06 A**2
ML estimate of  -log of scale factor:
  -3.50

--------------------------------------------------------------------------------

Normalising intensities for dataset 3

ML estimate of overall B value:
   11.38 A**2
ML estimate of  -log of scale factor:
  -2.96

--------------------------------------------------------------------------------

Normalising intensities for dataset 4

ML estimate of overall B value:
   12.14 A**2
ML estimate of  -log of scale factor:
  -2.67

--------------------------------------------------------------------------------

Estimation of resolution for Laue group analysis

Removing 3 Wilson outliers with E^2 >= 16.0
Resolution estimate from <I>/<σ(I)> > 4.0 : 2.16
Resolution estimate from CC½ > 0.60: 1.80
High resolution limit set to: 1.80
Selecting 148799 reflections with d > 1.80
================================================================================

Automatic determination of number of dimensions for analysis
+--------------+--------------+
|   Dimensions |   Functional |
|--------------+--------------|
|            1 |      14.7478 |
|            2 |      15.8409 |
|            3 |      15.5193 |
|            4 |      14.9769 |
|            5 |      15.2704 |
|            6 |      14.8685 |
|            7 |      14.9046 |
|            8 |      14.9631 |
+--------------+--------------+
Best number of dimensions: 4
Using 4 dimensions for analysis
Principal component analysis:
Explained variance: 0.0052, 0.0042, 0.0036, 3.3e-05
Explained variance ratio: 0.4, 0.32, 0.27, 0.0025
Scoring individual symmetry elements
+--------------+--------+------+-----+-----------------+
|   likelihood |   Z-CC |   CC |     | Operator        |
|--------------+--------+------+-----+-----------------|
|        0.941 |   9.82 | 0.98 | *** | 4 |(0, 0, 1)    |
|        0.944 |   9.88 | 0.99 | *** | 4^-1 |(0, 0, 1) |
|        0.943 |   9.84 | 0.98 | *** | 2 |(1, 0, 0)    |
|        0.943 |   9.85 | 0.99 | *** | 2 |(0, 1, 0)    |
|        0.944 |   9.87 | 0.99 | *** | 2 |(0, 0, 1)    |
|        0.946 |   9.9  | 0.99 | *** | 2 |(1, 1, 0)    |
|        0.946 |   9.9  | 0.99 | *** | 2 |(-1, 1, 0)   |
+--------------+--------+------+-----+-----------------+
Scoring all possible sub-groups
+-------------------+-----+--------------+----------+--------+--------+---------+--------------------+
| Patterson group   |     |   Likelihood |   NetZcc |   Zcc+ |   Zcc- |   delta | Reindex operator   |
|-------------------+-----+--------------+----------+--------+--------+---------+--------------------|
| P 4/m m m         | *** |            1 |     9.87 |   9.87 |   0    |       0 | -a,-b,c            |
| C m m m           |     |            0 |     0.05 |   9.89 |   9.85 |       0 | a+b,-a+b,c         |
| P m m m           |     |            0 |    -0.02 |   9.86 |   9.88 |       0 | -a,-b,c            |
| P 4/m             |     |            0 |    -0.02 |   9.86 |   9.88 |       0 | -a,-b,c            |
| C 1 2/m 1         |     |            0 |     0.04 |   9.9  |   9.86 |       0 | a+b,-a+b,c         |
| C 1 2/m 1         |     |            0 |     0.04 |   9.9  |   9.86 |       0 | a-b,a+b,c          |
| P 1 2/m 1         |     |            0 |     0.01 |   9.87 |   9.87 |       0 | -a,-c,-b           |
| P 1 2/m 1         |     |            0 |    -0.02 |   9.85 |   9.87 |       0 | -a,-b,c            |
| P 1 2/m 1         |     |            0 |    -0.03 |   9.84 |   9.87 |       0 | -b,-a,-c           |
| P -1              |     |            0 |    -9.87 |   0    |   9.87 |       0 | -a,-b,c            |
+-------------------+-----+--------------+----------+--------+--------+---------+--------------------+
Best solution: P 4/m m m
Unit cell: 68.360, 68.360, 103.953, 90.000, 90.000, 90.000
Reindex operator: -a,-b,c
Laue group probability: 1.000
Laue group confidence: 1.000
Reindexing operators:
x,y,z: [0, 1, 2, 3]
Writing html report to: dials.cosym.html
Writing json to: dials.cosym.json
Saving reindexed experiments to symmetrized.expt
Saving reindexed reflections to symmetrized.refl
