DIALS 2.dev.1571-g5e26043ab
The following parameters have been modified:
cut_data {
  d_min = 1.8
}
input {
  experiments = scaled.expt
  reflections = scaled.refl
}

Checking for the existence of a reflection table 
containing multiple datasets 

Detected existence of a multi-dataset reflection table 
containing 4 datasets. 

Found 4 reflection tables & 4 experiments in total.

Dataset ids are: 0,1,2,3 

Space group being used during scaling is P 4 2 2
Using median unit cell across experiments : (68.3603, 68.3603, 103.953, 90, 90, 90)

Scaling models have been initialised for all experiments.

================================================================================

The experiment id for this dataset is 0.
The scaling model type being applied is physical. 

Applying filter of min_isigi > -5.0, partiality > 0.4
Excluding 22262/74952 reflections
Reflections passing individual criteria:
criterion: user excluded, reflections: 13103
criterion: excluded for scaling, reflections: 22262

The following corrections will be applied to this dataset: 

+--------------+----------------+
| correction   |   n_parameters |
|--------------+----------------|
| scale        |             10 |
| decay        |              8 |
| absorption   |             24 |
+--------------+----------------+
Using previously determined optimal intensity choice: profile intensities

Completed preprocessing and initialisation for this dataset.

================================================================================

The experiment id for this dataset is 1.
The scaling model type being applied is physical. 

Applying filter of min_isigi > -5.0, partiality > 0.4
Excluding 21396/74323 reflections
Reflections passing individual criteria:
criterion: user excluded, reflections: 12537
criterion: excluded for scaling, reflections: 21394

The following corrections will be applied to this dataset: 

+--------------+----------------+
| correction   |   n_parameters |
|--------------+----------------|
| scale        |             10 |
| decay        |              8 |
| absorption   |             24 |
+--------------+----------------+
Using previously determined optimal intensity choice: profile intensities

Completed preprocessing and initialisation for this dataset.

================================================================================

The experiment id for this dataset is 2.
The scaling model type being applied is physical. 

Applying filter of min_isigi > -5.0, partiality > 0.4
Excluding 24204/76579 reflections
Reflections passing individual criteria:
criterion: user excluded, reflections: 14796
criterion: excluded for scaling, reflections: 24203

The following corrections will be applied to this dataset: 

+--------------+----------------+
| correction   |   n_parameters |
|--------------+----------------|
| scale        |             10 |
| decay        |              8 |
| absorption   |             24 |
+--------------+----------------+
Using previously determined optimal intensity choice: profile intensities

Completed preprocessing and initialisation for this dataset.

================================================================================

The experiment id for this dataset is 3.
The scaling model type being applied is physical. 

Applying filter of min_isigi > -5.0, partiality > 0.4
Excluding 23089/75406 reflections
Reflections passing individual criteria:
criterion: user excluded, reflections: 13435
criterion: excluded for scaling, reflections: 23088

The following corrections will be applied to this dataset: 

+--------------+----------------+
| correction   |   n_parameters |
|--------------+----------------|
| scale        |             10 |
| decay        |              8 |
| absorption   |             24 |
+--------------+----------------+
Using previously determined optimal intensity choice: profile intensities

Completed preprocessing and initialisation for this dataset.

================================================================================

Configuring a MultiScaler to handle the individual Scalers. 

Determining symmetry equivalent reflections across datasets.


Using quasi-random reflection selection. Selecting from 16676 symmetry groups
with <I/sI> > 1.0 (195381 reflections)). Selection target of 708.67 reflections
from each dataset, with a total number between 11338.64 and 13606.37.

Summary of cross-dataset reflection groups chosen (1296 groups, 13651 reflections):
+---------------+------------+----------+-----+-----+-----+-----+
| d-range       |   n_groups |   n_refl |   0 |   1 |   2 |   3 |
|---------------+------------+----------+-----+-----+-----+-----|
| 68.428 - 8.11 |         42 |      689 | 105 | 203 | 178 | 203 |
| 8.11 - 5.755  |         31 |      724 |  71 | 242 | 197 | 214 |
| 5.755 - 4.704 |         33 |      813 |  72 | 271 | 226 | 244 |
| 4.704 - 4.076 |         33 |      896 |  70 | 298 | 256 | 272 |
| 4.076 - 3.647 |         36 |      957 |  72 | 313 | 276 | 296 |
| 3.647 - 3.33  |         31 |      875 |  70 | 294 | 242 | 269 |
| 3.33 - 3.084  |         32 |      831 |  70 | 271 | 228 | 262 |
| 3.084 - 2.885 |         30 |      784 |  71 | 256 | 212 | 245 |
| 2.885 - 2.72  |         35 |      834 |  72 | 275 | 218 | 269 |
| 2.72 - 2.581  |         35 |      792 |  71 | 247 | 212 | 262 |
| 2.581 - 2.461 |         30 |      648 |  71 | 215 | 206 | 156 |
| 2.461 - 2.356 |         33 |      501 |  99 | 167 | 163 |  72 |
| 2.356 - 2.264 |         43 |      543 | 127 | 176 | 169 |  71 |
| 2.264 - 2.182 |         53 |      563 | 144 | 188 | 159 |  72 |
| 2.182 - 2.108 |         65 |      528 | 142 | 166 | 105 | 115 |
| 2.108 - 2.041 |        100 |      611 | 151 | 159 | 105 | 196 |
| 2.041 - 1.98  |        140 |      696 | 175 | 220 | 140 | 161 |
| 1.98 - 1.924  |        184 |      661 | 140 | 210 | 171 | 140 |
| 1.924 - 1.873 |        222 |      520 | 106 | 141 | 141 | 132 |
| 1.873 - 1.826 |         88 |      185 |  29 |  56 |  65 |  35 |
+---------------+------------+----------+-----+-----+-----+-----+
Summary of reflections chosen for minimisation from each dataset (52619 total):
+--------------+------------------+----------------------+----------------------+--------------------+
| Dataset id   |     reflections  |   randomly selected  |   randomly selected  |   combined number  |
|              |    connected to  |         reflections  |         reflections  |     of reflections |
|              |   other datasets |       within dataset |      across datasets |                    |
|--------------+------------------+----------------------+----------------------+--------------------|
| 0            |             1928 |                 4532 |                 6273 |              11752 |
| 1            |             4368 |                 4874 |                 6362 |              14170 |
| 2            |             3669 |                 4642 |                 6304 |              13241 |
| 3            |             3686 |                 4817 |                 6264 |              13456 |
| total        |            13651 |                18865 |                25203 |              52619 |
+--------------+------------------+----------------------+----------------------+--------------------+
Completed configuration of MultiScaler. 

================================================================================

Components to be refined in this cycle for all datasets: scale, decay, absorption
Performing a round of scaling with an LBFGS minimizer. 

Time taken for refinement 3.75

Refinement steps:
+--------+--------+----------+
|   Step |   Nref |   RMSD_I |
|        |        |    (a.u) |
|--------+--------+----------|
|      0 |  52539 |   1.8353 |
|      1 |  52539 |   1.8321 |
|      2 |  52539 |   1.8287 |
|      3 |  52539 |   1.8266 |
|      4 |  52539 |   1.8249 |
|      5 |  52539 |   1.8238 |
|      6 |  52539 |   1.8225 |
|      7 |  52539 |   1.8224 |
+--------+--------+----------+
RMSD no longer decreasing
lbfgs minimizer stop: callback_after_step is True

================================================================================

Scale factors determined during minimisation have now been
applied to all datasets.

Combined outlier rejection has been performed across multiple datasets, 
2466 outliers have been identified. 

Performing multi-dataset profile/summation intensity optimisation.
+-----------------+---------+---------+
| Combination     |   CC1/2 |   Rmeas |
|-----------------+---------+---------|
| prf only        | 0.999   | 0.0559  |
| sum only        | 0.99875 | 0.0626  |
| Imid = 859.73   | 0.99544 | 0.17308 |
| Imid = 11484.08 | 0.9488  | 0.28695 |
| Imid = 1148.41  | 0.99402 | 0.19917 |
| Imid = 114.84   | 0.9987  | 0.0722  |
+-----------------+---------+---------+
Profile intensities determined to be best for scaling. 

Combined outlier rejection has been performed across multiple datasets, 
2466 outliers have been identified. 

Components to be refined in this cycle for all datasets: scale, decay, absorption
Performing a round of scaling with an LBFGS minimizer. 

Time taken for refinement 3.73

Refinement steps:
+--------+--------+----------+
|   Step |   Nref |   RMSD_I |
|        |        |    (a.u) |
|--------+--------+----------|
|      0 |  51901 |   1.5963 |
|      1 |  51901 |   1.5959 |
|      2 |  51901 |   1.5954 |
|      3 |  51901 |   1.5951 |
|      4 |  51901 |   1.5948 |
|      5 |  51901 |   1.5945 |
|      6 |  51901 |   1.5944 |
+--------+--------+----------+
RMSD no longer decreasing
lbfgs minimizer stop: callback_after_step is True

================================================================================

Scale factors determined during minimisation have now been
applied to all datasets.

Combined outlier rejection has been performed across multiple datasets, 
2513 outliers have been identified. 

Performing a round of error model refinement.

Error model details:
  Type: basic
  Parameters: a = 0.95511, b = 0.04696
  Error model formula: σ'² = a²(σ² + (bI)²)
  estimated I/sigma asymptotic limit: 22.298

Results of error model refinement. Uncorrected and corrected variances
of normalised intensity deviations for given intensity ranges. Variances
are expected to be ~1.0 for reliable errors (sigmas).
+--------------------------+----------+------------------------+----------------------+
| Intensity range (<Ih>)   |   n_refl |   Uncorrected variance |   Corrected variance |
|--------------------------+----------+------------------------+----------------------|
| 10276.08 - 1829.13       |     1406 |                 19.418 |                0.845 |
| 1829.13 - 1399.31        |     1406 |                 13.174 |                0.948 |
| 1399.31 - 1178.20        |     1406 |                 12.007 |                1.061 |
| 1178.20 - 925.28         |     2687 |                 11.072 |                1.161 |
| 925.28 - 506.86          |    12044 |                  7.314 |                1.236 |
| 506.86 - 277.65          |    20718 |                  4.604 |                1.323 |
| 277.65 - 152.09          |    28352 |                  2.773 |                1.291 |
| 152.09 - 83.31           |    30881 |                  1.819 |                1.18  |
| 83.31 - 45.64            |    25871 |                  1.346 |                1.065 |
| 45.64 - 24.99            |    15915 |                  0.967 |                0.885 |
+--------------------------+----------+------------------------+----------------------+

Components to be refined in this cycle for all datasets: scale, decay, absorption
Performing a round of scaling with a Levenberg-Marquardt minimizer.

Time taken for refinement 7.91

Refinement steps:
+--------+--------+----------+
|   Step |   Nref |   RMSD_I |
|        |        |    (a.u) |
|--------+--------+----------|
|      0 |  51883 |  0.92409 |
|      1 |  51883 |  0.91003 |
|      2 |  51883 |  0.90999 |
+--------+--------+----------+
RMSD no longer decreasing

================================================================================

Components to be refined in this cycle for all datasets: scale, decay, absorption
Performing a round of scaling with a Levenberg-Marquardt minimizer.

Time taken for refinement 5.16

Refinement steps:
+--------+--------+----------+
|   Step |   Nref |   RMSD_I |
|        |        |    (a.u) |
|--------+--------+----------|
|      0 |  51883 |  0.90999 |
|      1 |  51883 |  0.90999 |
+--------+--------+----------+
RMSD no longer decreasing

================================================================================

Calculating error estimates of inverse scale factors. 

Scale factors determined during minimisation have now been
applied to all datasets.

Combined outlier rejection has been performed across multiple datasets, 
242 outliers have been identified. 

Performing a round of error model refinement.

Error model details:
  Type: basic
  Parameters: a = 0.94574, b = 0.04689
  Error model formula: σ'² = a²(σ² + (bI)²)
  estimated I/sigma asymptotic limit: 22.549

Results of error model refinement. Uncorrected and corrected variances
of normalised intensity deviations for given intensity ranges. Variances
are expected to be ~1.0 for reliable errors (sigmas).
+--------------------------+----------+------------------------+----------------------+
| Intensity range (<Ih>)   |   n_refl |   Uncorrected variance |   Corrected variance |
|--------------------------+----------+------------------------+----------------------|
| 10329.74 - 1826.17       |     1405 |                 18.93  |                0.85  |
| 1826.17 - 1396.83        |     1405 |                 12.782 |                0.943 |
| 1396.83 - 1177.07        |     1405 |                 11.727 |                1.054 |
| 1177.07 - 928.18         |     2647 |                 10.831 |                1.176 |
| 928.18 - 508.18          |    12014 |                  7.127 |                1.219 |
| 508.18 - 278.23          |    20693 |                  4.471 |                1.313 |
| 278.23 - 152.33          |    28339 |                  2.722 |                1.289 |
| 152.33 - 83.40           |    30856 |                  1.788 |                1.18  |
| 83.40 - 45.66            |    25838 |                  1.333 |                1.073 |
| 45.66 - 24.99            |    15948 |                  0.956 |                0.891 |
+--------------------------+----------+------------------------+----------------------+


The reflection table variances have been adjusted to account for the
uncertainty in the scaling models for all datasets
Using median unit cell across experiments : (68.3603, 68.3603, 103.953, 90, 90, 90)

Total time taken: 35.0572s 

================================================================================

Warning: Over half (52.98%) of model parameters have signficant
uncertainty (sigma/abs(parameter) > 0.5), which could indicate a
poorly-determined scaling problem or overparameterisation.

Summary of dataset partialities
+------------------+----------+
| Partiality (p)   |   n_refl |
|------------------+----------|
| all reflections  |   301260 |
| p > 0.99         |   246904 |
| 0.5 < p < 0.99   |     2533 |
| 0.01 < p < 0.5   |     5463 |
| p < 0.01         |    46360 |
+------------------+----------+

Reflections below a partiality_cutoff of 0.4 are not considered for any
part of the scaling analysis or for the reporting of merging statistics.
Additionally, if applicable, only reflections with a min_partiality > 0.95
were considered for use when refining the scaling model.


                     ----------Merging statistics----------                    

Resolution: 68.36 - 1.80
Observations: 210067
Unique reflections: 20140
Redundancy: 10.4
Completeness: 85.42%
Mean intensity: 128.4
Mean I/sigma(I): 29.3
R-merge: 0.056
R-meas:  0.058
R-pim:   0.015


Statistics by resolution bin:
 d_max  d_min   #obs  #uniq   mult.  %comp       <I>  <I/sI>    r_mrg   r_meas    r_pim   cc1/2   cc_ano
 68.41   4.89  20482   1334   15.35 100.00     268.7    56.9    0.048    0.049    0.012   0.999*  -0.150
  4.89   3.88  20174   1244   16.22 100.00     406.2    60.6    0.045    0.047    0.011   0.999*  -0.119
  3.88   3.39  19695   1208   16.30 100.00     311.6    56.0    0.048    0.050    0.012   0.999*   0.001
  3.39   3.08  19743   1189   16.60 100.00     219.8    50.2    0.053    0.055    0.013   0.999*   0.008
  3.08   2.86  19957   1185   16.84 100.00     152.5    43.6    0.059    0.061    0.015   0.999*  -0.081
  2.86   2.69  20146   1191   16.92 100.00     123.3    40.4    0.065    0.067    0.016   0.998*  -0.147
  2.69   2.55  19882   1172   16.96 100.00      97.0    34.6    0.074    0.076    0.018   0.998*   0.091*
  2.55   2.44  15947   1167   13.66 100.00      87.7    29.3    0.076    0.079    0.021   0.998*  -0.054
  2.44   2.35  11954   1162   10.29  99.91      76.3    24.3    0.078    0.083    0.026   0.997*  -0.125
  2.35   2.27   9986   1180    8.46  99.92      75.2    21.6    0.079    0.084    0.029   0.997*  -0.013
  2.27   2.20   8303   1150    7.22  99.65      64.5    18.1    0.084    0.091    0.033   0.995*  -0.155
  2.20   2.13   6830   1165    5.86  99.06      58.2    14.8    0.087    0.095    0.038   0.994*  -0.017
  2.13   2.08   5300   1116    4.75  97.04      50.7    11.9    0.091    0.102    0.045   0.993*  -0.158
  2.08   2.03   4021   1056    3.81  91.27      44.9     9.9    0.096    0.111    0.053   0.988*  -0.048
  2.03   1.98   3076   1001    3.07  86.14      38.0     7.9    0.102    0.122    0.064   0.984*   0.133
  1.98   1.94   2060    896    2.30  77.85      35.9     6.5    0.096    0.119    0.069   0.979*  -0.037
  1.94   1.90   1163    700    1.66  61.03      30.7     4.9    0.115    0.150    0.094   0.963*   0.000
  1.90   1.86    751    531    1.41  46.21      26.7     4.0    0.110    0.148    0.099   0.970*   0.000
  1.86   1.83    464    366    1.27  31.88      24.4     3.5    0.101    0.141    0.097   0.967*   0.000
  1.83   1.80    133    127    1.05  11.07      21.0     2.8    0.386    0.546    0.386  -0.338   0.000
 68.36   1.80 210067  20140   10.43  85.42     128.4    29.3    0.056    0.058    0.015   0.999*  -0.027




                ----------Resolution cutoff estimates----------                

  resolution of all data          :   1.800
  based on CC(1/2) >= 0.33        :   1.831
  based on mean(I/sigma) >= 2.0   :   1.831
  based on R-merge < 0.5          :   1.831
  based on R-meas < 0.5           :   1.831
  based on completeness >= 90%    :   2.028
  based on completeness >= 50%    :   1.901

NOTE: we recommend using all data out to the CC(1/2) limit
for refinement.

Writing html report to: dials.scale.html

================================================================================

Saving the experiments to scaled.expt
Saving the scaled reflections to scaled.refl
See dials.github.io/dials_scale_user_guide.html for more info on scaling options
