The following parameters have been modified:

input {
  experiments = scaled.expt
  reflections = scaled.refl
}

DIALS 2.dev.1295-ga28cb8d75
Detected existence of a multi-dataset reflection table 
containing 4 datasets. 

Read 76079 predicted reflections
Selected 53248 scaled reflections
Combined 67 partial reflections with other partial reflections
Read 75607 predicted reflections
Selected 53541 scaled reflections
Combined 77 partial reflections with other partial reflections
Read 77983 predicted reflections
Selected 53056 scaled reflections
Combined 106 partial reflections with other partial reflections
Read 76468 predicted reflections
Selected 52748 scaled reflections
Combined 69 partial reflections with other partial reflections
Using median unit cell across experiments : (68.3603, 68.3603, 103.953, 90, 90, 90)
Resolution cc_half:      1.80
Resolution I/sig:        1.80
Resolution Mn(I/sig):    1.80
