The following parameters have been modified:

input {
  experiments = scaled.expt
  reflections = scaled.refl
}

DIALS 3.dev.302-gff26df84b
Detected existence of a multi-dataset reflection table 
containing 4 datasets. 

Read 74952 predicted reflections
Selected 54360 scaled reflections
Combined 2 partial reflections with other partial reflections
Read 74323 predicted reflections
Selected 54511 scaled reflections
Combined 3 partial reflections with other partial reflections
Read 76579 predicted reflections
Selected 54014 scaled reflections
Combined 4 partial reflections with other partial reflections
Read 75406 predicted reflections
Selected 53821 scaled reflections
Combined 2 partial reflections with other partial reflections
Using median unit cell across experiments : (68.3603, 68.3603, 103.953, 90, 90, 90)
Resolution cc_half:       1.78
