DIALS 2.dev.1062-gb01dfcdc9
The following parameters have been modified:

laue_group = None
input {
  experiments = scaled.expt
  reflections = scaled.refl
}

Detected existence of a multi-dataset reflection table 
containing 4 datasets. 

================================================================================

Analysing systematic absences

Read 76079 predicted reflections
Selected 53251 scaled reflections
Combined 68 partial reflections with other partial reflections
Read 75607 predicted reflections
Selected 53545 scaled reflections
Combined 77 partial reflections with other partial reflections
Read 77983 predicted reflections
Selected 53065 scaled reflections
Combined 106 partial reflections with other partial reflections
Read 76468 predicted reflections
Selected 52781 scaled reflections
Combined 69 partial reflections with other partial reflections
Using median unit cell across experiments : (68.3603, 68.3603, 103.953, 90, 90, 90)
Resolution estimate from <I>/<sigI> > 4.0 : 1.80
Resolution estimate from CC1/2 > 0.60: 1.80
Performing systematic absence checks on scaled data
Read 306137 predicted reflections
Selected 212642 scaled reflections
Removed 1 reflections with d < 1.80
Combined 68 partial reflections with other partial reflections
Combined 77 partial reflections with other partial reflections
Combined 106 partial reflections with other partial reflections
Combined 69 partial reflections with other partial reflections
Removed 4080 reflections below partiality threshold
Laue group: P 4/m m m
---------------------------------------------------------------------------------------------------------------
| Screw axis | Score | No. present | No. absent | <I> present | <I> absent | <I/sig> present | <I/sig> absent |
---------------------------------------------------------------------------------------------------------------
| 41c        | 1.000 | 11          | 33         | 728.990     | 0.128      | 32.486          | 0.382          |
| 21a        | 1.000 | 14          | 14         | 957.612     | 0.523      | 21.366          | 0.970          |
| 42c        | 1.000 | 22          | 22         | 364.336     | 0.351      | 16.558          | 0.257          |
---------------------------------------------------------------------------------------------------------------
------------------------
| Space group | score  |
------------------------
| P 4 2 2     | 0.0000 |
| P 4 21 2    | 0.0000 |
| P 41 2 2    | 0.0000 |
| P 42 2 2    | 0.0000 |
| P 41 21 2   | 1.0000 |
| P 42 21 2   | 0.0000 |
------------------------
Recommended space group: P 41 21 2
Space group with equivalent score (enantiomorphic pair): P 43 21 2
Saving reindexed experiments to symmetrized.expt
Saving 306137 reindexed reflections to symmetrized.refl
