DIALS 3.dev.124-g3812ecd3e
The following parameters have been modified:

input {
  experiments = symmetrized.expt
  reflections = symmetrized.refl
}


Merging scaled reflection data

Read 301260 predicted reflections
Selected 219091 scaled reflections
Combined 19 partial reflections with other partial reflections
Combined 23 partial reflections with other partial reflections
Combined 19 partial reflections with other partial reflections
Combined 21 partial reflections with other partial reflections
Using median unit cell across experiments : (68.3603, 68.3603, 103.953, 90, 90, 90)
Running systematic absences check
Laue group: P 4/m m m
+--------------+---------+---------------+--------------+---------------+--------------+-------------------+------------------+
| Screw axis   |   Score |   No. present |   No. absent |   <I> present |   <I> absent |   <I/sig> present |   <I/sig> absent |
|--------------+---------+---------------+--------------+---------------+--------------+-------------------+------------------|
| 41c          |       1 |            12 |           34 |       552.855 |        0.08  |            31.111 |            0.383 |
| 21a          |       1 |            14 |           14 |       806.729 |        0.439 |            22.233 |            0.986 |
| 42c          |       1 |            24 |           22 |       276.265 |        0.3   |            15.859 |            0.261 |
+--------------+---------+---------------+--------------+---------------+--------------+-------------------+------------------+
+---------------+---------+
| Space group   |   score |
|---------------+---------|
| P 4 2 2       |       0 |
| P 4 21 2      |       0 |
| P 41 2 2      |       0 |
| P 42 2 2      |       0 |
| P 41 21 2     |       1 |
| P 42 21 2     |       0 |
+---------------+---------+
Recommended space group: P 41 21 2
Space group with equivalent score (enantiomorphic pair): P 43 21 2

Scaling input intensities via French-Wilson Method
Total number of rejected intensities 0

===================== Absolute scaling and Wilson analysis ====================


        ----------Maximum likelihood isotropic Wilson scaling----------

 ML estimate of overall B value:
   12.41 A**2
 Estimated -log of scale factor:
   -2.93
 The overall B value ("Wilson B-factor", derived from the Wilson plot) gives
 an isotropic approximation for the falloff of intensity as a function of
 resolution.  Note that this approximation may be misleading for anisotropic
 data (where the crystal is poorly ordered along an axis).  The Wilson B is
 strongly correlated with refined atomic B-factors but these may differ by
 a significant amount, especially if anisotropy is present.

       ----------Maximum likelihood anisotropic Wilson scaling----------

ML estimate of overall B_cart value:
  11.65,  0.00,  0.00
         11.65,  0.00
                13.71

Equivalent representation as U_cif:
   0.15, -0.00, -0.00
          0.15,  0.00
                 0.17

Eigen analyses of B-cart:
  -------------------------------------------------
  | Eigenvector | Value   | Vector                |
  -------------------------------------------------
  | 1           |  13.707 | ( 0.00,  0.00,  1.00) |
  | 2           |  11.648 | ( 0.71,  0.71, -0.00) |
  | 3           |  11.648 | (-0.71,  0.71, -0.00) |
  -------------------------------------------------
ML estimate of  -log of scale factor:
  -2.93

                    ----------Anisotropy analyses----------


 For the resolution shell spanning between 1.93 - 1.78 Angstrom,
 the mean I/sigI is equal to  3.97. 50.0 % of these intensities have
 an I/sigI > 3. When sorting these intensities by their anisotropic
 correction factor and analysing the I/sigI behavior for this ordered
 list, we can gauge the presence of 'anisotropy induced noise amplification'
 in reciprocal space.

 The quarter of Intensities *least* affected by the anisotropy correction show

    <I/sigI>                 :   4.28e+00
    Fraction of I/sigI > 3   :   5.39e-01     ( Z =     1.78 )
  The quarter of Intensities *most* affected by the anisotropy correction show

    <I/sigI>                 :   3.05e+00
    Fraction of I/sigI > 3   :   3.80e-01     ( Z =     5.34 )
 Z-scores are computed on the basis of a Bernoulli model assuming independence
 of weak reflections with respect to anisotropy.

                        ----------Wilson plot----------

 The Wilson plot shows the falloff in intensity as a function in resolution;
 this is used to calculate the overall B-factor ("Wilson B-factor") for the
 data shown above.  The expected plot is calculated based on analysis of
 macromolecule structures in the PDB, and the distinctive appearance is due to
 the non-random arrangement of atoms in the crystal.  Some variation is
 natural, but major deviations from the expected plot may indicate pathological
 data (including ice rings, detector problems, or processing errors).

                  ----------Mean intensity analyses----------

 Inspired by: Morris et al. (2004). J. Synch. Rad.11, 56-59.
 The following resolution shells are worrisome:
  -----------------------------------------------------------------
  | Mean intensity by shell (outliers)                            |
  |---------------------------------------------------------------|
  | d_spacing     | z_score       | completeness  | <Iobs>/<Iexp> |
  |---------------------------------------------------------------|
  |     2.033     |    4.83       |    0.76       |      0.821    |
  -----------------------------------------------------------------

 Possible reasons for the presence of the reported unexpected low or elevated
 mean intensity in a given resolution bin are :
   - missing overloaded or weak reflections
   - suboptimal data processing
   - satellite (ice) crystals
   - NCS
   - translational pseudo symmetry (detected elsewhere)
   - outliers (detected elsewhere)
   - ice rings (detected elsewhere)
   - other problems
 Note that the presence of abnormalities in a certain region of reciprocal
 space might confuse the data validation algorithm throughout a large region
 of reciprocal space, even though the data are acceptable in those areas.



                     ----------Possible outliers----------

  Inspired by: Read, Acta Cryst. (1999). D55, 1759-1764

Acentric reflections:
            None

Centric reflections:
  -----------------------------------------------------------------------------------------------------
  | Centric reflections                                                                               |
  |---------------------------------------------------------------------------------------------------|
  | d_spacing         | H K L             | |E|               | p(wilson)         | p(extreme)        |
  |---------------------------------------------------------------------------------------------------|
  |    2.628          |    26,    0,    1 |   4.18            |  2.88e-05         |   7.74e-02        |
  -----------------------------------------------------------------------------------------------------



 p(wilson)  : 1-(erf[|E|/sqrt(2)])
 p(extreme) : 1-(erf[|E|/sqrt(2)])^(n_acentrics)


 p(wilson) is the probability that an E-value of the specified
 value would be observed when it would selected at random from
 the given data set.
 p(extreme) is the probability that the largest |E| value is
 larger or equal than the observed largest |E| value.

 Both measures can be used for outlier detection. p(extreme)
 takes into account the size of the dataset.


                 ----------Ice ring related problems----------

 The following statistics were obtained from ice-ring insensitive resolution
 ranges:

    mean bin z_score      : 1.41
        ( rms deviation   : 1.14 )
    mean bin completeness : 0.86
        ( rms deviation   : 0.29 )

 The following table shows the Wilson plot Z-scores and completeness for
 observed data in ice-ring sensitive areas.  The expected relative intensity
 is the theoretical intensity of crystalline ice at the given resolution.
 Large z-scores and high completeness in these resolution ranges might
 be a reason to re-assess your data processsing if ice rings were present.

  -------------------------------------------------------------
  | d_spacing | Expected rel. I | Data Z-score | Completeness |
  -------------------------------------------------------------
  |     3.897 |      1.000      |    2.76      |    1.00      |
  |     3.669 |      0.750      |    1.09      |    1.00      |
  |     3.441 |      0.530      |    3.37      |    0.99      |
  |     2.671 |      0.170      |    1.25      |    0.99      |
  |     2.249 |      0.390      |    1.59      |    0.98      |
  |     2.072 |      0.300      |    0.92      |    0.81      |
  |     1.948 |      0.040      |    1.68      |    0.51      |
  |     1.918 |      0.180      |    0.02      |    0.37      |
  |     1.883 |      0.030      |    0.45      |    0.30      |
  -------------------------------------------------------------
 Abnormalities in mean intensity or completeness at resolution ranges with a
 relative ice ring intensity lower than 0.10 will be ignored.
 No ice ring related problems detected.
 If ice rings were present, the data does not look worse at ice ring related
 d_spacings as compared to the rest of the data set.


                     ----------Merging statistics----------                    

Resolution: 68.36 - 1.78
Observations: 219009
Unique reflections: 20799
Redundancy: 10.5
Completeness: 85.66%
Mean intensity: 125.0
Mean I/sigma(I): 28.0
R-merge: 0.058
R-meas:  0.060
R-pim:   0.016


Statistics by resolution bin:
 d_max  d_min   #obs  #uniq   mult.  %comp       <I>  <I/sI>    r_mrg   r_meas    r_pim   cc1/2   cc_ano
 68.41   4.83  21404   1380   15.51 100.00     272.5    55.2    0.048    0.050    0.012   0.999*  -0.192
  4.83   3.84  20903   1271   16.45 100.00     399.4    58.8    0.046    0.048    0.012   0.999*  -0.049
  3.84   3.35  20668   1256   16.46 100.00     304.1    54.1    0.049    0.051    0.012   0.999*   0.018
  3.35   3.05  20824   1226   16.99 100.00     209.3    48.6    0.056    0.058    0.014   0.999*  -0.048
  3.05   2.83  20682   1221   16.94 100.00     144.3    41.8    0.061    0.063    0.015   0.998*  -0.072
  2.83   2.66  21279   1233   17.26 100.00     119.8    39.2    0.067    0.069    0.017   0.998*  -0.113
  2.66   2.53  20394   1197   17.04 100.00      94.8    32.9    0.076    0.078    0.019   0.998*   0.030
  2.53   2.42  16664   1212   13.75 100.00      84.6    27.8    0.081    0.085    0.023   0.997*   0.049
  2.42   2.32  12512   1213   10.31 100.00      76.3    23.7    0.083    0.087    0.027   0.996*   0.086*
  2.32   2.24  10399   1207    8.62 100.00      72.0    20.4    0.084    0.090    0.030   0.995*  -0.033
  2.24   2.17   8636   1191    7.25  99.92      64.2    17.1    0.087    0.093    0.034   0.993*  -0.187
  2.17   2.11   6956   1189    5.85  99.41      54.5    13.4    0.097    0.106    0.043   0.991*  -0.103
  2.11   2.06   5477   1147    4.78  96.14      49.5    11.2    0.097    0.108    0.047   0.992*  -0.025
  2.06   2.01   4340   1110    3.91  92.73      42.7     9.1    0.109    0.125    0.059   0.986*  -0.012
  2.01   1.96   3144   1029    3.06  86.47      36.6     7.1    0.120    0.143    0.076   0.976*  -0.056
  1.96   1.92   2115    929    2.28  77.48      33.0     5.8    0.121    0.150    0.086   0.967*  -0.335
  1.92   1.88   1171    716    1.64  60.22      28.0     4.2    0.137    0.181    0.117   0.950*   0.944
  1.88   1.84    816    564    1.45  48.87      24.6     3.5    0.156    0.213    0.143   0.941*   0.000
  1.84   1.81    489    383    1.28  31.65      22.1     3.0    0.182    0.249    0.170   0.911*   0.000
  1.81   1.78    136    125    1.09  10.53      15.4     2.0    0.139    0.192    0.133   0.961*   0.000
 68.36   1.78 219009  20799   10.53  85.66     125.0    28.0    0.058    0.060    0.016   0.999*  -0.025




                ----------Resolution cutoff estimates----------                

  resolution of all data          :   1.781
  based on CC(1/2) >= 0.33        :   1.781
  based on mean(I/sigma) >= 2.0   :   1.812
  based on R-merge < 0.5          :   1.781
  based on R-meas < 0.5           :   1.781
  based on completeness >= 90%    :   2.006
  based on completeness >= 50%    :   1.880

NOTE: we recommend using all data out to the CC(1/2) limit
for refinement.


Writing reflections to merged.mtz
Title: From dials.merge
Space group symbol from file: P41212
Space group number from file: 92
Space group from matrices: P 41 21 2 (No. 92)
Point group symbol from file: 422
Number of crystals: 1
Number of Miller indices: 20799
Resolution range: 68.3603 1.78117
History:
  From DIALS 3.dev.124-g3812ecd3e, run on 2020-07-18 at 08:26:28 BST  (2020-07-18
Crystal 1:
  Name: XTAL
  Project: AUTOMATIC
  Id: 1
  Unit cell: (68.3603, 68.3603, 103.953, 90, 90, 90)
  Number of datasets: 1
  Dataset 1:
    Name: NATIVE
    Id: 1
    Wavelength: 0.979493
    Number of columns: 17
    label    #valid  %valid    min     max type
    H         20799 100.00%   0.00   37.00 H: index h,k,l
    K         20799 100.00%   0.00   24.00 H: index h,k,l
    L         20799 100.00%   0.00   56.00 H: index h,k,l
    IMEAN     20799 100.00% -24.80 5258.15 J: intensity
    SIGIMEAN  20799 100.00%   0.14  173.19 Q: standard deviation
    I(+)      20519  98.65% -24.80 5258.15 K: I(+) or I(-)
    SIGI(+)   20519  98.65%   0.14  173.19 M: standard deviation
    I(-)      14678  70.57% -28.56 3440.52 K: I(+) or I(-)
    SIGI(-)   14678  70.57%   0.40   66.58 M: standard deviation
    N(+)      20519  98.65%   2.00    8.00 I: integer
    N(-)      14678  70.57%   8.00    8.00 I: integer
    F         20799 100.00%   0.31   72.22 F: amplitude
    SIGF      20799 100.00%   0.04    1.84 Q: standard deviation
    F(+)      20519  98.65%   0.31   72.22 G: F(+) or F(-)
    SIGF(+)   20519  98.65%   0.04    1.55 L: standard deviation
    F(-)      14678  70.57%   0.43   58.61 G: F(+) or F(-)
    SIGF(-)   14678  70.57%   0.06    1.50 L: standard deviation

