Resolution bins
0: 68.380, 5.675
1: 5.675, 4.020
2: 4.020, 3.284
3: 3.284, 2.845
4: 2.845, 2.545
5: 2.545, 2.323
6: 2.323, 2.151
7: 2.151, 2.012
8: 2.012, 1.897
9: 1.897, 1.800

# Datasets: 4
# Reflections: 212648
# Unique: 34076
CC 1/2 mean: 99.263
CC 1/2 excluding dataset 0: 99.264
CC 1/2 excluding dataset 1: 99.236
CC 1/2 excluding dataset 2: 99.199
CC 1/2 excluding dataset 3: 99.224
Dataset: 0, Delta CC 1/2: -0.001
Dataset: 1, Delta CC 1/2: 0.027
Dataset: 3, Delta CC 1/2: 0.039
Dataset: 2, Delta CC 1/2: 0.064
Writing table to delta_cchalf.dat

mean delta_cc_half 0.0323083071378
stddev delta_cc_half 0.0235618260127
cutoff value: -0.0619389969129 

Saving 306137 reflections to filtered.refl
Saving the experiments to filtered.expt
