DIALS 2.dev.1198-g9f8cd7d76
The following parameters have been modified:
input {
  experiments = symmetrized.expt
  reflections = symmetrized.refl
}

Checking for the existence of a reflection table 
containing multiple datasets 

Detected existence of a multi-dataset reflection table 
containing 4 datasets. 

Found 4 reflection tables & 4 experiments in total.

Dataset unique identifiers are ['0', '1', '2', '3'] 

Space group being used during scaling is P 4 2 2
Using median unit cell across experiments : (68.3603, 68.3603, 103.953, 90, 90, 90)

Scaling models have been initialised for all experiments.

================================================================================

The experiment identifier for this dataset is 0
Preprocessing data for scaling. The id assigned to this 
dataset is 0, and the scaling model type being applied is physical. 

22812/76079 reflections not suitable for scaling
Reflections passing individual criteria:
criterion: excluded for scaling, reflections: 21712
criterion: not integrated by any method, reflections: 17194
criterion: user excluded, reflections: 13615
criterion: bad d-value, reflections: 8461

The following corrections will be applied to this dataset: 

+--------------+----------------+
| correction   |   n_parameters |
|--------------+----------------|
| scale        |             10 |
| decay        |              8 |
| absorption   |             24 |
+--------------+----------------+
A round of outlier rejection has been performed, 
3331 outliers have been identified. 

Completed preprocessing and initialisation for this dataset.

================================================================================

The experiment identifier for this dataset is 1
Preprocessing data for scaling. The id assigned to this 
dataset is 1, and the scaling model type being applied is physical. 

22041/75607 reflections not suitable for scaling
Reflections passing individual criteria:
criterion: excluded for scaling, reflections: 20762
criterion: not integrated by any method, reflections: 16091
criterion: user excluded, reflections: 13153
criterion: bad d-value, reflections: 7556

The following corrections will be applied to this dataset: 

+--------------+----------------+
| correction   |   n_parameters |
|--------------+----------------|
| scale        |             10 |
| decay        |              8 |
| absorption   |             24 |
+--------------+----------------+
A round of outlier rejection has been performed, 
257 outliers have been identified. 

Completed preprocessing and initialisation for this dataset.

================================================================================

The experiment identifier for this dataset is 2
Preprocessing data for scaling. The id assigned to this 
dataset is 2, and the scaling model type being applied is physical. 

24878/77983 reflections not suitable for scaling
Reflections passing individual criteria:
criterion: excluded for scaling, reflections: 23522
criterion: not integrated by any method, reflections: 18787
criterion: user excluded, reflections: 15433
criterion: bad d-value, reflections: 9985

The following corrections will be applied to this dataset: 

+--------------+----------------+
| correction   |   n_parameters |
|--------------+----------------|
| scale        |             10 |
| decay        |              8 |
| absorption   |             24 |
+--------------+----------------+
A round of outlier rejection has been performed, 
976 outliers have been identified. 

Completed preprocessing and initialisation for this dataset.

================================================================================

The experiment identifier for this dataset is 3
Preprocessing data for scaling. The id assigned to this 
dataset is 3, and the scaling model type being applied is physical. 

23620/76468 reflections not suitable for scaling
Reflections passing individual criteria:
criterion: excluded for scaling, reflections: 22591
criterion: not integrated by any method, reflections: 17982
criterion: user excluded, reflections: 13932
criterion: bad d-value, reflections: 8998

The following corrections will be applied to this dataset: 

+--------------+----------------+
| correction   |   n_parameters |
|--------------+----------------|
| scale        |             10 |
| decay        |              8 |
| absorption   |             24 |
+--------------+----------------+
A round of outlier rejection has been performed, 
6234 outliers have been identified. 

Completed preprocessing and initialisation for this dataset.

================================================================================

Configuring a MultiScaler to handle the individual Scalers. 

Determining symmetry equivalent reflections across datasets.


Using quasi-random reflection selection. Selecting from 16683 symmetry groups
with <I/sI> > 1.0 (197826 reflections)). Selection target of 6250.0 reflections
from each dataset, with a total number between 25000.0 and 50000.0.

Summary of cross-dataset reflection groups chosen (2995 groups, 37370 reflections):
+---------------+------------+----------+-----+-----+-----+-----+
| d-range       |   n_groups |   n_refl |   0 |   1 |   2 |   3 |
|---------------+------------+----------+-----+-----+-----+-----|
| 68.428 - 8.11 |         96 |     1623 | 317 | 452 | 418 | 436 |
| 8.11 - 5.755  |         88 |     2154 | 313 | 645 | 575 | 621 |
| 5.755 - 4.704 |         92 |     2405 | 316 | 728 | 644 | 717 |
| 4.704 - 4.076 |         97 |     2521 | 306 | 784 | 668 | 763 |
| 4.076 - 3.647 |         95 |     2525 | 283 | 764 | 670 | 808 |
| 3.647 - 3.33  |         92 |     2512 | 280 | 754 | 669 | 809 |
| 3.33 - 3.084  |         92 |     2506 | 240 | 776 | 668 | 822 |
| 3.084 - 2.885 |         92 |     2510 | 247 | 781 | 668 | 814 |
| 2.885 - 2.72  |         96 |     2519 | 247 | 789 | 662 | 821 |
| 2.72 - 2.581  |         93 |     2503 | 244 | 768 | 678 | 813 |
| 2.581 - 2.461 |        107 |     2432 | 312 | 681 | 725 | 714 |
| 2.461 - 2.356 |        103 |     1551 | 313 | 451 | 448 | 339 |
| 2.356 - 2.264 |        114 |     1442 | 346 | 411 | 371 | 314 |
| 2.264 - 2.182 |        148 |     1442 | 381 | 395 | 313 | 353 |
| 2.182 - 2.108 |        250 |     1770 | 430 | 448 | 312 | 580 |
| 2.108 - 2.041 |        279 |     1574 | 394 | 467 | 313 | 400 |
| 2.041 - 1.98  |        301 |     1377 | 313 | 411 | 341 | 312 |
| 1.98 - 1.924  |        438 |     1275 | 320 | 313 | 329 | 313 |
| 1.924 - 1.873 |        234 |      544 | 106 | 165 | 141 | 132 |
| 1.873 - 1.826 |         88 |      185 |  29 |  56 |  65 |  35 |
+---------------+------------+----------+-----+-----+-----+-----+
Summary of reflections chosen for minimisation from each dataset (58133 total):
+--------------+------------------+----------------------+--------------------+
| Dataset id   |     reflections  |   randomly selected  |   combined number  |
|              |    connected to  |         reflections  |     of reflections |
|              |   other datasets |       within dataset |                    |
|--------------+------------------+----------------------+--------------------|
| 0            |             5737 |                 6272 |              11301 |
| 1            |            11039 |                 6735 |              16090 |
| 2            |             9678 |                 6592 |              14874 |
| 3            |            10916 |                 6502 |              15868 |
| total        |            37370 |                26101 |              58133 |
+--------------+------------------+----------------------+--------------------+
Completed configuration of MultiScaler. 

================================================================================

Components to be refined in this cycle for all datasets: scale, decay, absorption
Performing a round of scaling with an LBFGS minimizer. 

Time taken for refinement 29.6331689358

Refinement steps:
+--------+--------+----------+
|   Step |   Nref |   RMSD_I |
|        |        |    (a.u) |
|--------+--------+----------|
|      0 |  55111 |   6.8795 |
|      1 |  55111 |   5.6577 |
|      2 |  55111 |   5.1238 |
|      3 |  55111 |   4.7245 |
|      4 |  55111 |   4.2589 |
|      5 |  55111 |   3.5912 |
|      6 |  55111 |   3.1307 |
|      7 |  55111 |   2.5047 |
|      8 |  55111 |   2.0874 |
|      9 |  55111 |   1.912  |
|     10 |  55111 |   1.8317 |
|     11 |  55111 |   1.7953 |
|     12 |  55111 |   1.7751 |
|     13 |  55111 |   1.7589 |
|     14 |  55111 |   1.7277 |
|     15 |  55111 |   1.6886 |
|     16 |  55111 |   1.6821 |
|     17 |  55111 |   1.6474 |
|     18 |  55111 |   1.643  |
|     19 |  55111 |   1.6363 |
|     20 |  55111 |   1.6323 |
|     21 |  55111 |   1.6246 |
|     22 |  55111 |   1.6211 |
|     23 |  55111 |   1.6186 |
|     24 |  55111 |   1.6152 |
|     25 |  55111 |   1.613  |
|     26 |  55111 |   1.6112 |
|     27 |  55111 |   1.6102 |
|     28 |  55111 |   1.6079 |
|     29 |  55111 |   1.606  |
|     30 |  55111 |   1.6041 |
|     31 |  55111 |   1.6023 |
|     32 |  55111 |   1.6013 |
|     33 |  55111 |   1.6004 |
|     34 |  55111 |   1.5984 |
|     35 |  55111 |   1.5972 |
|     36 |  55111 |   1.5959 |
|     37 |  55111 |   1.5945 |
|     38 |  55111 |   1.5935 |
|     39 |  55111 |   1.5922 |
|     40 |  55111 |   1.5901 |
|     41 |  55111 |   1.589  |
|     42 |  55111 |   1.5869 |
|     43 |  55111 |   1.5832 |
|     44 |  55111 |   1.5787 |
|     45 |  55111 |   1.5751 |
|     46 |  55111 |   1.5722 |
|     47 |  55111 |   1.5699 |
|     48 |  55111 |   1.5666 |
|     49 |  55111 |   1.5628 |
|     50 |  55111 |   1.5606 |
|     51 |  55111 |   1.5581 |
|     52 |  55111 |   1.5565 |
|     53 |  55111 |   1.5544 |
|     54 |  55111 |   1.5523 |
|     55 |  55111 |   1.5506 |
|     56 |  55111 |   1.5487 |
|     57 |  55111 |   1.5476 |
|     58 |  55111 |   1.5461 |
|     59 |  55111 |   1.544  |
|     60 |  55111 |   1.5426 |
|     61 |  55111 |   1.5412 |
|     62 |  55111 |   1.5389 |
|     63 |  55111 |   1.5369 |
|     64 |  55111 |   1.5342 |
|     65 |  55111 |   1.531  |
|     66 |  55111 |   1.5272 |
|     67 |  55111 |   1.5246 |
|     68 |  55111 |   1.522  |
|     69 |  55111 |   1.5194 |
|     70 |  55111 |   1.5168 |
|     71 |  55111 |   1.5144 |
|     72 |  55111 |   1.5129 |
|     73 |  55111 |   1.5094 |
|     74 |  55111 |   1.5082 |
|     75 |  55111 |   1.5065 |
|     76 |  55111 |   1.5055 |
|     77 |  55111 |   1.5038 |
|     78 |  55111 |   1.5018 |
|     79 |  55111 |   1.499  |
|     80 |  55111 |   1.4961 |
|     81 |  55111 |   1.4928 |
|     82 |  55111 |   1.4912 |
|     83 |  55111 |   1.4894 |
|     84 |  55111 |   1.4868 |
|     85 |  55111 |   1.4846 |
|     86 |  55111 |   1.4817 |
|     87 |  55111 |   1.4767 |
|     88 |  55111 |   1.4742 |
|     89 |  55111 |   1.4723 |
|     90 |  55111 |   1.4689 |
|     91 |  55111 |   1.4661 |
|     92 |  55111 |   1.4621 |
|     93 |  55111 |   1.4553 |
|     94 |  55111 |   1.4523 |
|     95 |  55111 |   1.4505 |
|     96 |  55111 |   1.4481 |
|     97 |  55111 |   1.4468 |
|     98 |  55111 |   1.4452 |
|     99 |  55111 |   1.4442 |
|    100 |  55111 |   1.4429 |
|    101 |  55111 |   1.4419 |
|    102 |  55111 |   1.4411 |
|    103 |  55111 |   1.4402 |
|    104 |  55111 |   1.4396 |
|    105 |  55111 |   1.4386 |
|    106 |  55111 |   1.4379 |
|    107 |  55111 |   1.4375 |
|    108 |  55111 |   1.4371 |
|    109 |  55111 |   1.4369 |
|    110 |  55111 |   1.4365 |
|    111 |  55111 |   1.4361 |
|    112 |  55111 |   1.4358 |
|    113 |  55111 |   1.4354 |
|    114 |  55111 |   1.4349 |
|    115 |  55111 |   1.4345 |
|    116 |  55111 |   1.4339 |
|    117 |  55111 |   1.4336 |
|    118 |  55111 |   1.4331 |
|    119 |  55111 |   1.4327 |
|    120 |  55111 |   1.4323 |
|    121 |  55111 |   1.4317 |
|    122 |  55111 |   1.4312 |
|    123 |  55111 |   1.4308 |
|    124 |  55111 |   1.4304 |
|    125 |  55111 |   1.4299 |
|    126 |  55111 |   1.4295 |
|    127 |  55111 |   1.4292 |
|    128 |  55111 |   1.4287 |
|    129 |  55111 |   1.4285 |
|    130 |  55111 |   1.4282 |
|    131 |  55111 |   1.4279 |
|    132 |  55111 |   1.4274 |
|    133 |  55111 |   1.427  |
|    134 |  55111 |   1.4259 |
|    135 |  55111 |   1.425  |
|    136 |  55111 |   1.4247 |
|    137 |  55111 |   1.4242 |
|    138 |  55111 |   1.424  |
|    139 |  55111 |   1.4235 |
|    140 |  55111 |   1.423  |
|    141 |  55111 |   1.4225 |
|    142 |  55111 |   1.4221 |
|    143 |  55111 |   1.4217 |
|    144 |  55111 |   1.421  |
|    145 |  55111 |   1.4206 |
|    146 |  55111 |   1.4201 |
|    147 |  55111 |   1.4198 |
|    148 |  55111 |   1.4195 |
|    149 |  55111 |   1.4191 |
|    150 |  55111 |   1.4188 |
|    151 |  55111 |   1.4187 |
+--------+--------+----------+
RMSD no longer decreasing
lbfgs minimizer stop: callback_after_step is True

================================================================================

Scale factors determined during minimisation have now been
applied to all datasets.

Combined outlier rejection has been performed across multiple datasets, 
4001 outliers have been identified. 

Performing multi-dataset profile/summation intensity optimisation.
+-----------------+---------+---------+
| Combination     |   CC1/2 |   Rmeas |
|-----------------+---------+---------|
| prf only        | 0.99872 | 0.06252 |
| sum only        | 0.99842 | 0.07069 |
| Imid = 877.57   | 0.9951  | 0.18705 |
| Imid = 11217.96 | 0.95787 | 0.30091 |
| Imid = 1121.8   | 0.99393 | 0.20945 |
| Imid = 112.18   | 0.99832 | 0.07957 |
+-----------------+---------+---------+
Profile intensities determined to be best for scaling. 

Combined outlier rejection has been performed across multiple datasets, 
4001 outliers have been identified. 

Components to be refined in this cycle for all datasets: scale, decay, absorption
Performing a round of scaling with an LBFGS minimizer. 

Time taken for refinement 6.58975195885

Refinement steps:
+--------+--------+----------+
|   Step |   Nref |   RMSD_I |
|        |        |    (a.u) |
|--------+--------+----------|
|      0 |  57129 |   1.5547 |
|      1 |  57129 |   1.5499 |
|      2 |  57129 |   1.5462 |
|      3 |  57129 |   1.5403 |
|      4 |  57129 |   1.5348 |
|      5 |  57129 |   1.5302 |
|      6 |  57129 |   1.528  |
|      7 |  57129 |   1.5267 |
|      8 |  57129 |   1.5258 |
|      9 |  57129 |   1.5248 |
|     10 |  57129 |   1.524  |
|     11 |  57129 |   1.5235 |
|     12 |  57129 |   1.5231 |
|     13 |  57129 |   1.5225 |
|     14 |  57129 |   1.5222 |
|     15 |  57129 |   1.5219 |
|     16 |  57129 |   1.5216 |
|     17 |  57129 |   1.5213 |
|     18 |  57129 |   1.5211 |
|     19 |  57129 |   1.5208 |
|     20 |  57129 |   1.5206 |
|     21 |  57129 |   1.5203 |
|     22 |  57129 |   1.5199 |
|     23 |  57129 |   1.5196 |
|     24 |  57129 |   1.519  |
|     25 |  57129 |   1.5185 |
|     26 |  57129 |   1.5181 |
|     27 |  57129 |   1.5172 |
|     28 |  57129 |   1.5171 |
|     29 |  57129 |   1.5164 |
|     30 |  57129 |   1.5163 |
+--------+--------+----------+
RMSD no longer decreasing
lbfgs minimizer stop: callback_after_step is True

================================================================================

Scale factors determined during minimisation have now been
applied to all datasets.

Combined outlier rejection has been performed across multiple datasets, 
3385 outliers have been identified. 

Performing a round of error model refinement.

Error model details:
  Type: basic
  Current parameters: a = 0.92752, b = 0.05131
  Error model formula: σ'² = a²(σ² + (bI)²)
  estimated I/sigma asymptotic limit: 21.014

Results of error model refinement. Uncorrected and corrected variances
of normalised intensity deviations for given intensity ranges. Variances
are expected to be ~1.0 for reliable errors (sigmas).
+--------------------------+----------+------------------------+----------------------+
| Intensity range (<Ih>)   |   n_refl |   Uncorrected variance |   Corrected variance |
|--------------------------+----------+------------------------+----------------------|
| 10177.03 - 1815.17       |     1393 |                 20.288 |                0.794 |
| 1815.17 - 1390.40        |     1393 |                 14.662 |                0.915 |
| 1390.40 - 1169.29        |     1393 |                 13.677 |                1.085 |
| 1169.29 - 919.92         |     2655 |                 11.4   |                1.128 |
| 919.92 - 504.41          |    12040 |                  8.482 |                1.323 |
| 504.41 - 276.58          |    20633 |                  5.318 |                1.45  |
| 276.58 - 151.65          |    28259 |                  3.215 |                1.462 |
| 151.65 - 83.15           |    30810 |                  1.952 |                1.31  |
| 83.15 - 45.59            |    25360 |                  1.338 |                1.127 |
| 45.59 - 24.99            |    15370 |                  0.958 |                0.923 |
+--------------------------+----------+------------------------+----------------------+

Components to be refined in this cycle for all datasets: scale, decay, absorption
Performing a round of scaling with a Levenberg-Marquardt minimizer.

Time taken for refinement 16.3296518326

Refinement steps:
+--------+--------+----------+
|   Step |   Nref |   RMSD_I |
|        |        |    (a.u) |
|--------+--------+----------|
|      0 |  57346 |  0.91393 |
|      1 |  57346 |  0.89462 |
|      2 |  57346 |  0.88824 |
|      3 |  57346 |  0.88362 |
|      4 |  57346 |  0.8815  |
|      5 |  57346 |  0.88073 |
|      6 |  57346 |  0.88042 |
|      7 |  57346 |  0.88032 |
|      8 |  57346 |  0.88031 |
+--------+--------+----------+
RMSD no longer decreasing

================================================================================

Components to be refined in this cycle for all datasets: scale, decay, absorption
Performing a round of scaling with a Levenberg-Marquardt minimizer.

Time taken for refinement 3.52864408493

Refinement steps:
+--------+--------+----------+
|   Step |   Nref |   RMSD_I |
|        |        |    (a.u) |
|--------+--------+----------|
|      0 |  57346 |  0.88031 |
|      1 |  57346 |  0.88031 |
+--------+--------+----------+
RMSD no longer decreasing

================================================================================

Calculating error estimates of inverse scale factors. 

Scale factors determined during minimisation have now been
applied to all datasets.

Combined outlier rejection has been performed across multiple datasets, 
180 outliers have been identified. 

Performing a round of error model refinement.

Error model details:
  Type: basic
  Current parameters: a = 0.87820, b = 0.05291
  Error model formula: σ'² = a²(σ² + (bI)²)
  estimated I/sigma asymptotic limit: 21.521

Results of error model refinement. Uncorrected and corrected variances
of normalised intensity deviations for given intensity ranges. Variances
are expected to be ~1.0 for reliable errors (sigmas).
+--------------------------+----------+------------------------+----------------------+
| Intensity range (<Ih>)   |   n_refl |   Uncorrected variance |   Corrected variance |
|--------------------------+----------+------------------------+----------------------|
| 10297.24 - 1825.51       |     1393 |                 20.281 |                0.824 |
| 1825.51 - 1395.78        |     1393 |                 13.911 |                0.928 |
| 1395.78 - 1178.07        |     1393 |                 13.046 |                1.103 |
| 1178.07 - 926.43         |     2639 |                 11.103 |                1.128 |
| 926.43 - 507.38          |    11960 |                  7.527 |                1.236 |
| 507.38 - 277.88          |    20579 |                  4.636 |                1.34  |
| 277.88 - 152.19          |    28124 |                  2.818 |                1.377 |
| 152.19 - 83.35           |    30741 |                  1.771 |                1.281 |
| 83.35 - 45.65            |    25471 |                  1.267 |                1.162 |
| 45.65 - 24.99            |    15636 |                  0.899 |                0.97  |
+--------------------------+----------+------------------------+----------------------+


The reflection table variances have been adjusted to account for the
uncertainty in the scaling models for all datasets
Using median unit cell across experiments : (68.3603, 68.3603, 103.953, 90, 90, 90)

Total time taken: 63.6568s 

================================================================================

Warning: Over half (51.79%) of model parameters have signficant
uncertainty (sigma/abs(parameter) > 0.5), which could indicate a
poorly-determined scaling problem or overparameterisation.

Summary of dataset partialities
+------------------+----------+
| Partiality (p)   |   n_refl |
|------------------+----------|
| all reflections  |   306137 |
| p > 0.99         |   244580 |
| 0.5 < p < 0.99   |     4670 |
| 0.01 < p < 0.5   |    10499 |
| p < 0.01         |    46388 |
+------------------+----------+

Reflections below a partiality_cutoff of 0.4 are not considered for any
part of the scaling analysis or for the reporting of merging statistics.
Additionally, if applicable, only reflections with a min_partiality > 0.95
were considered for use when refining the scaling model.


                     ----------Merging statistics----------                    

Resolution: 68.36 - 1.80
Observations: 212606
Unique reflections: 20144
Redundancy: 10.6
Completeness: 84.99%
Mean intensity: 127.4
Mean I/sigma(I): 30.1
R-merge: 0.057
R-meas:  0.059
R-pim:   0.016


Statistics by resolution bin:
 d_max  d_min   #obs  #uniq   mult.  %comp       <I>  <I/sI>    r_mrg   r_meas    r_pim   cc1/2   cc_ano
 68.41   4.88  20806   1342   15.50 100.00     268.5    57.0    0.048    0.050    0.012   0.999*  -0.252
  4.88   3.87  20535   1245   16.49 100.00     400.4    60.8    0.046    0.048    0.011   0.999*  -0.088
  3.87   3.38  19983   1212   16.49 100.00     308.4    56.6    0.049    0.050    0.012   0.999*  -0.074
  3.38   3.07  20394   1207   16.90 100.00     215.6    51.3    0.054    0.056    0.013   0.999*  -0.077
  3.07   2.85  20407   1190   17.15 100.00     150.0    45.2    0.060    0.062    0.015   0.999*  -0.021
  2.85   2.68  20319   1186   17.13 100.00     120.9    42.0    0.066    0.068    0.016   0.999*  -0.153
  2.68   2.55  20298   1179   17.22 100.00      96.6    36.3    0.074    0.076    0.018   0.998*  -0.029
  2.55   2.44  16100   1181   13.63 100.00      87.1    30.6    0.077    0.080    0.022   0.997*   0.044
  2.44   2.35  12108   1177   10.29  99.92      74.9    25.2    0.081    0.086    0.026   0.995*  -0.006
  2.35   2.26   9984   1170    8.53  99.91      73.7    22.6    0.083    0.088    0.030   0.995*  -0.004
  2.26   2.19   8336   1170    7.12  99.57      64.4    18.7    0.085    0.092    0.034   0.992*  -0.121
  2.19   2.13   6734   1162    5.80  99.06      57.0    15.1    0.089    0.098    0.039   0.994*  -0.073
  2.13   2.07   5246   1111    4.72  96.78      51.1    12.6    0.092    0.103    0.046   0.992*  -0.183
  2.07   2.02   4025   1081    3.72  91.30      44.5    10.1    0.098    0.113    0.055   0.988*  -0.123
  2.02   1.98   2944    981    3.00  85.16      38.3     8.2    0.103    0.123    0.066   0.983*   0.081
  1.98   1.94   2003    887    2.26  76.40      35.1     6.7    0.100    0.124    0.073   0.976*  -0.102
  1.94   1.90   1112    686    1.62  59.70      30.1     5.0    0.115    0.150    0.095   0.965*   0.000
  1.90   1.86    735    526    1.40  45.34      26.9     4.3    0.107    0.144    0.096   0.969*   0.000
  1.86   1.83    430    346    1.24  29.60      24.4     3.7    0.106    0.149    0.103   0.968*   0.000
  1.83   1.80    107    105    1.02   9.23      20.3     2.9    0.433    0.612    0.433  -1.000   0.000
 68.36   1.80 212606  20144   10.55  84.99     127.4    30.1    0.057    0.059    0.016   0.999*  -0.075




                ----------Resolution cutoff estimates----------                

  resolution of all data          :   1.797
  based on CC(1/2) >= 0.33        :   1.828
  based on mean(I/sigma) >= 2.0   :   1.828
  based on R-merge < 0.5          :   1.828
  based on R-meas < 0.5           :   1.828
  based on completeness >= 90%    :   2.024
  based on completeness >= 50%    :   1.897

NOTE: we recommend using all data out to the CC(1/2) limit
for refinement.

Writing html report to: scaling.html

================================================================================

Saving the experiments to scaled.expt
Saving the scaled reflections to scaled.refl
See dials.github.io/dials_scale_user_guide.html for more info on scaling options
