DIALS 3.dev.51-gefff60c4e
The following parameters have been modified:

input {
  experiments = experiments_0.expt
  experiments = experiments_1.expt
  experiments = experiments_2.expt
  experiments = experiments_3.expt
  reflections = reflections_0.refl
  reflections = reflections_1.refl
  reflections = reflections_2.refl
  reflections = reflections_3.refl
}

Selecting 4 experiments with profile-fitted reflections
Selecting 4 experiments with refined reflections
                       Unit cell: (68.3603, 68.3603, 103.953, 90, 90, 90)

0 singletons:

Point group    a           b           c          alpha        beta         gamma       

1 cluster:

Cluster_id       N_xtals  Med_a         Med_b         Med_c         Med_alpha    Med_beta     Med_gamma   Delta(deg)
4 in P422.
cluster_1        4        68.36 (0.01 ) 68.36 (0.01 ) 103.95(0.02 ) 90.00 (0.00) 90.00 (0.00) 90.00 (0.00)
     P 4/m m m (No. 123)  68.36         68.36         103.95        90.00        90.00        90.00         0.0   


Standard deviations are in brackets.
Each cluster:
Input lattice count, with integration Bravais setting space group.
Cluster median with Niggli cell parameters (std dev in brackets).
Highest possible metric symmetry and unit cell using LePage (J Appl Cryst 1982, 15:255) method, maximum delta 3deg.
Using all data sets for subsequent analysis
Laue group determined by dials.cosym: P 4 2 2
Resolution limit: 1.80 (cc_half > 0.3)
Space group determined by dials.symmetry: P 41 21 2

Overall merging statistics:
+--------------------+--------------+------------------+-------------------+
|                    | Overall      | Low resolution   | High resolution   |
|--------------------+--------------+------------------+-------------------|
| Resolution (Å)     | 68.37 - 1.80 | 68.42 - 4.89     | 1.83 - 1.80       |
| Observations       | 212139       | 20693            | 131               |
| Unique reflections | 20140        | 1335             | 125               |
| Multiplicity       | 10.5         | 15.5             | 1.0               |
| Completeness       | 85.63%       | 100.00%          | 10.93%            |
| Mean I/σ(I)        | 28.2         | 54.8             | 2.5               |
| Rmerge             | 0.058        | 0.049            | 0.414             |
| Rmeas              | 0.060        | 0.051            | 0.586             |
| Rpim               | 0.016        | 0.013            | 0.414             |
| CC½                | 0.999        | 0.999            | -0.298            |
+--------------------+--------------+------------------+-------------------+

Resolution shells:
+------------------+----------+-------------+----------------+----------------+----------+---------------+----------+---------+--------+--------+---------+
| Resolution (Å)   |   N(obs) |   N(unique) |   Multiplicity |   Completeness |   Mean I |   Mean I/σ(I) |   Rmerge |   Rmeas |   Rpim | CC½    | CCano   |
|------------------+----------+-------------+----------------+----------------+----------+---------------+----------+---------+--------+--------+---------|
| 68.42 - 4.89     |    20693 |        1335 |          15.5  |         100    |    249.4 |          54.8 |    0.049 |   0.051 |  0.013 | 0.999* | 0.128*  |
| 4.89 - 3.88      |    20442 |        1245 |          16.42 |         100    |    377   |          58.5 |    0.047 |   0.048 |  0.012 | 0.998* | -0.046  |
| 3.88 - 3.39      |    19891 |        1206 |          16.49 |         100    |    289.3 |          54   |    0.05  |   0.051 |  0.012 | 0.999* | -0.096  |
| 3.39 - 3.08      |    20068 |        1191 |          16.85 |         100    |    204.1 |          48.6 |    0.055 |   0.057 |  0.014 | 0.999* | -0.010  |
| 3.08 - 2.86      |    20211 |        1186 |          17.04 |         100    |    141.9 |          42.3 |    0.061 |   0.063 |  0.015 | 0.999* | -0.120  |
| 2.86 - 2.69      |    20413 |        1192 |          17.12 |         100    |    114.7 |          39.2 |    0.067 |   0.069 |  0.016 | 0.998* | -0.076  |
| 2.69 - 2.55      |    20089 |        1170 |          17.17 |         100    |     90.3 |          33.6 |    0.077 |   0.079 |  0.019 | 0.998* | -0.015  |
| 2.55 - 2.44      |    16098 |        1169 |          13.77 |         100    |     81.8 |          28.3 |    0.079 |   0.082 |  0.022 | 0.997* | -0.026  |
| 2.44 - 2.35      |    12064 |        1162 |          10.38 |         100    |     70.9 |          23.4 |    0.083 |   0.087 |  0.027 | 0.996* | -0.022  |
| 2.35 - 2.27      |    10060 |        1176 |           8.55 |         100    |     69.8 |          20.9 |    0.084 |   0.09  |  0.03  | 0.996* | 0.017   |
| 2.27 - 2.20      |     8326 |        1153 |           7.22 |          99.83 |     59.9 |          17.1 |    0.087 |   0.094 |  0.035 | 0.995* | -0.127  |
| 2.20 - 2.13      |     6831 |        1165 |           5.86 |          99.15 |     54.2 |          14   |    0.091 |   0.1   |  0.04  | 0.993* | -0.048  |
| 2.13 - 2.08      |     5303 |        1118 |           4.74 |          97.13 |     46.9 |          11.3 |    0.097 |   0.109 |  0.048 | 0.991* | -0.147  |
| 2.08 - 2.03      |     4014 |        1054 |           3.81 |          91.41 |     41.6 |           9.3 |    0.103 |   0.118 |  0.057 | 0.985* | -0.135  |
| 2.03 - 1.98      |     3077 |        1003 |           3.07 |          86.17 |     35.1 |           7.4 |    0.109 |   0.13  |  0.068 | 0.981* | 0.028   |
| 1.98 - 1.94      |     2051 |         892 |           2.3  |          77.84 |     33.4 |           6.2 |    0.103 |   0.128 |  0.074 | 0.975* | -0.230  |
| 1.94 - 1.90      |     1162 |         700 |           1.66 |          61.14 |     28.4 |           4.6 |    0.122 |   0.159 |  0.099 | 0.957* | 0.000   |
| 1.90 - 1.86      |      750 |         531 |           1.41 |          46.21 |     24.8 |           3.8 |    0.117 |   0.158 |  0.105 | 0.967* | 0.000   |
| 1.86 - 1.83      |      465 |         367 |           1.27 |          31.89 |     22.9 |           3.3 |    0.117 |   0.162 |  0.112 | 0.950* | 0.000   |
| 1.83 - 1.80      |      131 |         125 |           1.05 |          10.93 |     19   |           2.5 |    0.414 |   0.586 |  0.414 | -0.298 | 0.000   |
+------------------+----------+-------------+----------------+----------------+----------+---------------+----------+---------+--------+--------+---------+

Intensity correlation clustering summary:
=========  ==============  ==========  ========  ==============  ==============
  Cluster    No. datasets  Datasets      Height    Multiplicity    Completeness
=========  ==============  ==========  ========  ==============  ==============
        1               2  0 3           0.0025             3.4            0.68
        2               2  1 2           0.0039             5.7            0.79
        3               4  0 1 2 3       0.0044             8.1            0.83
=========  ==============  ==========  ========  ==============  ==============

Cos(angle) clustering summary:
=========  ==============  ==========  ========  ==============  ==============
  Cluster    No. datasets  Datasets      Height    Multiplicity    Completeness
=========  ==============  ==========  ========  ==============  ==============
        1               2  1 2           1e-05              5.7            0.79
        2               3  1 2 3         0.0093             5.7            0.79
        3               4  0 1 2 3       0.032              8.1            0.83
=========  ==============  ==========  ========  ==============  ==============
