Read 306137 predicted reflections
Selected 212615 scaled reflections
Combined 68 partial reflections with other partial reflections
Combined 77 partial reflections with other partial reflections
Combined 106 partial reflections with other partial reflections
Combined 69 partial reflections with other partial reflections
Removed 4077 reflections below partiality threshold
Resolution bins
0: 68.363, 5.675
1: 5.675, 4.020
2: 4.020, 3.284
3: 3.284, 2.845
4: 2.845, 2.545
5: 2.545, 2.324
6: 2.324, 2.151
7: 2.151, 2.013
8: 2.013, 1.898
9: 1.898, 1.800

Summary of input data:
# Datasets: 4
# Groups: 4
# Reflections: 208218
# Unique reflections: 20132
CC 1/2 mean: 99.456
CC 1/2 excluding group 0: 99.459
CC 1/2 excluding group 1: 99.449
CC 1/2 excluding group 2: 99.391
CC 1/2 excluding group 3: 99.379
Dataset: 0, Delta CC 1/2: -0.003
Dataset: 1, Delta CC 1/2: 0.007
Dataset: 2, Delta CC 1/2: 0.065
Dataset: 3, Delta CC 1/2: 0.077

mean delta_cc_half 0.03649829921782144
stddev delta_cc_half 0.034975913678553766
cutoff value: -0.10340535549639363 

Writing table to delta_cchalf.dat
Saving 306137 reflections to filtered.refl
Saving the experiments to filtered.expt
Writing html report to: compute_delta_cchalf.html
