DIALS 2.2.6-g54b2d1cb7-release
The following parameters have been modified:
input {
  experiments = symmetrized.expt
  reflections = symmetrized.refl
}

Checking for the existence of a reflection table 
containing multiple datasets 

Detected existence of a multi-dataset reflection table 
containing 4 datasets. 

Found 4 reflection tables & 4 experiments in total.

Dataset ids are: 0,1,2,3 

Space group being used during scaling is P 4 2 2
Using median unit cell across experiments : (68.3603, 68.3603, 103.953, 90, 90, 90)

Scaling models have been initialised for all experiments.

================================================================================

The experiment id for this dataset is 0.
The scaling model type being applied is physical. 

Applying filter of min_isigi > -5.0, partiality > 0.4
Excluding 22812/76079 reflections
Reflections passing individual criteria:
criterion: user excluded, reflections: 13615
criterion: excluded for scaling, reflections: 22812

The following corrections will be applied to this dataset: 

+--------------+----------------+
| correction   |   n_parameters |
|--------------+----------------|
| scale        |             10 |
| decay        |              8 |
| absorption   |             24 |
+--------------+----------------+
A round of outlier rejection has been performed, 
3331 outliers have been identified. 

Completed preprocessing and initialisation for this dataset.

================================================================================

The experiment id for this dataset is 1.
The scaling model type being applied is physical. 

Applying filter of min_isigi > -5.0, partiality > 0.4
Excluding 22041/75607 reflections
Reflections passing individual criteria:
criterion: user excluded, reflections: 13153
criterion: excluded for scaling, reflections: 22041

The following corrections will be applied to this dataset: 

+--------------+----------------+
| correction   |   n_parameters |
|--------------+----------------|
| scale        |             10 |
| decay        |              8 |
| absorption   |             24 |
+--------------+----------------+
A round of outlier rejection has been performed, 
257 outliers have been identified. 

Completed preprocessing and initialisation for this dataset.

================================================================================

The experiment id for this dataset is 2.
The scaling model type being applied is physical. 

Applying filter of min_isigi > -5.0, partiality > 0.4
Excluding 24878/77983 reflections
Reflections passing individual criteria:
criterion: user excluded, reflections: 15433
criterion: excluded for scaling, reflections: 24878

The following corrections will be applied to this dataset: 

+--------------+----------------+
| correction   |   n_parameters |
|--------------+----------------|
| scale        |             10 |
| decay        |              8 |
| absorption   |             24 |
+--------------+----------------+
A round of outlier rejection has been performed, 
976 outliers have been identified. 

Completed preprocessing and initialisation for this dataset.

================================================================================

The experiment id for this dataset is 3.
The scaling model type being applied is physical. 

Applying filter of min_isigi > -5.0, partiality > 0.4
Excluding 23620/76468 reflections
Reflections passing individual criteria:
criterion: user excluded, reflections: 13932
criterion: excluded for scaling, reflections: 23620

The following corrections will be applied to this dataset: 

+--------------+----------------+
| correction   |   n_parameters |
|--------------+----------------|
| scale        |             10 |
| decay        |              8 |
| absorption   |             24 |
+--------------+----------------+
A round of outlier rejection has been performed, 
6234 outliers have been identified. 

Completed preprocessing and initialisation for this dataset.

================================================================================

Configuring a MultiScaler to handle the individual Scalers. 

Determining symmetry equivalent reflections across datasets.


Using quasi-random reflection selection. Selecting from 16683 symmetry groups
with <I/sI> > 1.0 (197826 reflections)). Selection target of 717.07 reflections
from each dataset, with a total number between 11473.09 and 13767.71.

Summary of cross-dataset reflection groups chosen (1331 groups, 13804 reflections):
+---------------+------------+----------+-----+-----+-----+-----+
| d-range       |   n_groups |   n_refl |   0 |   1 |   2 |   3 |
|---------------+------------+----------+-----+-----+-----+-----|
| 68.428 - 8.11 |         42 |      689 | 105 | 203 | 178 | 203 |
| 8.11 - 5.755  |         31 |      724 |  71 | 242 | 197 | 214 |
| 5.755 - 4.704 |         33 |      813 |  72 | 271 | 226 | 244 |
| 4.704 - 4.076 |         33 |      896 |  70 | 298 | 256 | 272 |
| 4.076 - 3.647 |         36 |      957 |  72 | 313 | 276 | 296 |
| 3.647 - 3.33  |         31 |      875 |  70 | 294 | 242 | 269 |
| 3.33 - 3.084  |         32 |      831 |  70 | 271 | 228 | 262 |
| 3.084 - 2.885 |         30 |      784 |  71 | 256 | 212 | 245 |
| 2.885 - 2.72  |         35 |      834 |  72 | 275 | 218 | 269 |
| 2.72 - 2.581  |         35 |      792 |  71 | 247 | 212 | 262 |
| 2.581 - 2.461 |         30 |      648 |  71 | 215 | 206 | 156 |
| 2.461 - 2.356 |         33 |      501 |  99 | 167 | 163 |  72 |
| 2.356 - 2.264 |         43 |      543 | 127 | 176 | 169 |  71 |
| 2.264 - 2.182 |         53 |      563 | 144 | 188 | 159 |  72 |
| 2.182 - 2.108 |         65 |      528 | 142 | 166 | 105 | 115 |
| 2.108 - 2.041 |        135 |      764 | 186 | 194 | 140 | 244 |
| 2.041 - 1.98  |        140 |      696 | 175 | 220 | 140 | 161 |
| 1.98 - 1.924  |        184 |      661 | 140 | 210 | 171 | 140 |
| 1.924 - 1.873 |        222 |      520 | 106 | 141 | 141 | 132 |
| 1.873 - 1.826 |         88 |      185 |  29 |  56 |  65 |  35 |
+---------------+------------+----------+-----+-----+-----+-----+
Summary of reflections chosen for minimisation from each dataset (52765 total):
+--------------+------------------+----------------------+----------------------+--------------------+
| Dataset id   |     reflections  |   randomly selected  |   randomly selected  |   combined number  |
|              |    connected to  |         reflections  |         reflections  |     of reflections |
|              |   other datasets |       within dataset |      across datasets |                    |
|--------------+------------------+----------------------+----------------------+--------------------|
| 0            |             1963 |                 4530 |                 6335 |              11832 |
| 1            |             4403 |                 4890 |                 6406 |              13956 |
| 2            |             3704 |                 4763 |                 6508 |              13534 |
| 3            |             3734 |                 4752 |                 6379 |              13443 |
| total        |            13804 |                18935 |                25628 |              52765 |
+--------------+------------------+----------------------+----------------------+--------------------+
Completed configuration of MultiScaler. 

================================================================================

Components to be refined in this cycle for all datasets: scale, decay, absorption
Performing a round of scaling with an LBFGS minimizer. 

Time taken for refinement 34.91

Refinement steps:
+--------+--------+----------+
|   Step |   Nref |   RMSD_I |
|        |        |    (a.u) |
|--------+--------+----------|
|      0 |  49877 |   6.9789 |
|      1 |  49877 |   5.7932 |
|      2 |  49877 |   5.4082 |
|      3 |  49877 |   5.0549 |
|      4 |  49877 |   4.464  |
|      5 |  49877 |   3.8303 |
|      6 |  49877 |   3.1914 |
|      7 |  49877 |   2.6705 |
|      8 |  49877 |   2.3247 |
|      9 |  49877 |   2.1062 |
|     10 |  49877 |   2.0189 |
|     11 |  49877 |   1.9528 |
|     12 |  49877 |   1.9244 |
|     13 |  49877 |   1.8949 |
|     14 |  49877 |   1.8492 |
|     15 |  49877 |   1.8199 |
|     16 |  49877 |   1.7979 |
|     17 |  49877 |   1.7832 |
|     18 |  49877 |   1.7741 |
|     19 |  49877 |   1.7675 |
|     20 |  49877 |   1.7602 |
|     21 |  49877 |   1.7544 |
|     22 |  49877 |   1.7502 |
|     23 |  49877 |   1.7479 |
|     24 |  49877 |   1.7462 |
|     25 |  49877 |   1.7439 |
|     26 |  49877 |   1.7422 |
|     27 |  49877 |   1.7407 |
|     28 |  49877 |   1.7386 |
|     29 |  49877 |   1.7375 |
|     30 |  49877 |   1.7362 |
|     31 |  49877 |   1.7346 |
|     32 |  49877 |   1.7324 |
|     33 |  49877 |   1.731  |
|     34 |  49877 |   1.7291 |
|     35 |  49877 |   1.7254 |
|     36 |  49877 |   1.7226 |
|     37 |  49877 |   1.7183 |
|     38 |  49877 |   1.7156 |
|     39 |  49877 |   1.7125 |
|     40 |  49877 |   1.7102 |
|     41 |  49877 |   1.7084 |
|     42 |  49877 |   1.7064 |
|     43 |  49877 |   1.7051 |
|     44 |  49877 |   1.7038 |
|     45 |  49877 |   1.7007 |
|     46 |  49877 |   1.6996 |
|     47 |  49877 |   1.6983 |
|     48 |  49877 |   1.6932 |
|     49 |  49877 |   1.692  |
|     50 |  49877 |   1.689  |
|     51 |  49877 |   1.6864 |
|     52 |  49877 |   1.6835 |
|     53 |  49877 |   1.6812 |
|     54 |  49877 |   1.6775 |
|     55 |  49877 |   1.6752 |
|     56 |  49877 |   1.6722 |
|     57 |  49877 |   1.6695 |
|     58 |  49877 |   1.6657 |
|     59 |  49877 |   1.6634 |
|     60 |  49877 |   1.6608 |
|     61 |  49877 |   1.6576 |
|     62 |  49877 |   1.6532 |
|     63 |  49877 |   1.6502 |
|     64 |  49877 |   1.6481 |
|     65 |  49877 |   1.6447 |
|     66 |  49877 |   1.6422 |
|     67 |  49877 |   1.6398 |
|     68 |  49877 |   1.638  |
|     69 |  49877 |   1.6347 |
|     70 |  49877 |   1.6335 |
|     71 |  49877 |   1.627  |
|     72 |  49877 |   1.6242 |
|     73 |  49877 |   1.6199 |
|     74 |  49877 |   1.6145 |
|     75 |  49877 |   1.6083 |
|     76 |  49877 |   1.6042 |
|     77 |  49877 |   1.6009 |
|     78 |  49877 |   1.5971 |
|     79 |  49877 |   1.5915 |
|     80 |  49877 |   1.587  |
|     81 |  49877 |   1.5849 |
|     82 |  49877 |   1.5835 |
|     83 |  49877 |   1.5821 |
|     84 |  49877 |   1.58   |
|     85 |  49877 |   1.5791 |
|     86 |  49877 |   1.5779 |
|     87 |  49877 |   1.5762 |
|     88 |  49877 |   1.5753 |
|     89 |  49877 |   1.5742 |
|     90 |  49877 |   1.573  |
|     91 |  49877 |   1.5723 |
|     92 |  49877 |   1.5712 |
|     93 |  49877 |   1.571  |
|     94 |  49877 |   1.5691 |
|     95 |  49877 |   1.5683 |
|     96 |  49877 |   1.5675 |
|     97 |  49877 |   1.5661 |
|     98 |  49877 |   1.5651 |
|     99 |  49877 |   1.5635 |
|    100 |  49877 |   1.562  |
|    101 |  49877 |   1.5599 |
|    102 |  49877 |   1.559  |
|    103 |  49877 |   1.5567 |
|    104 |  49877 |   1.5555 |
|    105 |  49877 |   1.5544 |
|    106 |  49877 |   1.5525 |
|    107 |  49877 |   1.5515 |
|    108 |  49877 |   1.5507 |
|    109 |  49877 |   1.55   |
|    110 |  49877 |   1.5491 |
|    111 |  49877 |   1.5476 |
|    112 |  49877 |   1.5465 |
|    113 |  49877 |   1.5453 |
|    114 |  49877 |   1.5445 |
|    115 |  49877 |   1.5432 |
|    116 |  49877 |   1.5415 |
|    117 |  49877 |   1.5398 |
|    118 |  49877 |   1.5379 |
|    119 |  49877 |   1.536  |
|    120 |  49877 |   1.535  |
|    121 |  49877 |   1.5339 |
|    122 |  49877 |   1.5336 |
|    123 |  49877 |   1.5333 |
|    124 |  49877 |   1.5329 |
|    125 |  49877 |   1.5325 |
|    126 |  49877 |   1.532  |
|    127 |  49877 |   1.5316 |
|    128 |  49877 |   1.5312 |
|    129 |  49877 |   1.5311 |
+--------+--------+----------+
RMSD no longer decreasing
lbfgs minimizer stop: callback_after_step is True

================================================================================

Scale factors determined during minimisation have now been
applied to all datasets.

Combined outlier rejection has been performed across multiple datasets, 
3459 outliers have been identified. 

Performing multi-dataset profile/summation intensity optimisation.
+-----------------+---------+---------+
| Combination     |   CC1/2 |   Rmeas |
|-----------------+---------+---------|
| prf only        | 0.9989  | 0.0587  |
| sum only        | 0.99859 | 0.06494 |
| Imid = 883.05   | 0.99522 | 0.18088 |
| Imid = 11217.96 | 0.94345 | 0.30068 |
| Imid = 1121.8   | 0.99404 | 0.20269 |
| Imid = 112.18   | 0.99845 | 0.07424 |
+-----------------+---------+---------+
Profile intensities determined to be best for scaling. 

Combined outlier rejection has been performed across multiple datasets, 
3459 outliers have been identified. 

Components to be refined in this cycle for all datasets: scale, decay, absorption
Performing a round of scaling with an LBFGS minimizer. 

Time taken for refinement 5.09

Refinement steps:
+--------+--------+----------+
|   Step |   Nref |   RMSD_I |
|        |        |    (a.u) |
|--------+--------+----------|
|      0 |  51919 |   1.6343 |
|      1 |  51919 |   1.6293 |
|      2 |  51919 |   1.6242 |
|      3 |  51919 |   1.6202 |
|      4 |  51919 |   1.6162 |
|      5 |  51919 |   1.6115 |
|      6 |  51919 |   1.6096 |
|      7 |  51919 |   1.6078 |
|      8 |  51919 |   1.6072 |
|      9 |  51919 |   1.6061 |
|     10 |  51919 |   1.6059 |
|     11 |  51919 |   1.605  |
|     12 |  51919 |   1.6046 |
|     13 |  51919 |   1.6041 |
|     14 |  51919 |   1.6038 |
|     15 |  51919 |   1.6034 |
|     16 |  51919 |   1.6032 |
+--------+--------+----------+
RMSD no longer decreasing
lbfgs minimizer stop: callback_after_step is True

================================================================================

Scale factors determined during minimisation have now been
applied to all datasets.

Combined outlier rejection has been performed across multiple datasets, 
3102 outliers have been identified. 

Performing a round of error model refinement.

Error model details:
  Type: basic
  Parameters: a = 1.00190, b = 0.04599
  Error model formula: σ'² = a²(σ² + (bI)²)
  estimated I/sigma asymptotic limit: 21.703

Results of error model refinement. Uncorrected and corrected variances
of normalised intensity deviations for given intensity ranges. Variances
are expected to be ~1.0 for reliable errors (sigmas).
+--------------------------+----------+------------------------+----------------------+
| Intensity range (<Ih>)   |   n_refl |   Uncorrected variance |   Corrected variance |
|--------------------------+----------+------------------------+----------------------|
| 10236.95 - 1814.67       |     1430 |                 20.181 |                0.831 |
| 1814.67 - 1385.39        |     1430 |                 14.329 |                0.915 |
| 1385.39 - 1169.15        |     1430 |                 13.936 |                1.122 |
| 1169.15 - 923.17         |     2640 |                 11.496 |                1.146 |
| 923.17 - 505.90          |    12208 |                  8.229 |                1.255 |
| 505.90 - 277.23          |    21035 |                  5.25  |                1.333 |
| 277.23 - 151.92          |    28735 |                  3.236 |                1.315 |
| 151.92 - 83.25           |    31381 |                  2.051 |                1.169 |
| 83.25 - 45.62            |    26188 |                  1.451 |                1.026 |
| 45.62 - 24.99            |    16587 |                  1.035 |                0.836 |
+--------------------------+----------+------------------------+----------------------+

Components to be refined in this cycle for all datasets: scale, decay, absorption
Performing a round of scaling with a Levenberg-Marquardt minimizer.

Time taken for refinement 20.45

Refinement steps:
+--------+--------+----------+
|   Step |   Nref |   RMSD_I |
|        |        |    (a.u) |
|--------+--------+----------|
|      0 |  51991 |  0.90409 |
|      1 |  51991 |  0.88773 |
|      2 |  51991 |  0.88263 |
|      3 |  51991 |  0.8784  |
|      4 |  51991 |  0.87664 |
|      5 |  51991 |  0.87616 |
|      6 |  51991 |  0.87596 |
|      7 |  51991 |  0.87591 |
+--------+--------+----------+
RMSD no longer decreasing

================================================================================

Components to be refined in this cycle for all datasets: scale, decay, absorption
Performing a round of scaling with a Levenberg-Marquardt minimizer.

Time taken for refinement 4.98

Refinement steps:
+--------+--------+----------+
|   Step |   Nref |   RMSD_I |
|        |        |    (a.u) |
|--------+--------+----------|
|      0 |  51991 |  0.87591 |
|      1 |  51991 |  0.87591 |
+--------+--------+----------+
RMSD no longer decreasing

================================================================================

Calculating error estimates of inverse scale factors. 

Scale factors determined during minimisation have now been
applied to all datasets.

Combined outlier rejection has been performed across multiple datasets, 
172 outliers have been identified. 

Performing a round of error model refinement.

Error model details:
  Type: basic
  Parameters: a = 0.95700, b = 0.04771
  Error model formula: σ'² = a²(σ² + (bI)²)
  estimated I/sigma asymptotic limit: 21.902

Results of error model refinement. Uncorrected and corrected variances
of normalised intensity deviations for given intensity ranges. Variances
are expected to be ~1.0 for reliable errors (sigmas).
+--------------------------+----------+------------------------+----------------------+
| Intensity range (<Ih>)   |   n_refl |   Uncorrected variance |   Corrected variance |
|--------------------------+----------+------------------------+----------------------|
| 10322.81 - 1816.40       |     1430 |                 19.548 |                0.831 |
| 1816.40 - 1388.27        |     1430 |                 14.279 |                0.961 |
| 1388.27 - 1173.36        |     1430 |                 13.13  |                1.089 |
| 1173.36 - 927.81         |     2616 |                 11.5   |                1.155 |
| 927.81 - 508.01          |    12213 |                  7.785 |                1.225 |
| 508.01 - 278.16          |    20964 |                  4.869 |                1.288 |
| 278.16 - 152.30          |    28643 |                  3.034 |                1.29  |
| 152.30 - 83.39           |    31297 |                  1.951 |                1.181 |
| 83.39 - 45.66            |    26303 |                  1.397 |                1.057 |
| 45.66 - 24.99            |    16740 |                  1     |                0.879 |
+--------------------------+----------+------------------------+----------------------+


The reflection table variances have been adjusted to account for the
uncertainty in the scaling models for all datasets
Using median unit cell across experiments : (68.3603, 68.3603, 103.953, 90, 90, 90)

Total time taken: 78.3103s 

================================================================================

Warning: Over half (54.17%) of model parameters have signficant
uncertainty (sigma/abs(parameter) > 0.5), which could indicate a
poorly-determined scaling problem or overparameterisation.

Summary of dataset partialities
+------------------+----------+
| Partiality (p)   |   n_refl |
|------------------+----------|
| all reflections  |   306137 |
| p > 0.99         |   244580 |
| 0.5 < p < 0.99   |     4670 |
| 0.01 < p < 0.5   |    10499 |
| p < 0.01         |    46388 |
+------------------+----------+

Reflections below a partiality_cutoff of 0.4 are not considered for any
part of the scaling analysis or for the reporting of merging statistics.
Additionally, if applicable, only reflections with a min_partiality > 0.95
were considered for use when refining the scaling model.


                     ----------Merging statistics----------                    

Resolution: 68.36 - 1.80
Observations: 212614
Unique reflections: 20144
Redundancy: 10.6
Completeness: 84.99%
Mean intensity: 127.4
Mean I/sigma(I): 29.1
R-merge: 0.056
R-meas:  0.059
R-pim:   0.015


Statistics by resolution bin:
 d_max  d_min   #obs  #uniq   mult.  %comp       <I>  <I/sI>    r_mrg   r_meas    r_pim   cc1/2   cc_ano
 68.41   4.88  20806   1342   15.50 100.00     268.8    56.2    0.048    0.050    0.012   0.998*  -0.203
  4.88   3.87  20538   1245   16.50 100.00     400.8    60.1    0.046    0.048    0.011   0.999*  -0.078
  3.87   3.38  19982   1212   16.49 100.00     308.6    55.5    0.049    0.050    0.012   0.999*  -0.069
  3.38   3.07  20394   1207   16.90 100.00     215.6    50.0    0.054    0.056    0.013   0.999*  -0.080
  3.07   2.85  20407   1190   17.15 100.00     150.0    43.7    0.060    0.062    0.015   0.999*  -0.008
  2.85   2.68  20321   1186   17.13 100.00     120.8    40.4    0.066    0.068    0.016   0.999*  -0.159
  2.68   2.55  20297   1179   17.22 100.00      96.5    34.7    0.074    0.076    0.018   0.999*  -0.045
  2.55   2.44  16101   1181   13.63 100.00      87.0    29.2    0.077    0.080    0.021   0.997*   0.006
  2.44   2.35  12111   1177   10.29  99.92      74.8    24.0    0.080    0.085    0.026   0.996*  -0.016
  2.35   2.26   9985   1170    8.53  99.91      73.6    21.5    0.082    0.087    0.030   0.995*   0.016
  2.26   2.19   8336   1170    7.12  99.57      64.3    17.7    0.084    0.091    0.034   0.992*  -0.098
  2.19   2.13   6734   1162    5.80  99.06      56.9    14.3    0.088    0.096    0.038   0.994*  -0.029
  2.13   2.07   5246   1111    4.72  96.78      51.0    11.8    0.090    0.101    0.045   0.992*  -0.157
  2.07   2.02   4025   1081    3.72  91.30      44.4     9.5    0.096    0.111    0.054   0.988*  -0.101
  2.02   1.98   2944    981    3.00  85.16      38.1     7.7    0.102    0.122    0.065   0.984*   0.084
  1.98   1.94   2003    887    2.26  76.40      35.0     6.2    0.098    0.122    0.072   0.977*  -0.044
  1.94   1.90   1112    686    1.62  59.70      30.0     4.7    0.114    0.149    0.095   0.964*   0.000
  1.90   1.86    735    526    1.40  45.34      26.8     4.0    0.106    0.143    0.095   0.970*   0.000
  1.86   1.83    430    346    1.24  29.60      24.4     3.4    0.105    0.147    0.102   0.968*   0.000
  1.83   1.80    107    105    1.02   9.23      20.3     2.6    0.442    0.624    0.442  -1.000   0.000
 68.36   1.80 212614  20144   10.55  84.99     127.4    29.1    0.056    0.059    0.015   0.999*  -0.037




                ----------Resolution cutoff estimates----------                

  resolution of all data          :   1.797
  based on CC(1/2) >= 0.33        :   1.828
  based on mean(I/sigma) >= 2.0   :   1.828
  based on R-merge < 0.5          :   1.828
  based on R-meas < 0.5           :   1.828
  based on completeness >= 90%    :   2.024
  based on completeness >= 50%    :   1.897

NOTE: we recommend using all data out to the CC(1/2) limit
for refinement.

Writing html report to: scaling.html

================================================================================

Saving the experiments to scaled.expt
Saving the scaled reflections to scaled.refl
See dials.github.io/dials_scale_user_guide.html for more info on scaling options
