DIALS 2.2.8-g86b98ad87-release
The following parameters have been modified:
cut_data {
  d_min = 1.8
}
input {
  experiments = scaled.expt
  reflections = scaled.refl
}

Checking for the existence of a reflection table 
containing multiple datasets 

Detected existence of a multi-dataset reflection table 
containing 4 datasets. 

Found 4 reflection tables & 4 experiments in total.

Dataset ids are: 0,1,2,3 

Space group being used during scaling is P 4 2 2
Using median unit cell across experiments : (68.3603, 68.3603, 103.953, 90, 90, 90)

Scaling models have been initialised for all experiments.

================================================================================

The experiment id for this dataset is 0.
The scaling model type being applied is physical. 

Applying filter of min_isigi > -5.0, partiality > 0.4
Excluding 22812/76079 reflections
Reflections passing individual criteria:
criterion: user excluded, reflections: 13656
criterion: excluded for scaling, reflections: 22812

The following corrections will be applied to this dataset: 

+--------------+----------------+
| correction   |   n_parameters |
|--------------+----------------|
| scale        |             10 |
| decay        |              8 |
| absorption   |             24 |
+--------------+----------------+
Using previously determined optimal intensity choice: profile intensities

Completed preprocessing and initialisation for this dataset.

================================================================================

The experiment id for this dataset is 1.
The scaling model type being applied is physical. 

Applying filter of min_isigi > -5.0, partiality > 0.4
Excluding 22043/75607 reflections
Reflections passing individual criteria:
criterion: user excluded, reflections: 13186
criterion: excluded for scaling, reflections: 22041

The following corrections will be applied to this dataset: 

+--------------+----------------+
| correction   |   n_parameters |
|--------------+----------------|
| scale        |             10 |
| decay        |              8 |
| absorption   |             24 |
+--------------+----------------+
Using previously determined optimal intensity choice: profile intensities

Completed preprocessing and initialisation for this dataset.

================================================================================

The experiment id for this dataset is 2.
The scaling model type being applied is physical. 

Applying filter of min_isigi > -5.0, partiality > 0.4
Excluding 24879/77983 reflections
Reflections passing individual criteria:
criterion: user excluded, reflections: 15473
criterion: excluded for scaling, reflections: 24878

The following corrections will be applied to this dataset: 

+--------------+----------------+
| correction   |   n_parameters |
|--------------+----------------|
| scale        |             10 |
| decay        |              8 |
| absorption   |             24 |
+--------------+----------------+
Using previously determined optimal intensity choice: profile intensities

Completed preprocessing and initialisation for this dataset.

================================================================================

The experiment id for this dataset is 3.
The scaling model type being applied is physical. 

Applying filter of min_isigi > -5.0, partiality > 0.4
Excluding 23621/76468 reflections
Reflections passing individual criteria:
criterion: user excluded, reflections: 13968
criterion: excluded for scaling, reflections: 23620

The following corrections will be applied to this dataset: 

+--------------+----------------+
| correction   |   n_parameters |
|--------------+----------------|
| scale        |             10 |
| decay        |              8 |
| absorption   |             24 |
+--------------+----------------+
Using previously determined optimal intensity choice: profile intensities

Completed preprocessing and initialisation for this dataset.

================================================================================

Configuring a MultiScaler to handle the individual Scalers. 

Determining symmetry equivalent reflections across datasets.


Using quasi-random reflection selection. Selecting from 16683 symmetry groups
with <I/sI> > 1.0 (197826 reflections)). Selection target of 717.07 reflections
from each dataset, with a total number between 11473.09 and 13767.71.

Summary of cross-dataset reflection groups chosen (1331 groups, 13804 reflections):
+---------------+------------+----------+-----+-----+-----+-----+
| d-range       |   n_groups |   n_refl |   0 |   1 |   2 |   3 |
|---------------+------------+----------+-----+-----+-----+-----|
| 68.428 - 8.11 |         42 |      689 | 105 | 203 | 178 | 203 |
| 8.11 - 5.755  |         31 |      724 |  71 | 242 | 197 | 214 |
| 5.755 - 4.704 |         33 |      813 |  72 | 271 | 226 | 244 |
| 4.704 - 4.076 |         33 |      896 |  70 | 298 | 256 | 272 |
| 4.076 - 3.647 |         36 |      957 |  72 | 313 | 276 | 296 |
| 3.647 - 3.33  |         31 |      875 |  70 | 294 | 242 | 269 |
| 3.33 - 3.084  |         32 |      831 |  70 | 271 | 228 | 262 |
| 3.084 - 2.885 |         30 |      784 |  71 | 256 | 212 | 245 |
| 2.885 - 2.72  |         35 |      834 |  72 | 275 | 218 | 269 |
| 2.72 - 2.581  |         35 |      792 |  71 | 247 | 212 | 262 |
| 2.581 - 2.461 |         30 |      648 |  71 | 215 | 206 | 156 |
| 2.461 - 2.356 |         33 |      501 |  99 | 167 | 163 |  72 |
| 2.356 - 2.264 |         43 |      543 | 127 | 176 | 169 |  71 |
| 2.264 - 2.182 |         53 |      563 | 144 | 188 | 159 |  72 |
| 2.182 - 2.108 |         65 |      528 | 142 | 166 | 105 | 115 |
| 2.108 - 2.041 |        135 |      764 | 186 | 194 | 140 | 244 |
| 2.041 - 1.98  |        140 |      696 | 175 | 220 | 140 | 161 |
| 1.98 - 1.924  |        184 |      661 | 140 | 210 | 171 | 140 |
| 1.924 - 1.873 |        222 |      520 | 106 | 141 | 141 | 132 |
| 1.873 - 1.826 |         88 |      185 |  29 |  56 |  65 |  35 |
+---------------+------------+----------+-----+-----+-----+-----+
Summary of reflections chosen for minimisation from each dataset (52765 total):
+--------------+------------------+----------------------+----------------------+--------------------+
| Dataset id   |     reflections  |   randomly selected  |   randomly selected  |   combined number  |
|              |    connected to  |         reflections  |         reflections  |     of reflections |
|              |   other datasets |       within dataset |      across datasets |                    |
|--------------+------------------+----------------------+----------------------+--------------------|
| 0            |             1963 |                 4530 |                 6335 |              11832 |
| 1            |             4403 |                 4890 |                 6406 |              13956 |
| 2            |             3704 |                 4763 |                 6508 |              13534 |
| 3            |             3734 |                 4752 |                 6379 |              13443 |
| total        |            13804 |                18935 |                25628 |              52765 |
+--------------+------------------+----------------------+----------------------+--------------------+
Completed configuration of MultiScaler. 

================================================================================

Components to be refined in this cycle for all datasets: scale, decay, absorption
Performing a round of scaling with an LBFGS minimizer. 

Time taken for refinement 8.65

Refinement steps:
+--------+--------+----------+
|   Step |   Nref |   RMSD_I |
|        |        |    (a.u) |
|--------+--------+----------|
|      0 |  52718 |   1.8181 |
|      1 |  52718 |   1.8131 |
|      2 |  52718 |   1.8024 |
|      3 |  52718 |   1.7984 |
|      4 |  52718 |   1.7942 |
|      5 |  52718 |   1.7909 |
|      6 |  52718 |   1.7895 |
|      7 |  52718 |   1.7884 |
|      8 |  52718 |   1.7868 |
|      9 |  52718 |   1.7861 |
|     10 |  52718 |   1.7853 |
|     11 |  52718 |   1.7846 |
|     12 |  52718 |   1.7839 |
|     13 |  52718 |   1.7833 |
|     14 |  52718 |   1.7826 |
|     15 |  52718 |   1.7821 |
|     16 |  52718 |   1.7811 |
|     17 |  52718 |   1.7803 |
|     18 |  52718 |   1.7796 |
|     19 |  52718 |   1.7791 |
|     20 |  52718 |   1.7787 |
|     21 |  52718 |   1.7782 |
|     22 |  52718 |   1.7768 |
|     23 |  52718 |   1.7764 |
|     24 |  52718 |   1.7757 |
|     25 |  52718 |   1.7749 |
|     26 |  52718 |   1.7746 |
|     27 |  52718 |   1.7742 |
|     28 |  52718 |   1.7741 |
+--------+--------+----------+
RMSD no longer decreasing
lbfgs minimizer stop: callback_after_step is True

================================================================================

Scale factors determined during minimisation have now been
applied to all datasets.

Combined outlier rejection has been performed across multiple datasets, 
2713 outliers have been identified. 

Performing multi-dataset profile/summation intensity optimisation.
+-----------------+---------+---------+
| Combination     |   CC1/2 |   Rmeas |
|-----------------+---------+---------|
| prf only        | 0.99922 | 0.0546  |
| sum only        | 0.99895 | 0.06202 |
| Imid = 856.37   | 0.99585 | 0.17525 |
| Imid = 11484.08 | 0.94826 | 0.29633 |
| Imid = 1148.41  | 0.9944  | 0.20336 |
| Imid = 114.84   | 0.99881 | 0.07134 |
+-----------------+---------+---------+
Profile intensities determined to be best for scaling. 

Combined outlier rejection has been performed across multiple datasets, 
2713 outliers have been identified. 

Components to be refined in this cycle for all datasets: scale, decay, absorption
Performing a round of scaling with an LBFGS minimizer. 

Time taken for refinement 3.52

Refinement steps:
+--------+--------+----------+
|   Step |   Nref |   RMSD_I |
|        |        |    (a.u) |
|--------+--------+----------|
|      0 |  52040 |   1.3223 |
|      1 |  52040 |   1.3209 |
|      2 |  52040 |   1.319  |
|      3 |  52040 |   1.3176 |
|      4 |  52040 |   1.3165 |
|      5 |  52040 |   1.316  |
|      6 |  52040 |   1.3156 |
|      7 |  52040 |   1.3153 |
|      8 |  52040 |   1.3151 |
|      9 |  52040 |   1.3149 |
|     10 |  52040 |   1.3148 |
+--------+--------+----------+
RMSD no longer decreasing
lbfgs minimizer stop: callback_after_step is True

================================================================================

Scale factors determined during minimisation have now been
applied to all datasets.

Combined outlier rejection has been performed across multiple datasets, 
2660 outliers have been identified. 

Performing a round of error model refinement.

Error model details:
  Type: basic
  Parameters: a = 0.95933, b = 0.04706
  Error model formula: σ'² = a²(σ² + (bI)²)
  estimated I/sigma asymptotic limit: 22.148

Results of error model refinement. Uncorrected and corrected variances
of normalised intensity deviations for given intensity ranges. Variances
are expected to be ~1.0 for reliable errors (sigmas).
+--------------------------+----------+------------------------+----------------------+
| Intensity range (<Ih>)   |   n_refl |   Uncorrected variance |   Corrected variance |
|--------------------------+----------+------------------------+----------------------|
| 10267.98 - 1823.95       |     1430 |                 20.036 |                0.863 |
| 1823.95 - 1394.64        |     1430 |                 14.334 |                0.978 |
| 1394.64 - 1176.18        |     1430 |                 12.447 |                1.031 |
| 1176.18 - 924.85         |     2682 |                 11.068 |                1.129 |
| 924.85 - 506.66          |    12221 |                  7.614 |                1.223 |
| 506.66 - 277.56          |    20958 |                  4.769 |                1.291 |
| 277.56 - 152.06          |    28600 |                  3.01  |                1.295 |
| 152.06 - 83.30           |    31224 |                  1.924 |                1.172 |
| 83.30 - 45.64            |    26328 |                  1.395 |                1.056 |
| 45.64 - 24.99            |    16739 |                  0.999 |                0.878 |
+--------------------------+----------+------------------------+----------------------+

Components to be refined in this cycle for all datasets: scale, decay, absorption
Performing a round of scaling with a Levenberg-Marquardt minimizer.

Time taken for refinement 12.16

Refinement steps:
+--------+--------+----------+
|   Step |   Nref |   RMSD_I |
|        |        |    (a.u) |
|--------+--------+----------|
|      0 |  52045 |  0.89354 |
|      1 |  52045 |  0.88879 |
|      2 |  52045 |  0.88854 |
|      3 |  52045 |  0.88842 |
|      4 |  52045 |  0.88838 |
+--------+--------+----------+
RMSD no longer decreasing

================================================================================

Components to be refined in this cycle for all datasets: scale, decay, absorption
Performing a round of scaling with a Levenberg-Marquardt minimizer.

Time taken for refinement 4.74

Refinement steps:
+--------+--------+----------+
|   Step |   Nref |   RMSD_I |
|        |        |    (a.u) |
|--------+--------+----------|
|      0 |  52045 |  0.88838 |
|      1 |  52045 |  0.88838 |
+--------+--------+----------+
RMSD no longer decreasing

================================================================================

Calculating error estimates of inverse scale factors. 

Scale factors determined during minimisation have now been
applied to all datasets.

Combined outlier rejection has been performed across multiple datasets, 
166 outliers have been identified. 

Performing a round of error model refinement.

Error model details:
  Type: basic
  Parameters: a = 0.96199, b = 0.04693
  Error model formula: σ'² = a²(σ² + (bI)²)
  estimated I/sigma asymptotic limit: 22.149

Results of error model refinement. Uncorrected and corrected variances
of normalised intensity deviations for given intensity ranges. Variances
are expected to be ~1.0 for reliable errors (sigmas).
+--------------------------+----------+------------------------+----------------------+
| Intensity range (<Ih>)   |   n_refl |   Uncorrected variance |   Corrected variance |
|--------------------------+----------+------------------------+----------------------|
| 10315.71 - 1818.78       |     1430 |                 19.48  |                0.839 |
| 1818.78 - 1391.08        |     1430 |                 14.423 |                0.977 |
| 1391.08 - 1174.53        |     1430 |                 12.984 |                1.068 |
| 1174.53 - 927.44         |     2647 |                 11.187 |                1.143 |
| 927.44 - 507.85          |    12201 |                  7.679 |                1.221 |
| 507.85 - 278.09          |    20952 |                  4.779 |                1.287 |
| 278.09 - 152.27          |    28599 |                  3.021 |                1.293 |
| 152.27 - 83.38           |    31268 |                  1.934 |                1.17  |
| 83.38 - 45.66            |    26336 |                  1.396 |                1.052 |
| 45.66 - 24.99            |    16765 |                  1.008 |                0.878 |
+--------------------------+----------+------------------------+----------------------+


The reflection table variances have been adjusted to account for the
uncertainty in the scaling models for all datasets
Using median unit cell across experiments : (68.3603, 68.3603, 103.953, 90, 90, 90)

Total time taken: 42.1362s 

================================================================================

Warning: Over half (51.19%) of model parameters have signficant
uncertainty (sigma/abs(parameter) > 0.5), which could indicate a
poorly-determined scaling problem or overparameterisation.

Summary of dataset partialities
+------------------+----------+
| Partiality (p)   |   n_refl |
|------------------+----------|
| all reflections  |   306137 |
| p > 0.99         |   244580 |
| 0.5 < p < 0.99   |     4670 |
| 0.01 < p < 0.5   |    10499 |
| p < 0.01         |    46388 |
+------------------+----------+

Reflections below a partiality_cutoff of 0.4 are not considered for any
part of the scaling analysis or for the reporting of merging statistics.
Additionally, if applicable, only reflections with a min_partiality > 0.95
were considered for use when refining the scaling model.


                     ----------Merging statistics----------                    

Resolution: 68.36 - 1.80
Observations: 212616
Unique reflections: 20140
Redundancy: 10.6
Completeness: 85.42%
Mean intensity: 131.2
Mean I/sigma(I): 29.2
R-merge: 0.056
R-meas:  0.058
R-pim:   0.015


Statistics by resolution bin:
 d_max  d_min   #obs  #uniq   mult.  %comp       <I>  <I/sI>    r_mrg   r_meas    r_pim   cc1/2   cc_ano
 68.41   4.89  20720   1334   15.53 100.00     274.1    56.6    0.047    0.049    0.012   0.999*  -0.013
  4.89   3.88  20460   1244   16.45 100.00     414.8    60.3    0.046    0.047    0.011   0.999*  -0.167
  3.88   3.39  19968   1208   16.53 100.00     318.3    55.9    0.049    0.050    0.012   0.999*  -0.046
  3.39   3.08  20074   1189   16.88 100.00     224.4    50.3    0.054    0.055    0.013   0.999*  -0.044
  3.08   2.86  20271   1185   17.11 100.00     155.7    43.8    0.059    0.061    0.015   0.999*   0.000
  2.86   2.69  20468   1191   17.19 100.00     126.0    40.7    0.065    0.067    0.016   0.998*  -0.089
  2.69   2.55  20171   1172   17.21 100.00      98.9    34.8    0.074    0.076    0.018   0.998*   0.015
  2.55   2.44  16112   1167   13.81 100.00      89.2    29.3    0.077    0.080    0.021   0.998*  -0.073
  2.44   2.35  12116   1162   10.43  99.91      77.7    24.4    0.079    0.084    0.026   0.996*   0.008
  2.35   2.27  10135   1180    8.59  99.92      76.4    21.7    0.082    0.087    0.029   0.995*   0.110*
  2.27   2.20   8323   1150    7.24  99.65      66.2    17.8    0.084    0.091    0.033   0.995*  -0.132
  2.20   2.13   6830   1165    5.86  99.06      59.9    14.6    0.087    0.095    0.038   0.994*  -0.016
  2.13   2.08   5300   1116    4.75  97.04      52.1    11.7    0.091    0.102    0.045   0.992*  -0.141
  2.08   2.03   4021   1056    3.81  91.27      46.2     9.7    0.096    0.110    0.052   0.988*  -0.057
  2.03   1.98   3076   1001    3.07  86.14      39.1     7.7    0.102    0.122    0.064   0.984*   0.135
  1.98   1.94   2060    896    2.30  77.85      36.9     6.4    0.095    0.118    0.069   0.979*  -0.041
  1.94   1.90   1163    700    1.66  61.03      31.7     4.8    0.115    0.149    0.094   0.963*   0.000
  1.90   1.86    751    531    1.41  46.21      27.5     3.9    0.109    0.147    0.098   0.971*   0.000
  1.86   1.83    464    366    1.27  31.88      25.1     3.4    0.100    0.139    0.096   0.963*   0.000
  1.83   1.80    133    127    1.05  11.07      21.7     2.7    0.381    0.539    0.381  -0.330   0.000
 68.36   1.80 212616  20140   10.56  85.42     131.2    29.2    0.056    0.058    0.015   0.999*  -0.055




                ----------Resolution cutoff estimates----------                

  resolution of all data          :   1.800
  based on CC(1/2) >= 0.33        :   1.831
  based on mean(I/sigma) >= 2.0   :   1.831
  based on R-merge < 0.5          :   1.831
  based on R-meas < 0.5           :   1.831
  based on completeness >= 90%    :   2.028
  based on completeness >= 50%    :   1.901

NOTE: we recommend using all data out to the CC(1/2) limit
for refinement.

Writing html report to: scaling.html

================================================================================

Saving the experiments to scaled.expt
Saving the scaled reflections to scaled.refl
See dials.github.io/dials_scale_user_guide.html for more info on scaling options
