DIALS 3.dev.408-g67bf7ff20
The following parameters have been modified:
integration {
  mp {
    nproc = 4
  }
}
input {
  experiments = refined.expt
  reflections = refined.refl
}


================================================================================

Experiments

Models for experiment 0

Beam:
    wavelength: 0.97625
    sample to source direction : {-1.11483e-05,-0,1}
    divergence: 0
    sigma divergence: 0
    polarization normal: {0,1,0}
    polarization fraction: 0.999

Detector:
Panel:
  name: Panel
  type: SENSOR_PAD
  identifier: 
  pixel_size:{0.172,0.172}
  image_size: {2463,2527}
  trusted_range: {-1,161977}
  thickness: 0.32
  material: Si
  mu: 3.92204
  gain: 1
  pedestal: 0
  fast_axis: {0.999997,-0.00163429,-0.00156524}
  slow_axis: {-0.00164107,-0.999989,-0.00434271}
  origin: {-210.664,205.706,-263.848}
  distance: 265.067
  pixel to millimeter strategy: ParallaxCorrectedPxMmStrategy
    mu: 3.92204
    t0: 0.32

Goniometer:
    Rotation axis:   {1,0,0}
    Fixed rotation:  {1,0,0,0,1,0,0,0,1}
    Setting rotation:{1,0,0,0,1,0,0,0,1}
    Axis #0 (GON_PHI):  {1,0,0}
    Axis #1 (GON_KAPPA):  {0.914,0.279,-0.297}
    Axis #2 (GON_OMEGA):  {1,0,0}
    Angles: 0,0,82
    scan axis: #2 (GON_OMEGA)

Scan:
    number of images:   540
    image range:   {1,540}
    oscillation:   {82,0.15}
    exposure time: 0.067

Crystal:
    Unit cell: 57.7840(2), 57.7840(2), 150.0035(5), 90.0, 90.0, 90.0
    Space group: P 4
    U matrix:  {{ 0.2590, -0.3455,  0.9020},
                {-0.3911, -0.8914, -0.2291},
                { 0.8831, -0.2935, -0.3660}}
    B matrix:  {{ 0.0173,  0.0000,  0.0000},
                {-0.0000,  0.0173,  0.0000},
                {-0.0000,  0.0000,  0.0067}}
    A = UB:    {{ 0.0045, -0.0060,  0.0060},
                {-0.0068, -0.0154, -0.0015},
                { 0.0153, -0.0051, -0.0024}}
    A sampled at 541 scan points

================================================================================

Initialising
Processing reference reflections
 read 126786 strong spots
 removing 1427 unindexed reflections
 removing 15059 reflections marked as bad for refinement
 using 110300 indexed reflections
 found 16486 junk reflections
 masked neighbouring pixels in 6 shoeboxes

================================================================================

Predicting reflections
Prediction type: scan varying crystal prediction
Predicted 383786 reflections
Matching reference spots with predicted reflections
 110300 observed reflections input
 383786 reflections predicted
 110300 reflections matched
 110300 reflections accepted
Using 110293 / 110300 reflections for sigma calculation
Calculating E.S.D Beam Divergence.
Calculating E.S.D Reflecting Range (mosaicity).
 sigma b: 0.027763 degrees
 sigma m: 0.042476 degrees
================================================================================

Processing reflections

 Processing the following experiments:

 Experiments: 1
 Beams:       1
 Detectors:   1
 Goniometers: 1
 Scans:       1
 Crystals:    1
 Imagesets:   1

================================================================================

Modelling reflection profiles

 Split 61 reflections overlapping job boundaries

Memory situation report:
  Available system memory (excluding swap)          : 31.9 GB
  Available swap memory                             : 16.9 GB
  Available system memory (including swap)          : 48.8 GB
  Maximum memory for processing (including swap)    : 43.9 GB
  Maximum memory for processing (excluding swap)    : 28.7 GB
  no memory ulimit set
  Memory required per process                       :  0.0 GB

Processing reflections in the following blocks of images:

 block_size: Auto 

+-----+---------+--------------+------------+--------------+------------+-----------------+
|   # |   Group |   Frame From |   Frame To |   Angle From |   Angle To |   # Reflections |
|-----+---------+--------------+------------+--------------+------------+-----------------|
|   0 |       0 |            1 |        141 |         82   |     103.15 |           26851 |
|   1 |       0 |          135 |        275 |        102.1 |     123.25 |           25746 |
|   2 |       0 |          269 |        409 |        122.2 |     143.35 |           27757 |
|   3 |       0 |          403 |        540 |        142.3 |     163    |           30000 |
+-----+---------+--------------+------------+--------------+------------+-----------------+

 Using multiprocessing with 4 parallel job(s)


 Frames: 1 -> 141

 Number of reflections
  Partial:     225
  Full:        26626
  In ice ring: 0
  Total:       26851


 Frames: 135 -> 275

 Number of reflections
  Partial:     33
  Full:        25713
  In ice ring: 0
  Total:       25746


 Frames: 269 -> 409

 Number of reflections
  Partial:     42
  Full:        27715
  In ice ring: 0
  Total:       27757


 Frames: 403 -> 540

 Number of reflections
  Partial:     275
  Full:        29725
  In ice ring: 0
  Total:       30000


 Summary of profile model
+------+-----------+-----------+----------+----------+----------+-----------------+
|   ID |   Profile | Created   |   X (px) |   Y (px) |   Z (im) |   # reflections |
|------+-----------+-----------+----------+----------+----------+-----------------|
|    0 |         0 | True      |    410.5 |   421.17 |    15.88 |            7165 |
|    0 |         1 | True      |   1231.5 |   421.17 |    15.88 |            8919 |
|    0 |         2 | True      |   2052.5 |   421.17 |    15.88 |            7236 |
|    0 |         3 | True      |    410.5 |  1263.5  |    15.88 |            9977 |
|    0 |         4 | True      |   1231.5 |  1263.5  |    15.88 |           12095 |
|    0 |         5 | True      |   2052.5 |  1263.5  |    15.88 |            9776 |
|    0 |         6 | True      |    410.5 |  2105.83 |    15.88 |            6361 |
|    0 |         7 | True      |   1231.5 |  2105.83 |    15.88 |            7630 |
|    0 |         8 | True      |   2052.5 |  2105.83 |    15.88 |            6017 |
|    0 |         9 | True      |    410.5 |   421.17 |    47.65 |           10795 |
|    0 |        10 | True      |   1231.5 |   421.17 |    47.65 |           13469 |
|    0 |        11 | True      |   2052.5 |   421.17 |    47.65 |           10883 |
|    0 |        12 | True      |    410.5 |  1263.5  |    47.65 |           14985 |
|    0 |        13 | True      |   1231.5 |  1263.5  |    47.65 |           18186 |
|    0 |        14 | True      |   2052.5 |  1263.5  |    47.65 |           14618 |
|    0 |        15 | True      |    410.5 |  2105.83 |    47.65 |            9576 |
|    0 |        16 | True      |   1231.5 |  2105.83 |    47.65 |           11466 |
|    0 |        17 | True      |   2052.5 |  2105.83 |    47.65 |            8976 |
|    0 |        18 | True      |    410.5 |   421.17 |    79.41 |           10859 |
|    0 |        19 | True      |   1231.5 |   421.17 |    79.41 |           13677 |
|    0 |        20 | True      |   2052.5 |   421.17 |    79.41 |           11093 |
|    0 |        21 | True      |    410.5 |  1263.5  |    79.41 |           14979 |
|    0 |        22 | True      |   1231.5 |  1263.5  |    79.41 |           18305 |
|    0 |        23 | True      |   2052.5 |  1263.5  |    79.41 |           14781 |
|    0 |        24 | True      |    410.5 |  2105.83 |    79.41 |            9586 |
|    0 |        25 | True      |   1231.5 |  2105.83 |    79.41 |           11542 |
|    0 |        26 | True      |   2052.5 |  2105.83 |    79.41 |            9056 |
|    0 |        27 | True      |    410.5 |   421.17 |   111.18 |           10875 |
|    0 |        28 | True      |   1231.5 |   421.17 |   111.18 |           13718 |
|    0 |        29 | True      |   2052.5 |   421.17 |   111.18 |           11115 |
|    0 |        30 | True      |    410.5 |  1263.5  |   111.18 |           14937 |
|    0 |        31 | True      |   1231.5 |  1263.5  |   111.18 |           18305 |
|    0 |        32 | True      |   2052.5 |  1263.5  |   111.18 |           14728 |
|    0 |        33 | True      |    410.5 |  2105.83 |   111.18 |            9582 |
|    0 |        34 | True      |   1231.5 |  2105.83 |   111.18 |           11552 |
|    0 |        35 | True      |   2052.5 |  2105.83 |   111.18 |            9020 |
|    0 |        36 | True      |    410.5 |   421.17 |   142.94 |           10759 |
|    0 |        37 | True      |   1231.5 |   421.17 |   142.94 |           13646 |
|    0 |        38 | True      |   2052.5 |   421.17 |   142.94 |           11104 |
|    0 |        39 | True      |    410.5 |  1263.5  |   142.94 |           14802 |
|    0 |        40 | True      |   1231.5 |  1263.5  |   142.94 |           18229 |
|    0 |        41 | True      |   2052.5 |  1263.5  |   142.94 |           14724 |
|    0 |        42 | True      |    410.5 |  2105.83 |   142.94 |            9459 |
|    0 |        43 | True      |   1231.5 |  2105.83 |   142.94 |           11494 |
|    0 |        44 | True      |   2052.5 |  2105.83 |   142.94 |            8993 |
|    0 |        45 | True      |    410.5 |   421.17 |   174.71 |           10725 |
|    0 |        46 | True      |   1231.5 |   421.17 |   174.71 |           13569 |
|    0 |        47 | True      |   2052.5 |   421.17 |   174.71 |           11043 |
|    0 |        48 | True      |    410.5 |  1263.5  |   174.71 |           14765 |
|    0 |        49 | True      |   1231.5 |  1263.5  |   174.71 |           18153 |
|    0 |        50 | True      |   2052.5 |  1263.5  |   174.71 |           14657 |
|    0 |        51 | True      |    410.5 |  2105.83 |   174.71 |            9454 |
|    0 |        52 | True      |   1231.5 |  2105.83 |   174.71 |           11489 |
|    0 |        53 | True      |   2052.5 |  2105.83 |   174.71 |            9003 |
|    0 |        54 | True      |    410.5 |   421.17 |   206.47 |           10658 |
|    0 |        55 | True      |   1231.5 |   421.17 |   206.47 |           13489 |
|    0 |        56 | True      |   2052.5 |   421.17 |   206.47 |           10996 |
|    0 |        57 | True      |    410.5 |  1263.5  |   206.47 |           14790 |
|    0 |        58 | True      |   1231.5 |  1263.5  |   206.47 |           18181 |
|    0 |        59 | True      |   2052.5 |  1263.5  |   206.47 |           14723 |
|    0 |        60 | True      |    410.5 |  2105.83 |   206.47 |            9502 |
|    0 |        61 | True      |   1231.5 |  2105.83 |   206.47 |           11561 |
|    0 |        62 | True      |   2052.5 |  2105.83 |   206.47 |            9094 |
|    0 |        63 | True      |    410.5 |   421.17 |   238.24 |           10730 |
|    0 |        64 | True      |   1231.5 |   421.17 |   238.24 |           13581 |
|    0 |        65 | True      |   2052.5 |   421.17 |   238.24 |           11082 |
|    0 |        66 | True      |    410.5 |  1263.5  |   238.24 |           14953 |
|    0 |        67 | True      |   1231.5 |  1263.5  |   238.24 |           18425 |
|    0 |        68 | True      |   2052.5 |  1263.5  |   238.24 |           14976 |
|    0 |        69 | True      |    410.5 |  2105.83 |   238.24 |            9595 |
|    0 |        70 | True      |   1231.5 |  2105.83 |   238.24 |           11709 |
|    0 |        71 | True      |   2052.5 |  2105.83 |   238.24 |            9284 |
|    0 |        72 | True      |    410.5 |   421.17 |   270    |           10794 |
|    0 |        73 | True      |   1231.5 |   421.17 |   270    |           13731 |
|    0 |        74 | True      |   2052.5 |   421.17 |   270    |           11179 |
|    0 |        75 | True      |    410.5 |  1263.5  |   270    |           15219 |
|    0 |        76 | True      |   1231.5 |  1263.5  |   270    |           18825 |
|    0 |        77 | True      |   2052.5 |  1263.5  |   270    |           15263 |
|    0 |        78 | True      |    410.5 |  2105.83 |   270    |            9818 |
|    0 |        79 | True      |   1231.5 |  2105.83 |   270    |           12005 |
|    0 |        80 | True      |   2052.5 |  2105.83 |   270    |            9478 |
|    0 |        81 | True      |    410.5 |   421.17 |   301.76 |           10991 |
|    0 |        82 | True      |   1231.5 |   421.17 |   301.76 |           14108 |
|    0 |        83 | True      |   2052.5 |   421.17 |   301.76 |           11461 |
|    0 |        84 | True      |    410.5 |  1263.5  |   301.76 |           15479 |
|    0 |        85 | True      |   1231.5 |  1263.5  |   301.76 |           19311 |
|    0 |        86 | True      |   2052.5 |  1263.5  |   301.76 |           15637 |
|    0 |        87 | True      |    410.5 |  2105.83 |   301.76 |            9889 |
|    0 |        88 | True      |   1231.5 |  2105.83 |   301.76 |           12198 |
|    0 |        89 | True      |   2052.5 |  2105.83 |   301.76 |            9620 |
|    0 |        90 | True      |    410.5 |   421.17 |   333.53 |           11253 |
|    0 |        91 | True      |   1231.5 |   421.17 |   333.53 |           14444 |
|    0 |        92 | True      |   2052.5 |   421.17 |   333.53 |           11693 |
|    0 |        93 | True      |    410.5 |  1263.5  |   333.53 |           15717 |
|    0 |        94 | True      |   1231.5 |  1263.5  |   333.53 |           19607 |
|    0 |        95 | True      |   2052.5 |  1263.5  |   333.53 |           15776 |
|    0 |        96 | True      |    410.5 |  2105.83 |   333.53 |           10020 |
|    0 |        97 | True      |   1231.5 |  2105.83 |   333.53 |           12351 |
|    0 |        98 | True      |   2052.5 |  2105.83 |   333.53 |            9649 |
|    0 |        99 | True      |    410.5 |   421.17 |   365.29 |           11387 |
|    0 |       100 | True      |   1231.5 |   421.17 |   365.29 |           14707 |
|    0 |       101 | True      |   2052.5 |   421.17 |   365.29 |           11918 |
|    0 |       102 | True      |    410.5 |  1263.5  |   365.29 |           15868 |
|    0 |       103 | True      |   1231.5 |  1263.5  |   365.29 |           19966 |
|    0 |       104 | True      |   2052.5 |  1263.5  |   365.29 |           16056 |
|    0 |       105 | True      |    410.5 |  2105.83 |   365.29 |            9971 |
|    0 |       106 | True      |   1231.5 |  2105.83 |   365.29 |           12404 |
|    0 |       107 | True      |   2052.5 |  2105.83 |   365.29 |            9694 |
|    0 |       108 | True      |    410.5 |   421.17 |   397.06 |           11588 |
|    0 |       109 | True      |   1231.5 |   421.17 |   397.06 |           14943 |
|    0 |       110 | True      |   2052.5 |   421.17 |   397.06 |           12032 |
|    0 |       111 | True      |    410.5 |  1263.5  |   397.06 |           16143 |
|    0 |       112 | True      |   1231.5 |  1263.5  |   397.06 |           20341 |
|    0 |       113 | True      |   2052.5 |  1263.5  |   397.06 |           16248 |
|    0 |       114 | True      |    410.5 |  2105.83 |   397.06 |           10088 |
|    0 |       115 | True      |   1231.5 |  2105.83 |   397.06 |           12592 |
|    0 |       116 | True      |   2052.5 |  2105.83 |   397.06 |            9791 |
|    0 |       117 | True      |    410.5 |   421.17 |   428.82 |           11659 |
|    0 |       118 | True      |   1231.5 |   421.17 |   428.82 |           15101 |
|    0 |       119 | True      |   2052.5 |   421.17 |   428.82 |           12137 |
|    0 |       120 | True      |    410.5 |  1263.5  |   428.82 |           16334 |
|    0 |       121 | True      |   1231.5 |  1263.5  |   428.82 |           20698 |
|    0 |       122 | True      |   2052.5 |  1263.5  |   428.82 |           16528 |
|    0 |       123 | True      |    410.5 |  2105.83 |   428.82 |           10160 |
|    0 |       124 | True      |   1231.5 |  2105.83 |   428.82 |           12758 |
|    0 |       125 | True      |   2052.5 |  2105.83 |   428.82 |            9926 |
|    0 |       126 | True      |    410.5 |   421.17 |   460.59 |           11867 |
|    0 |       127 | True      |   1231.5 |   421.17 |   460.59 |           15232 |
|    0 |       128 | True      |   2052.5 |   421.17 |   460.59 |           12190 |
|    0 |       129 | True      |    410.5 |  1263.5  |   460.59 |           16613 |
|    0 |       130 | True      |   1231.5 |  1263.5  |   460.59 |           20929 |
|    0 |       131 | True      |   2052.5 |  1263.5  |   460.59 |           16660 |
|    0 |       132 | True      |    410.5 |  2105.83 |   460.59 |           10280 |
|    0 |       133 | True      |   1231.5 |  2105.83 |   460.59 |           12892 |
|    0 |       134 | True      |   2052.5 |  2105.83 |   460.59 |            9991 |
|    0 |       135 | True      |    410.5 |   421.17 |   492.35 |           11715 |
|    0 |       136 | True      |   1231.5 |   421.17 |   492.35 |           15037 |
|    0 |       137 | True      |   2052.5 |   421.17 |   492.35 |           12069 |
|    0 |       138 | True      |    410.5 |  1263.5  |   492.35 |           16433 |
|    0 |       139 | True      |   1231.5 |  1263.5  |   492.35 |           20708 |
|    0 |       140 | True      |   2052.5 |  1263.5  |   492.35 |           16548 |
|    0 |       141 | True      |    410.5 |  2105.83 |   492.35 |           10198 |
|    0 |       142 | True      |   1231.5 |  2105.83 |   492.35 |           12792 |
|    0 |       143 | True      |   2052.5 |  2105.83 |   492.35 |            9949 |
|    0 |       144 | True      |    410.5 |   421.17 |   524.12 |            7796 |
|    0 |       145 | True      |   1231.5 |   421.17 |   524.12 |            9973 |
|    0 |       146 | True      |   2052.5 |   421.17 |   524.12 |            8010 |
|    0 |       147 | True      |    410.5 |  1263.5  |   524.12 |           10968 |
|    0 |       148 | True      |   1231.5 |  1263.5  |   524.12 |           13796 |
|    0 |       149 | True      |   2052.5 |  1263.5  |   524.12 |           11038 |
|    0 |       150 | True      |    410.5 |  2105.83 |   524.12 |            6810 |
|    0 |       151 | True      |   1231.5 |  2105.83 |   524.12 |            8547 |
|    0 |       152 | True      |   2052.5 |  2105.83 |   524.12 |            6663 |
+------+-----------+-----------+----------+----------+----------+-----------------+


Timing information for reference profile formation
+-------------------+---------------+
| Read time         | 24.13 seconds |
| Extract time      | 1.27 seconds  |
| Pre-process time  | 0.18 seconds  |
| Process time      | 49.50 seconds |
| Post-process time | 0.00 seconds  |
| Total time        | 76.37 seconds |
+-------------------+---------------+

================================================================================

Integrating reflections

 Split 374 reflections overlapping job boundaries

Memory situation report:
  Available system memory (excluding swap)          : 31.9 GB
  Available swap memory                             : 16.9 GB
  Available system memory (including swap)          : 48.8 GB
  Maximum memory for processing (including swap)    : 43.9 GB
  Maximum memory for processing (excluding swap)    : 28.7 GB
  no memory ulimit set
  Memory required per process                       :  0.0 GB

Processing reflections in the following blocks of images:

 block_size: Auto 

+-----+---------+--------------+------------+--------------+------------+-----------------+
|   # |   Group |   Frame From |   Frame To |   Angle From |   Angle To |   # Reflections |
|-----+---------+--------------+------------+--------------+------------+-----------------|
|   0 |       0 |            1 |        140 |         82   |      103   |           99827 |
|   1 |       0 |          135 |        274 |        102.1 |      123.1 |           92714 |
|   2 |       0 |          269 |        408 |        122.2 |      143.2 |           92528 |
|   3 |       0 |          403 |        540 |        142.3 |      163   |           98604 |
+-----+---------+--------------+------------+--------------+------------+-----------------+

 Using multiprocessing with 4 parallel job(s)


 Frames: 0 -> 140

 Number of reflections
  Partial:     5689
  Full:        94138
  In ice ring: 0
  Integrate:   99827
  Total:       99827


 Frames: 134 -> 274

 Number of reflections
  Partial:     169
  Full:        92545
  In ice ring: 0
  Integrate:   92714
  Total:       92714


 Frames: 268 -> 408

 Number of reflections
  Partial:     164
  Full:        92364
  In ice ring: 0
  Integrate:   92528
  Total:       92528


 Frames: 402 -> 540

 Number of reflections
  Partial:     5765
  Full:        92839
  In ice ring: 0
  Integrate:   98604
  Total:       98604


 Summary vs image number
+------+---------+----------+----------+----------+---------+---------+---------+-------+----------+----------+----------+-----------+
|   ID |   Image |   # full |   # part |   # over |   # ice |   # sum |   # prf |   Ibg |   I/sigI |   I/sigI |   CC prf |   RMSD XY |
|      |         |          |          |          |         |         |         |       |    (sum) |    (prf) |          |           |
|------+---------+----------+----------+----------+---------+---------+---------+-------+----------+----------+----------+-----------|
|    0 |       1 |       53 |     5426 |        0 |       0 |    4771 |     701 |  0.15 |     0.99 |     5.51 |     0.6  |         0 |
|    0 |       2 |      592 |      114 |        0 |       0 |     611 |     699 |  0.15 |     5.68 |     5.35 |     0.58 |         0 |
|    0 |       3 |      713 |       27 |        0 |       0 |     646 |     731 |  0.15 |     5.31 |     4.97 |     0.58 |         0 |
|    0 |       4 |      672 |       15 |        0 |       0 |     602 |     679 |  0.15 |     5.29 |     4.83 |     0.58 |         0 |
|    0 |       5 |      668 |       13 |        0 |       0 |     593 |     676 |  0.15 |     6.32 |     5.8  |     0.58 |         0 |
|    0 |       6 |      638 |        7 |        0 |       0 |     542 |     634 |  0.15 |     5.63 |     5.07 |     0.57 |         0 |
|    0 |       7 |      706 |        2 |        0 |       0 |     612 |     702 |  0.15 |     5.77 |     5.43 |     0.58 |         0 |
|    0 |       8 |      676 |        4 |        0 |       0 |     581 |     671 |  0.15 |     6.14 |     5.58 |     0.58 |         0 |
|    0 |       9 |      694 |        5 |        0 |       0 |     590 |     688 |  0.14 |     5.38 |     4.86 |     0.56 |         0 |
|    0 |      10 |      687 |        0 |        0 |       0 |     579 |     681 |  0.15 |     5.25 |     4.88 |     0.58 |         0 |
|    0 |      11 |      701 |        1 |        0 |       0 |     614 |     690 |  0.15 |     5.59 |     5.17 |     0.58 |         0 |
|    0 |      12 |      705 |        1 |        0 |       0 |     596 |     701 |  0.14 |     5.02 |     4.49 |     0.56 |         0 |
|    0 |      13 |      630 |        0 |        0 |       0 |     532 |     624 |  0.15 |     5.47 |     4.94 |     0.57 |         0 |
|    0 |      14 |      685 |        2 |        0 |       0 |     606 |     676 |  0.15 |     5.61 |     5.28 |     0.58 |         0 |
|    0 |      15 |      656 |        0 |        0 |       0 |     565 |     650 |  0.15 |     5.81 |     5.32 |     0.58 |         0 |
|    0 |      16 |      654 |        2 |        0 |       0 |     573 |     650 |  0.15 |     6.63 |     5.96 |     0.57 |         0 |
|    0 |      17 |      724 |        1 |        0 |       0 |     620 |     713 |  0.15 |     5.31 |     4.79 |     0.56 |         0 |
|    0 |      18 |      701 |        0 |        0 |       0 |     617 |     694 |  0.15 |     5.7  |     5.3  |     0.59 |         0 |
|    0 |      19 |      692 |        0 |        0 |       0 |     609 |     686 |  0.15 |     5.27 |     4.91 |     0.59 |         0 |
|    0 |      20 |      761 |        1 |        0 |       0 |     674 |     752 |  0.15 |     5.62 |     5.24 |     0.59 |         0 |
|    0 |      21 |      712 |        0 |        0 |       0 |     614 |     703 |  0.15 |     6.48 |     5.87 |     0.58 |         0 |
|    0 |      22 |      697 |        0 |        0 |       0 |     623 |     689 |  0.15 |     5.66 |     5.39 |     0.58 |         0 |
|    0 |      23 |      661 |        1 |        0 |       0 |     587 |     656 |  0.15 |     6.34 |     5.93 |     0.59 |         0 |
|    0 |      24 |      715 |        0 |        0 |       0 |     620 |     707 |  0.16 |     6.01 |     5.64 |     0.59 |         0 |
|    0 |      25 |      689 |        0 |        0 |       0 |     602 |     682 |  0.15 |     5.36 |     5.01 |     0.58 |         0 |
|    0 |      26 |      678 |        0 |        0 |       0 |     578 |     667 |  0.15 |     5.55 |     5.01 |     0.58 |         0 |
|    0 |      27 |      714 |        0 |        0 |       0 |     618 |     710 |  0.15 |     5.82 |     5.37 |     0.58 |         0 |
|    0 |      28 |      726 |        0 |        0 |       0 |     625 |     718 |  0.15 |     5.98 |     5.54 |     0.59 |         0 |
|    0 |      29 |      700 |        1 |        0 |       0 |     605 |     693 |  0.16 |     5.99 |     5.49 |     0.58 |         0 |
|    0 |      30 |      716 |        0 |        0 |       0 |     616 |     705 |  0.15 |     6.1  |     5.71 |     0.59 |         0 |
|    0 |      31 |      732 |        0 |        0 |       0 |     657 |     725 |  0.15 |     5.62 |     5.44 |     0.58 |         0 |
|    0 |      32 |      652 |        1 |        0 |       0 |     556 |     649 |  0.15 |     5.97 |     5.53 |     0.58 |         0 |
|    0 |      33 |      661 |        0 |        0 |       0 |     568 |     656 |  0.14 |     5.02 |     4.68 |     0.57 |         0 |
|    0 |      34 |      678 |        0 |        0 |       0 |     583 |     667 |  0.15 |     5.67 |     5.26 |     0.57 |         0 |
|    0 |      35 |      684 |        0 |        0 |       0 |     584 |     676 |  0.15 |     5.54 |     5.07 |     0.58 |         0 |
|    0 |      36 |      712 |        0 |        0 |       0 |     620 |     706 |  0.14 |     4.97 |     4.61 |     0.56 |         0 |
|    0 |      37 |      659 |        0 |        0 |       0 |     588 |     658 |  0.15 |     5.49 |     5.14 |     0.58 |         0 |
|    0 |      38 |      690 |        0 |        0 |       0 |     604 |     684 |  0.16 |     5.91 |     5.61 |     0.6  |         0 |
|    0 |      39 |      696 |        0 |        0 |       0 |     609 |     689 |  0.15 |     5.94 |     5.44 |     0.57 |         0 |
|    0 |      40 |      713 |        0 |        0 |       0 |     628 |     705 |  0.15 |     5.28 |     5    |     0.58 |         0 |
|    0 |      41 |      670 |        0 |        0 |       0 |     585 |     663 |  0.15 |     5.68 |     5.46 |     0.58 |         0 |
|    0 |      42 |      624 |        0 |        0 |       0 |     526 |     618 |  0.15 |     5.6  |     5.05 |     0.57 |         0 |
|    0 |      43 |      673 |        0 |        0 |       0 |     591 |     662 |  0.15 |     5.83 |     5.42 |     0.58 |         0 |
|    0 |      44 |      681 |        1 |        0 |       0 |     599 |     679 |  0.16 |     6.63 |     6    |     0.59 |         0 |
|    0 |      45 |      736 |        0 |        0 |       0 |     642 |     728 |  0.15 |     5.91 |     5.48 |     0.59 |         0 |
|    0 |      46 |      731 |        0 |        0 |       0 |     634 |     720 |  0.15 |     6.05 |     5.58 |     0.59 |         0 |
|    0 |      47 |      706 |        0 |        0 |       0 |     604 |     700 |  0.15 |     5.77 |     5.11 |     0.58 |         0 |
|    0 |      48 |      673 |        0 |        0 |       0 |     554 |     665 |  0.15 |     5.17 |     4.58 |     0.56 |         0 |
|    0 |      49 |      722 |        0 |        0 |       0 |     637 |     712 |  0.15 |     5.91 |     5.48 |     0.59 |         0 |
|    0 |      50 |      734 |        0 |        0 |       0 |     635 |     725 |  0.15 |     5.69 |     5.22 |     0.59 |         0 |
|    0 |      51 |      741 |        0 |        0 |       0 |     639 |     734 |  0.15 |     5.66 |     5.19 |     0.58 |         0 |
|    0 |      52 |      649 |        0 |        0 |       0 |     570 |     644 |  0.15 |     5.96 |     5.53 |     0.58 |         0 |
|    0 |      53 |      661 |        0 |        0 |       0 |     570 |     654 |  0.15 |     5.59 |     5.23 |     0.58 |         0 |
|    0 |      54 |      708 |        0 |        0 |       0 |     617 |     699 |  0.15 |     5.88 |     5.44 |     0.58 |         0 |
|    0 |      55 |      685 |        0 |        0 |       0 |     591 |     682 |  0.14 |     5.08 |     4.66 |     0.56 |         0 |
|    0 |      56 |      640 |        0 |        0 |       0 |     559 |     634 |  0.15 |     5.67 |     5.25 |     0.59 |         0 |
|    0 |      57 |      697 |        0 |        0 |       0 |     599 |     684 |  0.15 |     5.08 |     4.73 |     0.57 |         0 |
|    0 |      58 |      727 |        0 |        0 |       0 |     641 |     719 |  0.15 |     6.37 |     5.86 |     0.57 |         0 |
|    0 |      59 |      692 |        0 |        0 |       0 |     601 |     685 |  0.15 |     5.35 |     5.31 |     0.58 |         0 |
|    0 |      60 |      685 |        0 |        0 |       0 |     597 |     679 |  0.16 |     6.42 |     5.98 |     0.6  |         0 |
|    0 |      61 |      719 |        0 |        0 |       0 |     630 |     716 |  0.15 |     5.83 |     5.36 |     0.58 |         0 |
|    0 |      62 |      660 |        0 |        0 |       0 |     567 |     652 |  0.15 |     5.44 |     4.9  |     0.56 |         0 |
|    0 |      63 |      681 |        0 |        0 |       0 |     584 |     669 |  0.15 |     6.15 |     5.57 |     0.57 |         0 |
|    0 |      64 |      652 |        0 |        0 |       0 |     562 |     645 |  0.15 |     5.61 |     5.06 |     0.56 |         0 |
|    0 |      65 |      670 |        0 |        0 |       0 |     585 |     667 |  0.15 |     6.08 |     5.59 |     0.57 |         0 |
|    0 |      66 |      692 |        0 |        0 |       0 |     593 |     680 |  0.15 |     6.46 |     5.87 |     0.59 |         0 |
|    0 |      67 |      716 |        0 |        0 |       0 |     631 |     712 |  0.15 |     6.39 |     6    |     0.58 |         0 |
|    0 |      68 |      707 |        0 |        0 |       0 |     630 |     700 |  0.15 |     5.92 |     5.55 |     0.58 |         0 |
|    0 |      69 |      705 |        0 |        0 |       0 |     618 |     698 |  0.15 |     5.74 |     5.29 |     0.59 |         0 |
|    0 |      70 |      716 |        0 |        0 |       0 |     623 |     713 |  0.15 |     5.54 |     5.15 |     0.58 |         0 |
|    0 |      71 |      714 |        0 |        0 |       0 |     605 |     704 |  0.15 |     6.23 |     5.63 |     0.58 |         0 |
|    0 |      72 |      703 |        2 |        0 |       0 |     607 |     693 |  0.15 |     5.38 |     5.07 |     0.59 |         0 |
|    0 |      73 |      724 |        0 |        0 |       0 |     615 |     714 |  0.14 |     5.27 |     4.74 |     0.57 |         0 |
|    0 |      74 |      698 |        0 |        0 |       0 |     601 |     690 |  0.16 |     6.03 |     5.58 |     0.6  |         0 |
|    0 |      75 |      683 |        0 |        0 |       0 |     588 |     675 |  0.15 |     6.3  |     5.71 |     0.58 |         0 |
|    0 |      76 |      679 |        0 |        0 |       0 |     586 |     669 |  0.15 |     5.33 |     4.87 |     0.58 |         0 |
|    0 |      77 |      692 |        0 |        0 |       0 |     587 |     683 |  0.15 |     5.97 |     5.56 |     0.57 |         0 |
|    0 |      78 |      688 |        0 |        0 |       0 |     591 |     681 |  0.15 |     5.42 |     4.86 |     0.56 |         0 |
|    0 |      79 |      652 |        0 |        0 |       0 |     561 |     644 |  0.15 |     6.27 |     5.73 |     0.57 |         0 |
|    0 |      80 |      658 |        0 |        0 |       0 |     580 |     654 |  0.15 |     5.68 |     5.31 |     0.58 |         0 |
|    0 |      81 |      685 |        2 |        0 |       0 |     595 |     678 |  0.15 |     5.91 |     5.57 |     0.58 |         0 |
|    0 |      82 |      714 |        0 |        0 |       0 |     607 |     706 |  0.15 |     5.28 |     4.88 |     0.56 |         0 |
|    0 |      83 |      657 |        0 |        0 |       0 |     574 |     653 |  0.15 |     6.2  |     5.8  |     0.59 |         0 |
|    0 |      84 |      674 |        0 |        0 |       0 |     582 |     659 |  0.16 |     5.65 |     5.3  |     0.58 |         0 |
|    0 |      85 |      708 |        0 |        0 |       0 |     633 |     701 |  0.15 |     5.87 |     5.43 |     0.59 |         0 |
|    0 |      86 |      754 |        0 |        0 |       0 |     659 |     750 |  0.15 |     5.92 |     5.44 |     0.58 |         0 |
|    0 |      87 |      739 |        0 |        0 |       0 |     641 |     732 |  0.16 |     5.7  |     5.36 |     0.59 |         0 |
|    0 |      88 |      691 |        0 |        0 |       0 |     613 |     682 |  0.15 |     5.72 |     5.37 |     0.59 |         0 |
|    0 |      89 |      690 |        0 |        0 |       0 |     591 |     686 |  0.15 |     5.68 |     5.19 |     0.57 |         0 |
|    0 |      90 |      703 |        0 |        0 |       0 |     605 |     699 |  0.15 |     5.26 |     4.8  |     0.58 |         0 |
|    0 |      91 |      666 |        0 |        0 |       0 |     586 |     661 |  0.14 |     5.04 |     4.69 |     0.57 |         0 |
|    0 |      92 |      720 |        0 |        0 |       0 |     630 |     716 |  0.16 |     5.62 |     5.29 |     0.57 |         0 |
|    0 |      93 |      679 |        0 |        0 |       0 |     601 |     670 |  0.15 |     5.52 |     5.14 |     0.57 |         0 |
|    0 |      94 |      621 |        0 |        0 |       0 |     536 |     612 |  0.15 |     5.33 |     4.86 |     0.58 |         0 |
|    0 |      95 |      707 |        0 |        0 |       0 |     611 |     702 |  0.15 |     6.05 |     5.58 |     0.58 |         0 |
|    0 |      96 |      713 |        0 |        0 |       0 |     627 |     706 |  0.16 |     5.89 |     5.56 |     0.58 |         0 |
|    0 |      97 |      697 |        0 |        0 |       0 |     602 |     690 |  0.16 |     6.27 |     5.68 |     0.57 |         0 |
|    0 |      98 |      655 |        2 |        0 |       0 |     576 |     651 |  0.16 |     6.17 |     5.6  |     0.58 |         0 |
|    0 |      99 |      716 |        0 |        0 |       0 |     625 |     706 |  0.16 |     6.6  |     6.06 |     0.59 |         0 |
|    0 |     100 |      647 |        2 |        0 |       0 |     558 |     642 |  0.16 |     6.05 |     5.52 |     0.59 |         0 |
|    0 |     101 |      697 |        0 |        0 |       0 |     600 |     687 |  0.16 |     5.95 |     5.57 |     0.58 |         0 |
|    0 |     102 |      755 |        0 |        0 |       0 |     647 |     750 |  0.15 |     5.72 |     5.26 |     0.58 |         0 |
|    0 |     103 |      681 |        0 |        0 |       0 |     593 |     670 |  0.14 |     4.72 |     4.33 |     0.55 |         0 |
|    0 |     104 |      694 |        0 |        0 |       0 |     592 |     687 |  0.15 |     5.65 |     5.1  |     0.57 |         0 |
|    0 |     105 |      699 |        2 |        0 |       0 |     601 |     691 |  0.15 |     6.11 |     5.73 |     0.59 |         0 |
|    0 |     106 |      705 |        2 |        0 |       0 |     591 |     698 |  0.15 |     5.69 |     5.29 |     0.59 |         0 |
|    0 |     107 |      691 |        0 |        0 |       0 |     591 |     676 |  0.15 |     5.32 |     4.88 |     0.57 |         0 |
|    0 |     108 |      698 |        2 |        0 |       0 |     600 |     687 |  0.15 |     6.67 |     6.1  |     0.58 |         0 |
|    0 |     109 |      690 |        0 |        0 |       0 |     605 |     679 |  0.15 |     4.84 |     4.57 |     0.57 |         0 |
|    0 |     110 |      683 |        0 |        0 |       0 |     585 |     680 |  0.15 |     5.62 |     5.14 |     0.58 |         0 |
|    0 |     111 |      707 |        0 |        0 |       0 |     617 |     700 |  0.16 |     5.81 |     5.39 |     0.58 |         0 |
|    0 |     112 |      691 |        0 |        0 |       0 |     602 |     685 |  0.16 |     5.77 |     5.32 |     0.59 |         0 |
|    0 |     113 |      692 |        0 |        0 |       0 |     614 |     686 |  0.15 |     6.03 |     5.54 |     0.58 |         0 |
|    0 |     114 |      632 |        2 |        0 |       0 |     549 |     623 |  0.15 |     6.24 |     5.93 |     0.59 |         0 |
|    0 |     115 |      743 |        0 |        0 |       0 |     652 |     736 |  0.17 |     6.72 |     6.18 |     0.59 |         0 |
|    0 |     116 |      645 |        2 |        0 |       0 |     557 |     641 |  0.16 |     5.3  |     4.98 |     0.57 |         0 |
|    0 |     117 |      688 |        0 |        0 |       0 |     600 |     680 |  0.16 |     5.93 |     5.39 |     0.58 |         0 |
|    0 |     118 |      746 |        0 |        0 |       0 |     651 |     740 |  0.16 |     6.5  |     6    |     0.59 |         0 |
|    0 |     119 |      724 |        2 |        0 |       0 |     615 |     715 |  0.15 |     5.4  |     4.83 |     0.58 |         0 |
|    0 |     120 |      678 |        0 |        0 |       0 |     589 |     674 |  0.15 |     5.32 |     4.93 |     0.59 |         0 |
|    0 |     121 |      687 |        2 |        0 |       0 |     585 |     680 |  0.15 |     5.25 |     4.78 |     0.56 |         0 |
|    0 |     122 |      701 |        2 |        0 |       0 |     619 |     693 |  0.15 |     6.04 |     5.69 |     0.59 |         0 |
|    0 |     123 |      716 |        2 |        0 |       0 |     622 |     706 |  0.15 |     5.63 |     5.17 |     0.58 |         0 |
|    0 |     124 |      665 |        0 |        0 |       0 |     589 |     658 |  0.15 |     5.28 |     4.92 |     0.57 |         0 |
|    0 |     125 |      681 |        4 |        0 |       0 |     607 |     679 |  0.15 |     6.19 |     5.77 |     0.59 |         0 |
|    0 |     126 |      692 |        0 |        0 |       0 |     592 |     682 |  0.15 |     5.38 |     4.9  |     0.57 |         0 |
|    0 |     127 |      656 |        0 |        0 |       0 |     572 |     649 |  0.15 |     5.46 |     5.2  |     0.59 |         0 |
|    0 |     128 |      705 |        0 |        0 |       0 |     615 |     697 |  0.16 |     5.91 |     5.47 |     0.6  |         0 |
|    0 |     129 |      681 |        0 |        0 |       0 |     593 |     677 |  0.16 |     5.37 |     5.02 |     0.59 |         0 |
|    0 |     130 |      610 |        2 |        0 |       0 |     530 |     603 |  0.16 |     6.16 |     5.73 |     0.58 |         0 |
|    0 |     131 |      722 |       11 |        0 |       0 |     633 |     722 |  0.16 |     5.78 |     5.5  |     0.59 |         0 |
|    0 |     132 |      714 |        2 |        0 |       0 |     614 |     707 |  0.15 |     5.44 |     5.01 |     0.57 |         0 |
|    0 |     133 |      701 |        3 |        0 |       0 |     601 |     692 |  0.16 |     5.6  |     5.05 |     0.58 |         0 |
|    0 |     134 |      731 |        4 |        0 |       0 |     648 |     729 |  0.15 |     5.74 |     5.33 |     0.57 |         0 |
|    0 |     135 |      734 |       17 |        0 |       0 |     634 |     734 |  0.16 |     5.77 |     5.23 |     0.58 |         0 |
|    0 |     136 |      664 |        5 |        0 |       0 |     578 |     656 |  0.15 |     5.89 |     5.47 |     0.58 |         0 |
|    0 |     137 |      699 |       30 |        0 |       0 |     632 |     713 |  0.16 |     5.54 |     5.18 |     0.58 |         0 |
|    0 |     138 |      677 |       30 |        0 |       0 |     621 |     701 |  0.16 |     5.88 |     5.5  |     0.58 |         0 |
|    0 |     139 |      688 |       38 |        0 |       0 |     641 |     715 |  0.15 |     5.35 |     5.37 |     0.58 |         0 |
|    0 |     140 |      678 |        8 |        0 |       0 |     586 |     676 |  0.16 |     6.32 |     5.87 |     0.59 |         0 |
|    0 |     141 |      653 |        8 |        0 |       0 |     589 |     657 |  0.16 |     5.43 |     5.04 |     0.57 |         0 |
|    0 |     142 |      664 |        8 |        0 |       0 |     574 |     660 |  0.15 |     5.52 |     5.04 |     0.58 |         0 |
|    0 |     143 |      656 |        6 |        0 |       0 |     570 |     653 |  0.15 |     5.61 |     5.17 |     0.57 |         0 |
|    0 |     144 |      624 |        0 |        0 |       0 |     553 |     619 |  0.16 |     5.57 |     5.2  |     0.59 |         0 |
|    0 |     145 |      730 |        4 |        0 |       0 |     628 |     730 |  0.15 |     5.54 |     5.2  |     0.57 |         0 |
|    0 |     146 |      745 |        8 |        0 |       0 |     646 |     746 |  0.15 |     4.85 |     4.5  |     0.56 |         0 |
|    0 |     147 |      709 |        6 |        0 |       0 |     624 |     705 |  0.15 |     5.49 |     5.1  |     0.56 |         0 |
|    0 |     148 |      740 |        0 |        0 |       0 |     631 |     732 |  0.16 |     5.9  |     5.38 |     0.59 |         0 |
|    0 |     149 |      667 |        0 |        0 |       0 |     583 |     660 |  0.15 |     5.18 |     4.75 |     0.56 |         0 |
|    0 |     150 |      680 |        0 |        0 |       0 |     577 |     672 |  0.16 |     6.43 |     5.85 |     0.59 |         0 |
|    0 |     151 |      712 |        0 |        0 |       0 |     634 |     703 |  0.16 |     6.18 |     5.83 |     0.59 |         0 |
|    0 |     152 |      677 |        4 |        0 |       0 |     592 |     665 |  0.16 |     6.28 |     5.79 |     0.59 |         0 |
|    0 |     153 |      701 |        0 |        0 |       0 |     600 |     693 |  0.16 |     5.69 |     5.36 |     0.59 |         0 |
|    0 |     154 |      686 |        0 |        0 |       0 |     604 |     680 |  0.16 |     6.33 |     5.86 |     0.58 |         0 |
|    0 |     155 |      647 |        4 |        0 |       0 |     582 |     643 |  0.16 |     6.21 |     5.87 |     0.6  |         0 |
|    0 |     156 |      669 |        0 |        0 |       0 |     598 |     664 |  0.16 |     5.8  |     5.41 |     0.59 |         0 |
|    0 |     157 |      702 |        2 |        0 |       0 |     611 |     696 |  0.16 |     5.62 |     5.15 |     0.58 |         0 |
|    0 |     158 |      722 |        0 |        0 |       0 |     611 |     715 |  0.16 |     5.93 |     5.31 |     0.58 |         0 |
|    0 |     159 |      728 |        0 |        0 |       0 |     634 |     718 |  0.16 |     6.02 |     5.57 |     0.59 |         0 |
|    0 |     160 |      712 |        0 |        0 |       0 |     610 |     700 |  0.15 |     5.1  |     4.74 |     0.57 |         0 |
|    0 |     161 |      720 |        0 |        0 |       0 |     622 |     714 |  0.16 |     6.16 |     5.67 |     0.58 |         0 |
|    0 |     162 |      668 |        2 |        0 |       0 |     588 |     663 |  0.16 |     6.07 |     5.75 |     0.59 |         0 |
|    0 |     163 |      707 |        6 |        0 |       0 |     617 |     706 |  0.16 |     5.97 |     5.53 |     0.59 |         0 |
|    0 |     164 |      691 |        6 |        0 |       0 |     602 |     689 |  0.15 |     5.9  |     5.38 |     0.58 |         0 |
|    0 |     165 |      689 |        0 |        0 |       0 |     601 |     683 |  0.16 |     6.33 |     5.87 |     0.59 |         0 |
|    0 |     166 |      671 |        2 |        0 |       0 |     583 |     667 |  0.16 |     5.87 |     5.25 |     0.59 |         0 |
|    0 |     167 |      688 |        2 |        0 |       0 |     595 |     682 |  0.16 |     5.2  |     4.68 |     0.57 |         0 |
|    0 |     168 |      644 |        0 |        0 |       0 |     558 |     635 |  0.17 |     6.42 |     6    |     0.61 |         0 |
|    0 |     169 |      681 |        0 |        0 |       0 |     586 |     674 |  0.16 |     6.14 |     5.65 |     0.59 |         0 |
|    0 |     170 |      734 |        0 |        0 |       0 |     633 |     728 |  0.14 |     5.47 |     4.91 |     0.56 |         0 |
|    0 |     171 |      661 |        0 |        0 |       0 |     574 |     651 |  0.16 |     5.69 |     5.32 |     0.58 |         0 |
|    0 |     172 |      737 |        0 |        0 |       0 |     649 |     735 |  0.16 |     5.71 |     5.36 |     0.58 |         0 |
|    0 |     173 |      713 |        0 |        0 |       0 |     629 |     708 |  0.16 |     6.18 |     5.65 |     0.59 |         0 |
|    0 |     174 |      696 |        0 |        0 |       0 |     612 |     690 |  0.16 |     6.1  |     5.76 |     0.6  |         0 |
|    0 |     175 |      682 |        0 |        0 |       0 |     602 |     677 |  0.16 |     5.7  |     5.24 |     0.58 |         0 |
|    0 |     176 |      674 |        0 |        0 |       0 |     591 |     668 |  0.15 |     5.34 |     4.86 |     0.58 |         0 |
|    0 |     177 |      704 |        0 |        0 |       0 |     602 |     694 |  0.16 |     5.5  |     5.07 |     0.59 |         0 |
|    0 |     178 |      634 |        0 |        0 |       0 |     560 |     624 |  0.16 |     6.17 |     5.75 |     0.6  |         0 |
|    0 |     179 |      683 |        0 |        0 |       0 |     577 |     672 |  0.15 |     5.69 |     5.08 |     0.57 |         0 |
|    0 |     180 |      674 |        0 |        0 |       0 |     581 |     666 |  0.16 |     6.34 |     5.79 |     0.59 |         0 |
|    0 |     181 |      682 |        0 |        0 |       0 |     592 |     677 |  0.16 |     5.29 |     4.79 |     0.58 |         0 |
|    0 |     182 |      723 |        0 |        0 |       0 |     629 |     716 |  0.17 |     6.6  |     6.05 |     0.58 |         0 |
|    0 |     183 |      718 |        0 |        0 |       0 |     616 |     713 |  0.16 |     5.9  |     5.49 |     0.58 |         0 |
|    0 |     184 |      709 |        0 |        0 |       0 |     614 |     700 |  0.16 |     5.45 |     5.1  |     0.58 |         0 |
|    0 |     185 |      681 |        0 |        0 |       0 |     597 |     677 |  0.15 |     5.16 |     4.8  |     0.57 |         0 |
|    0 |     186 |      715 |        0 |        0 |       0 |     631 |     708 |  0.16 |     5.83 |     5.36 |     0.59 |         0 |
|    0 |     187 |      702 |        0 |        0 |       0 |     584 |     692 |  0.16 |     5.97 |     5.45 |     0.57 |         0 |
|    0 |     188 |      675 |        0 |        0 |       0 |     587 |     665 |  0.16 |     6.06 |     5.64 |     0.59 |         0 |
|    0 |     189 |      714 |        0 |        0 |       0 |     631 |     709 |  0.15 |     4.69 |     4.49 |     0.58 |         0 |
|    0 |     190 |      686 |        0 |        0 |       0 |     601 |     680 |  0.16 |     5.87 |     5.43 |     0.59 |         0 |
|    0 |     191 |      649 |        0 |        0 |       0 |     573 |     643 |  0.16 |     5.92 |     5.44 |     0.58 |         0 |
|    0 |     192 |      678 |        0 |        0 |       0 |     589 |     671 |  0.16 |     6.2  |     5.69 |     0.58 |         0 |
|    0 |     193 |      706 |        0 |        0 |       0 |     625 |     698 |  0.16 |     6.21 |     5.71 |     0.59 |         0 |
|    0 |     194 |      692 |        0 |        0 |       0 |     607 |     689 |  0.15 |     5.89 |     5.5  |     0.59 |         0 |
|    0 |     195 |      680 |        0 |        0 |       0 |     576 |     669 |  0.16 |     5.43 |     4.94 |     0.55 |         0 |
|    0 |     196 |      717 |        0 |        0 |       0 |     613 |     711 |  0.17 |     6.29 |     5.56 |     0.58 |         0 |
|    0 |     197 |      697 |        0 |        0 |       0 |     608 |     690 |  0.15 |     5.29 |     4.86 |     0.56 |         0 |
|    0 |     198 |      769 |        0 |        0 |       0 |     660 |     762 |  0.16 |     5.27 |     5.03 |     0.59 |         0 |
|    0 |     199 |      657 |        0 |        0 |       0 |     576 |     650 |  0.16 |     5.83 |     5.33 |     0.58 |         0 |
|    0 |     200 |      686 |        0 |        0 |       0 |     603 |     679 |  0.16 |     5.72 |     5.26 |     0.58 |         0 |
|    0 |     201 |      668 |        0 |        0 |       0 |     579 |     662 |  0.16 |     6.16 |     5.6  |     0.59 |         0 |
|    0 |     202 |      693 |        0 |        0 |       0 |     604 |     685 |  0.16 |     5.54 |     5.22 |     0.59 |         0 |
|    0 |     203 |      669 |        0 |        0 |       0 |     576 |     656 |  0.17 |     6.37 |     5.97 |     0.59 |         0 |
|    0 |     204 |      701 |        0 |        0 |       0 |     596 |     689 |  0.16 |     5.81 |     5.37 |     0.57 |         0 |
|    0 |     205 |      700 |        0 |        0 |       0 |     613 |     695 |  0.16 |     5.7  |     5.16 |     0.58 |         0 |
|    0 |     206 |      676 |        0 |        0 |       0 |     596 |     668 |  0.16 |     6    |     5.52 |     0.58 |         0 |
|    0 |     207 |      722 |        0 |        0 |       0 |     635 |     718 |  0.16 |     5.36 |     4.98 |     0.58 |         0 |
|    0 |     208 |      707 |        0 |        0 |       0 |     610 |     697 |  0.16 |     5.44 |     5.2  |     0.59 |         0 |
|    0 |     209 |      710 |        0 |        0 |       0 |     630 |     703 |  0.16 |     5.4  |     5.07 |     0.59 |         0 |
|    0 |     210 |      704 |        0 |        0 |       0 |     589 |     696 |  0.16 |     6.16 |     5.52 |     0.57 |         0 |
|    0 |     211 |      674 |        0 |        0 |       0 |     564 |     662 |  0.16 |     5.64 |     5.03 |     0.56 |         0 |
|    0 |     212 |      694 |        0 |        0 |       0 |     602 |     689 |  0.16 |     5.95 |     5.51 |     0.6  |         0 |
|    0 |     213 |      673 |        0 |        0 |       0 |     580 |     660 |  0.17 |     6.39 |     5.8  |     0.6  |         0 |
|    0 |     214 |      671 |        0 |        0 |       0 |     585 |     669 |  0.16 |     5.8  |     5.28 |     0.58 |         0 |
|    0 |     215 |      696 |        0 |        0 |       0 |     610 |     689 |  0.16 |     6.06 |     5.69 |     0.59 |         0 |
|    0 |     216 |      679 |        0 |        0 |       0 |     588 |     674 |  0.16 |     5.78 |     5.34 |     0.58 |         0 |
|    0 |     217 |      719 |        0 |        0 |       0 |     632 |     715 |  0.16 |     6.06 |     5.56 |     0.58 |         0 |
|    0 |     218 |      711 |        0 |        0 |       0 |     621 |     704 |  0.17 |     5.44 |     5.04 |     0.58 |         0 |
|    0 |     219 |      685 |        0 |        0 |       0 |     593 |     679 |  0.15 |     5.37 |     4.98 |     0.57 |         0 |
|    0 |     220 |      716 |        0 |        0 |       0 |     623 |     707 |  0.16 |     5.29 |     4.97 |     0.57 |         0 |
|    0 |     221 |      710 |        0 |        0 |       0 |     639 |     703 |  0.16 |     5.44 |     5.14 |     0.59 |         0 |
|    0 |     222 |      680 |        0 |        0 |       0 |     592 |     672 |  0.16 |     5.97 |     5.51 |     0.59 |         0 |
|    0 |     223 |      677 |        0 |        0 |       0 |     563 |     670 |  0.17 |     6.06 |     5.73 |     0.58 |         0 |
|    0 |     224 |      689 |        0 |        0 |       0 |     603 |     677 |  0.16 |     5.71 |     5.46 |     0.6  |         0 |
|    0 |     225 |      652 |        0 |        0 |       0 |     581 |     650 |  0.17 |     6.21 |     5.76 |     0.6  |         0 |
|    0 |     226 |      677 |        4 |        0 |       0 |     594 |     673 |  0.17 |     5.76 |     5.41 |     0.6  |         0 |
|    0 |     227 |      719 |        0 |        0 |       0 |     625 |     709 |  0.17 |     6.39 |     5.96 |     0.58 |         0 |
|    0 |     228 |      725 |        0 |        0 |       0 |     623 |     721 |  0.16 |     5.99 |     5.53 |     0.58 |         0 |
|    0 |     229 |      667 |        0 |        0 |       0 |     566 |     657 |  0.16 |     5.06 |     4.77 |     0.57 |         0 |
|    0 |     230 |      712 |        0 |        0 |       0 |     625 |     705 |  0.15 |     5    |     4.66 |     0.57 |         0 |
|    0 |     231 |      711 |        0 |        0 |       0 |     625 |     704 |  0.16 |     5.54 |     5.19 |     0.59 |         0 |
|    0 |     232 |      719 |        0 |        0 |       0 |     602 |     709 |  0.16 |     5.47 |     4.99 |     0.57 |         0 |
|    0 |     233 |      666 |        0 |        0 |       0 |     577 |     656 |  0.17 |     6.21 |     5.77 |     0.59 |         0 |
|    0 |     234 |      689 |        0 |        0 |       0 |     584 |     680 |  0.16 |     5.64 |     5.21 |     0.58 |         0 |
|    0 |     235 |      663 |        0 |        0 |       0 |     583 |     659 |  0.16 |     5.31 |     4.86 |     0.56 |         0 |
|    0 |     236 |      643 |        0 |        0 |       0 |     554 |     630 |  0.17 |     6.09 |     5.57 |     0.59 |         0 |
|    0 |     237 |      722 |        0 |        0 |       0 |     613 |     716 |  0.16 |     5.57 |     5.12 |     0.57 |         0 |
|    0 |     238 |      698 |        0 |        0 |       0 |     606 |     688 |  0.17 |     5.57 |     5.17 |     0.59 |         0 |
|    0 |     239 |      720 |        0 |        0 |       0 |     623 |     712 |  0.16 |     5.72 |     5.31 |     0.59 |         0 |
|    0 |     240 |      694 |        0 |        0 |       0 |     606 |     687 |  0.16 |     5.27 |     4.99 |     0.58 |         0 |
|    0 |     241 |      713 |        0 |        0 |       0 |     629 |     708 |  0.16 |     5.56 |     5.16 |     0.59 |         0 |
|    0 |     242 |      744 |        0 |        0 |       0 |     656 |     737 |  0.16 |     5.51 |     5.09 |     0.58 |         0 |
|    0 |     243 |      666 |        0 |        0 |       0 |     588 |     660 |  0.16 |     5.58 |     5.22 |     0.59 |         0 |
|    0 |     244 |      688 |        0 |        0 |       0 |     600 |     685 |  0.16 |     6.22 |     5.75 |     0.59 |         0 |
|    0 |     245 |      640 |        0 |        0 |       0 |     560 |     631 |  0.17 |     5.58 |     5.3  |     0.59 |         0 |
|    0 |     246 |      700 |        2 |        0 |       0 |     602 |     690 |  0.16 |     5.99 |     5.46 |     0.59 |         0 |
|    0 |     247 |      685 |        0 |        0 |       0 |     588 |     677 |  0.17 |     5.75 |     5.38 |     0.59 |         0 |
|    0 |     248 |      680 |        0 |        0 |       0 |     584 |     676 |  0.17 |     6.21 |     5.66 |     0.59 |         0 |
|    0 |     249 |      714 |        0 |        0 |       0 |     629 |     706 |  0.16 |     5.6  |     5.24 |     0.59 |         0 |
|    0 |     250 |      682 |        0 |        0 |       0 |     571 |     671 |  0.17 |     5.87 |     5.3  |     0.57 |         0 |
|    0 |     251 |      693 |        0 |        0 |       0 |     596 |     689 |  0.16 |     5.65 |     5.17 |     0.57 |         0 |
|    0 |     252 |      724 |        0 |        0 |       0 |     631 |     719 |  0.16 |     5.96 |     5.47 |     0.58 |         0 |
|    0 |     253 |      749 |        0 |        0 |       0 |     667 |     742 |  0.16 |     5.02 |     4.65 |     0.58 |         0 |
|    0 |     254 |      691 |        0 |        0 |       0 |     608 |     688 |  0.16 |     5.28 |     5.14 |     0.6  |         0 |
|    0 |     255 |      659 |        0 |        0 |       0 |     583 |     654 |  0.17 |     6.02 |     5.58 |     0.59 |         0 |
|    0 |     256 |      694 |        0 |        0 |       0 |     602 |     687 |  0.17 |     6.22 |     5.76 |     0.57 |         0 |
|    0 |     257 |      660 |        0 |        0 |       0 |     574 |     654 |  0.17 |     6.06 |     5.61 |     0.59 |         0 |
|    0 |     258 |      641 |        2 |        0 |       0 |     561 |     636 |  0.16 |     5.21 |     4.88 |     0.57 |         0 |
|    0 |     259 |      678 |        4 |        0 |       0 |     570 |     668 |  0.16 |     5.77 |     5.22 |     0.58 |         0 |
|    0 |     260 |      671 |        2 |        0 |       0 |     569 |     665 |  0.16 |     5.5  |     5.05 |     0.57 |         0 |
|    0 |     261 |      704 |        1 |        0 |       0 |     611 |     698 |  0.17 |     5.88 |     5.52 |     0.6  |         0 |
|    0 |     262 |      726 |        2 |        0 |       0 |     630 |     715 |  0.16 |     5.53 |     5.14 |     0.58 |         0 |
|    0 |     263 |      740 |        2 |        0 |       0 |     660 |     734 |  0.16 |     5.51 |     5.16 |     0.59 |         0 |
|    0 |     264 |      714 |        2 |        0 |       0 |     613 |     710 |  0.16 |     5.54 |     5.28 |     0.58 |         0 |
|    0 |     265 |      719 |        0 |        0 |       0 |     625 |     712 |  0.16 |     5.32 |     4.89 |     0.58 |         0 |
|    0 |     266 |      650 |        4 |        0 |       0 |     562 |     638 |  0.16 |     6.06 |     5.5  |     0.58 |         0 |
|    0 |     267 |      659 |       12 |        0 |       0 |     593 |     657 |  0.16 |     5.42 |     5.23 |     0.6  |         0 |
|    0 |     268 |      663 |       10 |        0 |       0 |     588 |     665 |  0.18 |     6.14 |     5.66 |     0.6  |         0 |
|    0 |     269 |      676 |       17 |        0 |       0 |     598 |     679 |  0.17 |     5.84 |     5.48 |     0.59 |         0 |
|    0 |     270 |      656 |       14 |        0 |       0 |     585 |     661 |  0.17 |     5.42 |     5.04 |     0.59 |         0 |
|    0 |     271 |      665 |       29 |        0 |       0 |     608 |     674 |  0.16 |     5.5  |     5.15 |     0.58 |         0 |
|    0 |     272 |      685 |       30 |        0 |       0 |     618 |     707 |  0.16 |     4.79 |     4.53 |     0.56 |         0 |
|    0 |     273 |      663 |       22 |        0 |       0 |     611 |     678 |  0.16 |     5.27 |     4.94 |     0.59 |         0 |
|    0 |     274 |      683 |       12 |        0 |       0 |     626 |     689 |  0.16 |     5.55 |     5.4  |     0.59 |         0 |
|    0 |     275 |      759 |        6 |        0 |       0 |     662 |     761 |  0.16 |     5.7  |     5.28 |     0.58 |         0 |
|    0 |     276 |      744 |        8 |        0 |       0 |     652 |     746 |  0.17 |     6.17 |     5.66 |     0.6  |         0 |
|    0 |     277 |      725 |        6 |        0 |       0 |     630 |     721 |  0.17 |     5.58 |     5.25 |     0.59 |         0 |
|    0 |     278 |      688 |        2 |        0 |       0 |     586 |     679 |  0.17 |     5.86 |     5.5  |     0.6  |         0 |
|    0 |     279 |      628 |        2 |        0 |       0 |     537 |     623 |  0.18 |     5.81 |     5.42 |     0.58 |         0 |
|    0 |     280 |      655 |        4 |        0 |       0 |     571 |     654 |  0.16 |     5.79 |     5.41 |     0.59 |         0 |
|    0 |     281 |      660 |        0 |        0 |       0 |     566 |     658 |  0.18 |     6.48 |     5.83 |     0.6  |         0 |
|    0 |     282 |      706 |        4 |        0 |       0 |     624 |     704 |  0.17 |     5.29 |     4.92 |     0.59 |         0 |
|    0 |     283 |      696 |        6 |        0 |       0 |     610 |     687 |  0.16 |     5.54 |     5.37 |     0.58 |         0 |
|    0 |     284 |      721 |        2 |        0 |       0 |     614 |     708 |  0.18 |     6.04 |     5.57 |     0.6  |         0 |
|    0 |     285 |      694 |        0 |        0 |       0 |     595 |     686 |  0.17 |     5.82 |     5.29 |     0.59 |         0 |
|    0 |     286 |      697 |        0 |        0 |       0 |     605 |     692 |  0.17 |     6.08 |     5.73 |     0.6  |         0 |
|    0 |     287 |      696 |        4 |        0 |       0 |     617 |     690 |  0.17 |     5.74 |     5.35 |     0.59 |         0 |
|    0 |     288 |      724 |        0 |        0 |       0 |     646 |     721 |  0.17 |     5.48 |     5.15 |     0.59 |         0 |
|    0 |     289 |      718 |        2 |        0 |       0 |     630 |     710 |  0.16 |     5.23 |     4.82 |     0.58 |         0 |
|    0 |     290 |      715 |        0 |        0 |       0 |     633 |     708 |  0.17 |     5.64 |     5.3  |     0.6  |         0 |
|    0 |     291 |      675 |        2 |        0 |       0 |     582 |     665 |  0.17 |     6.23 |     5.68 |     0.59 |         0 |
|    0 |     292 |      632 |        0 |        0 |       0 |     543 |     625 |  0.17 |     5.93 |     5.41 |     0.6  |         0 |
|    0 |     293 |      707 |        2 |        0 |       0 |     628 |     698 |  0.17 |     5.9  |     5.59 |     0.59 |         0 |
|    0 |     294 |      657 |        2 |        0 |       0 |     563 |     650 |  0.16 |     5.91 |     5.39 |     0.6  |         0 |
|    0 |     295 |      665 |        0 |        0 |       0 |     562 |     661 |  0.17 |     5.54 |     4.95 |     0.58 |         0 |
|    0 |     296 |      713 |        0 |        0 |       0 |     605 |     707 |  0.18 |     5.95 |     5.45 |     0.6  |         0 |
|    0 |     297 |      666 |        0 |        0 |       0 |     565 |     660 |  0.16 |     5.52 |     4.99 |     0.58 |         0 |
|    0 |     298 |      655 |        0 |        0 |       0 |     550 |     643 |  0.16 |     5.36 |     4.82 |     0.58 |         0 |
|    0 |     299 |      696 |        2 |        0 |       0 |     601 |     690 |  0.16 |     5.26 |     4.87 |     0.57 |         0 |
|    0 |     300 |      742 |        0 |        0 |       0 |     647 |     733 |  0.17 |     6.46 |     6.06 |     0.6  |         0 |
|    0 |     301 |      720 |        0 |        0 |       0 |     622 |     712 |  0.17 |     6.16 |     5.58 |     0.6  |         0 |
|    0 |     302 |      731 |        0 |        0 |       0 |     643 |     727 |  0.17 |     5.44 |     5.19 |     0.59 |         0 |
|    0 |     303 |      714 |        0 |        0 |       0 |     617 |     709 |  0.17 |     5.78 |     5.38 |     0.59 |         0 |
|    0 |     304 |      709 |        0 |        0 |       0 |     629 |     701 |  0.17 |     5.83 |     5.51 |     0.58 |         0 |
|    0 |     305 |      664 |        0 |        0 |       0 |     576 |     656 |  0.18 |     6.16 |     5.72 |     0.6  |         0 |
|    0 |     306 |      675 |        2 |        0 |       0 |     609 |     668 |  0.17 |     5.96 |     5.59 |     0.6  |         0 |
|    0 |     307 |      676 |        0 |        0 |       0 |     570 |     670 |  0.17 |     5.67 |     5.33 |     0.59 |         0 |
|    0 |     308 |      676 |        0 |        0 |       0 |     579 |     669 |  0.18 |     6.36 |     5.76 |     0.6  |         0 |
|    0 |     309 |      679 |        0 |        0 |       0 |     599 |     675 |  0.16 |     5.67 |     5.18 |     0.59 |         0 |
|    0 |     310 |      667 |        0 |        0 |       0 |     564 |     660 |  0.17 |     5.49 |     5.01 |     0.58 |         0 |
|    0 |     311 |      689 |        0 |        0 |       0 |     595 |     681 |  0.17 |     5.85 |     5.39 |     0.6  |         0 |
|    0 |     312 |      694 |        0 |        0 |       0 |     630 |     687 |  0.16 |     5.17 |     4.94 |     0.58 |         0 |
|    0 |     313 |      687 |        0 |        0 |       0 |     597 |     680 |  0.17 |     6.08 |     5.69 |     0.59 |         0 |
|    0 |     314 |      745 |        0 |        0 |       0 |     650 |     737 |  0.17 |     5.94 |     5.38 |     0.59 |         0 |
|    0 |     315 |      712 |        0 |        0 |       0 |     633 |     701 |  0.16 |     5.11 |     4.72 |     0.58 |         0 |
|    0 |     316 |      704 |        0 |        0 |       0 |     599 |     695 |  0.17 |     5.41 |     4.93 |     0.58 |         0 |
|    0 |     317 |      666 |        0 |        0 |       0 |     577 |     658 |  0.17 |     5.44 |     5.04 |     0.59 |         0 |
|    0 |     318 |      713 |        0 |        0 |       0 |     615 |     702 |  0.16 |     5.16 |     4.76 |     0.57 |         0 |
|    0 |     319 |      703 |        0 |        0 |       0 |     616 |     696 |  0.17 |     6.17 |     5.78 |     0.59 |         0 |
|    0 |     320 |      655 |        0 |        0 |       0 |     558 |     649 |  0.17 |     5.93 |     5.34 |     0.6  |         0 |
|    0 |     321 |      683 |        0 |        0 |       0 |     603 |     682 |  0.17 |     6.37 |     5.9  |     0.6  |         0 |
|    0 |     322 |      687 |        0 |        0 |       0 |     587 |     683 |  0.17 |     6.14 |     5.46 |     0.59 |         0 |
|    0 |     323 |      683 |        0 |        0 |       0 |     590 |     675 |  0.17 |     6    |     5.47 |     0.6  |         0 |
|    0 |     324 |      668 |        0 |        0 |       0 |     581 |     664 |  0.17 |     5.4  |     5.15 |     0.58 |         0 |
|    0 |     325 |      713 |        0 |        0 |       0 |     621 |     709 |  0.17 |     5.6  |     5.35 |     0.6  |         0 |
|    0 |     326 |      693 |        0 |        0 |       0 |     591 |     683 |  0.18 |     6.27 |     5.66 |     0.59 |         0 |
|    0 |     327 |      691 |        2 |        0 |       0 |     602 |     682 |  0.17 |     6.14 |     5.69 |     0.6  |         0 |
|    0 |     328 |      693 |        0 |        0 |       0 |     601 |     685 |  0.17 |     6.06 |     5.48 |     0.59 |         0 |
|    0 |     329 |      714 |        0 |        0 |       0 |     613 |     704 |  0.17 |     5.56 |     5.07 |     0.59 |         0 |
|    0 |     330 |      723 |        0 |        0 |       0 |     636 |     710 |  0.17 |     5.41 |     5.1  |     0.58 |         0 |
|    0 |     331 |      713 |        0 |        0 |       0 |     627 |     710 |  0.16 |     4.88 |     4.62 |     0.59 |         0 |
|    0 |     332 |      682 |        0 |        0 |       0 |     605 |     678 |  0.17 |     5.21 |     4.89 |     0.59 |         0 |
|    0 |     333 |      698 |        0 |        0 |       0 |     604 |     695 |  0.17 |     5.64 |     5.16 |     0.58 |         0 |
|    0 |     334 |      683 |        0 |        0 |       0 |     598 |     678 |  0.17 |     5.62 |     5.17 |     0.59 |         0 |
|    0 |     335 |      664 |        0 |        0 |       0 |     583 |     659 |  0.18 |     6.56 |     6.03 |     0.6  |         0 |
|    0 |     336 |      696 |        0 |        0 |       0 |     598 |     687 |  0.17 |     5.46 |     5.16 |     0.58 |         0 |
|    0 |     337 |      680 |        0 |        0 |       0 |     583 |     671 |  0.18 |     6.19 |     5.73 |     0.6  |         0 |
|    0 |     338 |      658 |        0 |        0 |       0 |     558 |     651 |  0.17 |     5.67 |     5.11 |     0.59 |         0 |
|    0 |     339 |      698 |        0 |        0 |       0 |     616 |     692 |  0.18 |     6.26 |     5.89 |     0.6  |         0 |
|    0 |     340 |      712 |        0 |        0 |       0 |     610 |     702 |  0.17 |     5.49 |     5.02 |     0.59 |         0 |
|    0 |     341 |      712 |        0 |        0 |       0 |     606 |     704 |  0.17 |     5.68 |     5.11 |     0.59 |         0 |
|    0 |     342 |      682 |        0 |        0 |       0 |     582 |     670 |  0.17 |     5.59 |     5.21 |     0.59 |         0 |
|    0 |     343 |      670 |        0 |        0 |       0 |     576 |     658 |  0.17 |     5.45 |     5.04 |     0.59 |         0 |
|    0 |     344 |      715 |        0 |        0 |       0 |     628 |     706 |  0.17 |     5.11 |     4.78 |     0.58 |         0 |
|    0 |     345 |      668 |        0 |        0 |       0 |     582 |     661 |  0.17 |     5.72 |     5.38 |     0.6  |         0 |
|    0 |     346 |      705 |        0 |        0 |       0 |     614 |     699 |  0.17 |     5.67 |     5.27 |     0.59 |         0 |
|    0 |     347 |      698 |        0 |        0 |       0 |     613 |     689 |  0.17 |     5.48 |     5.12 |     0.59 |         0 |
|    0 |     348 |      681 |        0 |        0 |       0 |     590 |     672 |  0.17 |     5.69 |     5.17 |     0.59 |         0 |
|    0 |     349 |      720 |        0 |        0 |       0 |     624 |     711 |  0.17 |     5.49 |     5.32 |     0.58 |         0 |
|    0 |     350 |      730 |        0 |        0 |       0 |     631 |     722 |  0.18 |     6.17 |     5.82 |     0.61 |         0 |
|    0 |     351 |      717 |        0 |        0 |       0 |     617 |     708 |  0.18 |     6.2  |     5.89 |     0.61 |         0 |
|    0 |     352 |      683 |        0 |        0 |       0 |     591 |     676 |  0.17 |     5.44 |     5.06 |     0.59 |         0 |
|    0 |     353 |      671 |        0 |        0 |       0 |     575 |     665 |  0.18 |     6.16 |     5.75 |     0.6  |         0 |
|    0 |     354 |      702 |        0 |        0 |       0 |     602 |     693 |  0.17 |     6.19 |     5.57 |     0.59 |         0 |
|    0 |     355 |      673 |        0 |        0 |       0 |     575 |     667 |  0.17 |     5.34 |     4.82 |     0.58 |         0 |
|    0 |     356 |      669 |        0 |        0 |       0 |     594 |     666 |  0.17 |     5.6  |     5.38 |     0.6  |         0 |
|    0 |     357 |      675 |        0 |        0 |       0 |     589 |     668 |  0.17 |     6.08 |     5.72 |     0.58 |         0 |
|    0 |     358 |      682 |        0 |        0 |       0 |     597 |     678 |  0.17 |     5.83 |     5.23 |     0.59 |         0 |
|    0 |     359 |      674 |        0 |        0 |       0 |     589 |     664 |  0.16 |     5.31 |     4.91 |     0.58 |         0 |
|    0 |     360 |      681 |        0 |        0 |       0 |     608 |     676 |  0.17 |     5.82 |     5.42 |     0.6  |         0 |
|    0 |     361 |      700 |        0 |        0 |       0 |     614 |     691 |  0.17 |     5.9  |     5.52 |     0.59 |         0 |
|    0 |     362 |      687 |        0 |        0 |       0 |     593 |     678 |  0.18 |     6.79 |     6.26 |     0.61 |         0 |
|    0 |     363 |      666 |        0 |        0 |       0 |     576 |     661 |  0.17 |     5.17 |     4.9  |     0.6  |         0 |
|    0 |     364 |      725 |        0 |        0 |       0 |     632 |     713 |  0.18 |     5.69 |     5.24 |     0.6  |         0 |
|    0 |     365 |      699 |        0 |        0 |       0 |     612 |     690 |  0.18 |     5.94 |     5.42 |     0.6  |         0 |
|    0 |     366 |      735 |        0 |        0 |       0 |     636 |     728 |  0.17 |     5.28 |     4.85 |     0.59 |         0 |
|    0 |     367 |      716 |        0 |        0 |       0 |     613 |     709 |  0.18 |     6.26 |     5.81 |     0.61 |         0 |
|    0 |     368 |      701 |        0 |        0 |       0 |     621 |     694 |  0.17 |     5.3  |     4.99 |     0.6  |         0 |
|    0 |     369 |      713 |        0 |        0 |       0 |     617 |     705 |  0.18 |     5.88 |     5.4  |     0.6  |         0 |
|    0 |     370 |      716 |        0 |        0 |       0 |     621 |     705 |  0.17 |     5.84 |     5.39 |     0.61 |         0 |
|    0 |     371 |      701 |        0 |        0 |       0 |     611 |     695 |  0.17 |     5.92 |     5.4  |     0.57 |         0 |
|    0 |     372 |      653 |        2 |        0 |       0 |     565 |     650 |  0.17 |     5.89 |     5.43 |     0.6  |         0 |
|    0 |     373 |      639 |        2 |        0 |       0 |     552 |     630 |  0.18 |     6.75 |     6.2  |     0.6  |         0 |
|    0 |     374 |      676 |        0 |        0 |       0 |     593 |     670 |  0.17 |     5.92 |     5.48 |     0.59 |         0 |
|    0 |     375 |      703 |        0 |        0 |       0 |     622 |     696 |  0.18 |     5.9  |     5.37 |     0.6  |         0 |
|    0 |     376 |      700 |        2 |        0 |       0 |     585 |     691 |  0.17 |     5.23 |     4.82 |     0.58 |         0 |
|    0 |     377 |      688 |        2 |        0 |       0 |     599 |     682 |  0.17 |     5.48 |     5.14 |     0.59 |         0 |
|    0 |     378 |      679 |        0 |        0 |       0 |     595 |     675 |  0.18 |     6.07 |     5.85 |     0.61 |         0 |
|    0 |     379 |      715 |        2 |        0 |       0 |     609 |     706 |  0.17 |     5.36 |     4.99 |     0.59 |         0 |
|    0 |     380 |      679 |        2 |        0 |       0 |     582 |     670 |  0.17 |     5.91 |     5.55 |     0.59 |         0 |
|    0 |     381 |      688 |        0 |        0 |       0 |     596 |     680 |  0.17 |     5.55 |     5.2  |     0.59 |         0 |
|    0 |     382 |      663 |        2 |        0 |       0 |     586 |     655 |  0.17 |     4.95 |     4.7  |     0.58 |         0 |
|    0 |     383 |      713 |        0 |        0 |       0 |     608 |     707 |  0.17 |     5.9  |     5.39 |     0.6  |         0 |
|    0 |     384 |      627 |        0 |        0 |       0 |     543 |     622 |  0.17 |     5.07 |     4.63 |     0.59 |         0 |
|    0 |     385 |      699 |        0 |        0 |       0 |     610 |     695 |  0.17 |     5.58 |     5.19 |     0.59 |         0 |
|    0 |     386 |      750 |        0 |        0 |       0 |     659 |     741 |  0.18 |     5.27 |     5.03 |     0.62 |         0 |
|    0 |     387 |      708 |        0 |        0 |       0 |     618 |     702 |  0.18 |     5.44 |     5.04 |     0.6  |         0 |
|    0 |     388 |      660 |        0 |        0 |       0 |     571 |     654 |  0.18 |     6.13 |     5.68 |     0.61 |         0 |
|    0 |     389 |      746 |        0 |        0 |       0 |     673 |     743 |  0.17 |     5.83 |     5.45 |     0.61 |         0 |
|    0 |     390 |      682 |        0 |        0 |       0 |     594 |     676 |  0.18 |     6.21 |     5.77 |     0.6  |         0 |
|    0 |     391 |      723 |        2 |        0 |       0 |     628 |     718 |  0.18 |     5.9  |     5.45 |     0.6  |         0 |
|    0 |     392 |      694 |        0 |        0 |       0 |     607 |     690 |  0.19 |     6.71 |     6.29 |     0.6  |         0 |
|    0 |     393 |      702 |        2 |        0 |       0 |     608 |     699 |  0.18 |     6.13 |     5.65 |     0.6  |         0 |
|    0 |     394 |      703 |        2 |        0 |       0 |     603 |     695 |  0.18 |     6.01 |     5.58 |     0.59 |         0 |
|    0 |     395 |      645 |        6 |        0 |       0 |     561 |     638 |  0.17 |     5.51 |     5.11 |     0.58 |         0 |
|    0 |     396 |      684 |        2 |        0 |       0 |     579 |     679 |  0.17 |     5.88 |     5.36 |     0.59 |         0 |
|    0 |     397 |      705 |        4 |        0 |       0 |     599 |     699 |  0.17 |     5.78 |     5.39 |     0.59 |         0 |
|    0 |     398 |      671 |        4 |        0 |       0 |     590 |     668 |  0.18 |     5.7  |     5.33 |     0.61 |         0 |
|    0 |     399 |      711 |        2 |        0 |       0 |     618 |     704 |  0.17 |     5.22 |     4.9  |     0.6  |         0 |
|    0 |     400 |      679 |        0 |        0 |       0 |     605 |     676 |  0.17 |     5.43 |     5.09 |     0.6  |         0 |
|    0 |     401 |      674 |       14 |        0 |       0 |     601 |     671 |  0.17 |     5.38 |     5.16 |     0.6  |         0 |
|    0 |     402 |      673 |       12 |        0 |       0 |     597 |     673 |  0.17 |     5.23 |     4.92 |     0.59 |         0 |
|    0 |     403 |      663 |        9 |        0 |       0 |     575 |     660 |  0.17 |     5.15 |     4.89 |     0.59 |         0 |
|    0 |     404 |      656 |       10 |        0 |       0 |     602 |     654 |  0.18 |     6.11 |     5.97 |     0.61 |         0 |
|    0 |     405 |      633 |       23 |        0 |       0 |     556 |     641 |  0.17 |     5.03 |     4.65 |     0.57 |         0 |
|    0 |     406 |      740 |       40 |        0 |       0 |     681 |     769 |  0.18 |     6.3  |     5.98 |     0.59 |         0 |
|    0 |     407 |      689 |       16 |        0 |       0 |     613 |     693 |  0.18 |     5.69 |     5.31 |     0.61 |         0 |
|    0 |     408 |      720 |       14 |        0 |       0 |     633 |     732 |  0.18 |     5.94 |     5.64 |     0.6  |         0 |
|    0 |     409 |      631 |        8 |        0 |       0 |     560 |     630 |  0.18 |     5.85 |     5.53 |     0.6  |         0 |
|    0 |     410 |      733 |        8 |        0 |       0 |     634 |     735 |  0.18 |     5.3  |     4.89 |     0.59 |         0 |
|    0 |     411 |      741 |        6 |        0 |       0 |     654 |     739 |  0.18 |     5.04 |     4.86 |     0.57 |         0 |
|    0 |     412 |      637 |        2 |        0 |       0 |     556 |     629 |  0.19 |     6.58 |     6.08 |     0.62 |         0 |
|    0 |     413 |      671 |        2 |        0 |       0 |     575 |     670 |  0.18 |     6.1  |     5.77 |     0.58 |         0 |
|    0 |     414 |      718 |        6 |        0 |       0 |     625 |     716 |  0.17 |     5.4  |     5.05 |     0.59 |         0 |
|    0 |     415 |      687 |        2 |        0 |       0 |     593 |     685 |  0.18 |     5.64 |     5.16 |     0.6  |         0 |
|    0 |     416 |      722 |        0 |        0 |       0 |     632 |     716 |  0.18 |     5.32 |     4.95 |     0.6  |         0 |
|    0 |     417 |      701 |        4 |        0 |       0 |     608 |     693 |  0.18 |     5.69 |     5.16 |     0.59 |         0 |
|    0 |     418 |      698 |        2 |        0 |       0 |     606 |     690 |  0.18 |     5.62 |     5.17 |     0.6  |         0 |
|    0 |     419 |      684 |        2 |        0 |       0 |     588 |     677 |  0.18 |     5.47 |     5.12 |     0.59 |         0 |
|    0 |     420 |      725 |        0 |        0 |       0 |     621 |     715 |  0.18 |     5.97 |     5.53 |     0.59 |         0 |
|    0 |     421 |      729 |        0 |        0 |       0 |     639 |     724 |  0.19 |     6.34 |     5.75 |     0.59 |         0 |
|    0 |     422 |      687 |        2 |        0 |       0 |     593 |     685 |  0.19 |     5.79 |     5.37 |     0.61 |         0 |
|    0 |     423 |      667 |        4 |        0 |       0 |     596 |     660 |  0.19 |     5.91 |     5.73 |     0.61 |         0 |
|    0 |     424 |      660 |        0 |        0 |       0 |     566 |     658 |  0.17 |     5.33 |     5.02 |     0.58 |         0 |
|    0 |     425 |      689 |        0 |        0 |       0 |     592 |     683 |  0.17 |     4.82 |     4.49 |     0.59 |         0 |
|    0 |     426 |      710 |        0 |        0 |       0 |     623 |     704 |  0.18 |     4.8  |     4.64 |     0.59 |         0 |
|    0 |     427 |      688 |        0 |        0 |       0 |     585 |     678 |  0.18 |     5.35 |     4.87 |     0.59 |         0 |
|    0 |     428 |      709 |        0 |        0 |       0 |     616 |     702 |  0.17 |     5.41 |     4.97 |     0.59 |         0 |
|    0 |     429 |      647 |        0 |        0 |       0 |     565 |     637 |  0.17 |     4.79 |     4.5  |     0.58 |         0 |
|    0 |     430 |      667 |        0 |        0 |       0 |     577 |     659 |  0.17 |     5.19 |     4.72 |     0.58 |         0 |
|    0 |     431 |      721 |        0 |        0 |       0 |     625 |     717 |  0.18 |     5.43 |     5.03 |     0.59 |         0 |
|    0 |     432 |      638 |        0 |        0 |       0 |     557 |     632 |  0.18 |     6.2  |     5.78 |     0.61 |         0 |
|    0 |     433 |      693 |        0 |        0 |       0 |     617 |     685 |  0.18 |     5.49 |     5.16 |     0.61 |         0 |
|    0 |     434 |      698 |        0 |        0 |       0 |     606 |     688 |  0.18 |     5.99 |     5.54 |     0.59 |         0 |
|    0 |     435 |      721 |        0 |        0 |       0 |     639 |     712 |  0.18 |     5.28 |     5.13 |     0.6  |         0 |
|    0 |     436 |      702 |        0 |        0 |       0 |     600 |     695 |  0.18 |     5.36 |     4.94 |     0.59 |         0 |
|    0 |     437 |      673 |        2 |        0 |       0 |     588 |     669 |  0.17 |     5.23 |     4.87 |     0.59 |         0 |
|    0 |     438 |      687 |        0 |        0 |       0 |     596 |     677 |  0.18 |     5.36 |     4.9  |     0.59 |         0 |
|    0 |     439 |      659 |        0 |        0 |       0 |     575 |     652 |  0.17 |     5.54 |     5.14 |     0.59 |         0 |
|    0 |     440 |      678 |        0 |        0 |       0 |     596 |     671 |  0.18 |     5.6  |     5.28 |     0.6  |         0 |
|    0 |     441 |      683 |        0 |        0 |       0 |     577 |     677 |  0.18 |     5.39 |     4.85 |     0.57 |         0 |
|    0 |     442 |      734 |        0 |        0 |       0 |     633 |     724 |  0.18 |     5.72 |     5.3  |     0.59 |         0 |
|    0 |     443 |      726 |        0 |        0 |       0 |     615 |     717 |  0.18 |     5.69 |     5.15 |     0.58 |         0 |
|    0 |     444 |      679 |        0 |        0 |       0 |     580 |     672 |  0.18 |     5.07 |     4.68 |     0.59 |         0 |
|    0 |     445 |      689 |        0 |        0 |       0 |     601 |     683 |  0.19 |     5.81 |     5.41 |     0.61 |         0 |
|    0 |     446 |      698 |        0 |        0 |       0 |     606 |     694 |  0.18 |     5.74 |     5.41 |     0.6  |         0 |
|    0 |     447 |      675 |        0 |        0 |       0 |     572 |     669 |  0.17 |     5.17 |     4.74 |     0.59 |         0 |
|    0 |     448 |      687 |        2 |        0 |       0 |     602 |     679 |  0.18 |     4.88 |     4.68 |     0.59 |         0 |
|    0 |     449 |      683 |        0 |        0 |       0 |     612 |     674 |  0.18 |     5.78 |     5.37 |     0.61 |         0 |
|    0 |     450 |      658 |        0 |        0 |       0 |     581 |     653 |  0.18 |     5.24 |     4.85 |     0.58 |         0 |
|    0 |     451 |      708 |        0 |        0 |       0 |     613 |     700 |  0.18 |     5.26 |     5.17 |     0.59 |         0 |
|    0 |     452 |      734 |        0 |        0 |       0 |     633 |     728 |  0.19 |     5.98 |     5.7  |     0.6  |         0 |
|    0 |     453 |      740 |        0 |        0 |       0 |     639 |     734 |  0.18 |     5.68 |     5.19 |     0.59 |         0 |
|    0 |     454 |      693 |        0 |        0 |       0 |     600 |     687 |  0.18 |     4.82 |     4.54 |     0.59 |         0 |
|    0 |     455 |      646 |        0 |        0 |       0 |     566 |     639 |  0.19 |     5.3  |     4.96 |     0.6  |         0 |
|    0 |     456 |      669 |        0 |        0 |       0 |     594 |     660 |  0.19 |     5.86 |     5.65 |     0.61 |         0 |
|    0 |     457 |      662 |        0 |        0 |       0 |     566 |     659 |  0.18 |     5.56 |     5    |     0.58 |         0 |
|    0 |     458 |      739 |        0 |        0 |       0 |     648 |     729 |  0.18 |     5.39 |     5.07 |     0.59 |         0 |
|    0 |     459 |      712 |        0 |        0 |       0 |     608 |     702 |  0.17 |     4.98 |     4.56 |     0.58 |         0 |
|    0 |     460 |      673 |        0 |        0 |       0 |     564 |     660 |  0.18 |     5.77 |     5.32 |     0.6  |         0 |
|    0 |     461 |      696 |        0 |        0 |       0 |     601 |     687 |  0.19 |     5.99 |     5.63 |     0.6  |         0 |
|    0 |     462 |      686 |        0 |        0 |       0 |     596 |     680 |  0.19 |     6.56 |     6.08 |     0.61 |         0 |
|    0 |     463 |      720 |        2 |        0 |       0 |     631 |     714 |  0.19 |     6.14 |     5.53 |     0.6  |         0 |
|    0 |     464 |      694 |        4 |        0 |       0 |     597 |     689 |  0.18 |     6.41 |     5.75 |     0.59 |         0 |
|    0 |     465 |      714 |        0 |        0 |       0 |     612 |     708 |  0.18 |     5.47 |     5.16 |     0.59 |         0 |
|    0 |     466 |      673 |        0 |        0 |       0 |     593 |     669 |  0.19 |     5.14 |     4.75 |     0.61 |         0 |
|    0 |     467 |      687 |        0 |        0 |       0 |     588 |     682 |  0.18 |     5.88 |     5.34 |     0.59 |         0 |
|    0 |     468 |      698 |        0 |        0 |       0 |     602 |     688 |  0.18 |     5.44 |     5    |     0.59 |         0 |
|    0 |     469 |      707 |        4 |        0 |       0 |     629 |     701 |  0.18 |     5.65 |     5.26 |     0.61 |         0 |
|    0 |     470 |      676 |        2 |        0 |       0 |     600 |     668 |  0.18 |     5.75 |     5.33 |     0.59 |         0 |
|    0 |     471 |      733 |        0 |        0 |       0 |     635 |     724 |  0.19 |     5.02 |     5.03 |     0.59 |         0 |
|    0 |     472 |      646 |        0 |        0 |       0 |     559 |     638 |  0.18 |     5.15 |     4.73 |     0.59 |         0 |
|    0 |     473 |      695 |        0 |        0 |       0 |     612 |     689 |  0.19 |     5.91 |     5.52 |     0.6  |         0 |
|    0 |     474 |      735 |        0 |        0 |       0 |     624 |     726 |  0.18 |     5.14 |     4.67 |     0.58 |         0 |
|    0 |     475 |      654 |        0 |        0 |       0 |     583 |     650 |  0.19 |     5.99 |     5.57 |     0.61 |         0 |
|    0 |     476 |      703 |        0 |        0 |       0 |     606 |     694 |  0.18 |     5.1  |     4.71 |     0.59 |         0 |
|    0 |     477 |      730 |        0 |        0 |       0 |     621 |     722 |  0.18 |     5.32 |     5.02 |     0.6  |         0 |
|    0 |     478 |      680 |        0 |        0 |       0 |     580 |     673 |  0.19 |     6.07 |     5.56 |     0.59 |         0 |
|    0 |     479 |      681 |        0 |        0 |       0 |     575 |     677 |  0.19 |     5.47 |     4.93 |     0.59 |         0 |
|    0 |     480 |      690 |        0 |        0 |       0 |     595 |     681 |  0.18 |     4.79 |     4.4  |     0.59 |         0 |
|    0 |     481 |      703 |        0 |        0 |       0 |     608 |     695 |  0.19 |     5.87 |     5.3  |     0.6  |         0 |
|    0 |     482 |      686 |        0 |        0 |       0 |     595 |     679 |  0.18 |     5.32 |     4.98 |     0.59 |         0 |
|    0 |     483 |      682 |        0 |        0 |       0 |     593 |     677 |  0.18 |     5.23 |     4.81 |     0.58 |         0 |
|    0 |     484 |      760 |        0 |        0 |       0 |     664 |     748 |  0.19 |     6.07 |     5.51 |     0.6  |         0 |
|    0 |     485 |      626 |        0 |        0 |       0 |     542 |     618 |  0.19 |     5.21 |     4.92 |     0.59 |         0 |
|    0 |     486 |      694 |        0 |        0 |       0 |     605 |     689 |  0.19 |     5.9  |     5.57 |     0.61 |         0 |
|    0 |     487 |      703 |        0 |        0 |       0 |     619 |     700 |  0.18 |     4.86 |     4.63 |     0.59 |         0 |
|    0 |     488 |      686 |        2 |        0 |       0 |     605 |     679 |  0.2  |     5.83 |     5.46 |     0.62 |         0 |
|    0 |     489 |      693 |        0 |        0 |       0 |     597 |     683 |  0.18 |     5.07 |     4.92 |     0.59 |         0 |
|    0 |     490 |      726 |        0 |        0 |       0 |     634 |     721 |  0.18 |     5.3  |     4.95 |     0.58 |         0 |
|    0 |     491 |      683 |        0 |        0 |       0 |     604 |     676 |  0.19 |     5.52 |     5.22 |     0.61 |         0 |
|    0 |     492 |      663 |        0 |        0 |       0 |     572 |     655 |  0.18 |     5.58 |     5.25 |     0.6  |         0 |
|    0 |     493 |      703 |        0 |        0 |       0 |     599 |     696 |  0.19 |     5.58 |     5.19 |     0.6  |         0 |
|    0 |     494 |      685 |        0 |        0 |       0 |     581 |     676 |  0.18 |     5.76 |     5.2  |     0.59 |         0 |
|    0 |     495 |      692 |        0 |        0 |       0 |     598 |     679 |  0.19 |     6.02 |     5.62 |     0.61 |         0 |
|    0 |     496 |      686 |        0 |        0 |       0 |     607 |     683 |  0.18 |     5.1  |     4.8  |     0.58 |         0 |
|    0 |     497 |      729 |        1 |        0 |       0 |     635 |     720 |  0.19 |     5.8  |     5.35 |     0.61 |         0 |
|    0 |     498 |      690 |        0 |        0 |       0 |     594 |     685 |  0.18 |     5.57 |     5.07 |     0.59 |         0 |
|    0 |     499 |      654 |        0 |        0 |       0 |     569 |     647 |  0.19 |     5.64 |     5.23 |     0.6  |         0 |
|    0 |     500 |      719 |        0 |        0 |       0 |     616 |     714 |  0.19 |     5.71 |     5.25 |     0.6  |         0 |
|    0 |     501 |      671 |        2 |        0 |       0 |     588 |     666 |  0.18 |     5.15 |     4.84 |     0.6  |         0 |
|    0 |     502 |      705 |        0 |        0 |       0 |     615 |     692 |  0.19 |     5.68 |     5.26 |     0.6  |         0 |
|    0 |     503 |      661 |        0 |        0 |       0 |     568 |     654 |  0.18 |     5.07 |     4.66 |     0.58 |         0 |
|    0 |     504 |      724 |        0 |        0 |       0 |     628 |     717 |  0.19 |     6.35 |     5.69 |     0.59 |         0 |
|    0 |     505 |      715 |        0 |        0 |       0 |     624 |     706 |  0.19 |     6.32 |     5.81 |     0.59 |         0 |
|    0 |     506 |      655 |        0 |        0 |       0 |     561 |     647 |  0.19 |     5.85 |     5.38 |     0.61 |         0 |
|    0 |     507 |      699 |        2 |        0 |       0 |     625 |     693 |  0.19 |     5.64 |     5.32 |     0.6  |         0 |
|    0 |     508 |      695 |        0 |        0 |       0 |     601 |     686 |  0.19 |     5.83 |     5.33 |     0.61 |         0 |
|    0 |     509 |      696 |        0 |        0 |       0 |     612 |     692 |  0.19 |     5.61 |     5.22 |     0.61 |         0 |
|    0 |     510 |      641 |        0 |        0 |       0 |     554 |     637 |  0.19 |     5.39 |     4.91 |     0.58 |         0 |
|    0 |     511 |      708 |        0 |        0 |       0 |     608 |     703 |  0.18 |     5.25 |     4.88 |     0.57 |         0 |
|    0 |     512 |      739 |        1 |        0 |       0 |     633 |     726 |  0.19 |     5.46 |     5.11 |     0.61 |         0 |
|    0 |     513 |      694 |        1 |        0 |       0 |     598 |     690 |  0.19 |     5.21 |     4.91 |     0.58 |         0 |
|    0 |     514 |      699 |        0 |        0 |       0 |     609 |     690 |  0.19 |     5.51 |     5.02 |     0.59 |         0 |
|    0 |     515 |      716 |        0 |        0 |       0 |     633 |     711 |  0.19 |     6.02 |     5.62 |     0.6  |         0 |
|    0 |     516 |      669 |        0 |        0 |       0 |     595 |     667 |  0.2  |     5.43 |     5.33 |     0.63 |         0 |
|    0 |     517 |      649 |        0 |        0 |       0 |     567 |     639 |  0.19 |     5.83 |     5.53 |     0.61 |         0 |
|    0 |     518 |      703 |        0 |        0 |       0 |     616 |     700 |  0.18 |     4.95 |     4.58 |     0.59 |         0 |
|    0 |     519 |      727 |        0 |        0 |       0 |     621 |     721 |  0.19 |     5.13 |     4.7  |     0.6  |         0 |
|    0 |     520 |      732 |        0 |        0 |       0 |     630 |     720 |  0.19 |     5.44 |     5.02 |     0.6  |         0 |
|    0 |     521 |      680 |        1 |        0 |       0 |     608 |     672 |  0.19 |     5.24 |     4.89 |     0.59 |         0 |
|    0 |     522 |      665 |        1 |        0 |       0 |     579 |     658 |  0.19 |     5.66 |     5.35 |     0.6  |         0 |
|    0 |     523 |      677 |        1 |        0 |       0 |     572 |     667 |  0.19 |     5.45 |     5.16 |     0.59 |         0 |
|    0 |     524 |      713 |        0 |        0 |       0 |     607 |     702 |  0.19 |     5.25 |     4.86 |     0.6  |         0 |
|    0 |     525 |      654 |        1 |        0 |       0 |     555 |     653 |  0.19 |     5.55 |     5.12 |     0.59 |         0 |
|    0 |     526 |      753 |        1 |        0 |       0 |     650 |     743 |  0.19 |     5.75 |     5.29 |     0.6  |         0 |
|    0 |     527 |      680 |        2 |        0 |       0 |     582 |     675 |  0.19 |     5.46 |     5.05 |     0.6  |         0 |
|    0 |     528 |      693 |        1 |        0 |       0 |     599 |     685 |  0.18 |     5.58 |     5.09 |     0.61 |         0 |
|    0 |     529 |      688 |        2 |        0 |       0 |     602 |     684 |  0.18 |     5.15 |     4.89 |     0.59 |         0 |
|    0 |     530 |      718 |        0 |        0 |       0 |     641 |     709 |  0.19 |     5.68 |     5.29 |     0.6  |         0 |
|    0 |     531 |      691 |        2 |        0 |       0 |     598 |     685 |  0.19 |     5.53 |     5.21 |     0.6  |         0 |
|    0 |     532 |      659 |        2 |        0 |       0 |     581 |     655 |  0.19 |     4.93 |     4.64 |     0.61 |         0 |
|    0 |     533 |      695 |        1 |        0 |       0 |     622 |     692 |  0.19 |     5.91 |     5.68 |     0.62 |         0 |
|    0 |     534 |      666 |        7 |        0 |       0 |     589 |     666 |  0.19 |     5    |     4.7  |     0.6  |         0 |
|    0 |     535 |      729 |        6 |        0 |       0 |     639 |     728 |  0.19 |     5.48 |     5.04 |     0.6  |         0 |
|    0 |     536 |      695 |        7 |        0 |       0 |     619 |     696 |  0.2  |     5.36 |     5.1  |     0.6  |         0 |
|    0 |     537 |      728 |        9 |        0 |       0 |     626 |     727 |  0.19 |     4.96 |     4.54 |     0.59 |         0 |
|    0 |     538 |      670 |       23 |        0 |       0 |     612 |     686 |  0.19 |     5.38 |     4.98 |     0.59 |         0 |
|    0 |     539 |      543 |      136 |        0 |       0 |     584 |     670 |  0.18 |     5.52 |     5.17 |     0.58 |         0 |
|    0 |     540 |       50 |      601 |        0 |       0 |     569 |     644 |  0.19 |     5.35 |     5.64 |     0.62 |         0 |
+------+---------+----------+----------+----------+---------+---------+---------+-------+----------+----------+----------+-----------+

 Summary vs resolution
+------+---------+----------+----------+----------+---------+---------+---------+-------+----------+----------+----------+-----------+
|   ID |   d min |   # full |   # part |   # over |   # ice |   # sum |   # prf |   Ibg |   I/sigI |   I/sigI |   CC prf |   RMSD XY |
|      |         |          |          |          |         |         |         |       |    (sum) |    (prf) |          |           |
|------+---------+----------+----------+----------+---------+---------+---------+-------+----------+----------+----------+-----------|
|    0 |    1.17 |      356 |       13 |        0 |       0 |     244 |     350 |  0.04 |     0.38 |     0.39 |     0.31 |         0 |
|    0 |    1.19 |     1130 |       32 |        0 |       0 |     988 |    1122 |  0.04 |     0.4  |     0.42 |     0.32 |         0 |
|    0 |    1.21 |     2492 |       76 |        0 |       0 |    2195 |    2484 |  0.05 |     0.52 |     0.45 |     0.32 |         0 |
|    0 |    1.23 |     4075 |      119 |        0 |       0 |    3672 |    4076 |  0.05 |     0.56 |     0.52 |     0.33 |         0 |
|    0 |    1.26 |     5902 |      172 |        0 |       0 |    5292 |    5900 |  0.05 |     0.61 |     0.56 |     0.34 |         0 |
|    0 |    1.28 |     8034 |      229 |        0 |       0 |    7144 |    8036 |  0.06 |     0.66 |     0.62 |     0.35 |         0 |
|    0 |    1.31 |    10584 |      313 |        0 |       0 |    9390 |   10607 |  0.06 |     0.79 |     0.73 |     0.36 |         0 |
|    0 |    1.35 |    13823 |      429 |        0 |       0 |   12391 |   13838 |  0.07 |     0.92 |     0.85 |     0.39 |         0 |
|    0 |    1.38 |    18821 |      555 |        0 |       0 |   16886 |   18846 |  0.07 |     1    |     0.93 |     0.4  |         0 |
|    0 |    1.42 |    22472 |      687 |        0 |       0 |   20417 |   22538 |  0.08 |     1.22 |     1.13 |     0.43 |         0 |
|    0 |    1.47 |    26373 |      882 |        0 |       0 |   23836 |   26483 |  0.09 |     1.48 |     1.37 |     0.46 |         0 |
|    0 |    1.52 |    28040 |      903 |        0 |       0 |   24599 |   28046 |  0.09 |     1.78 |     1.62 |     0.48 |         0 |
|    0 |    1.58 |    28278 |      938 |        0 |       0 |   25979 |   28392 |  0.1  |     2.18 |     2.07 |     0.53 |         0 |
|    0 |    1.65 |    28361 |      941 |        0 |       0 |   24793 |   28235 |  0.12 |     2.68 |     2.49 |     0.57 |         0 |
|    0 |    1.74 |    28515 |      900 |        0 |       0 |   25300 |   28313 |  0.14 |     3.47 |     3.27 |     0.63 |         0 |
|    0 |    1.85 |    28628 |      991 |        0 |       0 |   26220 |   28574 |  0.18 |     4.77 |     4.62 |     0.7  |         0 |
|    0 |    1.99 |    28678 |      983 |        0 |       0 |   25225 |   28330 |  0.24 |     6.43 |     6.11 |     0.74 |         0 |
|    0 |    2.19 |    29006 |      985 |        0 |       0 |   26405 |   28671 |  0.27 |     8.62 |     8.38 |     0.78 |         0 |
|    0 |    2.51 |    29106 |      930 |        0 |       0 |   25801 |   28534 |  0.34 |    12.37 |    11.88 |     0.79 |         0 |
|    0 |    3.16 |    29437 |      971 |        0 |       0 |   26520 |   28956 |  0.4  |    24.71 |    23.91 |     0.81 |         0 |
+------+---------+----------+----------+----------+---------+---------+---------+-------+----------+----------+----------+-----------+

 Summary for experiment 0
+---------------------------------------+-----------+----------+--------+
| Item                                  |   Overall |      Low |   High |
|---------------------------------------+-----------+----------+--------|
| dmin                                  |      1.17 |     3.16 |   1.17 |
| dmax                                  |    151.26 |   151.26 |   1.19 |
| number fully recorded                 | 372111    | 29437    | 356    |
| number partially recorded             |  12049    |   971    |  13    |
| number with invalid background pixels |  83256    |  5656    | 273    |
| number with invalid foreground pixels |  50376    |  3816    | 125    |
| number with overloaded pixels         |      0    |     0    |   0    |
| number in powder rings                |      0    |     0    |   0    |
| number processed with summation       | 333297    | 26520    | 244    |
| number processed with profile fitting | 370331    | 28956    | 350    |
| number failed in background modelling |   3459    |   647    |   0    |
| number failed in summation            |  50376    |  3816    | 125    |
| number failed in profile fitting      |  13342    |  1380    |  19    |
| ibg                                   |      0.17 |     0.4  |   0.04 |
| i/sigi (summation)                    |      5.55 |    24.71 |   0.38 |
| i/sigi (profile fitting)              |      5.28 |    23.91 |   0.39 |
| cc prf                                |      0.59 |     0.81 |   0.31 |
| cc_pearson sum/prf                    |      1    |     1    |   0.65 |
| cc_spearman sum/prf                   |      0.97 |     1    |   0.57 |
+---------------------------------------+-----------+----------+--------+

Timing information for integration
+-------------------+----------------+
| Read time         | 24.51 seconds  |
| Extract time      | 5.04 seconds   |
| Pre-process time  | 0.58 seconds   |
| Process time      | 207.72 seconds |
| Post-process time | 0.00 seconds   |
| Total time        | 241.09 seconds |
+-------------------+----------------+

Saving 384160 reflections to integrated.refl
Saving the experiments to integrated.expt
