DIALS 2.dev.866-g69b2f94c2
The following parameters have been modified:

input {
  experiments = integrated.expt
  reflections = integrated.refl
}

Data appears to be unscaled, setting intensity = profile+sum
Data appears to be unscaled, setting mtz.hklout = 'integrated.mtz'
Read 388714 predicted reflections
Selected 323009 reflections integrated by profile and summation methods
Combined 1258 partial reflections with other partial reflections
Removed 1484 reflections below partiality threshold
Removed 0 intensity.sum.value reflections with I/Sig(I) < -5.0
Removed 44 intensity.prf.value reflections with I/Sig(I) < -5.0
Saving 320223 integrated reflections to integrated.mtz

Title: From dials.export
Space group symbol from file: P4
Space group number from file: 75
Space group from matrices: P 4 (No. 75)
Point group symbol from file: 4
Number of batches: 540
Number of crystals: 1
Number of Miller indices: 320223
Resolution range: 150.002 1.17323
History:
  From DIALS 2.dev.866-g69b2f94c2, run on 2019-09-12 at 15:08:55 BST  (2019-09-12
Crystal 1:
  Name: XTAL
  Project: DIALS
  Id: 1
  Unit cell: (57.7831, 57.7831, 150.002, 90, 90, 90)
  Number of datasets: 1
  Dataset 1:
    Name: FROMDIALS
    Id: 1
    Wavelength: 0.97625
    Number of columns: 17
    label        #valid  %valid    min     max type
    H            320223 100.00%   0.00   46.00 H: index h,k,l
    K            320223 100.00%   0.00   46.00 H: index h,k,l
    L            320223 100.00%   0.00  114.00 H: index h,k,l
    M_ISYM       320223 100.00%   1.00    8.00 Y: M/ISYM, packed partial/reject flag and symmetry number
    BATCH        320223 100.00%   1.00  540.00 B: BATCH number
    IPR          320223 100.00%  -5.75 4209.44 J: intensity
    SIGIPR       320223 100.00%   0.01   32.88 Q: standard deviation
    I            320223 100.00% -21.96 4209.72 J: intensity
    SIGI         320223 100.00%   0.01   37.39 Q: standard deviation
    BG           320223 100.00%   2.17  306.48 R: real
    SIGBG        320223 100.00%   1.59   20.01 R: real
    FRACTIONCALC 320223 100.00%   0.99    1.00 R: real
    XDET         320223 100.00%   7.74 2454.92 R: real
    YDET         320223 100.00%   6.57 2519.83 R: real
    ROT          320223 100.00%  82.10  162.90 R: real
    LP           320223 100.00%   0.00    0.75 R: real
    QE           320223 100.00%   0.71    0.85 R: real

