DIALS 2.dev.866-g69b2f94c2
The following parameters have been modified:

refinement {
  parameterisation {
    scan_varying = False
  }
}
input {
  experiments = bravais_setting_9.expt
  reflections = reindexed.refl
}

Configuring refiner

Summary statistics for 125116 observations matched to predictions:
------------------------------------------------------------------------
|                   | Min    | Q1       | Med        | Q3      | Max   |
------------------------------------------------------------------------
| Xc - Xo (mm)      | -1.135 | -0.03521 | -0.004189  | 0.03097 | 1.354 |
| Yc - Yo (mm)      | -1.405 | -0.03047 | -0.0009458 | 0.02914 | 1.375 |
| Phic - Phio (deg) | -1.47  | -0.01564 | -2.767e-05 | 0.01535 | 1.892 |
| X weights         | 135.2  | 359.7    | 387.1      | 400     | 405.6 |
| Y weights         | 143.8  | 345.8    | 381        | 398.7   | 405.6 |
| Phi weights       | 320.8  | 524.6    | 532.3      | 533.3   | 533.3 |
------------------------------------------------------------------------

Detecting centroid outliers using the MCD algorithm
15036 reflections have been flagged as outliers

Summary statistics for 110080 observations matched to predictions:
---------------------------------------------------------------------------
|                   | Min     | Q1       | Med        | Q3      | Max     |
---------------------------------------------------------------------------
| Xc - Xo (mm)      | -0.1663 | -0.03346 | -0.003487  | 0.02967 | 0.1487  |
| Yc - Yo (mm)      | -0.1503 | -0.02777 | -0.0007637 | 0.02685 | 0.1313  |
| Phic - Phio (deg) | -0.0819 | -0.0126  | 0.0006299  | 0.01436 | 0.07061 |
| X weights         | 143.8   | 368.3    | 390.4      | 400.7   | 405.6   |
| Y weights         | 171.4   | 356.9    | 385.8      | 399.8   | 405.6   |
| Phi weights       | 382.7   | 523.8    | 531.5      | 533.3   | 533.3   |
---------------------------------------------------------------------------

There are 12 parameters to refine against 110080 reflections in 3 dimensions
Performing refinement of a single Experiment...

Refinement steps:
--------------------------------------------------
| Step | Nref   | RMSD_X   | RMSD_Y   | RMSD_Phi |
|      |        | (mm)     | (mm)     | (deg)    |
--------------------------------------------------
| 0    | 110080 | 0.045272 | 0.040911 | 0.021668 |
| 1    | 110080 | 0.045347 | 0.040689 | 0.021755 |
| 2    | 110080 | 0.045352 | 0.040676 | 0.021758 |
| 3    | 110080 | 0.045347 | 0.040674 | 0.021758 |
| 4    | 110080 | 0.045332 | 0.040681 | 0.021753 |
| 5    | 110080 | 0.045308 | 0.040698 | 0.021748 |
| 6    | 110080 | 0.04529  | 0.040714 | 0.021745 |
| 7    | 110080 | 0.045285 | 0.040721 | 0.021743 |
| 8    | 110080 | 0.045284 | 0.040721 | 0.021743 |
--------------------------------------------------
RMSD no longer decreasing

RMSDs by experiment:
-----------------------------------------------
| Exp | Nref   | RMSD_X  | RMSD_Y  | RMSD_Z   |
| id  |        | (px)    | (px)    | (images) |
-----------------------------------------------
| 0   | 110080 | 0.26328 | 0.23675 | 0.14495  |
-----------------------------------------------
Updating predictions for indexed reflections

Final refined crystal model:
Crystal:
    Unit cell: (57.7831(2), 57.7831(2), 150.0019(5), 90.0, 90.0, 90.0)
    Space group: P 4
    U matrix:  {{ 0.2590, -0.3455,  0.9020},
                {-0.3911, -0.8914, -0.2291},
                { 0.8831, -0.2934, -0.3660}}
    B matrix:  {{ 0.0173,  0.0000,  0.0000},
                { 0.0000,  0.0173,  0.0000},
                { 0.0000,  0.0000,  0.0067}}
    A = UB:    {{ 0.0045, -0.0060,  0.0060},
                {-0.0068, -0.0154, -0.0015},
                { 0.0153, -0.0051, -0.0024}}
Saving refined experiments to refined.expt
Saving reflections with updated predictions to refined.refl

Total time taken: 9.54s
