DIALS 3.dev.1399-g5d3eb2eaa
The following parameters have been modified:

spotfinder {
  mp {
    nproc = 4
  }
}
input {
  experiments = imported.expt
}

Setting spotfinder.filter.min_spot_size=3
Configuring spot finder from input parameters
--------------------------------------------------------------------------------
Finding strong spots in imageset 0
--------------------------------------------------------------------------------

Finding spots in image 1 to 540...
Setting chunksize=27
Extracting strong pixels from images
 Using multiprocessing with 4 parallel job(s)

Found 2962 strong pixels on image 1
Found 2809 strong pixels on image 2
Found 2981 strong pixels on image 3
Found 2933 strong pixels on image 4
Found 2969 strong pixels on image 5
Found 2708 strong pixels on image 6
Found 2926 strong pixels on image 7
Found 2942 strong pixels on image 8
Found 2799 strong pixels on image 9
Found 2871 strong pixels on image 10
Found 2888 strong pixels on image 11
Found 2903 strong pixels on image 12
Found 2634 strong pixels on image 13
Found 2746 strong pixels on image 14
Found 2873 strong pixels on image 15
Found 2898 strong pixels on image 16
Found 3104 strong pixels on image 17
Found 3182 strong pixels on image 18
Found 3335 strong pixels on image 19
Found 3350 strong pixels on image 20
Found 3271 strong pixels on image 21
Found 3220 strong pixels on image 22
Found 3263 strong pixels on image 23
Found 3233 strong pixels on image 24
Found 3181 strong pixels on image 25
Found 3193 strong pixels on image 26
Found 3292 strong pixels on image 27
Found 3285 strong pixels on image 28
Found 3288 strong pixels on image 29
Found 3410 strong pixels on image 30
Found 3238 strong pixels on image 31
Found 2941 strong pixels on image 32
Found 2896 strong pixels on image 33
Found 2924 strong pixels on image 34
Found 3106 strong pixels on image 35
Found 2768 strong pixels on image 36
Found 2967 strong pixels on image 37
Found 3182 strong pixels on image 38
Found 3052 strong pixels on image 39
Found 3016 strong pixels on image 40
Found 2905 strong pixels on image 41
Found 2849 strong pixels on image 42
Found 2903 strong pixels on image 43
Found 3186 strong pixels on image 44
Found 3387 strong pixels on image 45
Found 3231 strong pixels on image 46
Found 3052 strong pixels on image 47
Found 3127 strong pixels on image 48
Found 3171 strong pixels on image 49
Found 3164 strong pixels on image 50
Found 3371 strong pixels on image 51
Found 3064 strong pixels on image 52
Found 2872 strong pixels on image 53
Found 2993 strong pixels on image 54
Found 3031 strong pixels on image 55
Found 2920 strong pixels on image 56
Found 2816 strong pixels on image 57
Found 3089 strong pixels on image 58
Found 3096 strong pixels on image 59
Found 3395 strong pixels on image 60
Found 3158 strong pixels on image 61
Found 2987 strong pixels on image 62
Found 2936 strong pixels on image 63
Found 3027 strong pixels on image 64
Found 3056 strong pixels on image 65
Found 3393 strong pixels on image 66
Found 3368 strong pixels on image 67
Found 3215 strong pixels on image 68
Found 3270 strong pixels on image 69
Found 3382 strong pixels on image 70
Found 3271 strong pixels on image 71
Found 3071 strong pixels on image 72
Found 3174 strong pixels on image 73
Found 3365 strong pixels on image 74
Found 3133 strong pixels on image 75
Found 3116 strong pixels on image 76
Found 2898 strong pixels on image 77
Found 2960 strong pixels on image 78
Found 2951 strong pixels on image 79
Found 2878 strong pixels on image 80
Found 3062 strong pixels on image 81
Found 3204 strong pixels on image 82
Found 3141 strong pixels on image 83
Found 3186 strong pixels on image 84
Found 3356 strong pixels on image 85
Found 3390 strong pixels on image 86
Found 3384 strong pixels on image 87
Found 3320 strong pixels on image 88
Found 3098 strong pixels on image 89
Found 3103 strong pixels on image 90
Found 2958 strong pixels on image 91
Found 2731 strong pixels on image 92
Found 2925 strong pixels on image 93
Found 2934 strong pixels on image 94
Found 3099 strong pixels on image 95
Found 3281 strong pixels on image 96
Found 3217 strong pixels on image 97
Found 3304 strong pixels on image 98
Found 3498 strong pixels on image 99
Found 3352 strong pixels on image 100
Found 3367 strong pixels on image 101
Found 3238 strong pixels on image 102
Found 2982 strong pixels on image 103
Found 2960 strong pixels on image 104
Found 3134 strong pixels on image 105
Found 3180 strong pixels on image 106
Found 3288 strong pixels on image 107
Found 3070 strong pixels on image 108
Found 3008 strong pixels on image 109
Found 3067 strong pixels on image 110
Found 3241 strong pixels on image 111
Found 3380 strong pixels on image 112
Found 3259 strong pixels on image 113
Found 3197 strong pixels on image 114
Found 3278 strong pixels on image 115
Found 3091 strong pixels on image 116
Found 3222 strong pixels on image 117
Found 3384 strong pixels on image 118
Found 3244 strong pixels on image 119
Found 3100 strong pixels on image 120
Found 3086 strong pixels on image 121
Found 3188 strong pixels on image 122
Found 3151 strong pixels on image 123
Found 3087 strong pixels on image 124
Found 3193 strong pixels on image 125
Found 3121 strong pixels on image 126
Found 2863 strong pixels on image 127
Found 3254 strong pixels on image 128
Found 3210 strong pixels on image 129
Found 2889 strong pixels on image 130
Found 3339 strong pixels on image 131
Found 3161 strong pixels on image 132
Found 3114 strong pixels on image 133
Found 3099 strong pixels on image 134
Found 3128 strong pixels on image 135
Found 2985 strong pixels on image 136
Found 3281 strong pixels on image 137
Found 3346 strong pixels on image 138
Found 3038 strong pixels on image 139
Found 3197 strong pixels on image 140
Found 3181 strong pixels on image 141
Found 3049 strong pixels on image 142
Found 2923 strong pixels on image 143
Found 3119 strong pixels on image 144
Found 2947 strong pixels on image 145
Found 3068 strong pixels on image 146
Found 2983 strong pixels on image 147
Found 3239 strong pixels on image 148
Found 3226 strong pixels on image 149
Found 3272 strong pixels on image 150
Found 3336 strong pixels on image 151
Found 3397 strong pixels on image 152
Found 3361 strong pixels on image 153
Found 3280 strong pixels on image 154
Found 3362 strong pixels on image 155
Found 3138 strong pixels on image 156
Found 3122 strong pixels on image 157
Found 3412 strong pixels on image 158
Found 3310 strong pixels on image 159
Found 3226 strong pixels on image 160
Found 3342 strong pixels on image 161
Found 3378 strong pixels on image 162
Found 3464 strong pixels on image 163
Found 3231 strong pixels on image 164
Found 3215 strong pixels on image 165
Found 3263 strong pixels on image 166
Found 3271 strong pixels on image 167
Found 3275 strong pixels on image 168
Found 3126 strong pixels on image 169
Found 3162 strong pixels on image 170
Found 3188 strong pixels on image 171
Found 3328 strong pixels on image 172
Found 3421 strong pixels on image 173
Found 3352 strong pixels on image 174
Found 3112 strong pixels on image 175
Found 3034 strong pixels on image 176
Found 3207 strong pixels on image 177
Found 3058 strong pixels on image 178
Found 3182 strong pixels on image 179
Found 3114 strong pixels on image 180
Found 3082 strong pixels on image 181
Found 3293 strong pixels on image 182
Found 3472 strong pixels on image 183
Found 3179 strong pixels on image 184
Found 3097 strong pixels on image 185
Found 3188 strong pixels on image 186
Found 3211 strong pixels on image 187
Found 3157 strong pixels on image 188
Found 3233 strong pixels on image 189
Found 3186 strong pixels on image 190
Found 3082 strong pixels on image 191
Found 3087 strong pixels on image 192
Found 3110 strong pixels on image 193
Found 3287 strong pixels on image 194
Found 3107 strong pixels on image 195
Found 3235 strong pixels on image 196
Found 3162 strong pixels on image 197
Found 3279 strong pixels on image 198
Found 3026 strong pixels on image 199
Found 3023 strong pixels on image 200
Found 3041 strong pixels on image 201
Found 3211 strong pixels on image 202
Found 3299 strong pixels on image 203
Found 3174 strong pixels on image 204
Found 3136 strong pixels on image 205
Found 3161 strong pixels on image 206
Found 3220 strong pixels on image 207
Found 3125 strong pixels on image 208
Found 3094 strong pixels on image 209
Found 3122 strong pixels on image 210
Found 3031 strong pixels on image 211
Found 3091 strong pixels on image 212
Found 3186 strong pixels on image 213
Found 3128 strong pixels on image 214
Found 3037 strong pixels on image 215
Found 3104 strong pixels on image 216
Found 3106 strong pixels on image 217
Found 3062 strong pixels on image 218
Found 3002 strong pixels on image 219
Found 3132 strong pixels on image 220
Found 3055 strong pixels on image 221
Found 3021 strong pixels on image 222
Found 3001 strong pixels on image 223
Found 3128 strong pixels on image 224
Found 3200 strong pixels on image 225
Found 3130 strong pixels on image 226
Found 3326 strong pixels on image 227
Found 3246 strong pixels on image 228
Found 3012 strong pixels on image 229
Found 2909 strong pixels on image 230
Found 2994 strong pixels on image 231
Found 2994 strong pixels on image 232
Found 2927 strong pixels on image 233
Found 2901 strong pixels on image 234
Found 2720 strong pixels on image 235
Found 3029 strong pixels on image 236
Found 3095 strong pixels on image 237
Found 3191 strong pixels on image 238
Found 2987 strong pixels on image 239
Found 3066 strong pixels on image 240
Found 3012 strong pixels on image 241
Found 3019 strong pixels on image 242
Found 2936 strong pixels on image 243
Found 3155 strong pixels on image 244
Found 3058 strong pixels on image 245
Found 2992 strong pixels on image 246
Found 3101 strong pixels on image 247
Found 3298 strong pixels on image 248
Found 3037 strong pixels on image 249
Found 3019 strong pixels on image 250
Found 2948 strong pixels on image 251
Found 2927 strong pixels on image 252
Found 3125 strong pixels on image 253
Found 3182 strong pixels on image 254
Found 3064 strong pixels on image 255
Found 3005 strong pixels on image 256
Found 2908 strong pixels on image 257
Found 2763 strong pixels on image 258
Found 2784 strong pixels on image 259
Found 2952 strong pixels on image 260
Found 3172 strong pixels on image 261
Found 3180 strong pixels on image 262
Found 3184 strong pixels on image 263
Found 2893 strong pixels on image 264
Found 3029 strong pixels on image 265
Found 2756 strong pixels on image 266
Found 2947 strong pixels on image 267
Found 3050 strong pixels on image 268
Found 2906 strong pixels on image 269
Found 2886 strong pixels on image 270
Found 2756 strong pixels on image 271
Found 2766 strong pixels on image 272
Found 2737 strong pixels on image 273
Found 2936 strong pixels on image 274
Found 3074 strong pixels on image 275
Found 3251 strong pixels on image 276
Found 3192 strong pixels on image 277
Found 2993 strong pixels on image 278
Found 2930 strong pixels on image 279
Found 2873 strong pixels on image 280
Found 2993 strong pixels on image 281
Found 3048 strong pixels on image 282
Found 2988 strong pixels on image 283
Found 3216 strong pixels on image 284
Found 3019 strong pixels on image 285
Found 3005 strong pixels on image 286
Found 3071 strong pixels on image 287
Found 3012 strong pixels on image 288
Found 2826 strong pixels on image 289
Found 3026 strong pixels on image 290
Found 2951 strong pixels on image 291
Found 2906 strong pixels on image 292
Found 3049 strong pixels on image 293
Found 2798 strong pixels on image 294
Found 3035 strong pixels on image 295
Found 3052 strong pixels on image 296
Found 2855 strong pixels on image 297
Found 2747 strong pixels on image 298
Found 2869 strong pixels on image 299
Found 3259 strong pixels on image 300
Found 3166 strong pixels on image 301
Found 3110 strong pixels on image 302
Found 3007 strong pixels on image 303
Found 2933 strong pixels on image 304
Found 3081 strong pixels on image 305
Found 2972 strong pixels on image 306
Found 3064 strong pixels on image 307
Found 3059 strong pixels on image 308
Found 2985 strong pixels on image 309
Found 2755 strong pixels on image 310
Found 2843 strong pixels on image 311
Found 2781 strong pixels on image 312
Found 2962 strong pixels on image 313
Found 3155 strong pixels on image 314
Found 2991 strong pixels on image 315
Found 2869 strong pixels on image 316
Found 2695 strong pixels on image 317
Found 2997 strong pixels on image 318
Found 3054 strong pixels on image 319
Found 3075 strong pixels on image 320
Found 2942 strong pixels on image 321
Found 3051 strong pixels on image 322
Found 3018 strong pixels on image 323
Found 2807 strong pixels on image 324
Found 3136 strong pixels on image 325
Found 3063 strong pixels on image 326
Found 2787 strong pixels on image 327
Found 2867 strong pixels on image 328
Found 2955 strong pixels on image 329
Found 2765 strong pixels on image 330
Found 2869 strong pixels on image 331
Found 2832 strong pixels on image 332
Found 2831 strong pixels on image 333
Found 2782 strong pixels on image 334
Found 2786 strong pixels on image 335
Found 2810 strong pixels on image 336
Found 3019 strong pixels on image 337
Found 2981 strong pixels on image 338
Found 2997 strong pixels on image 339
Found 2816 strong pixels on image 340
Found 2961 strong pixels on image 341
Found 2763 strong pixels on image 342
Found 2694 strong pixels on image 343
Found 2776 strong pixels on image 344
Found 2893 strong pixels on image 345
Found 2823 strong pixels on image 346
Found 2897 strong pixels on image 347
Found 2777 strong pixels on image 348
Found 3015 strong pixels on image 349
Found 3257 strong pixels on image 350
Found 3035 strong pixels on image 351
Found 2868 strong pixels on image 352
Found 2876 strong pixels on image 353
Found 2804 strong pixels on image 354
Found 2718 strong pixels on image 355
Found 2836 strong pixels on image 356
Found 2900 strong pixels on image 357
Found 2890 strong pixels on image 358
Found 2715 strong pixels on image 359
Found 2821 strong pixels on image 360
Found 2794 strong pixels on image 361
Found 2848 strong pixels on image 362
Found 2905 strong pixels on image 363
Found 3012 strong pixels on image 364
Found 2884 strong pixels on image 365
Found 3022 strong pixels on image 366
Found 3040 strong pixels on image 367
Found 2939 strong pixels on image 368
Found 3004 strong pixels on image 369
Found 3165 strong pixels on image 370
Found 2613 strong pixels on image 371
Found 2657 strong pixels on image 372
Found 2744 strong pixels on image 373
Found 2783 strong pixels on image 374
Found 2917 strong pixels on image 375
Found 2651 strong pixels on image 376
Found 2717 strong pixels on image 377
Found 2858 strong pixels on image 378
Found 2770 strong pixels on image 379
Found 2736 strong pixels on image 380
Found 2536 strong pixels on image 381
Found 2556 strong pixels on image 382
Found 2683 strong pixels on image 383
Found 2566 strong pixels on image 384
Found 2739 strong pixels on image 385
Found 2981 strong pixels on image 386
Found 2730 strong pixels on image 387
Found 2794 strong pixels on image 388
Found 3135 strong pixels on image 389
Found 3032 strong pixels on image 390
Found 3082 strong pixels on image 391
Found 3032 strong pixels on image 392
Found 3135 strong pixels on image 393
Found 2924 strong pixels on image 394
Found 2671 strong pixels on image 395
Found 2762 strong pixels on image 396
Found 2836 strong pixels on image 397
Found 2811 strong pixels on image 398
Found 2689 strong pixels on image 399
Found 2769 strong pixels on image 400
Found 2560 strong pixels on image 401
Found 2524 strong pixels on image 402
Found 2588 strong pixels on image 403
Found 2681 strong pixels on image 404
Found 2623 strong pixels on image 405
Found 2734 strong pixels on image 406
Found 3003 strong pixels on image 407
Found 2839 strong pixels on image 408
Found 2704 strong pixels on image 409
Found 2702 strong pixels on image 410
Found 2705 strong pixels on image 411
Found 2850 strong pixels on image 412
Found 2738 strong pixels on image 413
Found 2688 strong pixels on image 414
Found 2761 strong pixels on image 415
Found 2893 strong pixels on image 416
Found 2748 strong pixels on image 417
Found 2781 strong pixels on image 418
Found 2607 strong pixels on image 419
Found 2846 strong pixels on image 420
Found 3039 strong pixels on image 421
Found 2744 strong pixels on image 422
Found 2775 strong pixels on image 423
Found 2326 strong pixels on image 424
Found 2425 strong pixels on image 425
Found 2437 strong pixels on image 426
Found 2585 strong pixels on image 427
Found 2690 strong pixels on image 428
Found 2428 strong pixels on image 429
Found 2460 strong pixels on image 430
Found 2653 strong pixels on image 431
Found 2589 strong pixels on image 432
Found 2717 strong pixels on image 433
Found 2693 strong pixels on image 434
Found 2799 strong pixels on image 435
Found 2555 strong pixels on image 436
Found 2559 strong pixels on image 437
Found 2571 strong pixels on image 438
Found 2533 strong pixels on image 439
Found 2726 strong pixels on image 440
Found 2591 strong pixels on image 441
Found 2825 strong pixels on image 442
Found 2548 strong pixels on image 443
Found 2570 strong pixels on image 444
Found 2696 strong pixels on image 445
Found 2596 strong pixels on image 446
Found 2545 strong pixels on image 447
Found 2566 strong pixels on image 448
Found 2614 strong pixels on image 449
Found 2369 strong pixels on image 450
Found 2634 strong pixels on image 451
Found 2828 strong pixels on image 452
Found 2620 strong pixels on image 453
Found 2431 strong pixels on image 454
Found 2530 strong pixels on image 455
Found 2612 strong pixels on image 456
Found 2503 strong pixels on image 457
Found 2724 strong pixels on image 458
Found 2538 strong pixels on image 459
Found 2694 strong pixels on image 460
Found 2821 strong pixels on image 461
Found 2922 strong pixels on image 462
Found 2924 strong pixels on image 463
Found 2885 strong pixels on image 464
Found 2619 strong pixels on image 465
Found 2610 strong pixels on image 466
Found 2528 strong pixels on image 467
Found 2616 strong pixels on image 468
Found 2778 strong pixels on image 469
Found 2638 strong pixels on image 470
Found 2598 strong pixels on image 471
Found 2609 strong pixels on image 472
Found 2676 strong pixels on image 473
Found 2653 strong pixels on image 474
Found 2551 strong pixels on image 475
Found 2492 strong pixels on image 476
Found 2785 strong pixels on image 477
Found 2699 strong pixels on image 478
Found 2547 strong pixels on image 479
Found 2441 strong pixels on image 480
Found 2687 strong pixels on image 481
Found 2600 strong pixels on image 482
Found 2527 strong pixels on image 483
Found 2769 strong pixels on image 484
Found 2595 strong pixels on image 485
Found 2718 strong pixels on image 486
Found 2794 strong pixels on image 487
Found 2807 strong pixels on image 488
Found 2630 strong pixels on image 489
Found 2738 strong pixels on image 490
Found 2596 strong pixels on image 491
Found 2692 strong pixels on image 492
Found 2623 strong pixels on image 493
Found 2725 strong pixels on image 494
Found 2840 strong pixels on image 495
Found 2740 strong pixels on image 496
Found 2775 strong pixels on image 497
Found 2716 strong pixels on image 498
Found 2563 strong pixels on image 499
Found 2749 strong pixels on image 500
Found 2809 strong pixels on image 501
Found 2857 strong pixels on image 502
Found 2545 strong pixels on image 503
Found 2796 strong pixels on image 504
Found 2875 strong pixels on image 505
Found 2760 strong pixels on image 506
Found 2730 strong pixels on image 507
Found 2729 strong pixels on image 508
Found 2771 strong pixels on image 509
Found 2434 strong pixels on image 510
Found 2474 strong pixels on image 511
Found 2656 strong pixels on image 512
Found 2590 strong pixels on image 513
Found 2687 strong pixels on image 514
Found 2703 strong pixels on image 515
Found 2828 strong pixels on image 516
Found 2592 strong pixels on image 517
Found 2423 strong pixels on image 518
Found 2568 strong pixels on image 519
Found 2545 strong pixels on image 520
Found 2479 strong pixels on image 521
Found 2416 strong pixels on image 522
Found 2432 strong pixels on image 523
Found 2719 strong pixels on image 524
Found 2561 strong pixels on image 525
Found 2638 strong pixels on image 526
Found 2587 strong pixels on image 527
Found 2615 strong pixels on image 528
Found 2536 strong pixels on image 529
Found 2610 strong pixels on image 530
Found 2596 strong pixels on image 531
Found 2553 strong pixels on image 532
Found 2658 strong pixels on image 533
Found 2589 strong pixels on image 534
Found 2603 strong pixels on image 535
Found 2492 strong pixels on image 536
Found 2494 strong pixels on image 537
Found 2557 strong pixels on image 538
Found 2313 strong pixels on image 539
Found 2562 strong pixels on image 540

Extracted 166523 spots
Removed 34848 spots with size < 3 pixels
Removed 4 spots with size > 1000 pixels
Calculated 131671 spot centroids
Calculated 131671 spot intensities
Filtered 131409 of 131671 spots by peak-centroid distance

Histogram of per-image spot count for imageset 0:
131409 spots found on 540 images (max 2437 / bin)
                                             *             *
******** ***************************************************
************************************************************
************************************************************
************************************************************
************************************************************
************************************************************
************************************************************
************************************************************
************************************************************
1                         image                          540

--------------------------------------------------------------------------------
Saved 131409 reflections to strong.refl
