DIALS 2.dev.866-g69b2f94c2
The following parameters have been modified:

input {
  experiments = indexed.expt
  reflections = indexed.refl
}


Summary statistics for 8099 observations matched to predictions:
-------------------------------------------------------------------------
|                   | Min     | Q1        | Med      | Q3      | Max    |
-------------------------------------------------------------------------
| Xc - Xo (mm)      | -0.1512 | -0.03057  | 0.000575 | 0.03416 | 0.1497 |
| Yc - Yo (mm)      | -0.1794 | -0.0222   | 0.006592 | 0.03746 | 0.1595 |
| Phic - Phio (deg) | -0.1362 | -0.009449 | 0.006645 | 0.0221  | 0.2275 |
| X weights         | 228.5   | 367.2     | 390.2    | 400.8   | 405.6  |
| Y weights         | 202.8   | 356.6     | 385.7    | 400     | 405.6  |
| Phi weights       | 399.3   | 524.1     | 531.6    | 533.3   | 533.3  |
-------------------------------------------------------------------------

There are 12 parameters to refine against 8099 reflections in 3 dimensions

Refinement steps:
------------------------------------------------
| Step | Nref | RMSD_X   | RMSD_Y   | RMSD_Phi |
|      |      | (mm)     | (mm)     | (deg)    |
------------------------------------------------
| 0    | 8099 | 0.044903 | 0.045152 | 0.026937 |
| 1    | 8099 | 0.044695 | 0.044011 | 0.026179 |
| 2    | 8099 | 0.045064 | 0.042999 | 0.024816 |
| 3    | 8099 | 0.045535 | 0.042071 | 0.023689 |
| 4    | 8099 | 0.045724 | 0.041569 | 0.02319  |
| 5    | 8099 | 0.045625 | 0.041334 | 0.023049 |
| 6    | 8099 | 0.045459 | 0.041278 | 0.023026 |
| 7    | 8099 | 0.04537  | 0.041312 | 0.023032 |
| 8    | 8099 | 0.04535  | 0.041327 | 0.023036 |
| 9    | 8099 | 0.045348 | 0.041329 | 0.023036 |
------------------------------------------------
RMSD no longer decreasing

RMSDs by experiment:
---------------------------------------------
| Exp | Nref | RMSD_X  | RMSD_Y  | RMSD_Z   |
| id  |      | (px)    | (px)    | (images) |
---------------------------------------------
| 0   | 8099 | 0.26365 | 0.24028 | 0.15357  |
---------------------------------------------

Summary statistics for 125116 observations matched to predictions:
------------------------------------------------------------------------
|                   | Min    | Q1       | Med        | Q3      | Max   |
------------------------------------------------------------------------
| Xc - Xo (mm)      | -1.151 | -0.03517 | -0.004006  | 0.03071 | 1.344 |
| Yc - Yo (mm)      | -1.404 | -0.03317 | -0.003455  | 0.02622 | 1.378 |
| Phic - Phio (deg) | -1.444 | -0.01566 | -7.792e-08 | 0.01527 | 1.897 |
| X weights         | 135.2  | 359.7    | 387.1      | 400     | 405.6 |
| Y weights         | 143.8  | 345.8    | 381        | 398.7   | 405.6 |
| Phi weights       | 320.8  | 524.6    | 532.3      | 533.3   | 533.3 |
------------------------------------------------------------------------

Detecting centroid outliers using the Tukey algorithm
10445 reflections have been flagged as outliers

Summary statistics for 114671 observations matched to predictions:
---------------------------------------------------------------------------
|                   | Min      | Q1       | Med       | Q3      | Max     |
---------------------------------------------------------------------------
| Xc - Xo (mm)      | -0.142   | -0.0336  | -0.003219 | 0.0303  | 0.133   |
| Yc - Yo (mm)      | -0.146   | -0.03078 | -0.002677 | 0.02578 | 0.1324  |
| Phic - Phio (deg) | -0.07631 | -0.01381 | 0.0003609 | 0.01469 | 0.06573 |
| X weights         | 143.8    | 365.6    | 389.4     | 400.5   | 405.6   |
| Y weights         | 143.8    | 353.4    | 384.4     | 399.5   | 405.6   |
| Phi weights       | 353.4    | 524.2    | 531.8     | 533.3   | 533.3   |
---------------------------------------------------------------------------

There are 12 parameters to refine against 8099 reflections in 3 dimensions

Refinement steps:
------------------------------------------------
| Step | Nref | RMSD_X   | RMSD_Y   | RMSD_Phi |
|      |      | (mm)     | (mm)     | (deg)    |
------------------------------------------------
| 0    | 8099 | 0.046582 | 0.041944 | 0.023077 |
| 1    | 8099 | 0.04637  | 0.042021 | 0.023076 |
| 2    | 8099 | 0.046302 | 0.042036 | 0.023085 |
| 3    | 8099 | 0.046237 | 0.042028 | 0.023104 |
| 4    | 8099 | 0.046195 | 0.041978 | 0.02312  |
| 5    | 8099 | 0.04616  | 0.041929 | 0.023127 |
| 6    | 8099 | 0.046127 | 0.041923 | 0.023134 |
| 7    | 8099 | 0.04611  | 0.04193  | 0.023139 |
| 8    | 8099 | 0.046107 | 0.041931 | 0.02314  |
------------------------------------------------
RMSD no longer decreasing

RMSDs by experiment:
---------------------------------------------
| Exp | Nref | RMSD_X  | RMSD_Y  | RMSD_Z   |
| id  |      | (px)    | (px)    | (images) |
---------------------------------------------
| 0   | 8099 | 0.26807 | 0.24379 | 0.15427  |
---------------------------------------------

Summary statistics for 8099 observations matched to predictions:
--------------------------------------------------------------------------
|                   | Min     | Q1        | Med       | Q3      | Max    |
--------------------------------------------------------------------------
| Xc - Xo (mm)      | -0.1425 | -0.03061  | 0.0006437 | 0.03377 | 0.1545 |
| Yc - Yo (mm)      | -0.1595 | -0.02284  | 0.006545  | 0.03513 | 0.1628 |
| Phic - Phio (deg) | -0.1053 | -0.009376 | 0.007439  | 0.02184 | 0.1646 |
| X weights         | 228.5   | 367.2     | 390.2     | 400.8   | 405.6  |
| Y weights         | 202.8   | 356.6     | 385.7     | 400     | 405.6  |
| Phi weights       | 399.3   | 524.1     | 531.6     | 533.3   | 533.3  |
--------------------------------------------------------------------------

There are 13 parameters to refine against 8099 reflections in 3 dimensions

Refinement steps:
------------------------------------------------
| Step | Nref | RMSD_X   | RMSD_Y   | RMSD_Phi |
|      |      | (mm)     | (mm)     | (deg)    |
------------------------------------------------
| 0    | 8099 | 0.044519 | 0.04439  | 0.025942 |
| 1    | 8099 | 0.044633 | 0.042298 | 0.025633 |
| 2    | 8099 | 0.044874 | 0.041682 | 0.024692 |
| 3    | 8099 | 0.045193 | 0.041161 | 0.023867 |
| 4    | 8099 | 0.045328 | 0.040882 | 0.023444 |
| 5    | 8099 | 0.045257 | 0.04073  | 0.023293 |
| 6    | 8099 | 0.045132 | 0.040685 | 0.023258 |
| 7    | 8099 | 0.045065 | 0.04071  | 0.023256 |
| 8    | 8099 | 0.04505  | 0.040722 | 0.023257 |
| 9    | 8099 | 0.045049 | 0.040723 | 0.023257 |
------------------------------------------------
RMSD no longer decreasing

RMSDs by experiment:
---------------------------------------------
| Exp | Nref | RMSD_X  | RMSD_Y  | RMSD_Z   |
| id  |      | (px)    | (px)    | (images) |
---------------------------------------------
| 0   | 8099 | 0.26191 | 0.23676 | 0.15505  |
---------------------------------------------

Summary statistics for 125116 observations matched to predictions:
-----------------------------------------------------------------------
|                   | Min    | Q1       | Med       | Q3      | Max   |
-----------------------------------------------------------------------
| Xc - Xo (mm)      | -1.155 | -0.03487 | -0.003934 | 0.03072 | 1.344 |
| Yc - Yo (mm)      | -1.4   | -0.03338 | -0.003459 | 0.02541 | 1.39  |
| Phic - Phio (deg) | -1.456 | -0.01669 | 9.825e-05 | 0.01533 | 1.899 |
| X weights         | 135.2  | 359.7    | 387.1     | 400     | 405.6 |
| Y weights         | 143.8  | 345.8    | 381       | 398.7   | 405.6 |
| Phi weights       | 320.8  | 524.6    | 532.3     | 533.3   | 533.3 |
-----------------------------------------------------------------------

Detecting centroid outliers using the Tukey algorithm
10467 reflections have been flagged as outliers

Summary statistics for 114649 observations matched to predictions:
---------------------------------------------------------------------------
|                   | Min      | Q1       | Med       | Q3      | Max     |
---------------------------------------------------------------------------
| Xc - Xo (mm)      | -0.1401  | -0.03333 | -0.003014 | 0.03033 | 0.1326  |
| Yc - Yo (mm)      | -0.144   | -0.03096 | -0.002739 | 0.02496 | 0.1202  |
| Phic - Phio (deg) | -0.08075 | -0.01482 | 0.0004758 | 0.01474 | 0.06246 |
| X weights         | 143.8    | 365.6    | 389.4     | 400.5   | 405.6   |
| Y weights         | 143.8    | 353.4    | 384.3     | 399.5   | 405.6   |
| Phi weights       | 353.4    | 524.2    | 531.8     | 533.3   | 533.3   |
---------------------------------------------------------------------------

There are 13 parameters to refine against 8099 reflections in 3 dimensions

Refinement steps:
------------------------------------------------
| Step | Nref | RMSD_X   | RMSD_Y   | RMSD_Phi |
|      |      | (mm)     | (mm)     | (deg)    |
------------------------------------------------
| 0    | 8099 | 0.045825 | 0.042512 | 0.02311  |
| 1    | 8099 | 0.045794 | 0.042488 | 0.022973 |
| 2    | 8099 | 0.045747 | 0.042479 | 0.02297  |
| 3    | 8099 | 0.045704 | 0.042434 | 0.022978 |
| 4    | 8099 | 0.045687 | 0.042334 | 0.022989 |
| 5    | 8099 | 0.045671 | 0.042239 | 0.022998 |
| 6    | 8099 | 0.045644 | 0.042215 | 0.023004 |
| 7    | 8099 | 0.045627 | 0.04222  | 0.023007 |
| 8    | 8099 | 0.045623 | 0.042223 | 0.023007 |
------------------------------------------------
RMSD no longer decreasing

RMSDs by experiment:
---------------------------------------------
| Exp | Nref | RMSD_X  | RMSD_Y  | RMSD_Z   |
| id  |      | (px)    | (px)    | (images) |
---------------------------------------------
| 0   | 8099 | 0.26525 | 0.24548 | 0.15338  |
---------------------------------------------

Summary statistics for 8099 observations matched to predictions:
---------------------------------------------------------------------------
|                   | Min     | Q1        | Med        | Q3      | Max    |
---------------------------------------------------------------------------
| Xc - Xo (mm)      | -0.1335 | -0.02991  | -0.0004879 | 0.03417 | 0.1701 |
| Yc - Yo (mm)      | -0.1494 | -0.01925  | 0.007608   | 0.03439 | 0.1521 |
| Phic - Phio (deg) | -0.1135 | -0.008463 | 0.006977   | 0.02143 | 0.1308 |
| X weights         | 228.5   | 367.2     | 390.2      | 400.8   | 405.6  |
| Y weights         | 202.8   | 356.6     | 385.7      | 400     | 405.6  |
| Phi weights       | 399.3   | 524.1     | 531.6      | 533.3   | 533.3  |
---------------------------------------------------------------------------

There are 14 parameters to refine against 8099 reflections in 3 dimensions

Refinement steps:
------------------------------------------------
| Step | Nref | RMSD_X   | RMSD_Y   | RMSD_Phi |
|      |      | (mm)     | (mm)     | (deg)    |
------------------------------------------------
| 0    | 8099 | 0.043947 | 0.041261 | 0.025166 |
| 1    | 8099 | 0.043833 | 0.040198 | 0.024804 |
| 2    | 8099 | 0.04391  | 0.039983 | 0.024095 |
| 3    | 8099 | 0.04401  | 0.039791 | 0.023394 |
| 4    | 8099 | 0.044041 | 0.039665 | 0.022979 |
| 5    | 8099 | 0.043986 | 0.039566 | 0.022854 |
| 6    | 8099 | 0.043902 | 0.039525 | 0.02284  |
| 7    | 8099 | 0.043854 | 0.039541 | 0.022841 |
| 8    | 8099 | 0.043842 | 0.039551 | 0.022842 |
| 9    | 8099 | 0.043841 | 0.039552 | 0.022842 |
------------------------------------------------
RMSD no longer decreasing

RMSDs by experiment:
---------------------------------------------
| Exp | Nref | RMSD_X  | RMSD_Y  | RMSD_Z   |
| id  |      | (px)    | (px)    | (images) |
---------------------------------------------
| 0   | 8099 | 0.25489 | 0.22995 | 0.15228  |
---------------------------------------------

Summary statistics for 125116 observations matched to predictions:
-----------------------------------------------------------------------
|                   | Min    | Q1       | Med       | Q3      | Max   |
-----------------------------------------------------------------------
| Xc - Xo (mm)      | -1.131 | -0.03383 | -0.004743 | 0.03125 | 1.367 |
| Yc - Yo (mm)      | -1.395 | -0.03253 | -0.002884 | 0.02481 | 1.388 |
| Phic - Phio (deg) | -1.466 | -0.01572 | 0.000362  | 0.0151  | 1.904 |
| X weights         | 135.2  | 359.7    | 387.1     | 400     | 405.6 |
| Y weights         | 143.8  | 345.8    | 381       | 398.7   | 405.6 |
| Phi weights       | 320.8  | 524.6    | 532.3     | 533.3   | 533.3 |
-----------------------------------------------------------------------

Detecting centroid outliers using the Tukey algorithm
11079 reflections have been flagged as outliers

Summary statistics for 114037 observations matched to predictions:
--------------------------------------------------------------------------
|                   | Min      | Q1       | Med       | Q3      | Max    |
--------------------------------------------------------------------------
| Xc - Xo (mm)      | -0.1365  | -0.03249 | -0.003874 | 0.0311  | 0.1356 |
| Yc - Yo (mm)      | -0.1368  | -0.0292  | -0.001848 | 0.02447 | 0.1178 |
| Phic - Phio (deg) | -0.07877 | -0.01388 | 0.000697  | 0.01443 | 0.0644 |
| X weights         | 143.8    | 365.9    | 389.5     | 400.5   | 405.6  |
| Y weights         | 169.5    | 353.9    | 384.5     | 399.5   | 405.6  |
| Phi weights       | 353.4    | 524.1    | 531.8     | 533.3   | 533.3  |
--------------------------------------------------------------------------

There are 14 parameters to refine against 8099 reflections in 3 dimensions

Refinement steps:
------------------------------------------------
| Step | Nref | RMSD_X   | RMSD_Y   | RMSD_Phi |
|      |      | (mm)     | (mm)     | (deg)    |
------------------------------------------------
| 0    | 8099 | 0.045184 | 0.041264 | 0.022481 |
| 1    | 8099 | 0.045172 | 0.041153 | 0.02239  |
| 2    | 8099 | 0.045167 | 0.041119 | 0.022386 |
| 3    | 8099 | 0.045156 | 0.041057 | 0.022383 |
| 4    | 8099 | 0.045133 | 0.040977 | 0.022384 |
| 5    | 8099 | 0.045097 | 0.040921 | 0.022389 |
| 6    | 8099 | 0.045063 | 0.040914 | 0.022395 |
| 7    | 8099 | 0.045049 | 0.040921 | 0.022398 |
| 8    | 8099 | 0.045046 | 0.040922 | 0.022399 |
------------------------------------------------
RMSD no longer decreasing

RMSDs by experiment:
--------------------------------------------
| Exp | Nref | RMSD_X | RMSD_Y  | RMSD_Z   |
| id  |      | (px)   | (px)    | (images) |
--------------------------------------------
| 0   | 8099 | 0.2619 | 0.23792 | 0.14932  |
--------------------------------------------

Summary statistics for 8099 observations matched to predictions:
---------------------------------------------------------------------------
|                   | Min      | Q1        | Med       | Q3      | Max    |
---------------------------------------------------------------------------
| Xc - Xo (mm)      | -0.1434  | -0.03098  | 0.0003465 | 0.03341 | 0.1525 |
| Yc - Yo (mm)      | -0.162   | -0.02256  | 0.006966  | 0.03579 | 0.1655 |
| Phic - Phio (deg) | -0.09726 | -0.007866 | 0.00791   | 0.02203 | 0.1351 |
| X weights         | 228.5    | 367.2     | 390.2     | 400.8   | 405.6  |
| Y weights         | 202.8    | 356.6     | 385.7     | 400     | 405.6  |
| Phi weights       | 399.3    | 524.1     | 531.6     | 533.3   | 533.3  |
---------------------------------------------------------------------------

There are 14 parameters to refine against 8099 reflections in 3 dimensions

Refinement steps:
------------------------------------------------
| Step | Nref | RMSD_X   | RMSD_Y   | RMSD_Phi |
|      |      | (mm)     | (mm)     | (deg)    |
------------------------------------------------
| 0    | 8099 | 0.04447  | 0.04446  | 0.025322 |
| 1    | 8099 | 0.044885 | 0.041952 | 0.025241 |
| 2    | 8099 | 0.045056 | 0.041472 | 0.024627 |
| 3    | 8099 | 0.045293 | 0.04108  | 0.023944 |
| 4    | 8099 | 0.045432 | 0.040791 | 0.023476 |
| 5    | 8099 | 0.045434 | 0.040495 | 0.023282 |
| 6    | 8099 | 0.045349 | 0.040254 | 0.023229 |
| 7    | 8099 | 0.045266 | 0.040189 | 0.023224 |
| 8    | 8099 | 0.045236 | 0.0402   | 0.023228 |
| 9    | 8099 | 0.045231 | 0.040203 | 0.023228 |
------------------------------------------------
RMSD no longer decreasing

RMSDs by experiment:
---------------------------------------------
| Exp | Nref | RMSD_X  | RMSD_Y  | RMSD_Z   |
| id  |      | (px)    | (px)    | (images) |
---------------------------------------------
| 0   | 8099 | 0.26297 | 0.23374 | 0.15486  |
---------------------------------------------

Summary statistics for 125116 observations matched to predictions:
-----------------------------------------------------------------------
|                   | Min    | Q1       | Med       | Q3      | Max   |
-----------------------------------------------------------------------
| Xc - Xo (mm)      | -1.147 | -0.03504 | -0.003602 | 0.0308  | 1.35  |
| Yc - Yo (mm)      | -1.402 | -0.03287 | -0.003165 | 0.02486 | 1.391 |
| Phic - Phio (deg) | -1.457 | -0.01666 | -5.94e-06 | 0.01527 | 1.908 |
| X weights         | 135.2  | 359.7    | 387.1     | 400     | 405.6 |
| Y weights         | 143.8  | 345.8    | 381       | 398.7   | 405.6 |
| Phi weights       | 320.8  | 524.6    | 532.3     | 533.3   | 533.3 |
-----------------------------------------------------------------------

Detecting centroid outliers using the Tukey algorithm
10322 reflections have been flagged as outliers

Summary statistics for 114794 observations matched to predictions:
---------------------------------------------------------------------------
|                   | Min      | Q1       | Med       | Q3      | Max     |
---------------------------------------------------------------------------
| Xc - Xo (mm)      | -0.1415  | -0.03373 | -0.002967 | 0.03025 | 0.1337  |
| Yc - Yo (mm)      | -0.1386  | -0.03028 | -0.002422 | 0.02448 | 0.1161  |
| Phic - Phio (deg) | -0.07961 | -0.01478 | 0.0003595 | 0.01461 | 0.06174 |
| X weights         | 143.8    | 365.6    | 389.3     | 400.5   | 405.6   |
| Y weights         | 143.8    | 353.3    | 384.3     | 399.5   | 405.6   |
| Phi weights       | 353.4    | 524.2    | 531.8     | 533.3   | 533.3   |
---------------------------------------------------------------------------

There are 14 parameters to refine against 8099 reflections in 3 dimensions

Refinement steps:
------------------------------------------------
| Step | Nref | RMSD_X   | RMSD_Y   | RMSD_Phi |
|      |      | (mm)     | (mm)     | (deg)    |
------------------------------------------------
| 0    | 8099 | 0.046331 | 0.042075 | 0.023043 |
| 1    | 8099 | 0.046262 | 0.042037 | 0.022931 |
| 2    | 8099 | 0.046202 | 0.042036 | 0.022919 |
| 3    | 8099 | 0.046137 | 0.04202  | 0.022919 |
| 4    | 8099 | 0.046119 | 0.041946 | 0.022925 |
| 5    | 8099 | 0.046137 | 0.041853 | 0.022928 |
| 6    | 8099 | 0.046146 | 0.041811 | 0.022929 |
| 7    | 8099 | 0.046142 | 0.041805 | 0.02293  |
| 8    | 8099 | 0.04614  | 0.041805 | 0.022931 |
------------------------------------------------
RMSD no longer decreasing

RMSDs by experiment:
---------------------------------------------
| Exp | Nref | RMSD_X  | RMSD_Y  | RMSD_Z   |
| id  |      | (px)    | (px)    | (images) |
---------------------------------------------
| 0   | 8099 | 0.26826 | 0.24305 | 0.15287  |
---------------------------------------------

Summary statistics for 8099 observations matched to predictions:
-------------------------------------------------------------------------
|                   | Min     | Q1       | Med       | Q3      | Max    |
-------------------------------------------------------------------------
| Xc - Xo (mm)      | -0.1616 | -0.0333  | -0.002442 | 0.03101 | 0.1359 |
| Yc - Yo (mm)      | -0.1771 | -0.02673 | 9.897e-06 | 0.02628 | 0.1387 |
| Phic - Phio (deg) | -0.1419 | -0.01512 | -0.00165  | 0.01346 | 0.1809 |
| X weights         | 228.5   | 367.2    | 390.2     | 400.8   | 405.6  |
| Y weights         | 202.8   | 356.6    | 385.7     | 400     | 405.6  |
| Phi weights       | 399.3   | 524.1    | 531.6     | 533.3   | 533.3  |
-------------------------------------------------------------------------

There are 13 parameters to refine against 8099 reflections in 3 dimensions

Refinement steps:
------------------------------------------------
| Step | Nref | RMSD_X   | RMSD_Y   | RMSD_Phi |
|      |      | (mm)     | (mm)     | (deg)    |
------------------------------------------------
| 0    | 8099 | 0.04481  | 0.040642 | 0.02438  |
| 1    | 8099 | 0.044414 | 0.04059  | 0.024038 |
| 2    | 8099 | 0.044669 | 0.039762 | 0.023542 |
| 3    | 8099 | 0.045013 | 0.038903 | 0.023105 |
| 4    | 8099 | 0.045191 | 0.038406 | 0.022947 |
| 5    | 8099 | 0.045207 | 0.038227 | 0.022896 |
| 6    | 8099 | 0.04518  | 0.0382   | 0.022858 |
| 7    | 8099 | 0.045166 | 0.038207 | 0.022849 |
| 8    | 8099 | 0.045164 | 0.038209 | 0.022848 |
------------------------------------------------
RMSD no longer decreasing

RMSDs by experiment:
---------------------------------------------
| Exp | Nref | RMSD_X  | RMSD_Y  | RMSD_Z   |
| id  |      | (px)    | (px)    | (images) |
---------------------------------------------
| 0   | 8099 | 0.26258 | 0.22215 | 0.15232  |
---------------------------------------------

Summary statistics for 125116 observations matched to predictions:
-----------------------------------------------------------------------
|                   | Min    | Q1       | Med       | Q3      | Max   |
-----------------------------------------------------------------------
| Xc - Xo (mm)      | -1.154 | -0.03546 | -0.004439 | 0.03108 | 1.34  |
| Yc - Yo (mm)      | -1.411 | -0.03046 | -0.002249 | 0.02371 | 1.365 |
| Phic - Phio (deg) | -1.481 | -0.01535 | -0.000371 | 0.01516 | 1.914 |
| X weights         | 135.2  | 359.7    | 387.1     | 400     | 405.6 |
| Y weights         | 143.8  | 345.8    | 381       | 398.7   | 405.6 |
| Phi weights       | 320.8  | 524.6    | 532.3     | 533.3   | 533.3 |
-----------------------------------------------------------------------

Detecting centroid outliers using the Tukey algorithm
10763 reflections have been flagged as outliers

Summary statistics for 114353 observations matched to predictions:
---------------------------------------------------------------------------
|                   | Min      | Q1       | Med       | Q3      | Max     |
---------------------------------------------------------------------------
| Xc - Xo (mm)      | -0.1419  | -0.03362 | -0.003158 | 0.03117 | 0.1326  |
| Yc - Yo (mm)      | -0.1156  | -0.02731 | -0.001157 | 0.02349 | 0.1088  |
| Phic - Phio (deg) | -0.07195 | -0.01383 | -9.12e-05 | 0.01439 | 0.07091 |
| X weights         | 143.8    | 365.6    | 389.4     | 400.5   | 405.6   |
| Y weights         | 143.8    | 353.6    | 384.4     | 399.5   | 405.6   |
| Phi weights       | 382.7    | 524.1    | 531.8     | 533.3   | 533.3   |
---------------------------------------------------------------------------

There are 13 parameters to refine against 8099 reflections in 3 dimensions

Refinement steps:
------------------------------------------------
| Step | Nref | RMSD_X   | RMSD_Y   | RMSD_Phi |
|      |      | (mm)     | (mm)     | (deg)    |
------------------------------------------------
| 0    | 8099 | 0.046319 | 0.039554 | 0.023021 |
| 1    | 8099 | 0.04609  | 0.039678 | 0.02301  |
| 2    | 8099 | 0.046045 | 0.039694 | 0.023013 |
| 3    | 8099 | 0.046012 | 0.039684 | 0.023018 |
| 4    | 8099 | 0.046    | 0.039633 | 0.023016 |
| 5    | 8099 | 0.046004 | 0.039561 | 0.023016 |
| 6    | 8099 | 0.046009 | 0.039518 | 0.023018 |
| 7    | 8099 | 0.046011 | 0.039505 | 0.02302  |
| 8    | 8099 | 0.046012 | 0.039502 | 0.02302  |
------------------------------------------------
RMSD no longer decreasing

RMSDs by experiment:
---------------------------------------------
| Exp | Nref | RMSD_X  | RMSD_Y  | RMSD_Z   |
| id  |      | (px)    | (px)    | (images) |
---------------------------------------------
| 0   | 8099 | 0.26751 | 0.22966 | 0.15347  |
---------------------------------------------

Summary statistics for 8099 observations matched to predictions:
--------------------------------------------------------------------------
|                   | Min     | Q1       | Med        | Q3      | Max    |
--------------------------------------------------------------------------
| Xc - Xo (mm)      | -0.1495 | -0.03213 | -0.002025  | 0.03151 | 0.1304 |
| Yc - Yo (mm)      | -0.1737 | -0.02594 | -0.0005582 | 0.02476 | 0.1246 |
| Phic - Phio (deg) | -0.141  | -0.01794 | -0.003045  | 0.01254 | 0.2045 |
| X weights         | 228.5   | 367.2    | 390.2      | 400.8   | 405.6  |
| Y weights         | 202.8   | 356.6    | 385.7      | 400     | 405.6  |
| Phi weights       | 399.3   | 524.1    | 531.6      | 533.3   | 533.3  |
--------------------------------------------------------------------------

There are 14 parameters to refine against 8099 reflections in 3 dimensions

Refinement steps:
------------------------------------------------
| Step | Nref | RMSD_X   | RMSD_Y   | RMSD_Phi |
|      |      | (mm)     | (mm)     | (deg)    |
------------------------------------------------
| 0    | 8099 | 0.044127 | 0.039262 | 0.025456 |
| 1    | 8099 | 0.043629 | 0.039015 | 0.02466  |
| 2    | 8099 | 0.043761 | 0.038263 | 0.023713 |
| 3    | 8099 | 0.044009 | 0.037534 | 0.023033 |
| 4    | 8099 | 0.044132 | 0.037185 | 0.02287  |
| 5    | 8099 | 0.044072 | 0.037061 | 0.022855 |
| 6    | 8099 | 0.043957 | 0.037049 | 0.022852 |
| 7    | 8099 | 0.043887 | 0.037087 | 0.022854 |
| 8    | 8099 | 0.043868 | 0.037105 | 0.022855 |
| 9    | 8099 | 0.043866 | 0.037107 | 0.022855 |
------------------------------------------------
RMSD no longer decreasing

RMSDs by experiment:
---------------------------------------------
| Exp | Nref | RMSD_X  | RMSD_Y  | RMSD_Z   |
| id  |      | (px)    | (px)    | (images) |
---------------------------------------------
| 0   | 8099 | 0.25504 | 0.21574 | 0.15236  |
---------------------------------------------

Summary statistics for 125116 observations matched to predictions:
------------------------------------------------------------------------
|                   | Min    | Q1       | Med        | Q3      | Max   |
------------------------------------------------------------------------
| Xc - Xo (mm)      | -1.125 | -0.03452 | -0.004346  | 0.03087 | 1.365 |
| Yc - Yo (mm)      | -1.41  | -0.02936 | -0.001481  | 0.02342 | 1.366 |
| Phic - Phio (deg) | -1.489 | -0.01502 | -0.0001614 | 0.01518 | 1.927 |
| X weights         | 135.2  | 359.7    | 387.1      | 400     | 405.6 |
| Y weights         | 143.8  | 345.8    | 381        | 398.7   | 405.6 |
| Phi weights       | 320.8  | 524.6    | 532.3      | 533.3   | 533.3 |
------------------------------------------------------------------------

Detecting centroid outliers using the Tukey algorithm
11343 reflections have been flagged as outliers

Summary statistics for 113773 observations matched to predictions:
----------------------------------------------------------------------------
|                   | Min      | Q1       | Med        | Q3      | Max     |
----------------------------------------------------------------------------
| Xc - Xo (mm)      | -0.1348  | -0.03311 | -0.003196  | 0.03088 | 0.1324  |
| Yc - Yo (mm)      | -0.1157  | -0.02553 | -0.0001039 | 0.02342 | 0.1063  |
| Phic - Phio (deg) | -0.07003 | -0.01353 | 7.983e-05  | 0.01429 | 0.07325 |
| X weights         | 143.8    | 365.9    | 389.5      | 400.5   | 405.6   |
| Y weights         | 171.4    | 354      | 384.6      | 399.5   | 405.6   |
| Phi weights       | 382.7    | 524.1    | 531.8      | 533.3   | 533.3   |
----------------------------------------------------------------------------

There are 14 parameters to refine against 8099 reflections in 3 dimensions

Refinement steps:
------------------------------------------------
| Step | Nref | RMSD_X   | RMSD_Y   | RMSD_Phi |
|      |      | (mm)     | (mm)     | (deg)    |
------------------------------------------------
| 0    | 8099 | 0.045641 | 0.038942 | 0.022985 |
| 1    | 8099 | 0.04555  | 0.038806 | 0.022989 |
| 2    | 8099 | 0.04554  | 0.03877  | 0.022971 |
| 3    | 8099 | 0.045523 | 0.038715 | 0.022957 |
| 4    | 8099 | 0.045496 | 0.038651 | 0.022954 |
| 5    | 8099 | 0.04546  | 0.038602 | 0.02296  |
| 6    | 8099 | 0.045421 | 0.038599 | 0.022967 |
| 7    | 8099 | 0.0454   | 0.038611 | 0.022972 |
| 8    | 8099 | 0.045395 | 0.038615 | 0.022972 |
| 9    | 8099 | 0.045395 | 0.038616 | 0.022973 |
------------------------------------------------
RMSD no longer decreasing

RMSDs by experiment:
---------------------------------------------
| Exp | Nref | RMSD_X  | RMSD_Y  | RMSD_Z   |
| id  |      | (px)    | (px)    | (images) |
---------------------------------------------
| 0   | 8099 | 0.26392 | 0.22451 | 0.15315  |
---------------------------------------------

Summary statistics for 8099 observations matched to predictions:
-------------------------------------------------------------------------
|                   | Min     | Q1       | Med       | Q3      | Max    |
-------------------------------------------------------------------------
| Xc - Xo (mm)      | -0.1493 | -0.03323 | -0.003372 | 0.0302  | 0.1266 |
| Yc - Yo (mm)      | -0.1274 | -0.023   | 0.002013  | 0.02635 | 0.1381 |
| Phic - Phio (deg) | -0.1319 | -0.0118  | 0.001941  | 0.01657 | 0.1172 |
| X weights         | 228.5   | 367.2    | 390.2     | 400.8   | 405.6  |
| Y weights         | 202.8   | 356.6    | 385.7     | 400     | 405.6  |
| Phi weights       | 399.3   | 524.1    | 531.6     | 533.3   | 533.3  |
-------------------------------------------------------------------------

There are 14 parameters to refine against 8099 reflections in 3 dimensions

Refinement steps:
------------------------------------------------
| Step | Nref | RMSD_X   | RMSD_Y   | RMSD_Phi |
|      |      | (mm)     | (mm)     | (deg)    |
------------------------------------------------
| 0    | 8099 | 0.044062 | 0.037793 | 0.023721 |
| 1    | 8099 | 0.043621 | 0.037904 | 0.023374 |
| 2    | 8099 | 0.043693 | 0.037648 | 0.023098 |
| 3    | 8099 | 0.043824 | 0.037351 | 0.022839 |
| 4    | 8099 | 0.043898 | 0.037187 | 0.022723 |
| 5    | 8099 | 0.043876 | 0.037142 | 0.0227   |
| 6    | 8099 | 0.043819 | 0.037156 | 0.022698 |
| 7    | 8099 | 0.043774 | 0.037188 | 0.022703 |
| 8    | 8099 | 0.04376  | 0.037203 | 0.022706 |
| 9    | 8099 | 0.043758 | 0.037205 | 0.022706 |
------------------------------------------------
RMSD no longer decreasing

RMSDs by experiment:
---------------------------------------------
| Exp | Nref | RMSD_X  | RMSD_Y  | RMSD_Z   |
| id  |      | (px)    | (px)    | (images) |
---------------------------------------------
| 0   | 8099 | 0.25441 | 0.21631 | 0.15137  |
---------------------------------------------

Summary statistics for 125116 observations matched to predictions:
------------------------------------------------------------------------
|                   | Min    | Q1       | Med        | Q3      | Max   |
------------------------------------------------------------------------
| Xc - Xo (mm)      | -1.143 | -0.0345  | -0.005516  | 0.03095 | 1.353 |
| Yc - Yo (mm)      | -1.404 | -0.02983 | -0.001703  | 0.02351 | 1.36  |
| Phic - Phio (deg) | -1.493 | -0.0149  | -0.0002119 | 0.01534 | 1.908 |
| X weights         | 135.2  | 359.7    | 387.1      | 400     | 405.6 |
| Y weights         | 143.8  | 345.8    | 381        | 398.7   | 405.6 |
| Phi weights       | 320.8  | 524.6    | 532.3      | 533.3   | 533.3 |
------------------------------------------------------------------------

Detecting centroid outliers using the Tukey algorithm
11482 reflections have been flagged as outliers

Summary statistics for 113634 observations matched to predictions:
----------------------------------------------------------------------------
|                   | Min      | Q1       | Med        | Q3      | Max     |
----------------------------------------------------------------------------
| Xc - Xo (mm)      | -0.1335  | -0.03246 | -0.003816  | 0.03134 | 0.1332  |
| Yc - Yo (mm)      | -0.1152  | -0.02587 | -0.0003005 | 0.02351 | 0.1106  |
| Phic - Phio (deg) | -0.07111 | -0.0133  | 7.926e-05  | 0.01453 | 0.07391 |
| X weights         | 143.8    | 366      | 389.5      | 400.6   | 405.6   |
| Y weights         | 169.5    | 354.1    | 384.7      | 399.6   | 405.6   |
| Phi weights       | 382.7    | 524.1    | 531.8      | 533.3   | 533.3   |
----------------------------------------------------------------------------

There are 14 parameters to refine against 8099 reflections in 3 dimensions

Refinement steps:
------------------------------------------------
| Step | Nref | RMSD_X   | RMSD_Y   | RMSD_Phi |
|      |      | (mm)     | (mm)     | (deg)    |
------------------------------------------------
| 0    | 8099 | 0.045742 | 0.038562 | 0.022932 |
| 1    | 8099 | 0.045678 | 0.038557 | 0.022936 |
| 2    | 8099 | 0.045647 | 0.038541 | 0.022942 |
| 3    | 8099 | 0.045609 | 0.038509 | 0.022952 |
| 4    | 8099 | 0.045578 | 0.038449 | 0.022953 |
| 5    | 8099 | 0.045564 | 0.038365 | 0.022951 |
| 6    | 8099 | 0.045576 | 0.038291 | 0.02295  |
| 7    | 8099 | 0.045599 | 0.038247 | 0.022948 |
| 8    | 8099 | 0.045608 | 0.038233 | 0.022947 |
| 9    | 8099 | 0.04561  | 0.038232 | 0.022947 |
------------------------------------------------
RMSD no longer decreasing

RMSDs by experiment:
---------------------------------------------
| Exp | Nref | RMSD_X  | RMSD_Y  | RMSD_Z   |
| id  |      | (px)    | (px)    | (images) |
---------------------------------------------
| 0   | 8099 | 0.26517 | 0.22228 | 0.15298  |
---------------------------------------------

Summary statistics for 8099 observations matched to predictions:
-------------------------------------------------------------------------
|                   | Min     | Q1       | Med       | Q3      | Max    |
-------------------------------------------------------------------------
| Xc - Xo (mm)      | -0.1504 | -0.03313 | -0.002832 | 0.03    | 0.1336 |
| Yc - Yo (mm)      | -0.1516 | -0.02783 | -0.001094 | 0.02478 | 0.1451 |
| Phic - Phio (deg) | -0.1142 | -0.01525 | -0.001313 | 0.0129  | 0.1333 |
| X weights         | 228.5   | 367.2    | 390.2     | 400.8   | 405.6  |
| Y weights         | 202.8   | 356.6    | 385.7     | 400     | 405.6  |
| Phi weights       | 399.3   | 524.1    | 531.6     | 533.3   | 533.3  |
-------------------------------------------------------------------------

There are 14 parameters to refine against 8099 reflections in 3 dimensions

Refinement steps:
------------------------------------------------
| Step | Nref | RMSD_X   | RMSD_Y   | RMSD_Phi |
|      |      | (mm)     | (mm)     | (deg)    |
------------------------------------------------
| 0    | 8099 | 0.044303 | 0.040483 | 0.0237   |
| 1    | 8099 | 0.044265 | 0.039755 | 0.023671 |
| 2    | 8099 | 0.044468 | 0.038974 | 0.023358 |
| 3    | 8099 | 0.044746 | 0.03827  | 0.023123 |
| 4    | 8099 | 0.044897 | 0.037909 | 0.023054 |
| 5    | 8099 | 0.044912 | 0.037781 | 0.022998 |
| 6    | 8099 | 0.044894 | 0.037757 | 0.02296  |
| 7    | 8099 | 0.044886 | 0.03776  | 0.022951 |
| 8    | 8099 | 0.044885 | 0.037761 | 0.02295  |
------------------------------------------------
RMSD no longer decreasing

RMSDs by experiment:
---------------------------------------------
| Exp | Nref | RMSD_X  | RMSD_Y  | RMSD_Z   |
| id  |      | (px)    | (px)    | (images) |
---------------------------------------------
| 0   | 8099 | 0.26096 | 0.21954 | 0.153    |
---------------------------------------------

Summary statistics for 125116 observations matched to predictions:
------------------------------------------------------------------------
|                   | Min    | Q1       | Med        | Q3      | Max   |
------------------------------------------------------------------------
| Xc - Xo (mm)      | -1.158 | -0.03515 | -0.004375  | 0.0311  | 1.34  |
| Yc - Yo (mm)      | -1.407 | -0.0307  | -0.002435  | 0.02303 | 1.377 |
| Phic - Phio (deg) | -1.491 | -0.0161  | -0.0005038 | 0.01498 | 1.916 |
| X weights         | 135.2  | 359.7    | 387.1      | 400     | 405.6 |
| Y weights         | 143.8  | 345.8    | 381        | 398.7   | 405.6 |
| Phi weights       | 320.8  | 524.6    | 532.3      | 533.3   | 533.3 |
------------------------------------------------------------------------

Detecting centroid outliers using the Tukey algorithm
10783 reflections have been flagged as outliers

Summary statistics for 114333 observations matched to predictions:
----------------------------------------------------------------------------
|                   | Min      | Q1       | Med        | Q3      | Max     |
----------------------------------------------------------------------------
| Xc - Xo (mm)      | -0.1402  | -0.03334 | -0.003034  | 0.03121 | 0.1318  |
| Yc - Yo (mm)      | -0.1135  | -0.02758 | -0.001268  | 0.0228  | 0.1094  |
| Phic - Phio (deg) | -0.07696 | -0.01443 | -0.0002274 | 0.01422 | 0.06758 |
| X weights         | 143.8    | 365.6    | 389.4      | 400.5   | 405.6   |
| Y weights         | 143.8    | 353.6    | 384.4      | 399.5   | 405.6   |
| Phi weights       | 382.7    | 524.2    | 531.8      | 533.3   | 533.3   |
----------------------------------------------------------------------------

There are 14 parameters to refine against 8099 reflections in 3 dimensions

Refinement steps:
------------------------------------------------
| Step | Nref | RMSD_X   | RMSD_Y   | RMSD_Phi |
|      |      | (mm)     | (mm)     | (deg)    |
------------------------------------------------
| 0    | 8099 | 0.045851 | 0.039424 | 0.023067 |
| 1    | 8099 | 0.045636 | 0.03949  | 0.022989 |
| 2    | 8099 | 0.04555  | 0.039528 | 0.022991 |
| 3    | 8099 | 0.04548  | 0.039536 | 0.023009 |
| 4    | 8099 | 0.045465 | 0.039487 | 0.02302  |
| 5    | 8099 | 0.045483 | 0.039411 | 0.023025 |
| 6    | 8099 | 0.045498 | 0.039366 | 0.023028 |
| 7    | 8099 | 0.045505 | 0.039351 | 0.02303  |
| 8    | 8099 | 0.045506 | 0.039348 | 0.02303  |
------------------------------------------------
RMSD no longer decreasing

RMSDs by experiment:
---------------------------------------------
| Exp | Nref | RMSD_X  | RMSD_Y  | RMSD_Z   |
| id  |      | (px)    | (px)    | (images) |
---------------------------------------------
| 0   | 8099 | 0.26457 | 0.22877 | 0.15353  |
---------------------------------------------

Summary statistics for 8099 observations matched to predictions:
----------------------------------------------------------------------------
|                   | Min      | Q1       | Med        | Q3      | Max     |
----------------------------------------------------------------------------
| Xc - Xo (mm)      | -0.1411  | -0.03241 | -0.003565  | 0.03049 | 0.1292  |
| Yc - Yo (mm)      | -0.1136  | -0.02296 | 0.001178   | 0.02367 | 0.1191  |
| Phic - Phio (deg) | -0.07387 | -0.01303 | -0.0002215 | 0.01317 | 0.07205 |
| X weights         | 228.5    | 367.2    | 390.2      | 400.8   | 405.6   |
| Y weights         | 202.8    | 356.6    | 385.7      | 400     | 405.6   |
| Phi weights       | 399.3    | 524.1    | 531.6      | 533.3   | 533.3   |
----------------------------------------------------------------------------

There are 16 parameters to refine against 8099 reflections in 3 dimensions

Refinement steps:
------------------------------------------------
| Step | Nref | RMSD_X   | RMSD_Y   | RMSD_Phi |
|      |      | (mm)     | (mm)     | (deg)    |
------------------------------------------------
| 0    | 8099 | 0.043477 | 0.036373 | 0.022588 |
| 1    | 8099 | 0.043477 | 0.036373 | 0.022588 |
------------------------------------------------
RMSD no longer decreasing

RMSDs by experiment:
---------------------------------------------
| Exp | Nref | RMSD_X  | RMSD_Y  | RMSD_Z   |
| id  |      | (px)    | (px)    | (images) |
---------------------------------------------
| 0   | 8099 | 0.25277 | 0.21147 | 0.15058  |
---------------------------------------------

Summary statistics for 125116 observations matched to predictions:
------------------------------------------------------------------------
|                   | Min    | Q1       | Med        | Q3      | Max   |
------------------------------------------------------------------------
| Xc - Xo (mm)      | -1.134 | -0.0341  | -0.005692  | 0.03149 | 1.363 |
| Yc - Yo (mm)      | -1.402 | -0.02945 | -0.001559  | 0.02263 | 1.373 |
| Phic - Phio (deg) | -1.504 | -0.01512 | -0.0002661 | 0.01492 | 1.92  |
| X weights         | 135.2  | 359.7    | 387.1      | 400     | 405.6 |
| Y weights         | 143.8  | 345.8    | 381        | 398.7   | 405.6 |
| Phi weights       | 320.8  | 524.6    | 532.3      | 533.3   | 533.3 |
------------------------------------------------------------------------

Detecting centroid outliers using the Tukey algorithm
11734 reflections have been flagged as outliers

Summary statistics for 113382 observations matched to predictions:
----------------------------------------------------------------------------
|                   | Min      | Q1       | Med        | Q3      | Max     |
----------------------------------------------------------------------------
| Xc - Xo (mm)      | -0.1355  | -0.03243 | -0.004202  | 0.03183 | 0.1353  |
| Yc - Yo (mm)      | -0.1115  | -0.02532 | -9.311e-05 | 0.02263 | 0.104   |
| Phic - Phio (deg) | -0.07486 | -0.01353 | 4.354e-06  | 0.01408 | 0.07097 |
| X weights         | 143.8    | 366.1    | 389.6      | 400.6   | 405.6   |
| Y weights         | 171.4    | 354.3    | 384.7      | 399.6   | 405.6   |
| Phi weights       | 382.7    | 524.1    | 531.8      | 533.3   | 533.3   |
----------------------------------------------------------------------------

There are 16 parameters to refine against 8099 reflections in 3 dimensions

Refinement steps:
------------------------------------------------
| Step | Nref | RMSD_X   | RMSD_Y   | RMSD_Phi |
|      |      | (mm)     | (mm)     | (deg)    |
------------------------------------------------
| 0    | 8099 | 0.045423 | 0.038054 | 0.022459 |
| 1    | 8099 | 0.045357 | 0.037926 | 0.022465 |
| 2    | 8099 | 0.045346 | 0.037896 | 0.022462 |
| 3    | 8099 | 0.045328 | 0.037846 | 0.022469 |
| 4    | 8099 | 0.045296 | 0.037786 | 0.02248  |
| 5    | 8099 | 0.045253 | 0.037732 | 0.022493 |
| 6    | 8099 | 0.045218 | 0.0377   | 0.022505 |
| 7    | 8099 | 0.045206 | 0.037683 | 0.022513 |
| 8    | 8099 | 0.045204 | 0.037676 | 0.022517 |
| 9    | 8099 | 0.045205 | 0.037675 | 0.022517 |
------------------------------------------------
RMSD no longer decreasing

RMSDs by experiment:
---------------------------------------------
| Exp | Nref | RMSD_X  | RMSD_Y  | RMSD_Z   |
| id  |      | (px)    | (px)    | (images) |
---------------------------------------------
| 0   | 8099 | 0.26282 | 0.21904 | 0.15012  |
---------------------------------------------
Chiral space groups corresponding to each Bravais lattice:
aP: P1
mP: P2 P21
mC: C2
oP: P222 P2221 P21212 P212121
oC: C2221 C222
tP: P4 P41 P42 P43 P422 P4212 P4122 P41212 P4222 P42212 P4322 P43212
-----------------------------------------------------------------------------------------------------------------
Solution Metric fit  rmsd  min/max cc #spots lattice                                 unit_cell  volume      cb_op
-----------------------------------------------------------------------------------------------------------------
*      9     0.0322 0.062 0.798/0.847   8099      tP  57.78  57.78 150.00  90.00  90.00  90.00  500811      a,b,c
*      8     0.0322 0.062 0.798/0.967   8099      oC  81.72  81.74 150.02  90.00  90.00  90.00 1002090  a-b,a+b,c
*      7     0.0285 0.061 0.967/0.967   8099      mC  81.73  81.74 150.04  90.00  90.01  90.00 1002432  a-b,a+b,c
*      6     0.0322 0.062 0.804/0.804   8099      mC  81.74  81.73 150.02  90.00  89.99  90.00 1002170 a+b,-a+b,c
*      5     0.0173 0.061 0.798/0.895   8099      oP  57.76  57.79 149.99  90.00  90.00  90.00  500691      a,b,c
*      4     0.0173 0.060 0.895/0.895   8099      mP  57.80  57.77 150.01  90.00  89.99  90.00  500866   -b,-a,-c
*      3     0.0146 0.060 0.812/0.812   8099      mP  57.77  57.80 150.01  90.00  90.02  90.00  500835      a,b,c
*      2     0.0156 0.060 0.798/0.798   8099      mP  57.77 150.01  57.80  90.00  89.99  90.00  500895   -a,-c,-b
*      1     0.0000 0.059         -/-   8099      aP  57.78  57.81 150.03  89.99  90.01  89.99  501123      a,b,c
-----------------------------------------------------------------------------------------------------------------
* = recommended solution

Saving summary as bravais_summary.json
Saving solution 9 as bravais_setting_9.expt
Saving solution 8 as bravais_setting_8.expt
Saving solution 7 as bravais_setting_7.expt
Saving solution 6 as bravais_setting_6.expt
Saving solution 5 as bravais_setting_5.expt
Saving solution 4 as bravais_setting_4.expt
Saving solution 3 as bravais_setting_3.expt
Saving solution 2 as bravais_setting_2.expt
Saving solution 1 as bravais_setting_1.expt
usr+sys time: 1.31 seconds
wall clock time: 17.53 seconds
