DIALS 2.dev.866-g69b2f94c2
The following parameters have been modified:

refinement {
  parameterisation {
    scan_varying = True
  }
}
input {
  experiments = refined.expt
  reflections = refined.refl
}

Configuring refiner

Summary statistics for 125116 observations matched to predictions:
------------------------------------------------------------------------
|                   | Min    | Q1       | Med        | Q3      | Max   |
------------------------------------------------------------------------
| Xc - Xo (mm)      | -1.134 | -0.03486 | -0.003505  | 0.03203 | 1.355 |
| Yc - Yo (mm)      | -1.407 | -0.02969 | -0.000469  | 0.02977 | 1.375 |
| Phic - Phio (deg) | -1.479 | -0.01628 | -0.0005939 | 0.01491 | 1.894 |
| X weights         | 135.2  | 359.7    | 387.1      | 400     | 405.6 |
| Y weights         | 143.8  | 345.8    | 381        | 398.7   | 405.6 |
| Phi weights       | 320.8  | 524.6    | 532.3      | 533.3   | 533.3 |
------------------------------------------------------------------------

Detecting centroid outliers using the MCD algorithm
14790 reflections have been flagged as outliers

Summary statistics for 110326 observations matched to predictions:
---------------------------------------------------------------------------
|                   | Min      | Q1       | Med        | Q3      | Max    |
---------------------------------------------------------------------------
| Xc - Xo (mm)      | -0.1651  | -0.03313 | -0.002786  | 0.03077 | 0.1515 |
| Yc - Yo (mm)      | -0.1462  | -0.02714 | -0.0003644 | 0.02747 | 0.1279 |
| Phic - Phio (deg) | -0.08269 | -0.01329 | 8.281e-05  | 0.01391 | 0.0701 |
| X weights         | 143.8    | 368.1    | 390.3      | 400.7   | 405.6  |
| Y weights         | 171.4    | 356.7    | 385.7      | 399.8   | 405.6  |
| Phi weights       | 382.7    | 523.8    | 531.5      | 533.3   | 533.3  |
---------------------------------------------------------------------------

There are 22 parameters to refine against 110326 reflections in 3 dimensions
Performing refinement of a single Experiment...

Refinement steps:
--------------------------------------------------
| Step | Nref   | RMSD_X   | RMSD_Y   | RMSD_Phi |
|      |        | (mm)     | (mm)     | (deg)    |
--------------------------------------------------
| 0    | 110326 | 0.045426 | 0.040787 | 0.021794 |
| 1    | 110326 | 0.044964 | 0.038207 | 0.021758 |
| 2    | 110326 | 0.044961 | 0.038156 | 0.021749 |
| 3    | 110326 | 0.044963 | 0.038113 | 0.021685 |
| 4    | 110326 | 0.044966 | 0.038089 | 0.021518 |
| 5    | 110326 | 0.044965 | 0.038085 | 0.021312 |
| 6    | 110326 | 0.044965 | 0.038086 | 0.021219 |
| 7    | 110326 | 0.044964 | 0.038086 | 0.021208 |
| 8    | 110326 | 0.044964 | 0.038086 | 0.021207 |
--------------------------------------------------
RMSD no longer decreasing

RMSDs by experiment:
-----------------------------------------------
| Exp | Nref   | RMSD_X  | RMSD_Y  | RMSD_Z   |
| id  |        | (px)    | (px)    | (images) |
-----------------------------------------------
| 0   | 110326 | 0.26142 | 0.22143 | 0.14138  |
-----------------------------------------------
Updating predictions for indexed reflections

Final refined crystal model:
Crystal:
    Unit cell: (57.7831(2), 57.7831(2), 150.0019(5), 90.0, 90.0, 90.0)
    Space group: P 4
    U matrix:  {{ 0.2590, -0.3455,  0.9020},
                {-0.3911, -0.8914, -0.2291},
                { 0.8831, -0.2934, -0.3660}}
    B matrix:  {{ 0.0173,  0.0000,  0.0000},
                { 0.0000,  0.0173,  0.0000},
                { 0.0000,  0.0000,  0.0067}}
    A = UB:    {{ 0.0045, -0.0060,  0.0060},
                {-0.0068, -0.0154, -0.0015},
                { 0.0153, -0.0051, -0.0024}}
    A sampled at 541 scan points
Saving refined experiments to refined.expt
Saving reflections with updated predictions to refined.refl

Total time taken: 17.49s
