The following parameters have been modified:

input {
  experiments = integrated.expt
  reflections = integrated.refl
}

Analysing strong spots
 Removing 24391 reflections with variance <= 0
 Selected 114596 strong reflections........................................0.04s
Analysing reflection centroids
 Removing 24391 reflections with variance <= 0
 Removing 27460 partial reflections
 Selected 319116 summation-integrated reflections..........................0.09s
 Analysing centroid differences with I/Sigma > 10
 Analysing centroid differences in x/y with I/Sigma > 10
 Analysing centroid differences in z with I/Sigma > 10
 Analysing centroid differences vs phi with I/Sigma > 10
Analysing reflection intensities
 Removing 24391 reflections with variance <= 0
 Removing 50326 reflections with intensity <= 0
 Selected 300698 integrated reflections....................................0.08s
 Analysing distribution of I/Sigma
 Analysing distribution of I/Sigma vs xy
 Analysing distribution of I/Sigma vs xy
 Analysing distribution of I/Sigma vs z
 Analysing distribution of partialities
 Analysing QE map
Analysing reference profiles
 Selected 327900 integrated reflections....................................0.09s
 Analysing reference profile distribution vs x/y
 Analysing reference profile distribution vs z
 Analysing reflection correlations vs resolution
 Analysing reflection profile correlations
 Analysing reflection profile correlations vs x/y
 Analysing reflection profile correlations vs z
 Analysing reflection profile correlations vs I/Sigma
 Analysing reflection profile correlations
 Analysing reflection profile correlations vs x/y
 Analysing reflection profile correlations vs z
 Analysing reflection profile correlations vs I/Sigma
Analysing scan-varying crystal model
Analysing scaling model
Calculating and generating merging statistics plots
Writing html report to: dials.report.html
